[0.810s] Invoking command in '/home/mtrn/MTRN4231_final_project/build/path_planning': CMAKE_PREFIX_PATH=${CMAKE_PREFIX_PATH}:/home/mtrn/MTRN4231_final_project/install/image_processing:/home/mtrn/4231/ws_moveit2/install/moveit_configs_utils:/home/mtrn/4231/ws_moveit2/install/launch_param_builder:/opt/ros/humble /usr/bin/cmake --build /home/mtrn/MTRN4231_final_project/build/path_planning -- -j4 -l4
[0.912s] -- Found ament_cmake: 1.3.5 (/opt/ros/humble/share/ament_cmake/cmake)
[1.311s] -- Found rclcpp: 16.0.5 (/opt/ros/humble/share/rclcpp/cmake)
[1.382s] -- Found rosidl_generator_c: 3.1.5 (/opt/ros/humble/share/rosidl_generator_c/cmake)
[1.391s] -- Found rosidl_adapter: 3.1.5 (/opt/ros/humble/share/rosidl_adapter/cmake)
[1.401s] -- Found rosidl_generator_cpp: 3.1.5 (/opt/ros/humble/share/rosidl_generator_cpp/cmake)
[1.433s] -- Using all available rosidl_typesupport_c: rosidl_typesupport_fastrtps_c;rosidl_typesupport_introspection_c
[1.468s] -- Using all available rosidl_typesupport_cpp: rosidl_typesupport_fastrtps_cpp;rosidl_typesupport_introspection_cpp
[1.654s] -- Found rmw_implementation_cmake: 6.1.1 (/opt/ros/humble/share/rmw_implementation_cmake/cmake)
[1.659s] -- Found rmw_cyclonedds_cpp: 1.3.4 (/opt/ros/humble/share/rmw_cyclonedds_cpp/cmake)
[1.724s] -- Using RMW implementation 'rmw_cyclonedds_cpp' as default
[2.022s] -- Found geometry_msgs: 4.2.3 (/opt/ros/humble/share/geometry_msgs/cmake)
[2.120s] -- Found tf2_msgs: 0.25.3 (/opt/ros/humble/share/tf2_msgs/cmake)
[2.419s] -- Found custom_messages: 0.0.0 (/home/mtrn/MTRN4231_final_project/install/custom_messages/share/custom_messages/cmake)
[2.491s] -- Found ament_lint_auto: 0.12.7 (/opt/ros/humble/share/ament_lint_auto/cmake)
[2.657s] -- Added test 'cppcheck' to perform static code analysis on C / C++ code
[2.657s] -- Configured cppcheck include dirs: 
[2.658s] -- Configured cppcheck exclude dirs and/or files: 
[2.659s] -- Added test 'lint_cmake' to check CMake code style
[2.661s] -- Added test 'uncrustify' to check C / C++ code style
[2.662s] -- Configured uncrustify additional arguments: 
[2.663s] -- Added test 'xmllint' to check XML markup files
[2.666s] -- Configuring done
[2.695s] -- Generating done
[2.700s] -- Build files have been written to: /home/mtrn/MTRN4231_final_project/build/path_planning
[2.797s] [35m[1mConsolidate compiler generated dependencies of target brain_node[0m
[2.919s] [ 50%] [32mBuilding CXX object CMakeFiles/brain_node.dir/src/brain_node.cpp.o[0m
[3.569s] [01m[K/home/mtrn/MTRN4231_final_project/path_planning/src/brain_node.cpp:4:10:[m[K [01;31m[Kfatal error: [m[Kstd_msgs/msg/boolean.hpp: No such file or directory
[3.569s]     4 | #include [01;31m[K"std_msgs/msg/boolean.hpp"[m[K
[3.570s]       |          [01;31m[K^~~~~~~~~~~~~~~~~~~~~~~~~~[m[K
[3.570s] compilation terminated.
[3.575s] gmake[2]: *** [CMakeFiles/brain_node.dir/build.make:76: CMakeFiles/brain_node.dir/src/brain_node.cpp.o] Error 1
[3.576s] gmake[1]: *** [CMakeFiles/Makefile2:137: CMakeFiles/brain_node.dir/all] Error 2
[3.580s] gmake: *** [Makefile:146: all] Error 2
[3.583s] Invoked command in '/home/mtrn/MTRN4231_final_project/build/path_planning' returned '2': CMAKE_PREFIX_PATH=${CMAKE_PREFIX_PATH}:/home/mtrn/MTRN4231_final_project/install/image_processing:/home/mtrn/4231/ws_moveit2/install/moveit_configs_utils:/home/mtrn/4231/ws_moveit2/install/launch_param_builder:/opt/ros/humble /usr/bin/cmake --build /home/mtrn/MTRN4231_final_project/build/path_planning -- -j4 -l4
