[2.039s] Invoking command in '/home/mtrn/MTRN4231_final_project/image_processing': PYTHONPATH=/home/mtrn/MTRN4231_final_project/build/image_processing/prefix_override:/home/mtrn/MTRN4231_final_project/install/image_processing/lib/python3.10/site-packages:${PYTHONPATH} /usr/bin/python3 setup.py egg_info --egg-base ../build/image_processing build --build-base /home/mtrn/MTRN4231_final_project/build/image_processing/build install --record /home/mtrn/MTRN4231_final_project/build/image_processing/install.log --single-version-externally-managed
[2.637s] running egg_info
[2.638s] writing ../build/image_processing/image_processing.egg-info/PKG-INFO
[2.639s] writing dependency_links to ../build/image_processing/image_processing.egg-info/dependency_links.txt
[2.639s] writing entry points to ../build/image_processing/image_processing.egg-info/entry_points.txt
[2.640s] writing requirements to ../build/image_processing/image_processing.egg-info/requires.txt
[2.640s] writing top-level names to ../build/image_processing/image_processing.egg-info/top_level.txt
[2.644s] reading manifest file '../build/image_processing/image_processing.egg-info/SOURCES.txt'
[2.645s] writing manifest file '../build/image_processing/image_processing.egg-info/SOURCES.txt'
[2.646s] running build
[2.646s] running build_py
[2.647s] running install
[2.648s] running install_lib
[2.651s] running install_data
[2.652s] running install_egg_info
[2.655s] removing '/home/mtrn/MTRN4231_final_project/install/image_processing/lib/python3.10/site-packages/image_processing-0.0.0-py3.10.egg-info' (and everything under it)
[2.656s] Copying ../build/image_processing/image_processing.egg-info to /home/mtrn/MTRN4231_final_project/install/image_processing/lib/python3.10/site-packages/image_processing-0.0.0-py3.10.egg-info
[2.656s] running install_scripts
[2.686s] Installing smile_detector_node script to /home/mtrn/MTRN4231_final_project/install/image_processing/lib/image_processing
[2.687s] writing list of installed files to '/home/mtrn/MTRN4231_final_project/build/image_processing/install.log'
