[0.801s] Invoking command in '/home/mtrn/MTRN4231_final_project/build/locator': CMAKE_PREFIX_PATH=${CMAKE_PREFIX_PATH}:/home/mtrn/MTRN4231_final_project/install/image_processing:/home/mtrn/4231/ws_moveit2/install/moveit_configs_utils:/home/mtrn/4231/ws_moveit2/install/launch_param_builder:/opt/ros/humble /usr/bin/cmake --build /home/mtrn/MTRN4231_final_project/build/locator -- -j4 -l4
[0.907s] Invoked command in '/home/mtrn/MTRN4231_final_project/build/locator' returned '0': CMAKE_PREFIX_PATH=${CMAKE_PREFIX_PATH}:/home/mtrn/MTRN4231_final_project/install/image_processing:/home/mtrn/4231/ws_moveit2/install/moveit_configs_utils:/home/mtrn/4231/ws_moveit2/install/launch_param_builder:/opt/ros/humble /usr/bin/cmake --build /home/mtrn/MTRN4231_final_project/build/locator -- -j4 -l4
[1.157s] Invoking command in '/home/mtrn/MTRN4231_final_project/build/locator': CMAKE_PREFIX_PATH=${CMAKE_PREFIX_PATH}:/home/mtrn/MTRN4231_final_project/install/image_processing:/home/mtrn/4231/ws_moveit2/install/moveit_configs_utils:/home/mtrn/4231/ws_moveit2/install/launch_param_builder:/opt/ros/humble /usr/bin/cmake --install /home/mtrn/MTRN4231_final_project/build/locator
[1.228s] -- Install configuration: ""
[1.228s] -- Up-to-date: /home/mtrn/MTRN4231_final_project/install/locator/share/ament_index/resource_index/package_run_dependencies/locator
[1.228s] -- Up-to-date: /home/mtrn/MTRN4231_final_project/install/locator/share/ament_index/resource_index/parent_prefix_path/locator
[1.228s] -- Up-to-date: /home/mtrn/MTRN4231_final_project/install/locator/share/locator/environment/ament_prefix_path.sh
[1.228s] -- Up-to-date: /home/mtrn/MTRN4231_final_project/install/locator/share/locator/environment/ament_prefix_path.dsv
[1.228s] -- Up-to-date: /home/mtrn/MTRN4231_final_project/install/locator/share/locator/environment/path.sh
[1.228s] -- Up-to-date: /home/mtrn/MTRN4231_final_project/install/locator/share/locator/environment/path.dsv
[1.228s] -- Up-to-date: /home/mtrn/MTRN4231_final_project/install/locator/share/locator/local_setup.bash
[1.228s] -- Up-to-date: /home/mtrn/MTRN4231_final_project/install/locator/share/locator/local_setup.sh
[1.228s] -- Up-to-date: /home/mtrn/MTRN4231_final_project/install/locator/share/locator/local_setup.zsh
[1.228s] -- Up-to-date: /home/mtrn/MTRN4231_final_project/install/locator/share/locator/local_setup.dsv
[1.228s] -- Installing: /home/mtrn/MTRN4231_final_project/install/locator/share/locator/package.dsv
[1.229s] -- Up-to-date: /home/mtrn/MTRN4231_final_project/install/locator/share/ament_index/resource_index/packages/locator
[1.229s] -- Up-to-date: /home/mtrn/MTRN4231_final_project/install/locator/share/locator/cmake/locatorConfig.cmake
[1.229s] -- Up-to-date: /home/mtrn/MTRN4231_final_project/install/locator/share/locator/cmake/locatorConfig-version.cmake
[1.229s] -- Up-to-date: /home/mtrn/MTRN4231_final_project/install/locator/share/locator/package.xml
[1.240s] Invoked command in '/home/mtrn/MTRN4231_final_project/build/locator' returned '0': CMAKE_PREFIX_PATH=${CMAKE_PREFIX_PATH}:/home/mtrn/MTRN4231_final_project/install/image_processing:/home/mtrn/4231/ws_moveit2/install/moveit_configs_utils:/home/mtrn/4231/ws_moveit2/install/launch_param_builder:/opt/ros/humble /usr/bin/cmake --install /home/mtrn/MTRN4231_final_project/build/locator
