running egg_info
writing ../build/image_processing/image_processing.egg-info/PKG-INFO
writing dependency_links to ../build/image_processing/image_processing.egg-info/dependency_links.txt
writing entry points to ../build/image_processing/image_processing.egg-info/entry_points.txt
writing requirements to ../build/image_processing/image_processing.egg-info/requires.txt
writing top-level names to ../build/image_processing/image_processing.egg-info/top_level.txt
reading manifest file '../build/image_processing/image_processing.egg-info/SOURCES.txt'
writing manifest file '../build/image_processing/image_processing.egg-info/SOURCES.txt'
running build
running build_py
copying image_processing/smile_detector_node.py -> /home/mtrn/4231/MTRN4231_final_project/build/image_processing/build/lib/image_processing
running install
running install_lib
copying /home/mtrn/4231/MTRN4231_final_project/build/image_processing/build/lib/image_processing/smile_detector_node.py -> /home/mtrn/4231/MTRN4231_final_project/install/image_processing/lib/python3.10/site-packages/image_processing
byte-compiling /home/mtrn/4231/MTRN4231_final_project/install/image_processing/lib/python3.10/site-packages/image_processing/smile_detector_node.py to smile_detector_node.cpython-310.pyc
running install_data
running install_egg_info
removing '/home/mtrn/4231/MTRN4231_final_project/install/image_processing/lib/python3.10/site-packages/image_processing-0.0.0-py3.10.egg-info' (and everything under it)
Copying ../build/image_processing/image_processing.egg-info to /home/mtrn/4231/MTRN4231_final_project/install/image_processing/lib/python3.10/site-packages/image_processing-0.0.0-py3.10.egg-info
running install_scripts
Installing smile_detector_node script to /home/mtrn/4231/MTRN4231_final_project/install/image_processing/lib/image_processing
writing list of installed files to '/home/mtrn/4231/MTRN4231_final_project/build/image_processing/install.log'
