[0.805s] Invoking command in '/home/mtrn/4231/MTRN4231_final_project/image_processing': PYTHONPATH=/home/mtrn/4231/MTRN4231_final_project/build/image_processing/prefix_override:/home/mtrn/4231/MTRN4231_final_project/install/image_processing/lib/python3.10/site-packages:${PYTHONPATH} /usr/bin/python3 setup.py egg_info --egg-base ../build/image_processing build --build-base /home/mtrn/4231/MTRN4231_final_project/build/image_processing/build install --record /home/mtrn/4231/MTRN4231_final_project/build/image_processing/install.log --single-version-externally-managed
[1.055s] running egg_info
[1.056s] writing ../build/image_processing/image_processing.egg-info/PKG-INFO
[1.056s] writing dependency_links to ../build/image_processing/image_processing.egg-info/dependency_links.txt
[1.057s] writing entry points to ../build/image_processing/image_processing.egg-info/entry_points.txt
[1.057s] writing requirements to ../build/image_processing/image_processing.egg-info/requires.txt
[1.057s] writing top-level names to ../build/image_processing/image_processing.egg-info/top_level.txt
[1.059s] reading manifest file '../build/image_processing/image_processing.egg-info/SOURCES.txt'
[1.060s] writing manifest file '../build/image_processing/image_processing.egg-info/SOURCES.txt'
[1.060s] running build
[1.061s] running build_py
[1.061s] copying image_processing/smile_detector_node.py -> /home/mtrn/4231/MTRN4231_final_project/build/image_processing/build/lib/image_processing
[1.061s] running install
[1.062s] running install_lib
[1.063s] copying /home/mtrn/4231/MTRN4231_final_project/build/image_processing/build/lib/image_processing/smile_detector_node.py -> /home/mtrn/4231/MTRN4231_final_project/install/image_processing/lib/python3.10/site-packages/image_processing
[1.065s] byte-compiling /home/mtrn/4231/MTRN4231_final_project/install/image_processing/lib/python3.10/site-packages/image_processing/smile_detector_node.py to smile_detector_node.cpython-310.pyc
[1.066s] running install_data
[1.066s] running install_egg_info
[1.068s] removing '/home/mtrn/4231/MTRN4231_final_project/install/image_processing/lib/python3.10/site-packages/image_processing-0.0.0-py3.10.egg-info' (and everything under it)
[1.074s] Copying ../build/image_processing/image_processing.egg-info to /home/mtrn/4231/MTRN4231_final_project/install/image_processing/lib/python3.10/site-packages/image_processing-0.0.0-py3.10.egg-info
[1.075s] running install_scripts
[1.095s] Installing smile_detector_node script to /home/mtrn/4231/MTRN4231_final_project/install/image_processing/lib/image_processing
[1.095s] writing list of installed files to '/home/mtrn/4231/MTRN4231_final_project/build/image_processing/install.log'
[1.123s] Invoked command in '/home/mtrn/4231/MTRN4231_final_project/image_processing' returned '0': PYTHONPATH=/home/mtrn/4231/MTRN4231_final_project/build/image_processing/prefix_override:/home/mtrn/4231/MTRN4231_final_project/install/image_processing/lib/python3.10/site-packages:${PYTHONPATH} /usr/bin/python3 setup.py egg_info --egg-base ../build/image_processing build --build-base /home/mtrn/4231/MTRN4231_final_project/build/image_processing/build install --record /home/mtrn/4231/MTRN4231_final_project/build/image_processing/install.log --single-version-externally-managed
