[0.194s] Invoking command in '/home/mtrn/MTRN4231_final_project/build/custom_messages': CMAKE_PREFIX_PATH=${CMAKE_PREFIX_PATH}:/home/mtrn/MTRN4231_final_project/install/image_processing:/home/mtrn/4231/ws_moveit2/install/moveit_configs_utils:/home/mtrn/4231/ws_moveit2/install/launch_param_builder:/opt/ros/humble /usr/bin/cmake --build /home/mtrn/MTRN4231_final_project/build/custom_messages -- -j4 -l4
[0.864s] [  0%] Built target ament_cmake_python_copy_custom_messages
[0.864s] [  9%] Built target custom_messages__rosidl_generator_c
[0.864s] [ 12%] Built target custom_messages__cpp
[0.864s] [ 22%] Built target custom_messages__rosidl_typesupport_fastrtps_c
[0.864s] [ 32%] Built target custom_messages__rosidl_typesupport_c
[0.864s] [ 41%] Built target custom_messages__rosidl_typesupport_introspection_c
[0.864s] [ 51%] Built target custom_messages__rosidl_typesupport_fastrtps_cpp
[0.865s] [ 61%] Built target custom_messages__rosidl_typesupport_cpp
[0.865s] [ 70%] Built target custom_messages__rosidl_typesupport_introspection_cpp
[0.865s] [ 70%] Built target custom_messages
[0.865s] [ 74%] Built target custom_messages__py
[0.865s] [ 80%] Built target custom_messages__rosidl_generator_py
[0.965s] [ 87%] Built target custom_messages__rosidl_typesupport_c__pyext
[0.976s] [ 93%] Built target custom_messages__rosidl_typesupport_fastrtps_c__pyext
[0.988s] [100%] Built target custom_messages__rosidl_typesupport_introspection_c__pyext
[1.089s] running egg_info
[1.090s] writing custom_messages.egg-info/PKG-INFO
[1.090s] writing dependency_links to custom_messages.egg-info/dependency_links.txt
[1.091s] writing top-level names to custom_messages.egg-info/top_level.txt
[1.096s] reading manifest file 'custom_messages.egg-info/SOURCES.txt'
[1.098s] writing manifest file 'custom_messages.egg-info/SOURCES.txt'
[1.192s] [100%] Built target ament_cmake_python_build_custom_messages_egg
[1.284s] Invoked command in '/home/mtrn/MTRN4231_final_project/build/custom_messages' returned '0': CMAKE_PREFIX_PATH=${CMAKE_PREFIX_PATH}:/home/mtrn/MTRN4231_final_project/install/image_processing:/home/mtrn/4231/ws_moveit2/install/moveit_configs_utils:/home/mtrn/4231/ws_moveit2/install/launch_param_builder:/opt/ros/humble /usr/bin/cmake --build /home/mtrn/MTRN4231_final_project/build/custom_messages -- -j4 -l4
[1.584s] Invoking command in '/home/mtrn/MTRN4231_final_project/build/custom_messages': CMAKE_PREFIX_PATH=${CMAKE_PREFIX_PATH}:/home/mtrn/MTRN4231_final_project/install/image_processing:/home/mtrn/4231/ws_moveit2/install/moveit_configs_utils:/home/mtrn/4231/ws_moveit2/install/launch_param_builder:/opt/ros/humble /usr/bin/cmake --install /home/mtrn/MTRN4231_final_project/build/custom_messages
[1.601s] -- Install configuration: ""
[1.602s] -- Up-to-date: /home/mtrn/MTRN4231_final_project/install/custom_messages/share/ament_index/resource_index/rosidl_interfaces/custom_messages
[1.603s] -- Up-to-date: /home/mtrn/MTRN4231_final_project/install/custom_messages/include/custom_messages/custom_messages
[1.604s] -- Up-to-date: /home/mtrn/MTRN4231_final_project/install/custom_messages/include/custom_messages/custom_messages/msg
[1.605s] -- Up-to-date: /home/mtrn/MTRN4231_final_project/install/custom_messages/include/custom_messages/custom_messages/msg/rosidl_generator_c__visibility_control.h
[1.605s] -- Up-to-date: /home/mtrn/MTRN4231_final_project/install/custom_messages/include/custom_messages/custom_messages/msg/detail
[1.606s] -- Up-to-date: /home/mtrn/MTRN4231_final_project/install/custom_messages/include/custom_messages/custom_messages/msg/detail/robot_action__type_support.h
[1.607s] -- Up-to-date: /home/mtrn/MTRN4231_final_project/install/custom_messages/include/custom_messages/custom_messages/msg/detail/robot_action__functions.c
[1.608s] -- Up-to-date: /home/mtrn/MTRN4231_final_project/install/custom_messages/include/custom_messages/custom_messages/msg/detail/robot_action__functions.h
[1.608s] -- Up-to-date: /home/mtrn/MTRN4231_final_project/install/custom_messages/include/custom_messages/custom_messages/msg/detail/robot_action__struct.h
[1.609s] -- Up-to-date: /home/mtrn/MTRN4231_final_project/install/custom_messages/include/custom_messages/custom_messages/msg/robot_action.h
[1.609s] -- Up-to-date: /home/mtrn/MTRN4231_final_project/install/custom_messages/share/custom_messages/environment/library_path.sh
[1.610s] -- Up-to-date: /home/mtrn/MTRN4231_final_project/install/custom_messages/share/custom_messages/environment/library_path.dsv
[1.611s] -- Up-to-date: /home/mtrn/MTRN4231_final_project/install/custom_messages/lib/libcustom_messages__rosidl_generator_c.so
[1.612s] -- Up-to-date: /home/mtrn/MTRN4231_final_project/install/custom_messages/include/custom_messages/custom_messages
[1.613s] -- Up-to-date: /home/mtrn/MTRN4231_final_project/install/custom_messages/include/custom_messages/custom_messages/msg
[1.613s] -- Up-to-date: /home/mtrn/MTRN4231_final_project/install/custom_messages/include/custom_messages/custom_messages/msg/rosidl_typesupport_fastrtps_c__visibility_control.h
[1.613s] -- Up-to-date: /home/mtrn/MTRN4231_final_project/install/custom_messages/include/custom_messages/custom_messages/msg/detail
[1.613s] -- Up-to-date: /home/mtrn/MTRN4231_final_project/install/custom_messages/include/custom_messages/custom_messages/msg/detail/robot_action__rosidl_typesupport_fastrtps_c.h
[1.615s] -- Up-to-date: /home/mtrn/MTRN4231_final_project/install/custom_messages/lib/libcustom_messages__rosidl_typesupport_fastrtps_c.so
[1.616s] -- Up-to-date: /home/mtrn/MTRN4231_final_project/install/custom_messages/include/custom_messages/custom_messages
[1.617s] -- Up-to-date: /home/mtrn/MTRN4231_final_project/install/custom_messages/include/custom_messages/custom_messages/msg
[1.617s] -- Up-to-date: /home/mtrn/MTRN4231_final_project/install/custom_messages/include/custom_messages/custom_messages/msg/rosidl_typesupport_introspection_c__visibility_control.h
[1.617s] -- Up-to-date: /home/mtrn/MTRN4231_final_project/install/custom_messages/include/custom_messages/custom_messages/msg/detail
[1.620s] -- Up-to-date: /home/mtrn/MTRN4231_final_project/install/custom_messages/include/custom_messages/custom_messages/msg/detail/robot_action__type_support.c
[1.620s] -- Up-to-date: /home/mtrn/MTRN4231_final_project/install/custom_messages/include/custom_messages/custom_messages/msg/detail/robot_action__rosidl_typesupport_introspection_c.h
[1.621s] -- Up-to-date: /home/mtrn/MTRN4231_final_project/install/custom_messages/lib/libcustom_messages__rosidl_typesupport_introspection_c.so
[1.622s] -- Up-to-date: /home/mtrn/MTRN4231_final_project/install/custom_messages/lib/libcustom_messages__rosidl_typesupport_c.so
[1.635s] -- Up-to-date: /home/mtrn/MTRN4231_final_project/install/custom_messages/include/custom_messages/custom_messages
[1.635s] -- Up-to-date: /home/mtrn/MTRN4231_final_project/install/custom_messages/include/custom_messages/custom_messages/msg
[1.636s] -- Up-to-date: /home/mtrn/MTRN4231_final_project/install/custom_messages/include/custom_messages/custom_messages/msg/robot_action.hpp
[1.636s] -- Up-to-date: /home/mtrn/MTRN4231_final_project/install/custom_messages/include/custom_messages/custom_messages/msg/detail
[1.636s] -- Up-to-date: /home/mtrn/MTRN4231_final_project/install/custom_messages/include/custom_messages/custom_messages/msg/detail/robot_action__struct.hpp
[1.637s] -- Up-to-date: /home/mtrn/MTRN4231_final_project/install/custom_messages/include/custom_messages/custom_messages/msg/detail/robot_action__traits.hpp
[1.637s] -- Up-to-date: /home/mtrn/MTRN4231_final_project/install/custom_messages/include/custom_messages/custom_messages/msg/detail/robot_action__builder.hpp
[1.637s] -- Up-to-date: /home/mtrn/MTRN4231_final_project/install/custom_messages/include/custom_messages/custom_messages
[1.638s] -- Up-to-date: /home/mtrn/MTRN4231_final_project/install/custom_messages/include/custom_messages/custom_messages/msg
[1.638s] -- Up-to-date: /home/mtrn/MTRN4231_final_project/install/custom_messages/include/custom_messages/custom_messages/msg/detail
[1.638s] -- Up-to-date: /home/mtrn/MTRN4231_final_project/install/custom_messages/include/custom_messages/custom_messages/msg/detail/robot_action__rosidl_typesupport_fastrtps_cpp.hpp
[1.638s] -- Up-to-date: /home/mtrn/MTRN4231_final_project/install/custom_messages/include/custom_messages/custom_messages/msg/detail/dds_fastrtps
[1.639s] -- Up-to-date: /home/mtrn/MTRN4231_final_project/install/custom_messages/include/custom_messages/custom_messages/msg/rosidl_typesupport_fastrtps_cpp__visibility_control.h
[1.639s] -- Up-to-date: /home/mtrn/MTRN4231_final_project/install/custom_messages/lib/libcustom_messages__rosidl_typesupport_fastrtps_cpp.so
[1.640s] -- Up-to-date: /home/mtrn/MTRN4231_final_project/install/custom_messages/include/custom_messages/custom_messages
[1.640s] -- Up-to-date: /home/mtrn/MTRN4231_final_project/install/custom_messages/include/custom_messages/custom_messages/msg
[1.641s] -- Up-to-date: /home/mtrn/MTRN4231_final_project/install/custom_messages/include/custom_messages/custom_messages/msg/detail
[1.641s] -- Up-to-date: /home/mtrn/MTRN4231_final_project/install/custom_messages/include/custom_messages/custom_messages/msg/detail/robot_action__type_support.cpp
[1.641s] -- Up-to-date: /home/mtrn/MTRN4231_final_project/install/custom_messages/include/custom_messages/custom_messages/msg/detail/robot_action__rosidl_typesupport_introspection_cpp.hpp
[1.642s] -- Up-to-date: /home/mtrn/MTRN4231_final_project/install/custom_messages/lib/libcustom_messages__rosidl_typesupport_introspection_cpp.so
[1.652s] -- Up-to-date: /home/mtrn/MTRN4231_final_project/install/custom_messages/lib/libcustom_messages__rosidl_typesupport_cpp.so
[1.653s] -- Up-to-date: /home/mtrn/MTRN4231_final_project/install/custom_messages/share/custom_messages/environment/pythonpath.sh
[1.653s] -- Up-to-date: /home/mtrn/MTRN4231_final_project/install/custom_messages/share/custom_messages/environment/pythonpath.dsv
[1.653s] -- Up-to-date: /home/mtrn/MTRN4231_final_project/install/custom_messages/local/lib/python3.10/dist-packages/custom_messages-0.0.0-py3.10.egg-info
[1.653s] -- Installing: /home/mtrn/MTRN4231_final_project/install/custom_messages/local/lib/python3.10/dist-packages/custom_messages-0.0.0-py3.10.egg-info/top_level.txt
[1.654s] -- Installing: /home/mtrn/MTRN4231_final_project/install/custom_messages/local/lib/python3.10/dist-packages/custom_messages-0.0.0-py3.10.egg-info/SOURCES.txt
[1.654s] -- Installing: /home/mtrn/MTRN4231_final_project/install/custom_messages/local/lib/python3.10/dist-packages/custom_messages-0.0.0-py3.10.egg-info/PKG-INFO
[1.655s] -- Installing: /home/mtrn/MTRN4231_final_project/install/custom_messages/local/lib/python3.10/dist-packages/custom_messages-0.0.0-py3.10.egg-info/dependency_links.txt
[1.655s] -- Up-to-date: /home/mtrn/MTRN4231_final_project/install/custom_messages/local/lib/python3.10/dist-packages/custom_messages
[1.655s] -- Up-to-date: /home/mtrn/MTRN4231_final_project/install/custom_messages/local/lib/python3.10/dist-packages/custom_messages/libcustom_messages__rosidl_generator_py.so
[1.655s] -- Up-to-date: /home/mtrn/MTRN4231_final_project/install/custom_messages/local/lib/python3.10/dist-packages/custom_messages/custom_messages_s__rosidl_typesupport_introspection_c.cpython-310-x86_64-linux-gnu.so
[1.656s] -- Up-to-date: /home/mtrn/MTRN4231_final_project/install/custom_messages/local/lib/python3.10/dist-packages/custom_messages/custom_messages_s__rosidl_typesupport_c.cpython-310-x86_64-linux-gnu.so
[1.656s] -- Up-to-date: /home/mtrn/MTRN4231_final_project/install/custom_messages/local/lib/python3.10/dist-packages/custom_messages/_custom_messages_s.ep.rosidl_typesupport_introspection_c.c
[1.656s] -- Up-to-date: /home/mtrn/MTRN4231_final_project/install/custom_messages/local/lib/python3.10/dist-packages/custom_messages/_custom_messages_s.ep.rosidl_typesupport_c.c
[1.656s] -- Up-to-date: /home/mtrn/MTRN4231_final_project/install/custom_messages/local/lib/python3.10/dist-packages/custom_messages/_custom_messages_s.ep.rosidl_typesupport_fastrtps_c.c
[1.656s] -- Up-to-date: /home/mtrn/MTRN4231_final_project/install/custom_messages/local/lib/python3.10/dist-packages/custom_messages/custom_messages_s__rosidl_typesupport_fastrtps_c.cpython-310-x86_64-linux-gnu.so
[1.656s] -- Up-to-date: /home/mtrn/MTRN4231_final_project/install/custom_messages/local/lib/python3.10/dist-packages/custom_messages/msg
[1.656s] -- Up-to-date: /home/mtrn/MTRN4231_final_project/install/custom_messages/local/lib/python3.10/dist-packages/custom_messages/msg/_robot_action.py
[1.656s] -- Up-to-date: /home/mtrn/MTRN4231_final_project/install/custom_messages/local/lib/python3.10/dist-packages/custom_messages/msg/_robot_action_s.c
[1.656s] -- Up-to-date: /home/mtrn/MTRN4231_final_project/install/custom_messages/local/lib/python3.10/dist-packages/custom_messages/msg/__init__.py
[1.656s] -- Up-to-date: /home/mtrn/MTRN4231_final_project/install/custom_messages/local/lib/python3.10/dist-packages/custom_messages/__init__.py
[1.720s] Listing '/home/mtrn/MTRN4231_final_project/install/custom_messages/local/lib/python3.10/dist-packages/custom_messages'...
[1.720s] Listing '/home/mtrn/MTRN4231_final_project/install/custom_messages/local/lib/python3.10/dist-packages/custom_messages/msg'...
[1.737s] -- Up-to-date: /home/mtrn/MTRN4231_final_project/install/custom_messages/local/lib/python3.10/dist-packages/custom_messages/custom_messages_s__rosidl_typesupport_fastrtps_c.cpython-310-x86_64-linux-gnu.so
[1.737s] -- Up-to-date: /home/mtrn/MTRN4231_final_project/install/custom_messages/local/lib/python3.10/dist-packages/custom_messages/custom_messages_s__rosidl_typesupport_introspection_c.cpython-310-x86_64-linux-gnu.so
[1.737s] -- Up-to-date: /home/mtrn/MTRN4231_final_project/install/custom_messages/local/lib/python3.10/dist-packages/custom_messages/custom_messages_s__rosidl_typesupport_c.cpython-310-x86_64-linux-gnu.so
[1.737s] -- Up-to-date: /home/mtrn/MTRN4231_final_project/install/custom_messages/lib/libcustom_messages__rosidl_generator_py.so
[1.738s] -- Up-to-date: /home/mtrn/MTRN4231_final_project/install/custom_messages/share/custom_messages/msg/RobotAction.idl
[1.738s] -- Up-to-date: /home/mtrn/MTRN4231_final_project/install/custom_messages/share/custom_messages/msg/RobotAction.msg
[1.738s] -- Up-to-date: /home/mtrn/MTRN4231_final_project/install/custom_messages/share/ament_index/resource_index/package_run_dependencies/custom_messages
[1.738s] -- Up-to-date: /home/mtrn/MTRN4231_final_project/install/custom_messages/share/ament_index/resource_index/parent_prefix_path/custom_messages
[1.738s] -- Up-to-date: /home/mtrn/MTRN4231_final_project/install/custom_messages/share/custom_messages/environment/ament_prefix_path.sh
[1.738s] -- Up-to-date: /home/mtrn/MTRN4231_final_project/install/custom_messages/share/custom_messages/environment/ament_prefix_path.dsv
[1.738s] -- Up-to-date: /home/mtrn/MTRN4231_final_project/install/custom_messages/share/custom_messages/environment/path.sh
[1.738s] -- Up-to-date: /home/mtrn/MTRN4231_final_project/install/custom_messages/share/custom_messages/environment/path.dsv
[1.739s] -- Up-to-date: /home/mtrn/MTRN4231_final_project/install/custom_messages/share/custom_messages/local_setup.bash
[1.739s] -- Up-to-date: /home/mtrn/MTRN4231_final_project/install/custom_messages/share/custom_messages/local_setup.sh
[1.739s] -- Up-to-date: /home/mtrn/MTRN4231_final_project/install/custom_messages/share/custom_messages/local_setup.zsh
[1.739s] -- Up-to-date: /home/mtrn/MTRN4231_final_project/install/custom_messages/share/custom_messages/local_setup.dsv
[1.742s] -- Installing: /home/mtrn/MTRN4231_final_project/install/custom_messages/share/custom_messages/package.dsv
[1.743s] -- Up-to-date: /home/mtrn/MTRN4231_final_project/install/custom_messages/share/ament_index/resource_index/packages/custom_messages
[1.743s] -- Up-to-date: /home/mtrn/MTRN4231_final_project/install/custom_messages/share/custom_messages/cmake/export_custom_messages__rosidl_generator_cExport.cmake
[1.743s] -- Up-to-date: /home/mtrn/MTRN4231_final_project/install/custom_messages/share/custom_messages/cmake/export_custom_messages__rosidl_generator_cExport-noconfig.cmake
[1.743s] -- Up-to-date: /home/mtrn/MTRN4231_final_project/install/custom_messages/share/custom_messages/cmake/export_custom_messages__rosidl_typesupport_fastrtps_cExport.cmake
[1.743s] -- Up-to-date: /home/mtrn/MTRN4231_final_project/install/custom_messages/share/custom_messages/cmake/export_custom_messages__rosidl_typesupport_fastrtps_cExport-noconfig.cmake
[1.743s] -- Up-to-date: /home/mtrn/MTRN4231_final_project/install/custom_messages/share/custom_messages/cmake/custom_messages__rosidl_typesupport_introspection_cExport.cmake
[1.743s] -- Up-to-date: /home/mtrn/MTRN4231_final_project/install/custom_messages/share/custom_messages/cmake/custom_messages__rosidl_typesupport_introspection_cExport-noconfig.cmake
[1.743s] -- Up-to-date: /home/mtrn/MTRN4231_final_project/install/custom_messages/share/custom_messages/cmake/custom_messages__rosidl_typesupport_cExport.cmake
[1.743s] -- Up-to-date: /home/mtrn/MTRN4231_final_project/install/custom_messages/share/custom_messages/cmake/custom_messages__rosidl_typesupport_cExport-noconfig.cmake
[1.743s] -- Up-to-date: /home/mtrn/MTRN4231_final_project/install/custom_messages/share/custom_messages/cmake/export_custom_messages__rosidl_generator_cppExport.cmake
[1.743s] -- Up-to-date: /home/mtrn/MTRN4231_final_project/install/custom_messages/share/custom_messages/cmake/export_custom_messages__rosidl_typesupport_fastrtps_cppExport.cmake
[1.744s] -- Up-to-date: /home/mtrn/MTRN4231_final_project/install/custom_messages/share/custom_messages/cmake/export_custom_messages__rosidl_typesupport_fastrtps_cppExport-noconfig.cmake
[1.744s] -- Up-to-date: /home/mtrn/MTRN4231_final_project/install/custom_messages/share/custom_messages/cmake/custom_messages__rosidl_typesupport_introspection_cppExport.cmake
[1.744s] -- Up-to-date: /home/mtrn/MTRN4231_final_project/install/custom_messages/share/custom_messages/cmake/custom_messages__rosidl_typesupport_introspection_cppExport-noconfig.cmake
[1.744s] -- Up-to-date: /home/mtrn/MTRN4231_final_project/install/custom_messages/share/custom_messages/cmake/custom_messages__rosidl_typesupport_cppExport.cmake
[1.744s] -- Up-to-date: /home/mtrn/MTRN4231_final_project/install/custom_messages/share/custom_messages/cmake/custom_messages__rosidl_typesupport_cppExport-noconfig.cmake
[1.744s] -- Up-to-date: /home/mtrn/MTRN4231_final_project/install/custom_messages/share/custom_messages/cmake/export_custom_messages__rosidl_generator_pyExport.cmake
[1.744s] -- Up-to-date: /home/mtrn/MTRN4231_final_project/install/custom_messages/share/custom_messages/cmake/export_custom_messages__rosidl_generator_pyExport-noconfig.cmake
[1.744s] -- Up-to-date: /home/mtrn/MTRN4231_final_project/install/custom_messages/share/custom_messages/cmake/rosidl_cmake-extras.cmake
[1.744s] -- Up-to-date: /home/mtrn/MTRN4231_final_project/install/custom_messages/share/custom_messages/cmake/ament_cmake_export_include_directories-extras.cmake
[1.744s] -- Up-to-date: /home/mtrn/MTRN4231_final_project/install/custom_messages/share/custom_messages/cmake/ament_cmake_export_libraries-extras.cmake
[1.744s] -- Up-to-date: /home/mtrn/MTRN4231_final_project/install/custom_messages/share/custom_messages/cmake/ament_cmake_export_targets-extras.cmake
[1.744s] -- Up-to-date: /home/mtrn/MTRN4231_final_project/install/custom_messages/share/custom_messages/cmake/rosidl_cmake_export_typesupport_targets-extras.cmake
[1.745s] -- Up-to-date: /home/mtrn/MTRN4231_final_project/install/custom_messages/share/custom_messages/cmake/ament_cmake_export_dependencies-extras.cmake
[1.745s] -- Up-to-date: /home/mtrn/MTRN4231_final_project/install/custom_messages/share/custom_messages/cmake/rosidl_cmake_export_typesupport_libraries-extras.cmake
[1.745s] -- Up-to-date: /home/mtrn/MTRN4231_final_project/install/custom_messages/share/custom_messages/cmake/custom_messagesConfig.cmake
[1.745s] -- Up-to-date: /home/mtrn/MTRN4231_final_project/install/custom_messages/share/custom_messages/cmake/custom_messagesConfig-version.cmake
[1.745s] -- Up-to-date: /home/mtrn/MTRN4231_final_project/install/custom_messages/share/custom_messages/package.xml
[1.761s] Invoked command in '/home/mtrn/MTRN4231_final_project/build/custom_messages' returned '0': CMAKE_PREFIX_PATH=${CMAKE_PREFIX_PATH}:/home/mtrn/MTRN4231_final_project/install/image_processing:/home/mtrn/4231/ws_moveit2/install/moveit_configs_utils:/home/mtrn/4231/ws_moveit2/install/launch_param_builder:/opt/ros/humble /usr/bin/cmake --install /home/mtrn/MTRN4231_final_project/build/custom_messages
