[0.348s] DEBUG:colcon:Command line arguments: ['/usr/bin/colcon', 'build']
[0.348s] DEBUG:colcon:Parsed command line arguments: Namespace(log_base=None, log_level=None, verb_name='build', build_base='build', install_base='install', merge_install=False, symlink_install=False, test_result_base=None, continue_on_error=False, executor='parallel', parallel_workers=4, event_handlers=None, ignore_user_meta=False, metas=['./colcon.meta'], base_paths=['.'], packages_ignore=None, packages_ignore_regex=None, paths=None, packages_up_to=None, packages_up_to_regex=None, packages_above=None, packages_above_and_dependencies=None, packages_above_depth=None, packages_select_by_dep=None, packages_skip_by_dep=None, packages_skip_up_to=None, packages_select_build_failed=False, packages_skip_build_finished=False, packages_select_test_failures=False, packages_skip_test_passed=False, packages_select=None, packages_skip=None, packages_select_regex=None, packages_skip_regex=None, packages_start=None, packages_end=None, allow_overriding=[], cmake_args=None, cmake_target=None, cmake_target_skip_unavailable=False, cmake_clean_cache=False, cmake_clean_first=False, cmake_force_configure=False, ament_cmake_args=None, catkin_cmake_args=None, catkin_skip_building_tests=False, mixin_files=None, mixin=None, verb_parser=<colcon_mixin.mixin.mixin_argument.MixinArgumentDecorator object at 0x7f05900ebd90>, verb_extension=<colcon_core.verb.build.BuildVerb object at 0x7f059086b1f0>, main=<bound method BuildVerb.main of <colcon_core.verb.build.BuildVerb object at 0x7f059086b1f0>>, mixin_verb=('build',))
[0.373s] Level 1:colcon.colcon_core.package_discovery:discover_packages(colcon_meta) check parameters
[0.373s] Level 1:colcon.colcon_core.package_discovery:discover_packages(recursive) check parameters
[0.373s] Level 1:colcon.colcon_core.package_discovery:discover_packages(ignore) check parameters
[0.373s] Level 1:colcon.colcon_core.package_discovery:discover_packages(path) check parameters
[0.373s] Level 1:colcon.colcon_core.package_discovery:discover_packages(colcon_meta) discover
[0.373s] Level 1:colcon.colcon_core.package_discovery:discover_packages(recursive) discover
[0.373s] INFO:colcon.colcon_core.package_discovery:Crawling recursively for packages in '/home/mtrn/4231/MTRN4231_final_project'
[0.373s] Level 1:colcon.colcon_core.package_identification:_identify(.) by extensions ['ignore', 'ignore_ament_install']
[0.374s] Level 1:colcon.colcon_core.package_identification:_identify(.) by extension 'ignore'
[0.374s] Level 1:colcon.colcon_core.package_identification:_identify(.) by extension 'ignore_ament_install'
[0.374s] Level 1:colcon.colcon_core.package_identification:_identify(.) by extensions ['colcon_pkg']
[0.374s] Level 1:colcon.colcon_core.package_identification:_identify(.) by extension 'colcon_pkg'
[0.374s] Level 1:colcon.colcon_core.package_identification:_identify(.) by extensions ['colcon_meta']
[0.374s] Level 1:colcon.colcon_core.package_identification:_identify(.) by extension 'colcon_meta'
[0.374s] Level 1:colcon.colcon_core.package_identification:_identify(.) by extensions ['ros']
[0.374s] Level 1:colcon.colcon_core.package_identification:_identify(.) by extension 'ros'
[0.384s] Level 1:colcon.colcon_core.package_identification:_identify(.) by extensions ['cmake', 'python']
[0.385s] Level 1:colcon.colcon_core.package_identification:_identify(.) by extension 'cmake'
[0.385s] Level 1:colcon.colcon_core.package_identification:_identify(.) by extension 'python'
[0.385s] Level 1:colcon.colcon_core.package_identification:_identify(.) by extensions ['python_setup_py']
[0.385s] Level 1:colcon.colcon_core.package_identification:_identify(.) by extension 'python_setup_py'
[0.385s] Level 1:colcon.colcon_core.package_identification:_identify(build) by extensions ['ignore', 'ignore_ament_install']
[0.385s] Level 1:colcon.colcon_core.package_identification:_identify(build) by extension 'ignore'
[0.385s] Level 1:colcon.colcon_core.package_identification:_identify(build) ignored
[0.385s] Level 1:colcon.colcon_core.package_identification:_identify(image_processing) by extensions ['ignore', 'ignore_ament_install']
[0.385s] Level 1:colcon.colcon_core.package_identification:_identify(image_processing) by extension 'ignore'
[0.386s] Level 1:colcon.colcon_core.package_identification:_identify(image_processing) by extension 'ignore_ament_install'
[0.386s] Level 1:colcon.colcon_core.package_identification:_identify(image_processing) by extensions ['colcon_pkg']
[0.386s] Level 1:colcon.colcon_core.package_identification:_identify(image_processing) by extension 'colcon_pkg'
[0.386s] Level 1:colcon.colcon_core.package_identification:_identify(image_processing) by extensions ['colcon_meta']
[0.386s] Level 1:colcon.colcon_core.package_identification:_identify(image_processing) by extension 'colcon_meta'
[0.386s] Level 1:colcon.colcon_core.package_identification:_identify(image_processing) by extensions ['ros']
[0.386s] Level 1:colcon.colcon_core.package_identification:_identify(image_processing) by extension 'ros'
[0.388s] DEBUG:colcon.colcon_core.package_identification:Package 'image_processing' with type 'ros.ament_cmake' and name 'image_processing'
[0.389s] Level 1:colcon.colcon_core.package_identification:_identify(install) by extensions ['ignore', 'ignore_ament_install']
[0.389s] Level 1:colcon.colcon_core.package_identification:_identify(install) by extension 'ignore'
[0.389s] Level 1:colcon.colcon_core.package_identification:_identify(install) ignored
[0.389s] Level 1:colcon.colcon_core.package_identification:_identify(locator) by extensions ['ignore', 'ignore_ament_install']
[0.389s] Level 1:colcon.colcon_core.package_identification:_identify(locator) by extension 'ignore'
[0.389s] Level 1:colcon.colcon_core.package_identification:_identify(locator) by extension 'ignore_ament_install'
[0.389s] Level 1:colcon.colcon_core.package_identification:_identify(locator) by extensions ['colcon_pkg']
[0.389s] Level 1:colcon.colcon_core.package_identification:_identify(locator) by extension 'colcon_pkg'
[0.389s] Level 1:colcon.colcon_core.package_identification:_identify(locator) by extensions ['colcon_meta']
[0.390s] Level 1:colcon.colcon_core.package_identification:_identify(locator) by extension 'colcon_meta'
[0.390s] Level 1:colcon.colcon_core.package_identification:_identify(locator) by extensions ['ros']
[0.390s] Level 1:colcon.colcon_core.package_identification:_identify(locator) by extension 'ros'
[0.390s] DEBUG:colcon.colcon_core.package_identification:Package 'locator' with type 'ros.ament_cmake' and name 'locator'
[0.390s] Level 1:colcon.colcon_core.package_identification:_identify(log) by extensions ['ignore', 'ignore_ament_install']
[0.391s] Level 1:colcon.colcon_core.package_identification:_identify(log) by extension 'ignore'
[0.391s] Level 1:colcon.colcon_core.package_identification:_identify(log) ignored
[0.391s] Level 1:colcon.colcon_core.package_identification:_identify(path_planning) by extensions ['ignore', 'ignore_ament_install']
[0.391s] Level 1:colcon.colcon_core.package_identification:_identify(path_planning) by extension 'ignore'
[0.391s] Level 1:colcon.colcon_core.package_identification:_identify(path_planning) by extension 'ignore_ament_install'
[0.391s] Level 1:colcon.colcon_core.package_identification:_identify(path_planning) by extensions ['colcon_pkg']
[0.391s] Level 1:colcon.colcon_core.package_identification:_identify(path_planning) by extension 'colcon_pkg'
[0.391s] Level 1:colcon.colcon_core.package_identification:_identify(path_planning) by extensions ['colcon_meta']
[0.391s] Level 1:colcon.colcon_core.package_identification:_identify(path_planning) by extension 'colcon_meta'
[0.391s] Level 1:colcon.colcon_core.package_identification:_identify(path_planning) by extensions ['ros']
[0.391s] Level 1:colcon.colcon_core.package_identification:_identify(path_planning) by extension 'ros'
[0.392s] DEBUG:colcon.colcon_core.package_identification:Package 'path_planning' with type 'ros.ament_cmake' and name 'path_planning'
[0.392s] Level 1:colcon.colcon_core.package_discovery:discover_packages(recursive) using defaults
[0.392s] Level 1:colcon.colcon_core.package_discovery:discover_packages(ignore) discover
[0.392s] Level 1:colcon.colcon_core.package_discovery:discover_packages(ignore) using defaults
[0.392s] Level 1:colcon.colcon_core.package_discovery:discover_packages(path) discover
[0.392s] Level 1:colcon.colcon_core.package_discovery:discover_packages(path) using defaults
[0.418s] Level 1:colcon.colcon_core.package_discovery:discover_packages(prefix_path) check parameters
[0.418s] Level 1:colcon.colcon_core.package_discovery:discover_packages(prefix_path) discover
[0.423s] DEBUG:colcon.colcon_installed_package_information.package_discovery:Found 7 installed packages in /home/mtrn/4231/ros_ur_driver/install
[0.427s] DEBUG:colcon.colcon_installed_package_information.package_discovery:Found 55 installed packages in /home/mtrn/4231/ws_moveit2/install
[0.430s] DEBUG:colcon.colcon_installed_package_information.package_discovery:Found 341 installed packages in /opt/ros/humble
[0.432s] Level 1:colcon.colcon_core.package_discovery:discover_packages(prefix_path) using defaults
[0.494s] Level 5:colcon.colcon_core.verb:set package 'image_processing' build argument 'cmake_args' from command line to 'None'
[0.495s] Level 5:colcon.colcon_core.verb:set package 'image_processing' build argument 'cmake_target' from command line to 'None'
[0.495s] Level 5:colcon.colcon_core.verb:set package 'image_processing' build argument 'cmake_target_skip_unavailable' from command line to 'False'
[0.495s] Level 5:colcon.colcon_core.verb:set package 'image_processing' build argument 'cmake_clean_cache' from command line to 'False'
[0.495s] Level 5:colcon.colcon_core.verb:set package 'image_processing' build argument 'cmake_clean_first' from command line to 'False'
[0.495s] Level 5:colcon.colcon_core.verb:set package 'image_processing' build argument 'cmake_force_configure' from command line to 'False'
[0.495s] Level 5:colcon.colcon_core.verb:set package 'image_processing' build argument 'ament_cmake_args' from command line to 'None'
[0.495s] Level 5:colcon.colcon_core.verb:set package 'image_processing' build argument 'catkin_cmake_args' from command line to 'None'
[0.495s] Level 5:colcon.colcon_core.verb:set package 'image_processing' build argument 'catkin_skip_building_tests' from command line to 'False'
[0.495s] DEBUG:colcon.colcon_core.verb:Building package 'image_processing' with the following arguments: {'ament_cmake_args': None, 'build_base': '/home/mtrn/4231/MTRN4231_final_project/build/image_processing', 'catkin_cmake_args': None, 'catkin_skip_building_tests': False, 'cmake_args': None, 'cmake_clean_cache': False, 'cmake_clean_first': False, 'cmake_force_configure': False, 'cmake_target': None, 'cmake_target_skip_unavailable': False, 'install_base': '/home/mtrn/4231/MTRN4231_final_project/install/image_processing', 'merge_install': False, 'path': '/home/mtrn/4231/MTRN4231_final_project/image_processing', 'symlink_install': False, 'test_result_base': None}
[0.497s] Level 5:colcon.colcon_core.verb:set package 'locator' build argument 'cmake_args' from command line to 'None'
[0.497s] Level 5:colcon.colcon_core.verb:set package 'locator' build argument 'cmake_target' from command line to 'None'
[0.497s] Level 5:colcon.colcon_core.verb:set package 'locator' build argument 'cmake_target_skip_unavailable' from command line to 'False'
[0.497s] Level 5:colcon.colcon_core.verb:set package 'locator' build argument 'cmake_clean_cache' from command line to 'False'
[0.497s] Level 5:colcon.colcon_core.verb:set package 'locator' build argument 'cmake_clean_first' from command line to 'False'
[0.497s] Level 5:colcon.colcon_core.verb:set package 'locator' build argument 'cmake_force_configure' from command line to 'False'
[0.497s] Level 5:colcon.colcon_core.verb:set package 'locator' build argument 'ament_cmake_args' from command line to 'None'
[0.497s] Level 5:colcon.colcon_core.verb:set package 'locator' build argument 'catkin_cmake_args' from command line to 'None'
[0.497s] Level 5:colcon.colcon_core.verb:set package 'locator' build argument 'catkin_skip_building_tests' from command line to 'False'
[0.497s] DEBUG:colcon.colcon_core.verb:Building package 'locator' with the following arguments: {'ament_cmake_args': None, 'build_base': '/home/mtrn/4231/MTRN4231_final_project/build/locator', 'catkin_cmake_args': None, 'catkin_skip_building_tests': False, 'cmake_args': None, 'cmake_clean_cache': False, 'cmake_clean_first': False, 'cmake_force_configure': False, 'cmake_target': None, 'cmake_target_skip_unavailable': False, 'install_base': '/home/mtrn/4231/MTRN4231_final_project/install/locator', 'merge_install': False, 'path': '/home/mtrn/4231/MTRN4231_final_project/locator', 'symlink_install': False, 'test_result_base': None}
[0.498s] Level 5:colcon.colcon_core.verb:set package 'path_planning' build argument 'cmake_args' from command line to 'None'
[0.498s] Level 5:colcon.colcon_core.verb:set package 'path_planning' build argument 'cmake_target' from command line to 'None'
[0.498s] Level 5:colcon.colcon_core.verb:set package 'path_planning' build argument 'cmake_target_skip_unavailable' from command line to 'False'
[0.498s] Level 5:colcon.colcon_core.verb:set package 'path_planning' build argument 'cmake_clean_cache' from command line to 'False'
[0.498s] Level 5:colcon.colcon_core.verb:set package 'path_planning' build argument 'cmake_clean_first' from command line to 'False'
[0.498s] Level 5:colcon.colcon_core.verb:set package 'path_planning' build argument 'cmake_force_configure' from command line to 'False'
[0.498s] Level 5:colcon.colcon_core.verb:set package 'path_planning' build argument 'ament_cmake_args' from command line to 'None'
[0.498s] Level 5:colcon.colcon_core.verb:set package 'path_planning' build argument 'catkin_cmake_args' from command line to 'None'
[0.498s] Level 5:colcon.colcon_core.verb:set package 'path_planning' build argument 'catkin_skip_building_tests' from command line to 'False'
[0.498s] DEBUG:colcon.colcon_core.verb:Building package 'path_planning' with the following arguments: {'ament_cmake_args': None, 'build_base': '/home/mtrn/4231/MTRN4231_final_project/build/path_planning', 'catkin_cmake_args': None, 'catkin_skip_building_tests': False, 'cmake_args': None, 'cmake_clean_cache': False, 'cmake_clean_first': False, 'cmake_force_configure': False, 'cmake_target': None, 'cmake_target_skip_unavailable': False, 'install_base': '/home/mtrn/4231/MTRN4231_final_project/install/path_planning', 'merge_install': False, 'path': '/home/mtrn/4231/MTRN4231_final_project/path_planning', 'symlink_install': False, 'test_result_base': None}
[0.500s] INFO:colcon.colcon_core.executor:Executing jobs using 'parallel' executor
[0.506s] DEBUG:colcon.colcon_parallel_executor.executor.parallel:run_until_complete
[0.506s] INFO:colcon.colcon_ros.task.ament_cmake.build:Building ROS package in '/home/mtrn/4231/MTRN4231_final_project/image_processing' with build type 'ament_cmake'
[0.506s] INFO:colcon.colcon_cmake.task.cmake.build:Building CMake package in '/home/mtrn/4231/MTRN4231_final_project/image_processing'
[0.512s] INFO:colcon.colcon_core.plugin_system:Skipping extension 'colcon_core.shell.bat': Not used on non-Windows systems
[0.512s] INFO:colcon.colcon_core.shell:Skip shell extension 'powershell' for command environment: Not usable outside of PowerShell
[0.512s] DEBUG:colcon.colcon_core.shell:Skip shell extension 'dsv' for command environment
[0.528s] INFO:colcon.colcon_ros.task.ament_cmake.build:Building ROS package in '/home/mtrn/4231/MTRN4231_final_project/locator' with build type 'ament_cmake'
[0.529s] INFO:colcon.colcon_cmake.task.cmake.build:Building CMake package in '/home/mtrn/4231/MTRN4231_final_project/locator'
[0.531s] INFO:colcon.colcon_core.shell:Skip shell extension 'powershell' for command environment: Not usable outside of PowerShell
[0.532s] DEBUG:colcon.colcon_core.shell:Skip shell extension 'dsv' for command environment
[0.548s] INFO:colcon.colcon_ros.task.ament_cmake.build:Building ROS package in '/home/mtrn/4231/MTRN4231_final_project/path_planning' with build type 'ament_cmake'
[0.549s] INFO:colcon.colcon_cmake.task.cmake.build:Building CMake package in '/home/mtrn/4231/MTRN4231_final_project/path_planning'
[0.552s] INFO:colcon.colcon_core.shell:Skip shell extension 'powershell' for command environment: Not usable outside of PowerShell
[0.552s] DEBUG:colcon.colcon_core.shell:Skip shell extension 'dsv' for command environment
[0.570s] DEBUG:colcon.colcon_core.event_handler.log_command:Invoking command in '/home/mtrn/4231/MTRN4231_final_project/build/image_processing': CMAKE_PREFIX_PATH=${CMAKE_PREFIX_PATH}:/home/mtrn/4231/ws_moveit2/install/moveit_configs_utils:/home/mtrn/4231/ws_moveit2/install/launch_param_builder:/opt/ros/humble /usr/bin/cmake /home/mtrn/4231/MTRN4231_final_project/image_processing -DCMAKE_INSTALL_PREFIX=/home/mtrn/4231/MTRN4231_final_project/install/image_processing
[0.583s] DEBUG:colcon.colcon_core.event_handler.log_command:Invoking command in '/home/mtrn/4231/MTRN4231_final_project/build/locator': CMAKE_PREFIX_PATH=${CMAKE_PREFIX_PATH}:/home/mtrn/4231/ws_moveit2/install/moveit_configs_utils:/home/mtrn/4231/ws_moveit2/install/launch_param_builder:/opt/ros/humble /usr/bin/cmake --build /home/mtrn/4231/MTRN4231_final_project/build/locator -- -j4 -l4
[0.587s] DEBUG:colcon.colcon_core.event_handler.log_command:Invoking command in '/home/mtrn/4231/MTRN4231_final_project/build/path_planning': CMAKE_PREFIX_PATH=${CMAKE_PREFIX_PATH}:/home/mtrn/4231/ws_moveit2/install/moveit_configs_utils:/home/mtrn/4231/ws_moveit2/install/launch_param_builder:/opt/ros/humble /usr/bin/cmake --build /home/mtrn/4231/MTRN4231_final_project/build/path_planning -- -j4 -l4
[0.653s] DEBUG:colcon.colcon_core.event_handler.log_command:Invoked command in '/home/mtrn/4231/MTRN4231_final_project/build/locator' returned '0': CMAKE_PREFIX_PATH=${CMAKE_PREFIX_PATH}:/home/mtrn/4231/ws_moveit2/install/moveit_configs_utils:/home/mtrn/4231/ws_moveit2/install/launch_param_builder:/opt/ros/humble /usr/bin/cmake --build /home/mtrn/4231/MTRN4231_final_project/build/locator -- -j4 -l4
[0.659s] DEBUG:colcon.colcon_core.event_handler.log_command:Invoked command in '/home/mtrn/4231/MTRN4231_final_project/build/path_planning' returned '0': CMAKE_PREFIX_PATH=${CMAKE_PREFIX_PATH}:/home/mtrn/4231/ws_moveit2/install/moveit_configs_utils:/home/mtrn/4231/ws_moveit2/install/launch_param_builder:/opt/ros/humble /usr/bin/cmake --build /home/mtrn/4231/MTRN4231_final_project/build/path_planning -- -j4 -l4
[0.700s] DEBUG:colcon.colcon_core.event_handler.log_command:Invoking command in '/home/mtrn/4231/MTRN4231_final_project/build/locator': CMAKE_PREFIX_PATH=${CMAKE_PREFIX_PATH}:/home/mtrn/4231/ws_moveit2/install/moveit_configs_utils:/home/mtrn/4231/ws_moveit2/install/launch_param_builder:/opt/ros/humble /usr/bin/cmake --install /home/mtrn/4231/MTRN4231_final_project/build/locator
[0.701s] DEBUG:colcon.colcon_core.event_handler.log_command:Invoking command in '/home/mtrn/4231/MTRN4231_final_project/build/path_planning': CMAKE_PREFIX_PATH=${CMAKE_PREFIX_PATH}:/home/mtrn/4231/ws_moveit2/install/moveit_configs_utils:/home/mtrn/4231/ws_moveit2/install/launch_param_builder:/opt/ros/humble /usr/bin/cmake --install /home/mtrn/4231/MTRN4231_final_project/build/path_planning
[0.714s] Level 1:colcon.colcon_core.environment:create_environment_scripts_only(locator)
[0.715s] DEBUG:colcon.colcon_core.event_handler.log_command:Invoked command in '/home/mtrn/4231/MTRN4231_final_project/build/locator' returned '0': CMAKE_PREFIX_PATH=${CMAKE_PREFIX_PATH}:/home/mtrn/4231/ws_moveit2/install/moveit_configs_utils:/home/mtrn/4231/ws_moveit2/install/launch_param_builder:/opt/ros/humble /usr/bin/cmake --install /home/mtrn/4231/MTRN4231_final_project/build/locator
[0.720s] Level 1:colcon.colcon_core.environment:checking '/home/mtrn/4231/MTRN4231_final_project/install/locator' for CMake module files
[0.721s] Level 1:colcon.colcon_core.environment:checking '/home/mtrn/4231/MTRN4231_final_project/install/locator' for CMake config files
[0.721s] Level 1:colcon.colcon_core.shell:create_environment_hook('locator', 'cmake_prefix_path')
[0.723s] INFO:colcon.colcon_core.shell:Creating environment hook '/home/mtrn/4231/MTRN4231_final_project/install/locator/share/locator/hook/cmake_prefix_path.ps1'
[0.724s] INFO:colcon.colcon_core.shell:Creating environment descriptor '/home/mtrn/4231/MTRN4231_final_project/install/locator/share/locator/hook/cmake_prefix_path.dsv'
[0.725s] INFO:colcon.colcon_core.shell:Creating environment hook '/home/mtrn/4231/MTRN4231_final_project/install/locator/share/locator/hook/cmake_prefix_path.sh'
[0.725s] Level 1:colcon.colcon_core.environment:checking '/home/mtrn/4231/MTRN4231_final_project/install/locator/bin'
[0.725s] Level 1:colcon.colcon_core.environment:checking '/home/mtrn/4231/MTRN4231_final_project/install/locator/lib/pkgconfig/locator.pc'
[0.726s] Level 1:colcon.colcon_core.environment:checking '/home/mtrn/4231/MTRN4231_final_project/install/locator/lib/python3.10/site-packages'
[0.726s] Level 1:colcon.colcon_core.environment:checking '/home/mtrn/4231/MTRN4231_final_project/install/locator/bin'
[0.728s] INFO:colcon.colcon_core.shell:Creating package script '/home/mtrn/4231/MTRN4231_final_project/install/locator/share/locator/package.ps1'
[0.729s] INFO:colcon.colcon_core.shell:Creating package descriptor '/home/mtrn/4231/MTRN4231_final_project/install/locator/share/locator/package.dsv'
[0.729s] INFO:colcon.colcon_core.shell:Creating package script '/home/mtrn/4231/MTRN4231_final_project/install/locator/share/locator/package.sh'
[0.730s] INFO:colcon.colcon_core.shell:Creating package script '/home/mtrn/4231/MTRN4231_final_project/install/locator/share/locator/package.bash'
[0.731s] INFO:colcon.colcon_core.shell:Creating package script '/home/mtrn/4231/MTRN4231_final_project/install/locator/share/locator/package.zsh'
[0.731s] Level 1:colcon.colcon_core.environment:create_file_with_runtime_dependencies(/home/mtrn/4231/MTRN4231_final_project/install/locator/share/colcon-core/packages/locator)
[0.733s] Level 1:colcon.colcon_core.environment:create_environment_scripts_only(path_planning)
[0.733s] DEBUG:colcon.colcon_core.event_handler.log_command:Invoked command in '/home/mtrn/4231/MTRN4231_final_project/build/path_planning' returned '0': CMAKE_PREFIX_PATH=${CMAKE_PREFIX_PATH}:/home/mtrn/4231/ws_moveit2/install/moveit_configs_utils:/home/mtrn/4231/ws_moveit2/install/launch_param_builder:/opt/ros/humble /usr/bin/cmake --install /home/mtrn/4231/MTRN4231_final_project/build/path_planning
[0.737s] Level 1:colcon.colcon_core.environment:checking '/home/mtrn/4231/MTRN4231_final_project/install/path_planning' for CMake module files
[0.738s] Level 1:colcon.colcon_core.environment:checking '/home/mtrn/4231/MTRN4231_final_project/install/path_planning' for CMake config files
[0.738s] Level 1:colcon.colcon_core.shell:create_environment_hook('path_planning', 'cmake_prefix_path')
[0.741s] INFO:colcon.colcon_core.shell:Creating environment hook '/home/mtrn/4231/MTRN4231_final_project/install/path_planning/share/path_planning/hook/cmake_prefix_path.ps1'
[0.742s] INFO:colcon.colcon_core.shell:Creating environment descriptor '/home/mtrn/4231/MTRN4231_final_project/install/path_planning/share/path_planning/hook/cmake_prefix_path.dsv'
[0.742s] INFO:colcon.colcon_core.shell:Creating environment hook '/home/mtrn/4231/MTRN4231_final_project/install/path_planning/share/path_planning/hook/cmake_prefix_path.sh'
[0.743s] Level 1:colcon.colcon_core.environment:checking '/home/mtrn/4231/MTRN4231_final_project/install/path_planning/bin'
[0.743s] Level 1:colcon.colcon_core.environment:checking '/home/mtrn/4231/MTRN4231_final_project/install/path_planning/lib/pkgconfig/path_planning.pc'
[0.743s] Level 1:colcon.colcon_core.environment:checking '/home/mtrn/4231/MTRN4231_final_project/install/path_planning/lib/python3.10/site-packages'
[0.744s] Level 1:colcon.colcon_core.environment:checking '/home/mtrn/4231/MTRN4231_final_project/install/path_planning/bin'
[0.747s] INFO:colcon.colcon_core.shell:Creating package script '/home/mtrn/4231/MTRN4231_final_project/install/path_planning/share/path_planning/package.ps1'
[0.747s] INFO:colcon.colcon_core.shell:Creating package descriptor '/home/mtrn/4231/MTRN4231_final_project/install/path_planning/share/path_planning/package.dsv'
[0.748s] INFO:colcon.colcon_core.shell:Creating package script '/home/mtrn/4231/MTRN4231_final_project/install/path_planning/share/path_planning/package.sh'
[0.749s] INFO:colcon.colcon_core.shell:Creating package script '/home/mtrn/4231/MTRN4231_final_project/install/path_planning/share/path_planning/package.bash'
[0.750s] INFO:colcon.colcon_core.shell:Creating package script '/home/mtrn/4231/MTRN4231_final_project/install/path_planning/share/path_planning/package.zsh'
[0.750s] Level 1:colcon.colcon_core.environment:create_file_with_runtime_dependencies(/home/mtrn/4231/MTRN4231_final_project/install/path_planning/share/colcon-core/packages/path_planning)
[0.777s] Level 1:colcon.colcon_core.environment:create_environment_scripts_only(locator)
[0.780s] Level 1:colcon.colcon_core.environment:checking '/home/mtrn/4231/MTRN4231_final_project/install/locator' for CMake module files
[0.781s] Level 1:colcon.colcon_core.environment:checking '/home/mtrn/4231/MTRN4231_final_project/install/locator' for CMake config files
[0.782s] Level 1:colcon.colcon_core.shell:create_environment_hook('locator', 'cmake_prefix_path')
[0.784s] INFO:colcon.colcon_core.shell:Creating environment hook '/home/mtrn/4231/MTRN4231_final_project/install/locator/share/locator/hook/cmake_prefix_path.ps1'
[0.785s] INFO:colcon.colcon_core.shell:Creating environment descriptor '/home/mtrn/4231/MTRN4231_final_project/install/locator/share/locator/hook/cmake_prefix_path.dsv'
[0.785s] INFO:colcon.colcon_core.shell:Creating environment hook '/home/mtrn/4231/MTRN4231_final_project/install/locator/share/locator/hook/cmake_prefix_path.sh'
[0.785s] Level 1:colcon.colcon_core.environment:checking '/home/mtrn/4231/MTRN4231_final_project/install/locator/bin'
[0.786s] Level 1:colcon.colcon_core.environment:checking '/home/mtrn/4231/MTRN4231_final_project/install/locator/lib/pkgconfig/locator.pc'
[0.786s] Level 1:colcon.colcon_core.environment:checking '/home/mtrn/4231/MTRN4231_final_project/install/locator/lib/python3.10/site-packages'
[0.786s] Level 1:colcon.colcon_core.environment:checking '/home/mtrn/4231/MTRN4231_final_project/install/locator/bin'
[0.789s] INFO:colcon.colcon_core.shell:Creating package script '/home/mtrn/4231/MTRN4231_final_project/install/locator/share/locator/package.ps1'
[0.789s] INFO:colcon.colcon_core.shell:Creating package descriptor '/home/mtrn/4231/MTRN4231_final_project/install/locator/share/locator/package.dsv'
[0.790s] INFO:colcon.colcon_core.shell:Creating package script '/home/mtrn/4231/MTRN4231_final_project/install/locator/share/locator/package.sh'
[0.790s] INFO:colcon.colcon_core.shell:Creating package script '/home/mtrn/4231/MTRN4231_final_project/install/locator/share/locator/package.bash'
[0.791s] INFO:colcon.colcon_core.shell:Creating package script '/home/mtrn/4231/MTRN4231_final_project/install/locator/share/locator/package.zsh'
[0.791s] Level 1:colcon.colcon_core.environment:create_file_with_runtime_dependencies(/home/mtrn/4231/MTRN4231_final_project/install/locator/share/colcon-core/packages/locator)
[0.794s] Level 1:colcon.colcon_core.environment:create_environment_scripts_only(path_planning)
[0.798s] Level 1:colcon.colcon_core.environment:checking '/home/mtrn/4231/MTRN4231_final_project/install/path_planning' for CMake module files
[0.799s] Level 1:colcon.colcon_core.environment:checking '/home/mtrn/4231/MTRN4231_final_project/install/path_planning' for CMake config files
[0.799s] Level 1:colcon.colcon_core.shell:create_environment_hook('path_planning', 'cmake_prefix_path')
[0.802s] INFO:colcon.colcon_core.shell:Creating environment hook '/home/mtrn/4231/MTRN4231_final_project/install/path_planning/share/path_planning/hook/cmake_prefix_path.ps1'
[0.802s] INFO:colcon.colcon_core.shell:Creating environment descriptor '/home/mtrn/4231/MTRN4231_final_project/install/path_planning/share/path_planning/hook/cmake_prefix_path.dsv'
[0.803s] INFO:colcon.colcon_core.shell:Creating environment hook '/home/mtrn/4231/MTRN4231_final_project/install/path_planning/share/path_planning/hook/cmake_prefix_path.sh'
[0.804s] Level 1:colcon.colcon_core.environment:checking '/home/mtrn/4231/MTRN4231_final_project/install/path_planning/bin'
[0.804s] Level 1:colcon.colcon_core.environment:checking '/home/mtrn/4231/MTRN4231_final_project/install/path_planning/lib/pkgconfig/path_planning.pc'
[0.804s] Level 1:colcon.colcon_core.environment:checking '/home/mtrn/4231/MTRN4231_final_project/install/path_planning/lib/python3.10/site-packages'
[0.804s] Level 1:colcon.colcon_core.environment:checking '/home/mtrn/4231/MTRN4231_final_project/install/path_planning/bin'
[0.807s] INFO:colcon.colcon_core.shell:Creating package script '/home/mtrn/4231/MTRN4231_final_project/install/path_planning/share/path_planning/package.ps1'
[0.808s] INFO:colcon.colcon_core.shell:Creating package descriptor '/home/mtrn/4231/MTRN4231_final_project/install/path_planning/share/path_planning/package.dsv'
[0.812s] INFO:colcon.colcon_core.shell:Creating package script '/home/mtrn/4231/MTRN4231_final_project/install/path_planning/share/path_planning/package.sh'
[0.813s] INFO:colcon.colcon_core.shell:Creating package script '/home/mtrn/4231/MTRN4231_final_project/install/path_planning/share/path_planning/package.bash'
[0.813s] INFO:colcon.colcon_core.shell:Creating package script '/home/mtrn/4231/MTRN4231_final_project/install/path_planning/share/path_planning/package.zsh'
[0.814s] Level 1:colcon.colcon_core.environment:create_file_with_runtime_dependencies(/home/mtrn/4231/MTRN4231_final_project/install/path_planning/share/colcon-core/packages/path_planning)
[1.303s] DEBUG:colcon.colcon_core.event_handler.log_command:Invoked command in '/home/mtrn/4231/MTRN4231_final_project/build/image_processing' returned '1': CMAKE_PREFIX_PATH=${CMAKE_PREFIX_PATH}:/home/mtrn/4231/ws_moveit2/install/moveit_configs_utils:/home/mtrn/4231/ws_moveit2/install/launch_param_builder:/opt/ros/humble /usr/bin/cmake /home/mtrn/4231/MTRN4231_final_project/image_processing -DCMAKE_INSTALL_PREFIX=/home/mtrn/4231/MTRN4231_final_project/install/image_processing
[1.317s] Level 1:colcon.colcon_core.environment:create_environment_scripts_only(image_processing)
[1.320s] Level 1:colcon.colcon_core.environment:checking '/home/mtrn/4231/MTRN4231_final_project/install/image_processing' for CMake module files
[1.321s] Level 1:colcon.colcon_core.environment:checking '/home/mtrn/4231/MTRN4231_final_project/install/image_processing' for CMake config files
[1.321s] Level 1:colcon.colcon_core.environment:checking '/home/mtrn/4231/MTRN4231_final_project/install/image_processing/bin'
[1.321s] Level 1:colcon.colcon_core.environment:checking '/home/mtrn/4231/MTRN4231_final_project/install/image_processing/lib/pkgconfig/image_processing.pc'
[1.322s] Level 1:colcon.colcon_core.environment:checking '/home/mtrn/4231/MTRN4231_final_project/install/image_processing/lib/python3.10/site-packages'
[1.322s] Level 1:colcon.colcon_core.environment:checking '/home/mtrn/4231/MTRN4231_final_project/install/image_processing/bin'
[1.324s] INFO:colcon.colcon_core.shell:Creating package script '/home/mtrn/4231/MTRN4231_final_project/install/image_processing/share/image_processing/package.ps1'
[1.325s] INFO:colcon.colcon_core.shell:Creating package descriptor '/home/mtrn/4231/MTRN4231_final_project/install/image_processing/share/image_processing/package.dsv'
[1.325s] INFO:colcon.colcon_core.shell:Creating package script '/home/mtrn/4231/MTRN4231_final_project/install/image_processing/share/image_processing/package.sh'
[1.326s] INFO:colcon.colcon_core.shell:Creating package script '/home/mtrn/4231/MTRN4231_final_project/install/image_processing/share/image_processing/package.bash'
[1.326s] INFO:colcon.colcon_core.shell:Creating package script '/home/mtrn/4231/MTRN4231_final_project/install/image_processing/share/image_processing/package.zsh'
[1.326s] Level 1:colcon.colcon_core.environment:create_file_with_runtime_dependencies(/home/mtrn/4231/MTRN4231_final_project/install/image_processing/share/colcon-core/packages/image_processing)
[1.337s] DEBUG:colcon.colcon_parallel_executor.executor.parallel:closing loop
[1.338s] DEBUG:colcon.colcon_parallel_executor.executor.parallel:loop closed
[1.338s] DEBUG:colcon.colcon_parallel_executor.executor.parallel:run_until_complete finished with '1'
[1.338s] DEBUG:colcon.colcon_core.event_reactor:joining thread
[1.349s] INFO:colcon.colcon_core.plugin_system:Skipping extension 'colcon_notification.desktop_notification.terminal_notifier': Not used on non-Darwin systems
[1.349s] INFO:colcon.colcon_core.plugin_system:Skipping extension 'colcon_notification.desktop_notification.win32': Not used on non-Windows systems
[1.349s] INFO:colcon.colcon_notification.desktop_notification:Sending desktop notification using 'notify2'
[1.365s] DEBUG:colcon.colcon_core.event_reactor:joined thread
[1.368s] INFO:colcon.colcon_core.shell:Creating prefix script '/home/mtrn/4231/MTRN4231_final_project/install/local_setup.ps1'
[1.369s] INFO:colcon.colcon_core.shell:Creating prefix util module '/home/mtrn/4231/MTRN4231_final_project/install/_local_setup_util_ps1.py'
[1.370s] INFO:colcon.colcon_core.shell:Creating prefix chain script '/home/mtrn/4231/MTRN4231_final_project/install/setup.ps1'
[1.384s] INFO:colcon.colcon_core.shell:Creating prefix script '/home/mtrn/4231/MTRN4231_final_project/install/local_setup.sh'
[1.385s] INFO:colcon.colcon_core.shell:Creating prefix util module '/home/mtrn/4231/MTRN4231_final_project/install/_local_setup_util_sh.py'
[1.385s] INFO:colcon.colcon_core.shell:Creating prefix chain script '/home/mtrn/4231/MTRN4231_final_project/install/setup.sh'
[1.390s] INFO:colcon.colcon_core.shell:Creating prefix script '/home/mtrn/4231/MTRN4231_final_project/install/local_setup.bash'
[1.390s] INFO:colcon.colcon_core.shell:Creating prefix chain script '/home/mtrn/4231/MTRN4231_final_project/install/setup.bash'
[1.394s] INFO:colcon.colcon_core.shell:Creating prefix script '/home/mtrn/4231/MTRN4231_final_project/install/local_setup.zsh'
[1.394s] INFO:colcon.colcon_core.shell:Creating prefix chain script '/home/mtrn/4231/MTRN4231_final_project/install/setup.zsh'
