[1.583s] Invoking command in '/home/mtrn/MTRN4231_final_project/image_processing': PYTHONPATH=/home/mtrn/MTRN4231_final_project/build/image_processing/prefix_override:/home/mtrn/MTRN4231_final_project/install/image_processing/lib/python3.10/site-packages:${PYTHONPATH} /usr/bin/python3 setup.py egg_info --egg-base ../build/image_processing build --build-base /home/mtrn/MTRN4231_final_project/build/image_processing/build install --record /home/mtrn/MTRN4231_final_project/build/image_processing/install.log --single-version-externally-managed
[2.056s] running egg_info
[2.057s] writing ../build/image_processing/image_processing.egg-info/PKG-INFO
[2.058s] writing dependency_links to ../build/image_processing/image_processing.egg-info/dependency_links.txt
[2.058s] writing entry points to ../build/image_processing/image_processing.egg-info/entry_points.txt
[2.059s] writing requirements to ../build/image_processing/image_processing.egg-info/requires.txt
[2.059s] writing top-level names to ../build/image_processing/image_processing.egg-info/top_level.txt
[2.062s] reading manifest file '../build/image_processing/image_processing.egg-info/SOURCES.txt'
[2.066s] writing manifest file '../build/image_processing/image_processing.egg-info/SOURCES.txt'
[2.066s] running build
[2.067s] running build_py
[2.067s] running install
[2.068s] running install_lib
[2.070s] running install_data
[2.071s] running install_egg_info
[2.074s] removing '/home/mtrn/MTRN4231_final_project/install/image_processing/lib/python3.10/site-packages/image_processing-0.0.0-py3.10.egg-info' (and everything under it)
[2.074s] Copying ../build/image_processing/image_processing.egg-info to /home/mtrn/MTRN4231_final_project/install/image_processing/lib/python3.10/site-packages/image_processing-0.0.0-py3.10.egg-info
[2.076s] running install_scripts
[2.123s] Installing smile_detector_node script to /home/mtrn/MTRN4231_final_project/install/image_processing/lib/image_processing
[2.125s] writing list of installed files to '/home/mtrn/MTRN4231_final_project/build/image_processing/install.log'
[2.211s] Invoked command in '/home/mtrn/MTRN4231_final_project/image_processing' returned '0': PYTHONPATH=/home/mtrn/MTRN4231_final_project/build/image_processing/prefix_override:/home/mtrn/MTRN4231_final_project/install/image_processing/lib/python3.10/site-packages:${PYTHONPATH} /usr/bin/python3 setup.py egg_info --egg-base ../build/image_processing build --build-base /home/mtrn/MTRN4231_final_project/build/image_processing/build install --record /home/mtrn/MTRN4231_final_project/build/image_processing/install.log --single-version-externally-managed
