[0.623s] Invoking command in '/home/mtrn/MTRN4231_final_project/build/path_planning': CMAKE_PREFIX_PATH=${CMAKE_PREFIX_PATH}:/home/mtrn/MTRN4231_final_project/install/image_processing:/home/mtrn/4231/ws_moveit2/install/moveit_configs_utils:/home/mtrn/4231/ws_moveit2/install/launch_param_builder:/opt/ros/humble /usr/bin/cmake /home/mtrn/MTRN4231_final_project/path_planning -DCMAKE_INSTALL_PREFIX=/home/mtrn/MTRN4231_final_project/install/path_planning
[0.759s] -- The C compiler identification is GNU 11.4.0
[0.897s] -- The CXX compiler identification is GNU 11.4.0
[0.908s] -- Detecting C compiler ABI info
[1.163s] -- Detecting C compiler ABI info - done
[1.186s] -- Check for working C compiler: /usr/bin/cc - skipped
[1.186s] -- Detecting C compile features
[1.187s] -- Detecting C compile features - done
[1.195s] -- Detecting CXX compiler ABI info
[1.467s] -- Detecting CXX compiler ABI info - done
[1.474s] -- Check for working CXX compiler: /usr/bin/c++ - skipped
[1.474s] -- Detecting CXX compile features
[1.475s] -- Detecting CXX compile features - done
[1.486s] -- Found ament_cmake: 1.3.5 (/opt/ros/humble/share/ament_cmake/cmake)
[1.951s] -- Found Python3: /usr/bin/python3.10 (found version "3.10.12") found components: Interpreter 
[2.300s] -- Found rclcpp: 16.0.5 (/opt/ros/humble/share/rclcpp/cmake)
[2.494s] -- Found rosidl_generator_c: 3.1.5 (/opt/ros/humble/share/rosidl_generator_c/cmake)
[2.518s] -- Found rosidl_adapter: 3.1.5 (/opt/ros/humble/share/rosidl_adapter/cmake)
[2.556s] -- Found rosidl_generator_cpp: 3.1.5 (/opt/ros/humble/share/rosidl_generator_cpp/cmake)
[2.598s] -- Using all available rosidl_typesupport_c: rosidl_typesupport_fastrtps_c;rosidl_typesupport_introspection_c
[2.677s] -- Using all available rosidl_typesupport_cpp: rosidl_typesupport_fastrtps_cpp;rosidl_typesupport_introspection_cpp
[3.022s] -- Found rmw_implementation_cmake: 6.1.1 (/opt/ros/humble/share/rmw_implementation_cmake/cmake)
[3.045s] -- Found rmw_cyclonedds_cpp: 1.3.4 (/opt/ros/humble/share/rmw_cyclonedds_cpp/cmake)
[3.195s] -- Using RMW implementation 'rmw_cyclonedds_cpp' as default
[3.242s] -- Looking for pthread.h
[3.391s] -- Looking for pthread.h - found
[3.392s] -- Performing Test CMAKE_HAVE_LIBC_PTHREAD
[3.559s] -- Performing Test CMAKE_HAVE_LIBC_PTHREAD - Success
[3.560s] -- Found Threads: TRUE  
[3.939s] -- Found geometry_msgs: 4.2.3 (/opt/ros/humble/share/geometry_msgs/cmake)
[4.025s] -- Found tf2_msgs: 0.25.3 (/opt/ros/humble/share/tf2_msgs/cmake)
[4.349s] -- Found ament_lint_auto: 0.12.7 (/opt/ros/humble/share/ament_lint_auto/cmake)
[4.543s] -- Added test 'cppcheck' to perform static code analysis on C / C++ code
[4.544s] -- Configured cppcheck include dirs: 
[4.544s] -- Configured cppcheck exclude dirs and/or files: 
[4.548s] -- Added test 'lint_cmake' to check CMake code style
[4.551s] -- Added test 'uncrustify' to check C / C++ code style
[4.552s] -- Configured uncrustify additional arguments: 
[4.555s] -- Added test 'xmllint' to check XML markup files
[4.561s] -- Configuring done
[4.582s] -- Generating done
[4.585s] -- Build files have been written to: /home/mtrn/MTRN4231_final_project/build/path_planning
