[0.381s] Invoking command in '/home/mtrn/MTRN4231_final_project/build/locator': CMAKE_PREFIX_PATH=${CMAKE_PREFIX_PATH}:/home/mtrn/4231/ws_moveit2/install/moveit_configs_utils:/home/mtrn/4231/ws_moveit2/install/launch_param_builder:/opt/ros/humble /usr/bin/cmake --build /home/mtrn/MTRN4231_final_project/build/locator -- -j4 -l4
[0.456s] Invoked command in '/home/mtrn/MTRN4231_final_project/build/locator' returned '0': CMAKE_PREFIX_PATH=${CMAKE_PREFIX_PATH}:/home/mtrn/4231/ws_moveit2/install/moveit_configs_utils:/home/mtrn/4231/ws_moveit2/install/launch_param_builder:/opt/ros/humble /usr/bin/cmake --build /home/mtrn/MTRN4231_final_project/build/locator -- -j4 -l4
[0.544s] Invoking command in '/home/mtrn/MTRN4231_final_project/build/locator': CMAKE_PREFIX_PATH=${CMAKE_PREFIX_PATH}:/home/mtrn/4231/ws_moveit2/install/moveit_configs_utils:/home/mtrn/4231/ws_moveit2/install/launch_param_builder:/opt/ros/humble /usr/bin/cmake --install /home/mtrn/MTRN4231_final_project/build/locator
[0.559s] -- Install configuration: ""
[0.559s] -- Up-to-date: /home/mtrn/MTRN4231_final_project/install/locator/share/ament_index/resource_index/package_run_dependencies/locator
[0.560s] -- Up-to-date: /home/mtrn/MTRN4231_final_project/install/locator/share/ament_index/resource_index/parent_prefix_path/locator
[0.560s] -- Up-to-date: /home/mtrn/MTRN4231_final_project/install/locator/share/locator/environment/ament_prefix_path.sh
[0.561s] -- Up-to-date: /home/mtrn/MTRN4231_final_project/install/locator/share/locator/environment/ament_prefix_path.dsv
[0.562s] -- Up-to-date: /home/mtrn/MTRN4231_final_project/install/locator/share/locator/environment/path.sh
[0.563s] -- Up-to-date: /home/mtrn/MTRN4231_final_project/install/locator/share/locator/environment/path.dsv
[0.563s] -- Up-to-date: /home/mtrn/MTRN4231_final_project/install/locator/share/locator/local_setup.bash
[0.564s] -- Up-to-date: /home/mtrn/MTRN4231_final_project/install/locator/share/locator/local_setup.sh
[0.565s] -- Up-to-date: /home/mtrn/MTRN4231_final_project/install/locator/share/locator/local_setup.zsh
[0.565s] -- Up-to-date: /home/mtrn/MTRN4231_final_project/install/locator/share/locator/local_setup.dsv
[0.566s] -- Installing: /home/mtrn/MTRN4231_final_project/install/locator/share/locator/package.dsv
[0.568s] -- Up-to-date: /home/mtrn/MTRN4231_final_project/install/locator/share/ament_index/resource_index/packages/locator
[0.568s] -- Up-to-date: /home/mtrn/MTRN4231_final_project/install/locator/share/locator/cmake/locatorConfig.cmake
[0.568s] -- Up-to-date: /home/mtrn/MTRN4231_final_project/install/locator/share/locator/cmake/locatorConfig-version.cmake
[0.569s] -- Up-to-date: /home/mtrn/MTRN4231_final_project/install/locator/share/locator/package.xml
[0.573s] Invoked command in '/home/mtrn/MTRN4231_final_project/build/locator' returned '0': CMAKE_PREFIX_PATH=${CMAKE_PREFIX_PATH}:/home/mtrn/4231/ws_moveit2/install/moveit_configs_utils:/home/mtrn/4231/ws_moveit2/install/launch_param_builder:/opt/ros/humble /usr/bin/cmake --install /home/mtrn/MTRN4231_final_project/build/locator
