[1.726s] Invoking command in '/home/mtrn/MTRN4231_final_project/image_processing': PYTHONPATH=/home/mtrn/MTRN4231_final_project/build/image_processing/prefix_override:/home/mtrn/MTRN4231_final_project/install/image_processing/lib/python3.10/site-packages:${PYTHONPATH} /usr/bin/python3 setup.py egg_info --egg-base ../build/image_processing build --build-base /home/mtrn/MTRN4231_final_project/build/image_processing/build install --record /home/mtrn/MTRN4231_final_project/build/image_processing/install.log --single-version-externally-managed
[2.365s] running egg_info
[2.366s] writing ../build/image_processing/image_processing.egg-info/PKG-INFO
[2.366s] writing dependency_links to ../build/image_processing/image_processing.egg-info/dependency_links.txt
[2.369s] writing entry points to ../build/image_processing/image_processing.egg-info/entry_points.txt
[2.370s] writing requirements to ../build/image_processing/image_processing.egg-info/requires.txt
[2.371s] writing top-level names to ../build/image_processing/image_processing.egg-info/top_level.txt
[2.371s] reading manifest file '../build/image_processing/image_processing.egg-info/SOURCES.txt'
[2.371s] writing manifest file '../build/image_processing/image_processing.egg-info/SOURCES.txt'
[2.371s] running build
[2.371s] running build_py
[2.371s] running install
[2.371s] running install_lib
[2.378s] running install_data
[2.378s] running install_egg_info
[2.385s] removing '/home/mtrn/MTRN4231_final_project/install/image_processing/lib/python3.10/site-packages/image_processing-0.0.0-py3.10.egg-info' (and everything under it)
[2.385s] Copying ../build/image_processing/image_processing.egg-info to /home/mtrn/MTRN4231_final_project/install/image_processing/lib/python3.10/site-packages/image_processing-0.0.0-py3.10.egg-info
[2.386s] running install_scripts
[2.445s] Installing smile_detector_node script to /home/mtrn/MTRN4231_final_project/install/image_processing/lib/image_processing
[2.445s] writing list of installed files to '/home/mtrn/MTRN4231_final_project/build/image_processing/install.log'
[2.543s] Invoked command in '/home/mtrn/MTRN4231_final_project/image_processing' returned '0': PYTHONPATH=/home/mtrn/MTRN4231_final_project/build/image_processing/prefix_override:/home/mtrn/MTRN4231_final_project/install/image_processing/lib/python3.10/site-packages:${PYTHONPATH} /usr/bin/python3 setup.py egg_info --egg-base ../build/image_processing build --build-base /home/mtrn/MTRN4231_final_project/build/image_processing/build install --record /home/mtrn/MTRN4231_final_project/build/image_processing/install.log --single-version-externally-managed
