[1.562s] Invoking command in '/home/mtrn/MTRN4231_final_project/image_processing': PYTHONPATH=/home/mtrn/MTRN4231_final_project/build/image_processing/prefix_override:/home/mtrn/MTRN4231_final_project/install/image_processing/lib/python3.10/site-packages:${PYTHONPATH} /usr/bin/python3 setup.py egg_info --egg-base ../build/image_processing build --build-base /home/mtrn/MTRN4231_final_project/build/image_processing/build install --record /home/mtrn/MTRN4231_final_project/build/image_processing/install.log --single-version-externally-managed
[2.008s] running egg_info
[2.009s] writing ../build/image_processing/image_processing.egg-info/PKG-INFO
[2.010s] writing dependency_links to ../build/image_processing/image_processing.egg-info/dependency_links.txt
[2.012s] writing entry points to ../build/image_processing/image_processing.egg-info/entry_points.txt
[2.013s] writing requirements to ../build/image_processing/image_processing.egg-info/requires.txt
[2.015s] writing top-level names to ../build/image_processing/image_processing.egg-info/top_level.txt
[2.018s] reading manifest file '../build/image_processing/image_processing.egg-info/SOURCES.txt'
[2.019s] writing manifest file '../build/image_processing/image_processing.egg-info/SOURCES.txt'
[2.021s] running build
[2.021s] running build_py
[2.022s] running install
[2.023s] running install_lib
[2.029s] running install_data
[2.033s] running install_egg_info
[2.036s] removing '/home/mtrn/MTRN4231_final_project/install/image_processing/lib/python3.10/site-packages/image_processing-0.0.0-py3.10.egg-info' (and everything under it)
[2.039s] Copying ../build/image_processing/image_processing.egg-info to /home/mtrn/MTRN4231_final_project/install/image_processing/lib/python3.10/site-packages/image_processing-0.0.0-py3.10.egg-info
[2.046s] running install_scripts
[2.081s] Installing smile_detector_node script to /home/mtrn/MTRN4231_final_project/install/image_processing/lib/image_processing
[2.082s] writing list of installed files to '/home/mtrn/MTRN4231_final_project/build/image_processing/install.log'
[2.140s] Invoked command in '/home/mtrn/MTRN4231_final_project/image_processing' returned '0': PYTHONPATH=/home/mtrn/MTRN4231_final_project/build/image_processing/prefix_override:/home/mtrn/MTRN4231_final_project/install/image_processing/lib/python3.10/site-packages:${PYTHONPATH} /usr/bin/python3 setup.py egg_info --egg-base ../build/image_processing build --build-base /home/mtrn/MTRN4231_final_project/build/image_processing/build install --record /home/mtrn/MTRN4231_final_project/build/image_processing/install.log --single-version-externally-managed
