[1.017s] Invoking command in '/home/mtrn/MTRN4231_final_project/build/path_planning': CMAKE_PREFIX_PATH=${CMAKE_PREFIX_PATH}:/home/mtrn/4231/ws_moveit2/install/moveit_configs_utils:/home/mtrn/4231/ws_moveit2/install/launch_param_builder:/opt/ros/humble /usr/bin/cmake --build /home/mtrn/MTRN4231_final_project/build/path_planning -- -j4 -l4
[1.141s] -- Found ament_cmake: 1.3.5 (/opt/ros/humble/share/ament_cmake/cmake)
[1.601s] -- Found rclcpp: 16.0.5 (/opt/ros/humble/share/rclcpp/cmake)
[1.766s] -- Found rosidl_generator_c: 3.1.5 (/opt/ros/humble/share/rosidl_generator_c/cmake)
[1.778s] -- Found rosidl_adapter: 3.1.5 (/opt/ros/humble/share/rosidl_adapter/cmake)
[1.819s] -- Found rosidl_generator_cpp: 3.1.5 (/opt/ros/humble/share/rosidl_generator_cpp/cmake)
[1.864s] -- Using all available rosidl_typesupport_c: rosidl_typesupport_fastrtps_c;rosidl_typesupport_introspection_c
[1.921s] -- Using all available rosidl_typesupport_cpp: rosidl_typesupport_fastrtps_cpp;rosidl_typesupport_introspection_cpp
[2.148s] -- Found rmw_implementation_cmake: 6.1.1 (/opt/ros/humble/share/rmw_implementation_cmake/cmake)
[2.174s] -- Found rmw_cyclonedds_cpp: 1.3.4 (/opt/ros/humble/share/rmw_cyclonedds_cpp/cmake)
[2.284s] -- Using RMW implementation 'rmw_cyclonedds_cpp' as default
[2.877s] -- Found geometry_msgs: 4.2.3 (/opt/ros/humble/share/geometry_msgs/cmake)
[3.017s] -- Found tf2_msgs: 0.25.3 (/opt/ros/humble/share/tf2_msgs/cmake)
[3.386s] [31mCMake Error at CMakeLists.txt:14 (find_package):
[3.386s]   By not providing "Findcustom_messages.cmake" in CMAKE_MODULE_PATH this
[3.386s]   project has asked CMake to find a package configuration file provided by
[3.387s]   "custom_messages", but CMake did not find one.
[3.387s] 
[3.387s]   Could not find a package configuration file provided by "custom_messages"
[3.388s]   with any of the following names:
[3.388s] 
[3.389s]     custom_messagesConfig.cmake
[3.389s]     custom_messages-config.cmake
[3.389s] 
[3.390s]   Add the installation prefix of "custom_messages" to CMAKE_PREFIX_PATH or
[3.390s]   set "custom_messages_DIR" to a directory containing one of the above files.
[3.390s]   If "custom_messages" provides a separate development package or SDK, be
[3.390s]   sure it has been installed.
[3.390s] 
[3.390s] [0m
[3.391s] -- Configuring incomplete, errors occurred!
[3.391s] See also "/home/mtrn/MTRN4231_final_project/build/path_planning/CMakeFiles/CMakeOutput.log".
[3.400s] gmake: *** [Makefile:267: cmake_check_build_system] Error 1
[3.405s] Invoked command in '/home/mtrn/MTRN4231_final_project/build/path_planning' returned '2': CMAKE_PREFIX_PATH=${CMAKE_PREFIX_PATH}:/home/mtrn/4231/ws_moveit2/install/moveit_configs_utils:/home/mtrn/4231/ws_moveit2/install/launch_param_builder:/opt/ros/humble /usr/bin/cmake --build /home/mtrn/MTRN4231_final_project/build/path_planning -- -j4 -l4
