[0.346s] Invoking command in '/home/mtrn/MTRN4231_final_project/build/locator': CMAKE_PREFIX_PATH=${CMAKE_PREFIX_PATH}:/home/mtrn/4231/ws_moveit2/install/moveit_configs_utils:/home/mtrn/4231/ws_moveit2/install/launch_param_builder:/opt/ros/humble /usr/bin/cmake /home/mtrn/MTRN4231_final_project/locator -DCMAKE_INSTALL_PREFIX=/home/mtrn/MTRN4231_final_project/install/locator
[0.551s] -- The C compiler identification is GNU 11.4.0
[0.679s] -- The CXX compiler identification is GNU 11.4.0
[0.696s] -- Detecting C compiler ABI info
[0.821s] -- Detecting C compiler ABI info - done
[0.828s] -- Check for working C compiler: /usr/bin/cc - skipped
[0.828s] -- Detecting C compile features
[0.829s] -- Detecting C compile features - done
[0.831s] -- Detecting CXX compiler ABI info
[0.947s] -- Detecting CXX compiler ABI info - done
[0.954s] -- Check for working CXX compiler: /usr/bin/c++ - skipped
[0.954s] -- Detecting CXX compile features
[0.955s] -- Detecting CXX compile features - done
[0.983s] -- Found ament_cmake: 1.3.5 (/opt/ros/humble/share/ament_cmake/cmake)
[1.256s] -- Found Python3: /usr/bin/python3.10 (found version "3.10.12") found components: Interpreter 
[1.658s] -- Found ament_lint_auto: 0.12.7 (/opt/ros/humble/share/ament_lint_auto/cmake)
[1.920s] -- Added test 'lint_cmake' to check CMake code style
[1.937s] -- Added test 'xmllint' to check XML markup files
[1.951s] -- Configuring done
[1.964s] -- Generating done
[1.967s] -- Build files have been written to: /home/mtrn/MTRN4231_final_project/build/locator
[1.972s] Invoked command in '/home/mtrn/MTRN4231_final_project/build/locator' returned '0': CMAKE_PREFIX_PATH=${CMAKE_PREFIX_PATH}:/home/mtrn/4231/ws_moveit2/install/moveit_configs_utils:/home/mtrn/4231/ws_moveit2/install/launch_param_builder:/opt/ros/humble /usr/bin/cmake /home/mtrn/MTRN4231_final_project/locator -DCMAKE_INSTALL_PREFIX=/home/mtrn/MTRN4231_final_project/install/locator
[1.974s] Invoking command in '/home/mtrn/MTRN4231_final_project/build/locator': CMAKE_PREFIX_PATH=${CMAKE_PREFIX_PATH}:/home/mtrn/4231/ws_moveit2/install/moveit_configs_utils:/home/mtrn/4231/ws_moveit2/install/launch_param_builder:/opt/ros/humble /usr/bin/cmake --build /home/mtrn/MTRN4231_final_project/build/locator -- -j4 -l4
[2.037s] Invoked command in '/home/mtrn/MTRN4231_final_project/build/locator' returned '0': CMAKE_PREFIX_PATH=${CMAKE_PREFIX_PATH}:/home/mtrn/4231/ws_moveit2/install/moveit_configs_utils:/home/mtrn/4231/ws_moveit2/install/launch_param_builder:/opt/ros/humble /usr/bin/cmake --build /home/mtrn/MTRN4231_final_project/build/locator -- -j4 -l4
[2.087s] Invoking command in '/home/mtrn/MTRN4231_final_project/build/locator': CMAKE_PREFIX_PATH=${CMAKE_PREFIX_PATH}:/home/mtrn/4231/ws_moveit2/install/moveit_configs_utils:/home/mtrn/4231/ws_moveit2/install/launch_param_builder:/opt/ros/humble /usr/bin/cmake --install /home/mtrn/MTRN4231_final_project/build/locator
[2.097s] -- Install configuration: ""
[2.097s] -- Installing: /home/mtrn/MTRN4231_final_project/install/locator/share/ament_index/resource_index/package_run_dependencies/locator
[2.098s] -- Installing: /home/mtrn/MTRN4231_final_project/install/locator/share/ament_index/resource_index/parent_prefix_path/locator
[2.098s] -- Installing: /home/mtrn/MTRN4231_final_project/install/locator/share/locator/environment/ament_prefix_path.sh
[2.098s] -- Installing: /home/mtrn/MTRN4231_final_project/install/locator/share/locator/environment/ament_prefix_path.dsv
[2.098s] -- Installing: /home/mtrn/MTRN4231_final_project/install/locator/share/locator/environment/path.sh
[2.098s] -- Installing: /home/mtrn/MTRN4231_final_project/install/locator/share/locator/environment/path.dsv
[2.099s] -- Installing: /home/mtrn/MTRN4231_final_project/install/locator/share/locator/local_setup.bash
[2.099s] -- Installing: /home/mtrn/MTRN4231_final_project/install/locator/share/locator/local_setup.sh
[2.099s] -- Installing: /home/mtrn/MTRN4231_final_project/install/locator/share/locator/local_setup.zsh
[2.099s] -- Installing: /home/mtrn/MTRN4231_final_project/install/locator/share/locator/local_setup.dsv
[2.099s] -- Installing: /home/mtrn/MTRN4231_final_project/install/locator/share/locator/package.dsv
[2.099s] -- Installing: /home/mtrn/MTRN4231_final_project/install/locator/share/ament_index/resource_index/packages/locator
[2.099s] -- Installing: /home/mtrn/MTRN4231_final_project/install/locator/share/locator/cmake/locatorConfig.cmake
[2.099s] -- Installing: /home/mtrn/MTRN4231_final_project/install/locator/share/locator/cmake/locatorConfig-version.cmake
[2.100s] -- Up-to-date: /home/mtrn/MTRN4231_final_project/install/locator/share/locator/package.xml
[2.107s] Invoked command in '/home/mtrn/MTRN4231_final_project/build/locator' returned '0': CMAKE_PREFIX_PATH=${CMAKE_PREFIX_PATH}:/home/mtrn/4231/ws_moveit2/install/moveit_configs_utils:/home/mtrn/4231/ws_moveit2/install/launch_param_builder:/opt/ros/humble /usr/bin/cmake --install /home/mtrn/MTRN4231_final_project/build/locator
