[0.384s] DEBUG:colcon:Command line arguments: ['/usr/bin/colcon', 'build']
[0.385s] DEBUG:colcon:Parsed command line arguments: Namespace(log_base=None, log_level=None, verb_name='build', build_base='build', install_base='install', merge_install=False, symlink_install=False, test_result_base=None, continue_on_error=False, executor='parallel', parallel_workers=4, event_handlers=None, ignore_user_meta=False, metas=['./colcon.meta'], base_paths=['.'], packages_ignore=None, packages_ignore_regex=None, paths=None, packages_up_to=None, packages_up_to_regex=None, packages_above=None, packages_above_and_dependencies=None, packages_above_depth=None, packages_select_by_dep=None, packages_skip_by_dep=None, packages_skip_up_to=None, packages_select_build_failed=False, packages_skip_build_finished=False, packages_select_test_failures=False, packages_skip_test_passed=False, packages_select=None, packages_skip=None, packages_select_regex=None, packages_skip_regex=None, packages_start=None, packages_end=None, allow_overriding=[], cmake_args=None, cmake_target=None, cmake_target_skip_unavailable=False, cmake_clean_cache=False, cmake_clean_first=False, cmake_force_configure=False, ament_cmake_args=None, catkin_cmake_args=None, catkin_skip_building_tests=False, mixin_files=None, mixin=None, verb_parser=<colcon_mixin.mixin.mixin_argument.MixinArgumentDecorator object at 0x7f79c83c7220>, verb_extension=<colcon_core.verb.build.BuildVerb object at 0x7f79c83c6b90>, main=<bound method BuildVerb.main of <colcon_core.verb.build.BuildVerb object at 0x7f79c83c6b90>>, mixin_verb=('build',))
[0.410s] Level 1:colcon.colcon_core.package_discovery:discover_packages(colcon_meta) check parameters
[0.410s] Level 1:colcon.colcon_core.package_discovery:discover_packages(recursive) check parameters
[0.410s] Level 1:colcon.colcon_core.package_discovery:discover_packages(ignore) check parameters
[0.410s] Level 1:colcon.colcon_core.package_discovery:discover_packages(path) check parameters
[0.410s] Level 1:colcon.colcon_core.package_discovery:discover_packages(colcon_meta) discover
[0.410s] Level 1:colcon.colcon_core.package_discovery:discover_packages(recursive) discover
[0.410s] INFO:colcon.colcon_core.package_discovery:Crawling recursively for packages in '/home/mtrn/4231/MTRN4231_final_project'
[0.410s] Level 1:colcon.colcon_core.package_identification:_identify(.) by extensions ['ignore', 'ignore_ament_install']
[0.410s] Level 1:colcon.colcon_core.package_identification:_identify(.) by extension 'ignore'
[0.411s] Level 1:colcon.colcon_core.package_identification:_identify(.) by extension 'ignore_ament_install'
[0.411s] Level 1:colcon.colcon_core.package_identification:_identify(.) by extensions ['colcon_pkg']
[0.411s] Level 1:colcon.colcon_core.package_identification:_identify(.) by extension 'colcon_pkg'
[0.411s] Level 1:colcon.colcon_core.package_identification:_identify(.) by extensions ['colcon_meta']
[0.411s] Level 1:colcon.colcon_core.package_identification:_identify(.) by extension 'colcon_meta'
[0.411s] Level 1:colcon.colcon_core.package_identification:_identify(.) by extensions ['ros']
[0.411s] Level 1:colcon.colcon_core.package_identification:_identify(.) by extension 'ros'
[0.422s] Level 1:colcon.colcon_core.package_identification:_identify(.) by extensions ['cmake', 'python']
[0.422s] Level 1:colcon.colcon_core.package_identification:_identify(.) by extension 'cmake'
[0.422s] Level 1:colcon.colcon_core.package_identification:_identify(.) by extension 'python'
[0.422s] Level 1:colcon.colcon_core.package_identification:_identify(.) by extensions ['python_setup_py']
[0.422s] Level 1:colcon.colcon_core.package_identification:_identify(.) by extension 'python_setup_py'
[0.422s] Level 1:colcon.colcon_core.package_identification:_identify(build) by extensions ['ignore', 'ignore_ament_install']
[0.422s] Level 1:colcon.colcon_core.package_identification:_identify(build) by extension 'ignore'
[0.422s] Level 1:colcon.colcon_core.package_identification:_identify(build) ignored
[0.423s] Level 1:colcon.colcon_core.package_identification:_identify(image_processing) by extensions ['ignore', 'ignore_ament_install']
[0.423s] Level 1:colcon.colcon_core.package_identification:_identify(image_processing) by extension 'ignore'
[0.423s] Level 1:colcon.colcon_core.package_identification:_identify(image_processing) by extension 'ignore_ament_install'
[0.423s] Level 1:colcon.colcon_core.package_identification:_identify(image_processing) by extensions ['colcon_pkg']
[0.423s] Level 1:colcon.colcon_core.package_identification:_identify(image_processing) by extension 'colcon_pkg'
[0.423s] Level 1:colcon.colcon_core.package_identification:_identify(image_processing) by extensions ['colcon_meta']
[0.423s] Level 1:colcon.colcon_core.package_identification:_identify(image_processing) by extension 'colcon_meta'
[0.423s] Level 1:colcon.colcon_core.package_identification:_identify(image_processing) by extensions ['ros']
[0.423s] Level 1:colcon.colcon_core.package_identification:_identify(image_processing) by extension 'ros'
[0.425s] DEBUG:colcon.colcon_core.package_identification:Package 'image_processing' with type 'ros.ament_python' and name 'image_processing'
[0.426s] Level 1:colcon.colcon_core.package_identification:_identify(install) by extensions ['ignore', 'ignore_ament_install']
[0.426s] Level 1:colcon.colcon_core.package_identification:_identify(install) by extension 'ignore'
[0.426s] Level 1:colcon.colcon_core.package_identification:_identify(install) ignored
[0.426s] Level 1:colcon.colcon_core.package_identification:_identify(locator) by extensions ['ignore', 'ignore_ament_install']
[0.426s] Level 1:colcon.colcon_core.package_identification:_identify(locator) by extension 'ignore'
[0.426s] Level 1:colcon.colcon_core.package_identification:_identify(locator) by extension 'ignore_ament_install'
[0.426s] Level 1:colcon.colcon_core.package_identification:_identify(locator) by extensions ['colcon_pkg']
[0.426s] Level 1:colcon.colcon_core.package_identification:_identify(locator) by extension 'colcon_pkg'
[0.426s] Level 1:colcon.colcon_core.package_identification:_identify(locator) by extensions ['colcon_meta']
[0.426s] Level 1:colcon.colcon_core.package_identification:_identify(locator) by extension 'colcon_meta'
[0.426s] Level 1:colcon.colcon_core.package_identification:_identify(locator) by extensions ['ros']
[0.426s] Level 1:colcon.colcon_core.package_identification:_identify(locator) by extension 'ros'
[0.427s] DEBUG:colcon.colcon_core.package_identification:Package 'locator' with type 'ros.ament_cmake' and name 'locator'
[0.427s] Level 1:colcon.colcon_core.package_identification:_identify(log) by extensions ['ignore', 'ignore_ament_install']
[0.427s] Level 1:colcon.colcon_core.package_identification:_identify(log) by extension 'ignore'
[0.427s] Level 1:colcon.colcon_core.package_identification:_identify(log) ignored
[0.427s] Level 1:colcon.colcon_core.package_identification:_identify(path_planning) by extensions ['ignore', 'ignore_ament_install']
[0.427s] Level 1:colcon.colcon_core.package_identification:_identify(path_planning) by extension 'ignore'
[0.428s] Level 1:colcon.colcon_core.package_identification:_identify(path_planning) by extension 'ignore_ament_install'
[0.428s] Level 1:colcon.colcon_core.package_identification:_identify(path_planning) by extensions ['colcon_pkg']
[0.428s] Level 1:colcon.colcon_core.package_identification:_identify(path_planning) by extension 'colcon_pkg'
[0.428s] Level 1:colcon.colcon_core.package_identification:_identify(path_planning) by extensions ['colcon_meta']
[0.428s] Level 1:colcon.colcon_core.package_identification:_identify(path_planning) by extension 'colcon_meta'
[0.428s] Level 1:colcon.colcon_core.package_identification:_identify(path_planning) by extensions ['ros']
[0.428s] Level 1:colcon.colcon_core.package_identification:_identify(path_planning) by extension 'ros'
[0.428s] DEBUG:colcon.colcon_core.package_identification:Package 'path_planning' with type 'ros.ament_cmake' and name 'path_planning'
[0.428s] Level 1:colcon.colcon_core.package_discovery:discover_packages(recursive) using defaults
[0.428s] Level 1:colcon.colcon_core.package_discovery:discover_packages(ignore) discover
[0.428s] Level 1:colcon.colcon_core.package_discovery:discover_packages(ignore) using defaults
[0.429s] Level 1:colcon.colcon_core.package_discovery:discover_packages(path) discover
[0.429s] Level 1:colcon.colcon_core.package_discovery:discover_packages(path) using defaults
[0.454s] Level 1:colcon.colcon_core.package_discovery:discover_packages(prefix_path) check parameters
[0.454s] Level 1:colcon.colcon_core.package_discovery:discover_packages(prefix_path) discover
[0.459s] DEBUG:colcon.colcon_installed_package_information.package_discovery:Found 3 installed packages in /home/mtrn/4231/MTRN4231_final_project/install
[0.461s] DEBUG:colcon.colcon_installed_package_information.package_discovery:Found 7 installed packages in /home/mtrn/4231/ros_ur_driver/install
[0.463s] DEBUG:colcon.colcon_installed_package_information.package_discovery:Found 55 installed packages in /home/mtrn/4231/ws_moveit2/install
[0.466s] DEBUG:colcon.colcon_installed_package_information.package_discovery:Found 341 installed packages in /opt/ros/humble
[0.469s] Level 1:colcon.colcon_core.package_discovery:discover_packages(prefix_path) using defaults
[0.531s] Level 5:colcon.colcon_core.verb:set package 'image_processing' build argument 'cmake_args' from command line to 'None'
[0.531s] Level 5:colcon.colcon_core.verb:set package 'image_processing' build argument 'cmake_target' from command line to 'None'
[0.531s] Level 5:colcon.colcon_core.verb:set package 'image_processing' build argument 'cmake_target_skip_unavailable' from command line to 'False'
[0.531s] Level 5:colcon.colcon_core.verb:set package 'image_processing' build argument 'cmake_clean_cache' from command line to 'False'
[0.531s] Level 5:colcon.colcon_core.verb:set package 'image_processing' build argument 'cmake_clean_first' from command line to 'False'
[0.531s] Level 5:colcon.colcon_core.verb:set package 'image_processing' build argument 'cmake_force_configure' from command line to 'False'
[0.531s] Level 5:colcon.colcon_core.verb:set package 'image_processing' build argument 'ament_cmake_args' from command line to 'None'
[0.531s] Level 5:colcon.colcon_core.verb:set package 'image_processing' build argument 'catkin_cmake_args' from command line to 'None'
[0.531s] Level 5:colcon.colcon_core.verb:set package 'image_processing' build argument 'catkin_skip_building_tests' from command line to 'False'
[0.531s] DEBUG:colcon.colcon_core.verb:Building package 'image_processing' with the following arguments: {'ament_cmake_args': None, 'build_base': '/home/mtrn/4231/MTRN4231_final_project/build/image_processing', 'catkin_cmake_args': None, 'catkin_skip_building_tests': False, 'cmake_args': None, 'cmake_clean_cache': False, 'cmake_clean_first': False, 'cmake_force_configure': False, 'cmake_target': None, 'cmake_target_skip_unavailable': False, 'install_base': '/home/mtrn/4231/MTRN4231_final_project/install/image_processing', 'merge_install': False, 'path': '/home/mtrn/4231/MTRN4231_final_project/image_processing', 'symlink_install': False, 'test_result_base': None}
[0.533s] Level 5:colcon.colcon_core.verb:set package 'locator' build argument 'cmake_args' from command line to 'None'
[0.533s] Level 5:colcon.colcon_core.verb:set package 'locator' build argument 'cmake_target' from command line to 'None'
[0.533s] Level 5:colcon.colcon_core.verb:set package 'locator' build argument 'cmake_target_skip_unavailable' from command line to 'False'
[0.533s] Level 5:colcon.colcon_core.verb:set package 'locator' build argument 'cmake_clean_cache' from command line to 'False'
[0.533s] Level 5:colcon.colcon_core.verb:set package 'locator' build argument 'cmake_clean_first' from command line to 'False'
[0.533s] Level 5:colcon.colcon_core.verb:set package 'locator' build argument 'cmake_force_configure' from command line to 'False'
[0.533s] Level 5:colcon.colcon_core.verb:set package 'locator' build argument 'ament_cmake_args' from command line to 'None'
[0.533s] Level 5:colcon.colcon_core.verb:set package 'locator' build argument 'catkin_cmake_args' from command line to 'None'
[0.533s] Level 5:colcon.colcon_core.verb:set package 'locator' build argument 'catkin_skip_building_tests' from command line to 'False'
[0.533s] DEBUG:colcon.colcon_core.verb:Building package 'locator' with the following arguments: {'ament_cmake_args': None, 'build_base': '/home/mtrn/4231/MTRN4231_final_project/build/locator', 'catkin_cmake_args': None, 'catkin_skip_building_tests': False, 'cmake_args': None, 'cmake_clean_cache': False, 'cmake_clean_first': False, 'cmake_force_configure': False, 'cmake_target': None, 'cmake_target_skip_unavailable': False, 'install_base': '/home/mtrn/4231/MTRN4231_final_project/install/locator', 'merge_install': False, 'path': '/home/mtrn/4231/MTRN4231_final_project/locator', 'symlink_install': False, 'test_result_base': None}
[0.535s] Level 5:colcon.colcon_core.verb:set package 'path_planning' build argument 'cmake_args' from command line to 'None'
[0.535s] Level 5:colcon.colcon_core.verb:set package 'path_planning' build argument 'cmake_target' from command line to 'None'
[0.535s] Level 5:colcon.colcon_core.verb:set package 'path_planning' build argument 'cmake_target_skip_unavailable' from command line to 'False'
[0.535s] Level 5:colcon.colcon_core.verb:set package 'path_planning' build argument 'cmake_clean_cache' from command line to 'False'
[0.535s] Level 5:colcon.colcon_core.verb:set package 'path_planning' build argument 'cmake_clean_first' from command line to 'False'
[0.535s] Level 5:colcon.colcon_core.verb:set package 'path_planning' build argument 'cmake_force_configure' from command line to 'False'
[0.535s] Level 5:colcon.colcon_core.verb:set package 'path_planning' build argument 'ament_cmake_args' from command line to 'None'
[0.535s] Level 5:colcon.colcon_core.verb:set package 'path_planning' build argument 'catkin_cmake_args' from command line to 'None'
[0.535s] Level 5:colcon.colcon_core.verb:set package 'path_planning' build argument 'catkin_skip_building_tests' from command line to 'False'
[0.535s] DEBUG:colcon.colcon_core.verb:Building package 'path_planning' with the following arguments: {'ament_cmake_args': None, 'build_base': '/home/mtrn/4231/MTRN4231_final_project/build/path_planning', 'catkin_cmake_args': None, 'catkin_skip_building_tests': False, 'cmake_args': None, 'cmake_clean_cache': False, 'cmake_clean_first': False, 'cmake_force_configure': False, 'cmake_target': None, 'cmake_target_skip_unavailable': False, 'install_base': '/home/mtrn/4231/MTRN4231_final_project/install/path_planning', 'merge_install': False, 'path': '/home/mtrn/4231/MTRN4231_final_project/path_planning', 'symlink_install': False, 'test_result_base': None}
[0.536s] INFO:colcon.colcon_core.executor:Executing jobs using 'parallel' executor
[0.543s] DEBUG:colcon.colcon_parallel_executor.executor.parallel:run_until_complete
[0.544s] INFO:colcon.colcon_ros.task.ament_python.build:Building ROS package in '/home/mtrn/4231/MTRN4231_final_project/image_processing' with build type 'ament_python'
[0.544s] Level 1:colcon.colcon_core.shell:create_environment_hook('image_processing', 'ament_prefix_path')
[0.551s] INFO:colcon.colcon_core.plugin_system:Skipping extension 'colcon_core.shell.bat': Not used on non-Windows systems
[0.551s] INFO:colcon.colcon_core.shell:Creating environment hook '/home/mtrn/4231/MTRN4231_final_project/install/image_processing/share/image_processing/hook/ament_prefix_path.ps1'
[0.552s] INFO:colcon.colcon_core.shell:Creating environment descriptor '/home/mtrn/4231/MTRN4231_final_project/install/image_processing/share/image_processing/hook/ament_prefix_path.dsv'
[0.553s] INFO:colcon.colcon_core.shell:Creating environment hook '/home/mtrn/4231/MTRN4231_final_project/install/image_processing/share/image_processing/hook/ament_prefix_path.sh'
[0.556s] INFO:colcon.colcon_core.shell:Skip shell extension 'powershell' for command environment: Not usable outside of PowerShell
[0.557s] DEBUG:colcon.colcon_core.shell:Skip shell extension 'dsv' for command environment
[0.576s] INFO:colcon.colcon_ros.task.ament_cmake.build:Building ROS package in '/home/mtrn/4231/MTRN4231_final_project/locator' with build type 'ament_cmake'
[0.576s] INFO:colcon.colcon_cmake.task.cmake.build:Building CMake package in '/home/mtrn/4231/MTRN4231_final_project/locator'
[0.581s] INFO:colcon.colcon_core.shell:Skip shell extension 'powershell' for command environment: Not usable outside of PowerShell
[0.582s] DEBUG:colcon.colcon_core.shell:Skip shell extension 'dsv' for command environment
[0.596s] INFO:colcon.colcon_ros.task.ament_cmake.build:Building ROS package in '/home/mtrn/4231/MTRN4231_final_project/path_planning' with build type 'ament_cmake'
[0.596s] INFO:colcon.colcon_cmake.task.cmake.build:Building CMake package in '/home/mtrn/4231/MTRN4231_final_project/path_planning'
[0.599s] INFO:colcon.colcon_core.shell:Skip shell extension 'powershell' for command environment: Not usable outside of PowerShell
[0.599s] DEBUG:colcon.colcon_core.shell:Skip shell extension 'dsv' for command environment
[0.896s] INFO:colcon.colcon_core.task.python.build:Building Python package in '/home/mtrn/4231/MTRN4231_final_project/image_processing'
[0.899s] INFO:colcon.colcon_core.shell:Skip shell extension 'powershell' for command environment: Not usable outside of PowerShell
[0.899s] DEBUG:colcon.colcon_core.shell:Skip shell extension 'dsv' for command environment
[0.915s] DEBUG:colcon.colcon_core.event_handler.log_command:Invoking command in '/home/mtrn/4231/MTRN4231_final_project/build/locator': CMAKE_PREFIX_PATH=${CMAKE_PREFIX_PATH}:/home/mtrn/4231/MTRN4231_final_project/install/image_processing:/home/mtrn/4231/ws_moveit2/install/moveit_configs_utils:/home/mtrn/4231/ws_moveit2/install/launch_param_builder:/opt/ros/humble /usr/bin/cmake --build /home/mtrn/4231/MTRN4231_final_project/build/locator -- -j4 -l4
[0.922s] DEBUG:colcon.colcon_core.event_handler.log_command:Invoking command in '/home/mtrn/4231/MTRN4231_final_project/build/path_planning': CMAKE_PREFIX_PATH=${CMAKE_PREFIX_PATH}:/home/mtrn/4231/MTRN4231_final_project/install/image_processing:/home/mtrn/4231/ws_moveit2/install/moveit_configs_utils:/home/mtrn/4231/ws_moveit2/install/launch_param_builder:/opt/ros/humble /usr/bin/cmake --build /home/mtrn/4231/MTRN4231_final_project/build/path_planning -- -j4 -l4
[0.974s] DEBUG:colcon.colcon_core.event_handler.log_command:Invoked command in '/home/mtrn/4231/MTRN4231_final_project/build/path_planning' returned '0': CMAKE_PREFIX_PATH=${CMAKE_PREFIX_PATH}:/home/mtrn/4231/MTRN4231_final_project/install/image_processing:/home/mtrn/4231/ws_moveit2/install/moveit_configs_utils:/home/mtrn/4231/ws_moveit2/install/launch_param_builder:/opt/ros/humble /usr/bin/cmake --build /home/mtrn/4231/MTRN4231_final_project/build/path_planning -- -j4 -l4
[0.977s] DEBUG:colcon.colcon_core.event_handler.log_command:Invoked command in '/home/mtrn/4231/MTRN4231_final_project/build/locator' returned '0': CMAKE_PREFIX_PATH=${CMAKE_PREFIX_PATH}:/home/mtrn/4231/MTRN4231_final_project/install/image_processing:/home/mtrn/4231/ws_moveit2/install/moveit_configs_utils:/home/mtrn/4231/ws_moveit2/install/launch_param_builder:/opt/ros/humble /usr/bin/cmake --build /home/mtrn/4231/MTRN4231_final_project/build/locator -- -j4 -l4
[1.025s] DEBUG:colcon.colcon_core.event_handler.log_command:Invoking command in '/home/mtrn/4231/MTRN4231_final_project/build/path_planning': CMAKE_PREFIX_PATH=${CMAKE_PREFIX_PATH}:/home/mtrn/4231/MTRN4231_final_project/install/image_processing:/home/mtrn/4231/ws_moveit2/install/moveit_configs_utils:/home/mtrn/4231/ws_moveit2/install/launch_param_builder:/opt/ros/humble /usr/bin/cmake --install /home/mtrn/4231/MTRN4231_final_project/build/path_planning
[1.026s] DEBUG:colcon.colcon_core.event_handler.log_command:Invoking command in '/home/mtrn/4231/MTRN4231_final_project/build/locator': CMAKE_PREFIX_PATH=${CMAKE_PREFIX_PATH}:/home/mtrn/4231/MTRN4231_final_project/install/image_processing:/home/mtrn/4231/ws_moveit2/install/moveit_configs_utils:/home/mtrn/4231/ws_moveit2/install/launch_param_builder:/opt/ros/humble /usr/bin/cmake --install /home/mtrn/4231/MTRN4231_final_project/build/locator
[1.040s] Level 1:colcon.colcon_core.environment:create_environment_scripts_only(locator)
[1.040s] DEBUG:colcon.colcon_core.event_handler.log_command:Invoked command in '/home/mtrn/4231/MTRN4231_final_project/build/locator' returned '0': CMAKE_PREFIX_PATH=${CMAKE_PREFIX_PATH}:/home/mtrn/4231/MTRN4231_final_project/install/image_processing:/home/mtrn/4231/ws_moveit2/install/moveit_configs_utils:/home/mtrn/4231/ws_moveit2/install/launch_param_builder:/opt/ros/humble /usr/bin/cmake --install /home/mtrn/4231/MTRN4231_final_project/build/locator
[1.049s] Level 1:colcon.colcon_core.environment:checking '/home/mtrn/4231/MTRN4231_final_project/install/locator' for CMake module files
[1.050s] Level 1:colcon.colcon_core.environment:checking '/home/mtrn/4231/MTRN4231_final_project/install/locator' for CMake config files
[1.050s] Level 1:colcon.colcon_core.shell:create_environment_hook('locator', 'cmake_prefix_path')
[1.052s] INFO:colcon.colcon_core.shell:Creating environment hook '/home/mtrn/4231/MTRN4231_final_project/install/locator/share/locator/hook/cmake_prefix_path.ps1'
[1.053s] INFO:colcon.colcon_core.shell:Creating environment descriptor '/home/mtrn/4231/MTRN4231_final_project/install/locator/share/locator/hook/cmake_prefix_path.dsv'
[1.053s] INFO:colcon.colcon_core.shell:Creating environment hook '/home/mtrn/4231/MTRN4231_final_project/install/locator/share/locator/hook/cmake_prefix_path.sh'
[1.054s] Level 1:colcon.colcon_core.environment:checking '/home/mtrn/4231/MTRN4231_final_project/install/locator/bin'
[1.054s] Level 1:colcon.colcon_core.environment:checking '/home/mtrn/4231/MTRN4231_final_project/install/locator/lib/pkgconfig/locator.pc'
[1.054s] Level 1:colcon.colcon_core.environment:checking '/home/mtrn/4231/MTRN4231_final_project/install/locator/lib/python3.10/site-packages'
[1.054s] Level 1:colcon.colcon_core.environment:checking '/home/mtrn/4231/MTRN4231_final_project/install/locator/bin'
[1.057s] INFO:colcon.colcon_core.shell:Creating package script '/home/mtrn/4231/MTRN4231_final_project/install/locator/share/locator/package.ps1'
[1.058s] INFO:colcon.colcon_core.shell:Creating package descriptor '/home/mtrn/4231/MTRN4231_final_project/install/locator/share/locator/package.dsv'
[1.059s] INFO:colcon.colcon_core.shell:Creating package script '/home/mtrn/4231/MTRN4231_final_project/install/locator/share/locator/package.sh'
[1.059s] INFO:colcon.colcon_core.shell:Creating package script '/home/mtrn/4231/MTRN4231_final_project/install/locator/share/locator/package.bash'
[1.060s] INFO:colcon.colcon_core.shell:Creating package script '/home/mtrn/4231/MTRN4231_final_project/install/locator/share/locator/package.zsh'
[1.060s] Level 1:colcon.colcon_core.environment:create_file_with_runtime_dependencies(/home/mtrn/4231/MTRN4231_final_project/install/locator/share/colcon-core/packages/locator)
[1.062s] Level 1:colcon.colcon_core.environment:create_environment_scripts_only(path_planning)
[1.066s] Level 1:colcon.colcon_core.environment:checking '/home/mtrn/4231/MTRN4231_final_project/install/path_planning' for CMake module files
[1.066s] DEBUG:colcon.colcon_core.event_handler.log_command:Invoked command in '/home/mtrn/4231/MTRN4231_final_project/build/path_planning' returned '0': CMAKE_PREFIX_PATH=${CMAKE_PREFIX_PATH}:/home/mtrn/4231/MTRN4231_final_project/install/image_processing:/home/mtrn/4231/ws_moveit2/install/moveit_configs_utils:/home/mtrn/4231/ws_moveit2/install/launch_param_builder:/opt/ros/humble /usr/bin/cmake --install /home/mtrn/4231/MTRN4231_final_project/build/path_planning
[1.066s] Level 1:colcon.colcon_core.environment:checking '/home/mtrn/4231/MTRN4231_final_project/install/path_planning' for CMake config files
[1.066s] Level 1:colcon.colcon_core.shell:create_environment_hook('path_planning', 'cmake_prefix_path')
[1.069s] INFO:colcon.colcon_core.shell:Creating environment hook '/home/mtrn/4231/MTRN4231_final_project/install/path_planning/share/path_planning/hook/cmake_prefix_path.ps1'
[1.069s] INFO:colcon.colcon_core.shell:Creating environment descriptor '/home/mtrn/4231/MTRN4231_final_project/install/path_planning/share/path_planning/hook/cmake_prefix_path.dsv'
[1.070s] INFO:colcon.colcon_core.shell:Creating environment hook '/home/mtrn/4231/MTRN4231_final_project/install/path_planning/share/path_planning/hook/cmake_prefix_path.sh'
[1.070s] Level 1:colcon.colcon_core.environment:checking '/home/mtrn/4231/MTRN4231_final_project/install/path_planning/bin'
[1.070s] Level 1:colcon.colcon_core.environment:checking '/home/mtrn/4231/MTRN4231_final_project/install/path_planning/lib/pkgconfig/path_planning.pc'
[1.071s] Level 1:colcon.colcon_core.environment:checking '/home/mtrn/4231/MTRN4231_final_project/install/path_planning/lib/python3.10/site-packages'
[1.071s] Level 1:colcon.colcon_core.environment:checking '/home/mtrn/4231/MTRN4231_final_project/install/path_planning/bin'
[1.075s] INFO:colcon.colcon_core.shell:Creating package script '/home/mtrn/4231/MTRN4231_final_project/install/path_planning/share/path_planning/package.ps1'
[1.075s] INFO:colcon.colcon_core.shell:Creating package descriptor '/home/mtrn/4231/MTRN4231_final_project/install/path_planning/share/path_planning/package.dsv'
[1.076s] INFO:colcon.colcon_core.shell:Creating package script '/home/mtrn/4231/MTRN4231_final_project/install/path_planning/share/path_planning/package.sh'
[1.076s] INFO:colcon.colcon_core.shell:Creating package script '/home/mtrn/4231/MTRN4231_final_project/install/path_planning/share/path_planning/package.bash'
[1.076s] INFO:colcon.colcon_core.shell:Creating package script '/home/mtrn/4231/MTRN4231_final_project/install/path_planning/share/path_planning/package.zsh'
[1.077s] Level 1:colcon.colcon_core.environment:create_file_with_runtime_dependencies(/home/mtrn/4231/MTRN4231_final_project/install/path_planning/share/colcon-core/packages/path_planning)
[1.097s] Level 1:colcon.colcon_core.environment:create_environment_scripts_only(locator)
[1.101s] Level 1:colcon.colcon_core.environment:checking '/home/mtrn/4231/MTRN4231_final_project/install/locator' for CMake module files
[1.102s] Level 1:colcon.colcon_core.environment:checking '/home/mtrn/4231/MTRN4231_final_project/install/locator' for CMake config files
[1.102s] Level 1:colcon.colcon_core.shell:create_environment_hook('locator', 'cmake_prefix_path')
[1.107s] INFO:colcon.colcon_core.shell:Creating environment hook '/home/mtrn/4231/MTRN4231_final_project/install/locator/share/locator/hook/cmake_prefix_path.ps1'
[1.108s] INFO:colcon.colcon_core.shell:Creating environment descriptor '/home/mtrn/4231/MTRN4231_final_project/install/locator/share/locator/hook/cmake_prefix_path.dsv'
[1.108s] INFO:colcon.colcon_core.shell:Creating environment hook '/home/mtrn/4231/MTRN4231_final_project/install/locator/share/locator/hook/cmake_prefix_path.sh'
[1.109s] Level 1:colcon.colcon_core.environment:checking '/home/mtrn/4231/MTRN4231_final_project/install/locator/bin'
[1.109s] Level 1:colcon.colcon_core.environment:checking '/home/mtrn/4231/MTRN4231_final_project/install/locator/lib/pkgconfig/locator.pc'
[1.109s] Level 1:colcon.colcon_core.environment:checking '/home/mtrn/4231/MTRN4231_final_project/install/locator/lib/python3.10/site-packages'
[1.110s] Level 1:colcon.colcon_core.environment:checking '/home/mtrn/4231/MTRN4231_final_project/install/locator/bin'
[1.116s] INFO:colcon.colcon_core.shell:Creating package script '/home/mtrn/4231/MTRN4231_final_project/install/locator/share/locator/package.ps1'
[1.117s] INFO:colcon.colcon_core.shell:Creating package descriptor '/home/mtrn/4231/MTRN4231_final_project/install/locator/share/locator/package.dsv'
[1.118s] INFO:colcon.colcon_core.shell:Creating package script '/home/mtrn/4231/MTRN4231_final_project/install/locator/share/locator/package.sh'
[1.118s] INFO:colcon.colcon_core.shell:Creating package script '/home/mtrn/4231/MTRN4231_final_project/install/locator/share/locator/package.bash'
[1.119s] INFO:colcon.colcon_core.shell:Creating package script '/home/mtrn/4231/MTRN4231_final_project/install/locator/share/locator/package.zsh'
[1.119s] Level 1:colcon.colcon_core.environment:create_file_with_runtime_dependencies(/home/mtrn/4231/MTRN4231_final_project/install/locator/share/colcon-core/packages/locator)
[1.122s] Level 1:colcon.colcon_core.environment:create_environment_scripts_only(path_planning)
[1.126s] Level 1:colcon.colcon_core.environment:checking '/home/mtrn/4231/MTRN4231_final_project/install/path_planning' for CMake module files
[1.127s] Level 1:colcon.colcon_core.environment:checking '/home/mtrn/4231/MTRN4231_final_project/install/path_planning' for CMake config files
[1.127s] Level 1:colcon.colcon_core.shell:create_environment_hook('path_planning', 'cmake_prefix_path')
[1.130s] INFO:colcon.colcon_core.shell:Creating environment hook '/home/mtrn/4231/MTRN4231_final_project/install/path_planning/share/path_planning/hook/cmake_prefix_path.ps1'
[1.130s] INFO:colcon.colcon_core.shell:Creating environment descriptor '/home/mtrn/4231/MTRN4231_final_project/install/path_planning/share/path_planning/hook/cmake_prefix_path.dsv'
[1.130s] INFO:colcon.colcon_core.shell:Creating environment hook '/home/mtrn/4231/MTRN4231_final_project/install/path_planning/share/path_planning/hook/cmake_prefix_path.sh'
[1.131s] Level 1:colcon.colcon_core.environment:checking '/home/mtrn/4231/MTRN4231_final_project/install/path_planning/bin'
[1.131s] Level 1:colcon.colcon_core.environment:checking '/home/mtrn/4231/MTRN4231_final_project/install/path_planning/lib/pkgconfig/path_planning.pc'
[1.131s] Level 1:colcon.colcon_core.environment:checking '/home/mtrn/4231/MTRN4231_final_project/install/path_planning/lib/python3.10/site-packages'
[1.131s] Level 1:colcon.colcon_core.environment:checking '/home/mtrn/4231/MTRN4231_final_project/install/path_planning/bin'
[1.135s] INFO:colcon.colcon_core.shell:Creating package script '/home/mtrn/4231/MTRN4231_final_project/install/path_planning/share/path_planning/package.ps1'
[1.135s] INFO:colcon.colcon_core.shell:Creating package descriptor '/home/mtrn/4231/MTRN4231_final_project/install/path_planning/share/path_planning/package.dsv'
[1.136s] INFO:colcon.colcon_core.shell:Creating package script '/home/mtrn/4231/MTRN4231_final_project/install/path_planning/share/path_planning/package.sh'
[1.136s] INFO:colcon.colcon_core.shell:Creating package script '/home/mtrn/4231/MTRN4231_final_project/install/path_planning/share/path_planning/package.bash'
[1.137s] INFO:colcon.colcon_core.shell:Creating package script '/home/mtrn/4231/MTRN4231_final_project/install/path_planning/share/path_planning/package.zsh'
[1.137s] Level 1:colcon.colcon_core.environment:create_file_with_runtime_dependencies(/home/mtrn/4231/MTRN4231_final_project/install/path_planning/share/colcon-core/packages/path_planning)
[1.310s] DEBUG:colcon.colcon_core.event_handler.log_command:Invoking command in '/home/mtrn/4231/MTRN4231_final_project/image_processing': PYTHONPATH=/home/mtrn/4231/MTRN4231_final_project/build/image_processing/prefix_override:/home/mtrn/4231/MTRN4231_final_project/install/image_processing/lib/python3.10/site-packages:${PYTHONPATH} /usr/bin/python3 setup.py egg_info --egg-base ../build/image_processing build --build-base /home/mtrn/4231/MTRN4231_final_project/build/image_processing/build install --record /home/mtrn/4231/MTRN4231_final_project/build/image_processing/install.log --single-version-externally-managed
[1.628s] Level 1:colcon.colcon_core.environment:checking '/home/mtrn/4231/MTRN4231_final_project/install/image_processing' for CMake module files
[1.629s] DEBUG:colcon.colcon_core.event_handler.log_command:Invoked command in '/home/mtrn/4231/MTRN4231_final_project/image_processing' returned '0': PYTHONPATH=/home/mtrn/4231/MTRN4231_final_project/build/image_processing/prefix_override:/home/mtrn/4231/MTRN4231_final_project/install/image_processing/lib/python3.10/site-packages:${PYTHONPATH} /usr/bin/python3 setup.py egg_info --egg-base ../build/image_processing build --build-base /home/mtrn/4231/MTRN4231_final_project/build/image_processing/build install --record /home/mtrn/4231/MTRN4231_final_project/build/image_processing/install.log --single-version-externally-managed
[1.629s] Level 1:colcon.colcon_core.environment:checking '/home/mtrn/4231/MTRN4231_final_project/install/image_processing' for CMake config files
[1.630s] Level 1:colcon.colcon_core.environment:checking '/home/mtrn/4231/MTRN4231_final_project/install/image_processing/lib'
[1.630s] Level 1:colcon.colcon_core.environment:checking '/home/mtrn/4231/MTRN4231_final_project/install/image_processing/bin'
[1.630s] Level 1:colcon.colcon_core.environment:checking '/home/mtrn/4231/MTRN4231_final_project/install/image_processing/lib/pkgconfig/image_processing.pc'
[1.630s] Level 1:colcon.colcon_core.environment:checking '/home/mtrn/4231/MTRN4231_final_project/install/image_processing/lib/python3.10/site-packages'
[1.631s] Level 1:colcon.colcon_core.shell:create_environment_hook('image_processing', 'pythonpath')
[1.633s] INFO:colcon.colcon_core.shell:Creating environment hook '/home/mtrn/4231/MTRN4231_final_project/install/image_processing/share/image_processing/hook/pythonpath.ps1'
[1.634s] INFO:colcon.colcon_core.shell:Creating environment descriptor '/home/mtrn/4231/MTRN4231_final_project/install/image_processing/share/image_processing/hook/pythonpath.dsv'
[1.634s] INFO:colcon.colcon_core.shell:Creating environment hook '/home/mtrn/4231/MTRN4231_final_project/install/image_processing/share/image_processing/hook/pythonpath.sh'
[1.635s] Level 1:colcon.colcon_core.environment:checking '/home/mtrn/4231/MTRN4231_final_project/install/image_processing/bin'
[1.636s] Level 1:colcon.colcon_core.environment:create_environment_scripts_only(image_processing)
[1.638s] INFO:colcon.colcon_core.shell:Creating package script '/home/mtrn/4231/MTRN4231_final_project/install/image_processing/share/image_processing/package.ps1'
[1.639s] INFO:colcon.colcon_core.shell:Creating package descriptor '/home/mtrn/4231/MTRN4231_final_project/install/image_processing/share/image_processing/package.dsv'
[1.640s] INFO:colcon.colcon_core.shell:Creating package script '/home/mtrn/4231/MTRN4231_final_project/install/image_processing/share/image_processing/package.sh'
[1.640s] INFO:colcon.colcon_core.shell:Creating package script '/home/mtrn/4231/MTRN4231_final_project/install/image_processing/share/image_processing/package.bash'
[1.641s] INFO:colcon.colcon_core.shell:Creating package script '/home/mtrn/4231/MTRN4231_final_project/install/image_processing/share/image_processing/package.zsh'
[1.641s] Level 1:colcon.colcon_core.environment:create_file_with_runtime_dependencies(/home/mtrn/4231/MTRN4231_final_project/install/image_processing/share/colcon-core/packages/image_processing)
[1.642s] DEBUG:colcon.colcon_parallel_executor.executor.parallel:closing loop
[1.642s] DEBUG:colcon.colcon_parallel_executor.executor.parallel:loop closed
[1.643s] DEBUG:colcon.colcon_parallel_executor.executor.parallel:run_until_complete finished with '0'
[1.643s] DEBUG:colcon.colcon_core.event_reactor:joining thread
[1.649s] INFO:colcon.colcon_core.plugin_system:Skipping extension 'colcon_notification.desktop_notification.terminal_notifier': Not used on non-Darwin systems
[1.649s] INFO:colcon.colcon_core.plugin_system:Skipping extension 'colcon_notification.desktop_notification.win32': Not used on non-Windows systems
[1.649s] INFO:colcon.colcon_notification.desktop_notification:Sending desktop notification using 'notify2'
[1.662s] DEBUG:colcon.colcon_core.event_reactor:joined thread
[1.665s] INFO:colcon.colcon_core.shell:Creating prefix script '/home/mtrn/4231/MTRN4231_final_project/install/local_setup.ps1'
[1.666s] INFO:colcon.colcon_core.shell:Creating prefix util module '/home/mtrn/4231/MTRN4231_final_project/install/_local_setup_util_ps1.py'
[1.667s] INFO:colcon.colcon_core.shell:Creating prefix chain script '/home/mtrn/4231/MTRN4231_final_project/install/setup.ps1'
[1.672s] INFO:colcon.colcon_core.shell:Creating prefix script '/home/mtrn/4231/MTRN4231_final_project/install/local_setup.sh'
[1.672s] INFO:colcon.colcon_core.shell:Creating prefix util module '/home/mtrn/4231/MTRN4231_final_project/install/_local_setup_util_sh.py'
[1.673s] INFO:colcon.colcon_core.shell:Creating prefix chain script '/home/mtrn/4231/MTRN4231_final_project/install/setup.sh'
[1.678s] INFO:colcon.colcon_core.shell:Creating prefix script '/home/mtrn/4231/MTRN4231_final_project/install/local_setup.bash'
[1.679s] INFO:colcon.colcon_core.shell:Creating prefix chain script '/home/mtrn/4231/MTRN4231_final_project/install/setup.bash'
[1.690s] INFO:colcon.colcon_core.shell:Creating prefix script '/home/mtrn/4231/MTRN4231_final_project/install/local_setup.zsh'
[1.691s] INFO:colcon.colcon_core.shell:Creating prefix chain script '/home/mtrn/4231/MTRN4231_final_project/install/setup.zsh'
