[0.050s] Invoking command in '/home/mtrn/4231/MTRN4231_final_project/build/image_processing': /usr/bin/cmake /home/mtrn/4231/MTRN4231_final_project/image_processing -DCMAKE_INSTALL_PREFIX=/home/mtrn/4231/MTRN4231_final_project/install/image_processing
[0.067s] -- Found ament_cmake: 1.3.5 (/opt/ros/humble/share/ament_cmake/cmake)
[0.261s] -- Found rclcpp: 16.0.5 (/opt/ros/humble/share/rclcpp/cmake)
[0.297s] -- Found rosidl_generator_c: 3.1.5 (/opt/ros/humble/share/rosidl_generator_c/cmake)
[0.299s] -- Found rosidl_adapter: 3.1.5 (/opt/ros/humble/share/rosidl_adapter/cmake)
[0.307s] -- Found rosidl_generator_cpp: 3.1.5 (/opt/ros/humble/share/rosidl_generator_cpp/cmake)
[0.319s] -- Using all available rosidl_typesupport_c: rosidl_typesupport_fastrtps_c;rosidl_typesupport_introspection_c
[0.338s] -- Using all available rosidl_typesupport_cpp: rosidl_typesupport_fastrtps_cpp;rosidl_typesupport_introspection_cpp
[0.391s] -- Found rmw_implementation_cmake: 6.1.1 (/opt/ros/humble/share/rmw_implementation_cmake/cmake)
[0.396s] -- Found rmw_cyclonedds_cpp: 1.3.4 (/opt/ros/humble/share/rmw_cyclonedds_cpp/cmake)
[0.427s] -- Using RMW implementation 'rmw_cyclonedds_cpp' as default
[0.570s] -- Found sensor_msgs: 4.2.3 (/opt/ros/humble/share/sensor_msgs/cmake)
[0.684s] -- Found cv_bridge: 3.2.1 (/opt/ros/humble/share/cv_bridge/cmake)
[0.701s] [31mCMake Error at CMakeLists.txt:21 (install):
[0.701s]   install TARGETS given target "smile_detection_node" which does not exist.
[0.701s] 
[0.701s] [0m
[0.762s] Error parsing '/home/mtrn/4231/MTRN4231_final_project/image_processing/package.xml':
[0.814s] Traceback (most recent call last):
[0.814s]   File "/opt/ros/humble/share/ament_cmake_core/cmake/core/package_xml_2_cmake.py", line 150, in <module>
[0.814s]     main()
[0.814s]   File "/opt/ros/humble/share/ament_cmake_core/cmake/core/package_xml_2_cmake.py", line 53, in main
[0.815s]     raise e
[0.815s]   File "/opt/ros/humble/share/ament_cmake_core/cmake/core/package_xml_2_cmake.py", line 49, in main
[0.815s]     package = parse_package_string(
[0.815s]   File "/usr/lib/python3/dist-packages/catkin_pkg/package.py", line 788, in parse_package_string
[0.817s]     pkg.validate(warnings=warnings)
[0.818s]   File "/usr/lib/python3/dist-packages/catkin_pkg/package.py", line 330, in validate
[0.818s]     raise InvalidPackage('\n'.join(errors), self.filename)
[0.818s] catkin_pkg.package.InvalidPackage: Error(s) in package '/home/mtrn/4231/MTRN4231_final_project/image_processing/package.xml':
[0.818s] Package 'image_processing' must declare at least one maintainer
[0.835s] [31mCMake Error at /opt/ros/humble/share/ament_cmake_core/cmake/core/ament_package_xml.cmake:95 (message):
[0.835s]   execute_process(/usr/bin/python3.10
[0.836s]   /opt/ros/humble/share/ament_cmake_core/cmake/core/package_xml_2_cmake.py
[0.836s]   /home/mtrn/4231/MTRN4231_final_project/image_processing/package.xml
[0.836s]   /home/mtrn/4231/MTRN4231_final_project/build/image_processing/ament_cmake_core/package.cmake)
[0.836s]   returned error code 1
[0.836s] Call Stack (most recent call first):
[0.836s]   /opt/ros/humble/share/ament_cmake_core/cmake/core/ament_package_xml.cmake:49 (_ament_package_xml)
[0.836s]   /opt/ros/humble/share/ament_cmake_core/cmake/core/ament_package.cmake:63 (ament_package_xml)
[0.836s]   CMakeLists.txt:30 (ament_package)
[0.836s] 
[0.836s] [0m
[0.836s] -- Configuring incomplete, errors occurred!
[0.836s] See also "/home/mtrn/4231/MTRN4231_final_project/build/image_processing/CMakeFiles/CMakeOutput.log".
[0.842s] Invoked command in '/home/mtrn/4231/MTRN4231_final_project/build/image_processing' returned '1': /usr/bin/cmake /home/mtrn/4231/MTRN4231_final_project/image_processing -DCMAKE_INSTALL_PREFIX=/home/mtrn/4231/MTRN4231_final_project/install/image_processing
