[0.923s] Invoking command in '/home/mtrn/MTRN4231_final_project/image_processing': PYTHONPATH=/home/mtrn/MTRN4231_final_project/build/image_processing/prefix_override:/home/mtrn/MTRN4231_final_project/install/image_processing/lib/python3.10/site-packages:${PYTHONPATH} /usr/bin/python3 setup.py egg_info --egg-base ../build/image_processing build --build-base /home/mtrn/MTRN4231_final_project/build/image_processing/build install --record /home/mtrn/MTRN4231_final_project/build/image_processing/install.log --single-version-externally-managed
[1.200s] running egg_info
[1.202s] writing ../build/image_processing/image_processing.egg-info/PKG-INFO
[1.202s] writing dependency_links to ../build/image_processing/image_processing.egg-info/dependency_links.txt
[1.204s] writing entry points to ../build/image_processing/image_processing.egg-info/entry_points.txt
[1.205s] writing requirements to ../build/image_processing/image_processing.egg-info/requires.txt
[1.206s] writing top-level names to ../build/image_processing/image_processing.egg-info/top_level.txt
[1.208s] reading manifest file '../build/image_processing/image_processing.egg-info/SOURCES.txt'
[1.209s] writing manifest file '../build/image_processing/image_processing.egg-info/SOURCES.txt'
[1.210s] running build
[1.210s] running build_py
[1.211s] running install
[1.212s] running install_lib
[1.214s] running install_data
[1.215s] running install_egg_info
[1.217s] removing '/home/mtrn/MTRN4231_final_project/install/image_processing/lib/python3.10/site-packages/image_processing-0.0.0-py3.10.egg-info' (and everything under it)
[1.225s] Copying ../build/image_processing/image_processing.egg-info to /home/mtrn/MTRN4231_final_project/install/image_processing/lib/python3.10/site-packages/image_processing-0.0.0-py3.10.egg-info
[1.226s] running install_scripts
[1.247s] Installing smile_detector_node script to /home/mtrn/MTRN4231_final_project/install/image_processing/lib/image_processing
[1.247s] writing list of installed files to '/home/mtrn/MTRN4231_final_project/build/image_processing/install.log'
[1.308s] Invoked command in '/home/mtrn/MTRN4231_final_project/image_processing' returned '0': PYTHONPATH=/home/mtrn/MTRN4231_final_project/build/image_processing/prefix_override:/home/mtrn/MTRN4231_final_project/install/image_processing/lib/python3.10/site-packages:${PYTHONPATH} /usr/bin/python3 setup.py egg_info --egg-base ../build/image_processing build --build-base /home/mtrn/MTRN4231_final_project/build/image_processing/build install --record /home/mtrn/MTRN4231_final_project/build/image_processing/install.log --single-version-externally-managed
