[0.399s] DEBUG:colcon:Command line arguments: ['/usr/bin/colcon', 'build']
[0.400s] DEBUG:colcon:Parsed command line arguments: Namespace(log_base=None, log_level=None, verb_name='build', build_base='build', install_base='install', merge_install=False, symlink_install=False, test_result_base=None, continue_on_error=False, executor='parallel', parallel_workers=4, event_handlers=None, ignore_user_meta=False, metas=['./colcon.meta'], base_paths=['.'], packages_ignore=None, packages_ignore_regex=None, paths=None, packages_up_to=None, packages_up_to_regex=None, packages_above=None, packages_above_and_dependencies=None, packages_above_depth=None, packages_select_by_dep=None, packages_skip_by_dep=None, packages_skip_up_to=None, packages_select_build_failed=False, packages_skip_build_finished=False, packages_select_test_failures=False, packages_skip_test_passed=False, packages_select=None, packages_skip=None, packages_select_regex=None, packages_skip_regex=None, packages_start=None, packages_end=None, allow_overriding=[], cmake_args=None, cmake_target=None, cmake_target_skip_unavailable=False, cmake_clean_cache=False, cmake_clean_first=False, cmake_force_configure=False, ament_cmake_args=None, catkin_cmake_args=None, catkin_skip_building_tests=False, mixin_files=None, mixin=None, verb_parser=<colcon_mixin.mixin.mixin_argument.MixinArgumentDecorator object at 0x7f5b62eeb310>, verb_extension=<colcon_core.verb.build.BuildVerb object at 0x7f5b62eeac80>, main=<bound method BuildVerb.main of <colcon_core.verb.build.BuildVerb object at 0x7f5b62eeac80>>, mixin_verb=('build',))
[0.427s] Level 1:colcon.colcon_core.package_discovery:discover_packages(colcon_meta) check parameters
[0.427s] Level 1:colcon.colcon_core.package_discovery:discover_packages(recursive) check parameters
[0.427s] Level 1:colcon.colcon_core.package_discovery:discover_packages(ignore) check parameters
[0.428s] Level 1:colcon.colcon_core.package_discovery:discover_packages(path) check parameters
[0.428s] Level 1:colcon.colcon_core.package_discovery:discover_packages(colcon_meta) discover
[0.428s] Level 1:colcon.colcon_core.package_discovery:discover_packages(recursive) discover
[0.428s] INFO:colcon.colcon_core.package_discovery:Crawling recursively for packages in '/home/mtrn/4231/MTRN4231_final_project'
[0.428s] Level 1:colcon.colcon_core.package_identification:_identify(.) by extensions ['ignore', 'ignore_ament_install']
[0.429s] Level 1:colcon.colcon_core.package_identification:_identify(.) by extension 'ignore'
[0.429s] Level 1:colcon.colcon_core.package_identification:_identify(.) by extension 'ignore_ament_install'
[0.429s] Level 1:colcon.colcon_core.package_identification:_identify(.) by extensions ['colcon_pkg']
[0.429s] Level 1:colcon.colcon_core.package_identification:_identify(.) by extension 'colcon_pkg'
[0.429s] Level 1:colcon.colcon_core.package_identification:_identify(.) by extensions ['colcon_meta']
[0.429s] Level 1:colcon.colcon_core.package_identification:_identify(.) by extension 'colcon_meta'
[0.429s] Level 1:colcon.colcon_core.package_identification:_identify(.) by extensions ['ros']
[0.430s] Level 1:colcon.colcon_core.package_identification:_identify(.) by extension 'ros'
[0.440s] Level 1:colcon.colcon_core.package_identification:_identify(.) by extensions ['cmake', 'python']
[0.441s] Level 1:colcon.colcon_core.package_identification:_identify(.) by extension 'cmake'
[0.441s] Level 1:colcon.colcon_core.package_identification:_identify(.) by extension 'python'
[0.441s] Level 1:colcon.colcon_core.package_identification:_identify(.) by extensions ['python_setup_py']
[0.441s] Level 1:colcon.colcon_core.package_identification:_identify(.) by extension 'python_setup_py'
[0.441s] Level 1:colcon.colcon_core.package_identification:_identify(build) by extensions ['ignore', 'ignore_ament_install']
[0.442s] Level 1:colcon.colcon_core.package_identification:_identify(build) by extension 'ignore'
[0.442s] Level 1:colcon.colcon_core.package_identification:_identify(build) ignored
[0.442s] Level 1:colcon.colcon_core.package_identification:_identify(image_processing) by extensions ['ignore', 'ignore_ament_install']
[0.442s] Level 1:colcon.colcon_core.package_identification:_identify(image_processing) by extension 'ignore'
[0.442s] Level 1:colcon.colcon_core.package_identification:_identify(image_processing) by extension 'ignore_ament_install'
[0.442s] Level 1:colcon.colcon_core.package_identification:_identify(image_processing) by extensions ['colcon_pkg']
[0.443s] Level 1:colcon.colcon_core.package_identification:_identify(image_processing) by extension 'colcon_pkg'
[0.443s] Level 1:colcon.colcon_core.package_identification:_identify(image_processing) by extensions ['colcon_meta']
[0.443s] Level 1:colcon.colcon_core.package_identification:_identify(image_processing) by extension 'colcon_meta'
[0.443s] Level 1:colcon.colcon_core.package_identification:_identify(image_processing) by extensions ['ros']
[0.443s] Level 1:colcon.colcon_core.package_identification:_identify(image_processing) by extension 'ros'
[0.446s] DEBUG:colcon.colcon_core.package_identification:Package 'image_processing' with type 'ros.ament_python' and name 'image_processing'
[0.447s] Level 1:colcon.colcon_core.package_identification:_identify(install) by extensions ['ignore', 'ignore_ament_install']
[0.447s] Level 1:colcon.colcon_core.package_identification:_identify(install) by extension 'ignore'
[0.447s] Level 1:colcon.colcon_core.package_identification:_identify(install) ignored
[0.447s] Level 1:colcon.colcon_core.package_identification:_identify(locator) by extensions ['ignore', 'ignore_ament_install']
[0.447s] Level 1:colcon.colcon_core.package_identification:_identify(locator) by extension 'ignore'
[0.447s] Level 1:colcon.colcon_core.package_identification:_identify(locator) by extension 'ignore_ament_install'
[0.448s] Level 1:colcon.colcon_core.package_identification:_identify(locator) by extensions ['colcon_pkg']
[0.448s] Level 1:colcon.colcon_core.package_identification:_identify(locator) by extension 'colcon_pkg'
[0.448s] Level 1:colcon.colcon_core.package_identification:_identify(locator) by extensions ['colcon_meta']
[0.448s] Level 1:colcon.colcon_core.package_identification:_identify(locator) by extension 'colcon_meta'
[0.448s] Level 1:colcon.colcon_core.package_identification:_identify(locator) by extensions ['ros']
[0.449s] Level 1:colcon.colcon_core.package_identification:_identify(locator) by extension 'ros'
[0.449s] DEBUG:colcon.colcon_core.package_identification:Package 'locator' with type 'ros.ament_cmake' and name 'locator'
[0.449s] Level 1:colcon.colcon_core.package_identification:_identify(log) by extensions ['ignore', 'ignore_ament_install']
[0.449s] Level 1:colcon.colcon_core.package_identification:_identify(log) by extension 'ignore'
[0.450s] Level 1:colcon.colcon_core.package_identification:_identify(log) ignored
[0.450s] Level 1:colcon.colcon_core.package_identification:_identify(path_planning) by extensions ['ignore', 'ignore_ament_install']
[0.450s] Level 1:colcon.colcon_core.package_identification:_identify(path_planning) by extension 'ignore'
[0.450s] Level 1:colcon.colcon_core.package_identification:_identify(path_planning) by extension 'ignore_ament_install'
[0.450s] Level 1:colcon.colcon_core.package_identification:_identify(path_planning) by extensions ['colcon_pkg']
[0.450s] Level 1:colcon.colcon_core.package_identification:_identify(path_planning) by extension 'colcon_pkg'
[0.450s] Level 1:colcon.colcon_core.package_identification:_identify(path_planning) by extensions ['colcon_meta']
[0.451s] Level 1:colcon.colcon_core.package_identification:_identify(path_planning) by extension 'colcon_meta'
[0.451s] Level 1:colcon.colcon_core.package_identification:_identify(path_planning) by extensions ['ros']
[0.451s] Level 1:colcon.colcon_core.package_identification:_identify(path_planning) by extension 'ros'
[0.451s] DEBUG:colcon.colcon_core.package_identification:Package 'path_planning' with type 'ros.ament_cmake' and name 'path_planning'
[0.451s] Level 1:colcon.colcon_core.package_discovery:discover_packages(recursive) using defaults
[0.452s] Level 1:colcon.colcon_core.package_discovery:discover_packages(ignore) discover
[0.452s] Level 1:colcon.colcon_core.package_discovery:discover_packages(ignore) using defaults
[0.452s] Level 1:colcon.colcon_core.package_discovery:discover_packages(path) discover
[0.452s] Level 1:colcon.colcon_core.package_discovery:discover_packages(path) using defaults
[0.479s] Level 1:colcon.colcon_core.package_discovery:discover_packages(prefix_path) check parameters
[0.479s] Level 1:colcon.colcon_core.package_discovery:discover_packages(prefix_path) discover
[0.485s] DEBUG:colcon.colcon_installed_package_information.package_discovery:Found 3 installed packages in /home/mtrn/4231/MTRN4231_final_project/install
[0.487s] DEBUG:colcon.colcon_installed_package_information.package_discovery:Found 7 installed packages in /home/mtrn/4231/ros_ur_driver/install
[0.489s] DEBUG:colcon.colcon_installed_package_information.package_discovery:Found 55 installed packages in /home/mtrn/4231/ws_moveit2/install
[0.492s] DEBUG:colcon.colcon_installed_package_information.package_discovery:Found 341 installed packages in /opt/ros/humble
[0.495s] Level 1:colcon.colcon_core.package_discovery:discover_packages(prefix_path) using defaults
[0.563s] Level 5:colcon.colcon_core.verb:set package 'image_processing' build argument 'cmake_args' from command line to 'None'
[0.563s] Level 5:colcon.colcon_core.verb:set package 'image_processing' build argument 'cmake_target' from command line to 'None'
[0.563s] Level 5:colcon.colcon_core.verb:set package 'image_processing' build argument 'cmake_target_skip_unavailable' from command line to 'False'
[0.564s] Level 5:colcon.colcon_core.verb:set package 'image_processing' build argument 'cmake_clean_cache' from command line to 'False'
[0.564s] Level 5:colcon.colcon_core.verb:set package 'image_processing' build argument 'cmake_clean_first' from command line to 'False'
[0.564s] Level 5:colcon.colcon_core.verb:set package 'image_processing' build argument 'cmake_force_configure' from command line to 'False'
[0.564s] Level 5:colcon.colcon_core.verb:set package 'image_processing' build argument 'ament_cmake_args' from command line to 'None'
[0.564s] Level 5:colcon.colcon_core.verb:set package 'image_processing' build argument 'catkin_cmake_args' from command line to 'None'
[0.564s] Level 5:colcon.colcon_core.verb:set package 'image_processing' build argument 'catkin_skip_building_tests' from command line to 'False'
[0.565s] DEBUG:colcon.colcon_core.verb:Building package 'image_processing' with the following arguments: {'ament_cmake_args': None, 'build_base': '/home/mtrn/4231/MTRN4231_final_project/build/image_processing', 'catkin_cmake_args': None, 'catkin_skip_building_tests': False, 'cmake_args': None, 'cmake_clean_cache': False, 'cmake_clean_first': False, 'cmake_force_configure': False, 'cmake_target': None, 'cmake_target_skip_unavailable': False, 'install_base': '/home/mtrn/4231/MTRN4231_final_project/install/image_processing', 'merge_install': False, 'path': '/home/mtrn/4231/MTRN4231_final_project/image_processing', 'symlink_install': False, 'test_result_base': None}
[0.566s] Level 5:colcon.colcon_core.verb:set package 'locator' build argument 'cmake_args' from command line to 'None'
[0.566s] Level 5:colcon.colcon_core.verb:set package 'locator' build argument 'cmake_target' from command line to 'None'
[0.567s] Level 5:colcon.colcon_core.verb:set package 'locator' build argument 'cmake_target_skip_unavailable' from command line to 'False'
[0.567s] Level 5:colcon.colcon_core.verb:set package 'locator' build argument 'cmake_clean_cache' from command line to 'False'
[0.567s] Level 5:colcon.colcon_core.verb:set package 'locator' build argument 'cmake_clean_first' from command line to 'False'
[0.567s] Level 5:colcon.colcon_core.verb:set package 'locator' build argument 'cmake_force_configure' from command line to 'False'
[0.567s] Level 5:colcon.colcon_core.verb:set package 'locator' build argument 'ament_cmake_args' from command line to 'None'
[0.567s] Level 5:colcon.colcon_core.verb:set package 'locator' build argument 'catkin_cmake_args' from command line to 'None'
[0.567s] Level 5:colcon.colcon_core.verb:set package 'locator' build argument 'catkin_skip_building_tests' from command line to 'False'
[0.567s] DEBUG:colcon.colcon_core.verb:Building package 'locator' with the following arguments: {'ament_cmake_args': None, 'build_base': '/home/mtrn/4231/MTRN4231_final_project/build/locator', 'catkin_cmake_args': None, 'catkin_skip_building_tests': False, 'cmake_args': None, 'cmake_clean_cache': False, 'cmake_clean_first': False, 'cmake_force_configure': False, 'cmake_target': None, 'cmake_target_skip_unavailable': False, 'install_base': '/home/mtrn/4231/MTRN4231_final_project/install/locator', 'merge_install': False, 'path': '/home/mtrn/4231/MTRN4231_final_project/locator', 'symlink_install': False, 'test_result_base': None}
[0.569s] Level 5:colcon.colcon_core.verb:set package 'path_planning' build argument 'cmake_args' from command line to 'None'
[0.569s] Level 5:colcon.colcon_core.verb:set package 'path_planning' build argument 'cmake_target' from command line to 'None'
[0.569s] Level 5:colcon.colcon_core.verb:set package 'path_planning' build argument 'cmake_target_skip_unavailable' from command line to 'False'
[0.569s] Level 5:colcon.colcon_core.verb:set package 'path_planning' build argument 'cmake_clean_cache' from command line to 'False'
[0.569s] Level 5:colcon.colcon_core.verb:set package 'path_planning' build argument 'cmake_clean_first' from command line to 'False'
[0.570s] Level 5:colcon.colcon_core.verb:set package 'path_planning' build argument 'cmake_force_configure' from command line to 'False'
[0.570s] Level 5:colcon.colcon_core.verb:set package 'path_planning' build argument 'ament_cmake_args' from command line to 'None'
[0.570s] Level 5:colcon.colcon_core.verb:set package 'path_planning' build argument 'catkin_cmake_args' from command line to 'None'
[0.570s] Level 5:colcon.colcon_core.verb:set package 'path_planning' build argument 'catkin_skip_building_tests' from command line to 'False'
[0.570s] DEBUG:colcon.colcon_core.verb:Building package 'path_planning' with the following arguments: {'ament_cmake_args': None, 'build_base': '/home/mtrn/4231/MTRN4231_final_project/build/path_planning', 'catkin_cmake_args': None, 'catkin_skip_building_tests': False, 'cmake_args': None, 'cmake_clean_cache': False, 'cmake_clean_first': False, 'cmake_force_configure': False, 'cmake_target': None, 'cmake_target_skip_unavailable': False, 'install_base': '/home/mtrn/4231/MTRN4231_final_project/install/path_planning', 'merge_install': False, 'path': '/home/mtrn/4231/MTRN4231_final_project/path_planning', 'symlink_install': False, 'test_result_base': None}
[0.571s] INFO:colcon.colcon_core.executor:Executing jobs using 'parallel' executor
[0.578s] DEBUG:colcon.colcon_parallel_executor.executor.parallel:run_until_complete
[0.579s] INFO:colcon.colcon_ros.task.ament_python.build:Building ROS package in '/home/mtrn/4231/MTRN4231_final_project/image_processing' with build type 'ament_python'
[0.580s] Level 1:colcon.colcon_core.shell:create_environment_hook('image_processing', 'ament_prefix_path')
[0.586s] INFO:colcon.colcon_core.plugin_system:Skipping extension 'colcon_core.shell.bat': Not used on non-Windows systems
[0.586s] INFO:colcon.colcon_core.shell:Creating environment hook '/home/mtrn/4231/MTRN4231_final_project/install/image_processing/share/image_processing/hook/ament_prefix_path.ps1'
[0.587s] INFO:colcon.colcon_core.shell:Creating environment descriptor '/home/mtrn/4231/MTRN4231_final_project/install/image_processing/share/image_processing/hook/ament_prefix_path.dsv'
[0.588s] INFO:colcon.colcon_core.shell:Creating environment hook '/home/mtrn/4231/MTRN4231_final_project/install/image_processing/share/image_processing/hook/ament_prefix_path.sh'
[0.591s] INFO:colcon.colcon_core.shell:Skip shell extension 'powershell' for command environment: Not usable outside of PowerShell
[0.592s] DEBUG:colcon.colcon_core.shell:Skip shell extension 'dsv' for command environment
[0.608s] INFO:colcon.colcon_ros.task.ament_cmake.build:Building ROS package in '/home/mtrn/4231/MTRN4231_final_project/locator' with build type 'ament_cmake'
[0.608s] INFO:colcon.colcon_cmake.task.cmake.build:Building CMake package in '/home/mtrn/4231/MTRN4231_final_project/locator'
[0.611s] INFO:colcon.colcon_core.shell:Skip shell extension 'powershell' for command environment: Not usable outside of PowerShell
[0.611s] DEBUG:colcon.colcon_core.shell:Skip shell extension 'dsv' for command environment
[0.625s] INFO:colcon.colcon_ros.task.ament_cmake.build:Building ROS package in '/home/mtrn/4231/MTRN4231_final_project/path_planning' with build type 'ament_cmake'
[0.625s] INFO:colcon.colcon_cmake.task.cmake.build:Building CMake package in '/home/mtrn/4231/MTRN4231_final_project/path_planning'
[0.630s] INFO:colcon.colcon_core.shell:Skip shell extension 'powershell' for command environment: Not usable outside of PowerShell
[0.630s] DEBUG:colcon.colcon_core.shell:Skip shell extension 'dsv' for command environment
[0.921s] INFO:colcon.colcon_core.task.python.build:Building Python package in '/home/mtrn/4231/MTRN4231_final_project/image_processing'
[0.924s] INFO:colcon.colcon_core.shell:Skip shell extension 'powershell' for command environment: Not usable outside of PowerShell
[0.925s] DEBUG:colcon.colcon_core.shell:Skip shell extension 'dsv' for command environment
[0.948s] DEBUG:colcon.colcon_core.event_handler.log_command:Invoking command in '/home/mtrn/4231/MTRN4231_final_project/build/locator': CMAKE_PREFIX_PATH=${CMAKE_PREFIX_PATH}:/home/mtrn/4231/MTRN4231_final_project/install/image_processing:/home/mtrn/4231/ws_moveit2/install/moveit_configs_utils:/home/mtrn/4231/ws_moveit2/install/launch_param_builder:/opt/ros/humble /usr/bin/cmake --build /home/mtrn/4231/MTRN4231_final_project/build/locator -- -j4 -l4
[0.952s] DEBUG:colcon.colcon_core.event_handler.log_command:Invoking command in '/home/mtrn/4231/MTRN4231_final_project/build/path_planning': CMAKE_PREFIX_PATH=${CMAKE_PREFIX_PATH}:/home/mtrn/4231/MTRN4231_final_project/install/image_processing:/home/mtrn/4231/ws_moveit2/install/moveit_configs_utils:/home/mtrn/4231/ws_moveit2/install/launch_param_builder:/opt/ros/humble /usr/bin/cmake --build /home/mtrn/4231/MTRN4231_final_project/build/path_planning -- -j4 -l4
[1.016s] DEBUG:colcon.colcon_core.event_handler.log_command:Invoked command in '/home/mtrn/4231/MTRN4231_final_project/build/path_planning' returned '0': CMAKE_PREFIX_PATH=${CMAKE_PREFIX_PATH}:/home/mtrn/4231/MTRN4231_final_project/install/image_processing:/home/mtrn/4231/ws_moveit2/install/moveit_configs_utils:/home/mtrn/4231/ws_moveit2/install/launch_param_builder:/opt/ros/humble /usr/bin/cmake --build /home/mtrn/4231/MTRN4231_final_project/build/path_planning -- -j4 -l4
[1.021s] DEBUG:colcon.colcon_core.event_handler.log_command:Invoked command in '/home/mtrn/4231/MTRN4231_final_project/build/locator' returned '0': CMAKE_PREFIX_PATH=${CMAKE_PREFIX_PATH}:/home/mtrn/4231/MTRN4231_final_project/install/image_processing:/home/mtrn/4231/ws_moveit2/install/moveit_configs_utils:/home/mtrn/4231/ws_moveit2/install/launch_param_builder:/opt/ros/humble /usr/bin/cmake --build /home/mtrn/4231/MTRN4231_final_project/build/locator -- -j4 -l4
[1.076s] DEBUG:colcon.colcon_core.event_handler.log_command:Invoking command in '/home/mtrn/4231/MTRN4231_final_project/build/path_planning': CMAKE_PREFIX_PATH=${CMAKE_PREFIX_PATH}:/home/mtrn/4231/MTRN4231_final_project/install/image_processing:/home/mtrn/4231/ws_moveit2/install/moveit_configs_utils:/home/mtrn/4231/ws_moveit2/install/launch_param_builder:/opt/ros/humble /usr/bin/cmake --install /home/mtrn/4231/MTRN4231_final_project/build/path_planning
[1.079s] DEBUG:colcon.colcon_core.event_handler.log_command:Invoking command in '/home/mtrn/4231/MTRN4231_final_project/build/locator': CMAKE_PREFIX_PATH=${CMAKE_PREFIX_PATH}:/home/mtrn/4231/MTRN4231_final_project/install/image_processing:/home/mtrn/4231/ws_moveit2/install/moveit_configs_utils:/home/mtrn/4231/ws_moveit2/install/launch_param_builder:/opt/ros/humble /usr/bin/cmake --install /home/mtrn/4231/MTRN4231_final_project/build/locator
[1.097s] Level 1:colcon.colcon_core.environment:create_environment_scripts_only(path_planning)
[1.097s] DEBUG:colcon.colcon_core.event_handler.log_command:Invoked command in '/home/mtrn/4231/MTRN4231_final_project/build/path_planning' returned '0': CMAKE_PREFIX_PATH=${CMAKE_PREFIX_PATH}:/home/mtrn/4231/MTRN4231_final_project/install/image_processing:/home/mtrn/4231/ws_moveit2/install/moveit_configs_utils:/home/mtrn/4231/ws_moveit2/install/launch_param_builder:/opt/ros/humble /usr/bin/cmake --install /home/mtrn/4231/MTRN4231_final_project/build/path_planning
[1.104s] Level 1:colcon.colcon_core.environment:checking '/home/mtrn/4231/MTRN4231_final_project/install/path_planning' for CMake module files
[1.109s] Level 1:colcon.colcon_core.environment:checking '/home/mtrn/4231/MTRN4231_final_project/install/path_planning' for CMake config files
[1.109s] Level 1:colcon.colcon_core.shell:create_environment_hook('path_planning', 'cmake_prefix_path')
[1.114s] INFO:colcon.colcon_core.shell:Creating environment hook '/home/mtrn/4231/MTRN4231_final_project/install/path_planning/share/path_planning/hook/cmake_prefix_path.ps1'
[1.115s] INFO:colcon.colcon_core.shell:Creating environment descriptor '/home/mtrn/4231/MTRN4231_final_project/install/path_planning/share/path_planning/hook/cmake_prefix_path.dsv'
[1.115s] INFO:colcon.colcon_core.shell:Creating environment hook '/home/mtrn/4231/MTRN4231_final_project/install/path_planning/share/path_planning/hook/cmake_prefix_path.sh'
[1.116s] Level 1:colcon.colcon_core.environment:checking '/home/mtrn/4231/MTRN4231_final_project/install/path_planning/bin'
[1.117s] Level 1:colcon.colcon_core.environment:checking '/home/mtrn/4231/MTRN4231_final_project/install/path_planning/lib/pkgconfig/path_planning.pc'
[1.117s] Level 1:colcon.colcon_core.environment:checking '/home/mtrn/4231/MTRN4231_final_project/install/path_planning/lib/python3.10/site-packages'
[1.117s] Level 1:colcon.colcon_core.environment:checking '/home/mtrn/4231/MTRN4231_final_project/install/path_planning/bin'
[1.124s] INFO:colcon.colcon_core.shell:Creating package script '/home/mtrn/4231/MTRN4231_final_project/install/path_planning/share/path_planning/package.ps1'
[1.126s] INFO:colcon.colcon_core.shell:Creating package descriptor '/home/mtrn/4231/MTRN4231_final_project/install/path_planning/share/path_planning/package.dsv'
[1.127s] INFO:colcon.colcon_core.shell:Creating package script '/home/mtrn/4231/MTRN4231_final_project/install/path_planning/share/path_planning/package.sh'
[1.128s] INFO:colcon.colcon_core.shell:Creating package script '/home/mtrn/4231/MTRN4231_final_project/install/path_planning/share/path_planning/package.bash'
[1.129s] INFO:colcon.colcon_core.shell:Creating package script '/home/mtrn/4231/MTRN4231_final_project/install/path_planning/share/path_planning/package.zsh'
[1.130s] Level 1:colcon.colcon_core.environment:create_file_with_runtime_dependencies(/home/mtrn/4231/MTRN4231_final_project/install/path_planning/share/colcon-core/packages/path_planning)
[1.132s] Level 1:colcon.colcon_core.environment:create_environment_scripts_only(locator)
[1.132s] DEBUG:colcon.colcon_core.event_handler.log_command:Invoked command in '/home/mtrn/4231/MTRN4231_final_project/build/locator' returned '0': CMAKE_PREFIX_PATH=${CMAKE_PREFIX_PATH}:/home/mtrn/4231/MTRN4231_final_project/install/image_processing:/home/mtrn/4231/ws_moveit2/install/moveit_configs_utils:/home/mtrn/4231/ws_moveit2/install/launch_param_builder:/opt/ros/humble /usr/bin/cmake --install /home/mtrn/4231/MTRN4231_final_project/build/locator
[1.137s] Level 1:colcon.colcon_core.environment:checking '/home/mtrn/4231/MTRN4231_final_project/install/locator' for CMake module files
[1.138s] Level 1:colcon.colcon_core.environment:checking '/home/mtrn/4231/MTRN4231_final_project/install/locator' for CMake config files
[1.138s] Level 1:colcon.colcon_core.shell:create_environment_hook('locator', 'cmake_prefix_path')
[1.141s] INFO:colcon.colcon_core.shell:Creating environment hook '/home/mtrn/4231/MTRN4231_final_project/install/locator/share/locator/hook/cmake_prefix_path.ps1'
[1.142s] INFO:colcon.colcon_core.shell:Creating environment descriptor '/home/mtrn/4231/MTRN4231_final_project/install/locator/share/locator/hook/cmake_prefix_path.dsv'
[1.143s] INFO:colcon.colcon_core.shell:Creating environment hook '/home/mtrn/4231/MTRN4231_final_project/install/locator/share/locator/hook/cmake_prefix_path.sh'
[1.143s] Level 1:colcon.colcon_core.environment:checking '/home/mtrn/4231/MTRN4231_final_project/install/locator/bin'
[1.144s] Level 1:colcon.colcon_core.environment:checking '/home/mtrn/4231/MTRN4231_final_project/install/locator/lib/pkgconfig/locator.pc'
[1.145s] Level 1:colcon.colcon_core.environment:checking '/home/mtrn/4231/MTRN4231_final_project/install/locator/lib/python3.10/site-packages'
[1.146s] Level 1:colcon.colcon_core.environment:checking '/home/mtrn/4231/MTRN4231_final_project/install/locator/bin'
[1.150s] INFO:colcon.colcon_core.shell:Creating package script '/home/mtrn/4231/MTRN4231_final_project/install/locator/share/locator/package.ps1'
[1.152s] INFO:colcon.colcon_core.shell:Creating package descriptor '/home/mtrn/4231/MTRN4231_final_project/install/locator/share/locator/package.dsv'
[1.153s] INFO:colcon.colcon_core.shell:Creating package script '/home/mtrn/4231/MTRN4231_final_project/install/locator/share/locator/package.sh'
[1.154s] INFO:colcon.colcon_core.shell:Creating package script '/home/mtrn/4231/MTRN4231_final_project/install/locator/share/locator/package.bash'
[1.155s] INFO:colcon.colcon_core.shell:Creating package script '/home/mtrn/4231/MTRN4231_final_project/install/locator/share/locator/package.zsh'
[1.155s] Level 1:colcon.colcon_core.environment:create_file_with_runtime_dependencies(/home/mtrn/4231/MTRN4231_final_project/install/locator/share/colcon-core/packages/locator)
[1.182s] Level 1:colcon.colcon_core.environment:create_environment_scripts_only(path_planning)
[1.186s] Level 1:colcon.colcon_core.environment:checking '/home/mtrn/4231/MTRN4231_final_project/install/path_planning' for CMake module files
[1.187s] Level 1:colcon.colcon_core.environment:checking '/home/mtrn/4231/MTRN4231_final_project/install/path_planning' for CMake config files
[1.187s] Level 1:colcon.colcon_core.shell:create_environment_hook('path_planning', 'cmake_prefix_path')
[1.190s] INFO:colcon.colcon_core.shell:Creating environment hook '/home/mtrn/4231/MTRN4231_final_project/install/path_planning/share/path_planning/hook/cmake_prefix_path.ps1'
[1.191s] INFO:colcon.colcon_core.shell:Creating environment descriptor '/home/mtrn/4231/MTRN4231_final_project/install/path_planning/share/path_planning/hook/cmake_prefix_path.dsv'
[1.192s] INFO:colcon.colcon_core.shell:Creating environment hook '/home/mtrn/4231/MTRN4231_final_project/install/path_planning/share/path_planning/hook/cmake_prefix_path.sh'
[1.193s] Level 1:colcon.colcon_core.environment:checking '/home/mtrn/4231/MTRN4231_final_project/install/path_planning/bin'
[1.193s] Level 1:colcon.colcon_core.environment:checking '/home/mtrn/4231/MTRN4231_final_project/install/path_planning/lib/pkgconfig/path_planning.pc'
[1.193s] Level 1:colcon.colcon_core.environment:checking '/home/mtrn/4231/MTRN4231_final_project/install/path_planning/lib/python3.10/site-packages'
[1.194s] Level 1:colcon.colcon_core.environment:checking '/home/mtrn/4231/MTRN4231_final_project/install/path_planning/bin'
[1.197s] INFO:colcon.colcon_core.shell:Creating package script '/home/mtrn/4231/MTRN4231_final_project/install/path_planning/share/path_planning/package.ps1'
[1.198s] INFO:colcon.colcon_core.shell:Creating package descriptor '/home/mtrn/4231/MTRN4231_final_project/install/path_planning/share/path_planning/package.dsv'
[1.199s] INFO:colcon.colcon_core.shell:Creating package script '/home/mtrn/4231/MTRN4231_final_project/install/path_planning/share/path_planning/package.sh'
[1.200s] INFO:colcon.colcon_core.shell:Creating package script '/home/mtrn/4231/MTRN4231_final_project/install/path_planning/share/path_planning/package.bash'
[1.201s] INFO:colcon.colcon_core.shell:Creating package script '/home/mtrn/4231/MTRN4231_final_project/install/path_planning/share/path_planning/package.zsh'
[1.201s] Level 1:colcon.colcon_core.environment:create_file_with_runtime_dependencies(/home/mtrn/4231/MTRN4231_final_project/install/path_planning/share/colcon-core/packages/path_planning)
[1.205s] Level 1:colcon.colcon_core.environment:create_environment_scripts_only(locator)
[1.209s] Level 1:colcon.colcon_core.environment:checking '/home/mtrn/4231/MTRN4231_final_project/install/locator' for CMake module files
[1.210s] Level 1:colcon.colcon_core.environment:checking '/home/mtrn/4231/MTRN4231_final_project/install/locator' for CMake config files
[1.210s] Level 1:colcon.colcon_core.shell:create_environment_hook('locator', 'cmake_prefix_path')
[1.213s] INFO:colcon.colcon_core.shell:Creating environment hook '/home/mtrn/4231/MTRN4231_final_project/install/locator/share/locator/hook/cmake_prefix_path.ps1'
[1.214s] INFO:colcon.colcon_core.shell:Creating environment descriptor '/home/mtrn/4231/MTRN4231_final_project/install/locator/share/locator/hook/cmake_prefix_path.dsv'
[1.214s] INFO:colcon.colcon_core.shell:Creating environment hook '/home/mtrn/4231/MTRN4231_final_project/install/locator/share/locator/hook/cmake_prefix_path.sh'
[1.215s] Level 1:colcon.colcon_core.environment:checking '/home/mtrn/4231/MTRN4231_final_project/install/locator/bin'
[1.217s] Level 1:colcon.colcon_core.environment:checking '/home/mtrn/4231/MTRN4231_final_project/install/locator/lib/pkgconfig/locator.pc'
[1.217s] Level 1:colcon.colcon_core.environment:checking '/home/mtrn/4231/MTRN4231_final_project/install/locator/lib/python3.10/site-packages'
[1.217s] Level 1:colcon.colcon_core.environment:checking '/home/mtrn/4231/MTRN4231_final_project/install/locator/bin'
[1.220s] INFO:colcon.colcon_core.shell:Creating package script '/home/mtrn/4231/MTRN4231_final_project/install/locator/share/locator/package.ps1'
[1.221s] INFO:colcon.colcon_core.shell:Creating package descriptor '/home/mtrn/4231/MTRN4231_final_project/install/locator/share/locator/package.dsv'
[1.222s] INFO:colcon.colcon_core.shell:Creating package script '/home/mtrn/4231/MTRN4231_final_project/install/locator/share/locator/package.sh'
[1.223s] INFO:colcon.colcon_core.shell:Creating package script '/home/mtrn/4231/MTRN4231_final_project/install/locator/share/locator/package.bash'
[1.223s] INFO:colcon.colcon_core.shell:Creating package script '/home/mtrn/4231/MTRN4231_final_project/install/locator/share/locator/package.zsh'
[1.224s] Level 1:colcon.colcon_core.environment:create_file_with_runtime_dependencies(/home/mtrn/4231/MTRN4231_final_project/install/locator/share/colcon-core/packages/locator)
[1.387s] DEBUG:colcon.colcon_core.event_handler.log_command:Invoking command in '/home/mtrn/4231/MTRN4231_final_project/image_processing': PYTHONPATH=/home/mtrn/4231/MTRN4231_final_project/build/image_processing/prefix_override:/home/mtrn/4231/MTRN4231_final_project/install/image_processing/lib/python3.10/site-packages:${PYTHONPATH} /usr/bin/python3 setup.py egg_info --egg-base ../build/image_processing build --build-base /home/mtrn/4231/MTRN4231_final_project/build/image_processing/build install --record /home/mtrn/4231/MTRN4231_final_project/build/image_processing/install.log --single-version-externally-managed
[1.705s] Level 1:colcon.colcon_core.environment:checking '/home/mtrn/4231/MTRN4231_final_project/install/image_processing' for CMake module files
[1.706s] DEBUG:colcon.colcon_core.event_handler.log_command:Invoked command in '/home/mtrn/4231/MTRN4231_final_project/image_processing' returned '0': PYTHONPATH=/home/mtrn/4231/MTRN4231_final_project/build/image_processing/prefix_override:/home/mtrn/4231/MTRN4231_final_project/install/image_processing/lib/python3.10/site-packages:${PYTHONPATH} /usr/bin/python3 setup.py egg_info --egg-base ../build/image_processing build --build-base /home/mtrn/4231/MTRN4231_final_project/build/image_processing/build install --record /home/mtrn/4231/MTRN4231_final_project/build/image_processing/install.log --single-version-externally-managed
[1.706s] Level 1:colcon.colcon_core.environment:checking '/home/mtrn/4231/MTRN4231_final_project/install/image_processing' for CMake config files
[1.707s] Level 1:colcon.colcon_core.environment:checking '/home/mtrn/4231/MTRN4231_final_project/install/image_processing/lib'
[1.707s] Level 1:colcon.colcon_core.environment:checking '/home/mtrn/4231/MTRN4231_final_project/install/image_processing/bin'
[1.707s] Level 1:colcon.colcon_core.environment:checking '/home/mtrn/4231/MTRN4231_final_project/install/image_processing/lib/pkgconfig/image_processing.pc'
[1.707s] Level 1:colcon.colcon_core.environment:checking '/home/mtrn/4231/MTRN4231_final_project/install/image_processing/lib/python3.10/site-packages'
[1.707s] Level 1:colcon.colcon_core.shell:create_environment_hook('image_processing', 'pythonpath')
[1.710s] INFO:colcon.colcon_core.shell:Creating environment hook '/home/mtrn/4231/MTRN4231_final_project/install/image_processing/share/image_processing/hook/pythonpath.ps1'
[1.711s] INFO:colcon.colcon_core.shell:Creating environment descriptor '/home/mtrn/4231/MTRN4231_final_project/install/image_processing/share/image_processing/hook/pythonpath.dsv'
[1.711s] INFO:colcon.colcon_core.shell:Creating environment hook '/home/mtrn/4231/MTRN4231_final_project/install/image_processing/share/image_processing/hook/pythonpath.sh'
[1.712s] Level 1:colcon.colcon_core.environment:checking '/home/mtrn/4231/MTRN4231_final_project/install/image_processing/bin'
[1.712s] Level 1:colcon.colcon_core.environment:create_environment_scripts_only(image_processing)
[1.715s] INFO:colcon.colcon_core.shell:Creating package script '/home/mtrn/4231/MTRN4231_final_project/install/image_processing/share/image_processing/package.ps1'
[1.716s] INFO:colcon.colcon_core.shell:Creating package descriptor '/home/mtrn/4231/MTRN4231_final_project/install/image_processing/share/image_processing/package.dsv'
[1.716s] INFO:colcon.colcon_core.shell:Creating package script '/home/mtrn/4231/MTRN4231_final_project/install/image_processing/share/image_processing/package.sh'
[1.717s] INFO:colcon.colcon_core.shell:Creating package script '/home/mtrn/4231/MTRN4231_final_project/install/image_processing/share/image_processing/package.bash'
[1.717s] INFO:colcon.colcon_core.shell:Creating package script '/home/mtrn/4231/MTRN4231_final_project/install/image_processing/share/image_processing/package.zsh'
[1.719s] Level 1:colcon.colcon_core.environment:create_file_with_runtime_dependencies(/home/mtrn/4231/MTRN4231_final_project/install/image_processing/share/colcon-core/packages/image_processing)
[1.725s] DEBUG:colcon.colcon_parallel_executor.executor.parallel:closing loop
[1.728s] DEBUG:colcon.colcon_parallel_executor.executor.parallel:loop closed
[1.728s] DEBUG:colcon.colcon_parallel_executor.executor.parallel:run_until_complete finished with '0'
[1.728s] DEBUG:colcon.colcon_core.event_reactor:joining thread
[1.735s] INFO:colcon.colcon_core.plugin_system:Skipping extension 'colcon_notification.desktop_notification.terminal_notifier': Not used on non-Darwin systems
[1.735s] INFO:colcon.colcon_core.plugin_system:Skipping extension 'colcon_notification.desktop_notification.win32': Not used on non-Windows systems
[1.735s] INFO:colcon.colcon_notification.desktop_notification:Sending desktop notification using 'notify2'
[1.749s] DEBUG:colcon.colcon_core.event_reactor:joined thread
[1.752s] INFO:colcon.colcon_core.shell:Creating prefix script '/home/mtrn/4231/MTRN4231_final_project/install/local_setup.ps1'
[1.753s] INFO:colcon.colcon_core.shell:Creating prefix util module '/home/mtrn/4231/MTRN4231_final_project/install/_local_setup_util_ps1.py'
[1.755s] INFO:colcon.colcon_core.shell:Creating prefix chain script '/home/mtrn/4231/MTRN4231_final_project/install/setup.ps1'
[1.759s] INFO:colcon.colcon_core.shell:Creating prefix script '/home/mtrn/4231/MTRN4231_final_project/install/local_setup.sh'
[1.759s] INFO:colcon.colcon_core.shell:Creating prefix util module '/home/mtrn/4231/MTRN4231_final_project/install/_local_setup_util_sh.py'
[1.760s] INFO:colcon.colcon_core.shell:Creating prefix chain script '/home/mtrn/4231/MTRN4231_final_project/install/setup.sh'
[1.764s] INFO:colcon.colcon_core.shell:Creating prefix script '/home/mtrn/4231/MTRN4231_final_project/install/local_setup.bash'
[1.765s] INFO:colcon.colcon_core.shell:Creating prefix chain script '/home/mtrn/4231/MTRN4231_final_project/install/setup.bash'
[1.769s] INFO:colcon.colcon_core.shell:Creating prefix script '/home/mtrn/4231/MTRN4231_final_project/install/local_setup.zsh'
[1.769s] INFO:colcon.colcon_core.shell:Creating prefix chain script '/home/mtrn/4231/MTRN4231_final_project/install/setup.zsh'
