-- Found ament_cmake: 1.3.5 (/opt/ros/humble/share/ament_cmake/cmake)
-- Found rclcpp: 16.0.5 (/opt/ros/humble/share/rclcpp/cmake)
-- Found rosidl_generator_c: 3.1.5 (/opt/ros/humble/share/rosidl_generator_c/cmake)
-- Found rosidl_adapter: 3.1.5 (/opt/ros/humble/share/rosidl_adapter/cmake)
-- Found rosidl_generator_cpp: 3.1.5 (/opt/ros/humble/share/rosidl_generator_cpp/cmake)
-- Using all available rosidl_typesupport_c: rosidl_typesupport_fastrtps_c;rosidl_typesupport_introspection_c
-- Using all available rosidl_typesupport_cpp: rosidl_typesupport_fastrtps_cpp;rosidl_typesupport_introspection_cpp
-- Found rmw_implementation_cmake: 6.1.1 (/opt/ros/humble/share/rmw_implementation_cmake/cmake)
-- Found rmw_cyclonedds_cpp: 1.3.4 (/opt/ros/humble/share/rmw_cyclonedds_cpp/cmake)
-- Using RMW implementation 'rmw_cyclonedds_cpp' as default
-- Found geometry_msgs: 4.2.3 (/opt/ros/humble/share/geometry_msgs/cmake)
-- Found tf2_msgs: 0.25.3 (/opt/ros/humble/share/tf2_msgs/cmake)
-- Found custom_messages: 0.0.0 (/home/mtrn/MTRN4231_final_project/install/custom_messages/share/custom_messages/cmake)
-- Found ament_lint_auto: 0.12.7 (/opt/ros/humble/share/ament_lint_auto/cmake)
-- Added test 'cppcheck' to perform static code analysis on C / C++ code
-- Configured cppcheck include dirs: 
-- Configured cppcheck exclude dirs and/or files: 
-- Added test 'lint_cmake' to check CMake code style
-- Added test 'uncrustify' to check C / C++ code style
-- Configured uncrustify additional arguments: 
-- Added test 'xmllint' to check XML markup files
-- Configuring done
-- Generating done
-- Build files have been written to: /home/mtrn/MTRN4231_final_project/build/path_planning
[35m[1mConsolidate compiler generated dependencies of target brain_node[0m
[100%] Built target brain_node
-- Install configuration: ""
-- Up-to-date: /home/mtrn/MTRN4231_final_project/install/path_planning/share/ament_index/resource_index/package_run_dependencies/path_planning
-- Up-to-date: /home/mtrn/MTRN4231_final_project/install/path_planning/share/ament_index/resource_index/parent_prefix_path/path_planning
-- Up-to-date: /home/mtrn/MTRN4231_final_project/install/path_planning/share/path_planning/environment/ament_prefix_path.sh
-- Installing: /home/mtrn/MTRN4231_final_project/install/path_planning/share/path_planning/environment/ament_prefix_path.dsv
-- Up-to-date: /home/mtrn/MTRN4231_final_project/install/path_planning/share/path_planning/environment/path.sh
-- Installing: /home/mtrn/MTRN4231_final_project/install/path_planning/share/path_planning/environment/path.dsv
-- Up-to-date: /home/mtrn/MTRN4231_final_project/install/path_planning/share/path_planning/local_setup.bash
-- Up-to-date: /home/mtrn/MTRN4231_final_project/install/path_planning/share/path_planning/local_setup.sh
-- Up-to-date: /home/mtrn/MTRN4231_final_project/install/path_planning/share/path_planning/local_setup.zsh
-- Installing: /home/mtrn/MTRN4231_final_project/install/path_planning/share/path_planning/local_setup.dsv
-- Installing: /home/mtrn/MTRN4231_final_project/install/path_planning/share/path_planning/package.dsv
-- Up-to-date: /home/mtrn/MTRN4231_final_project/install/path_planning/share/ament_index/resource_index/packages/path_planning
-- Up-to-date: /home/mtrn/MTRN4231_final_project/install/path_planning/share/path_planning/cmake/path_planningConfig.cmake
-- Up-to-date: /home/mtrn/MTRN4231_final_project/install/path_planning/share/path_planning/cmake/path_planningConfig-version.cmake
-- Up-to-date: /home/mtrn/MTRN4231_final_project/install/path_planning/share/path_planning/package.xml
