[0.067s] Invoking command in '/home/mtrn/MTRN4231_final_project/build/path_planning': CMAKE_PREFIX_PATH=${CMAKE_PREFIX_PATH}:/home/mtrn/MTRN4231_final_project/install/image_processing:/home/mtrn/4231/ws_moveit2/install/moveit_configs_utils:/home/mtrn/4231/ws_moveit2/install/launch_param_builder:/opt/ros/humble /usr/bin/cmake --build /home/mtrn/MTRN4231_final_project/build/path_planning -- -j4 -l4
[0.140s] -- Found ament_cmake: 1.3.5 (/opt/ros/humble/share/ament_cmake/cmake)
[0.433s] -- Found rclcpp: 16.0.5 (/opt/ros/humble/share/rclcpp/cmake)
[0.501s] -- Found rosidl_generator_c: 3.1.5 (/opt/ros/humble/share/rosidl_generator_c/cmake)
[0.506s] -- Found rosidl_adapter: 3.1.5 (/opt/ros/humble/share/rosidl_adapter/cmake)
[0.515s] -- Found rosidl_generator_cpp: 3.1.5 (/opt/ros/humble/share/rosidl_generator_cpp/cmake)
[0.548s] -- Using all available rosidl_typesupport_c: rosidl_typesupport_fastrtps_c;rosidl_typesupport_introspection_c
[0.576s] -- Using all available rosidl_typesupport_cpp: rosidl_typesupport_fastrtps_cpp;rosidl_typesupport_introspection_cpp
[0.655s] -- Found rmw_implementation_cmake: 6.1.1 (/opt/ros/humble/share/rmw_implementation_cmake/cmake)
[0.661s] -- Found rmw_cyclonedds_cpp: 1.3.4 (/opt/ros/humble/share/rmw_cyclonedds_cpp/cmake)
[0.718s] -- Using RMW implementation 'rmw_cyclonedds_cpp' as default
[0.919s] -- Found geometry_msgs: 4.2.3 (/opt/ros/humble/share/geometry_msgs/cmake)
[0.990s] -- Found tf2_msgs: 0.25.3 (/opt/ros/humble/share/tf2_msgs/cmake)
[1.209s] -- Found custom_messages: 0.0.0 (/home/mtrn/MTRN4231_final_project/install/custom_messages/share/custom_messages/cmake)
[1.256s] -- Found ament_lint_auto: 0.12.7 (/opt/ros/humble/share/ament_lint_auto/cmake)
[1.419s] -- Added test 'cppcheck' to perform static code analysis on C / C++ code
[1.420s] -- Configured cppcheck include dirs: 
[1.421s] -- Configured cppcheck exclude dirs and/or files: 
[1.424s] -- Added test 'lint_cmake' to check CMake code style
[1.427s] -- Added test 'uncrustify' to check C / C++ code style
[1.427s] -- Configured uncrustify additional arguments: 
[1.429s] -- Added test 'xmllint' to check XML markup files
[1.431s] -- Configuring done
[1.460s] -- Generating done
[1.464s] -- Build files have been written to: /home/mtrn/MTRN4231_final_project/build/path_planning
[1.561s] [35m[1mConsolidate compiler generated dependencies of target brain_node[0m
[1.618s] [100%] Built target brain_node
[1.642s] Invoked command in '/home/mtrn/MTRN4231_final_project/build/path_planning' returned '0': CMAKE_PREFIX_PATH=${CMAKE_PREFIX_PATH}:/home/mtrn/MTRN4231_final_project/install/image_processing:/home/mtrn/4231/ws_moveit2/install/moveit_configs_utils:/home/mtrn/4231/ws_moveit2/install/launch_param_builder:/opt/ros/humble /usr/bin/cmake --build /home/mtrn/MTRN4231_final_project/build/path_planning -- -j4 -l4
[1.743s] Invoking command in '/home/mtrn/MTRN4231_final_project/build/path_planning': CMAKE_PREFIX_PATH=${CMAKE_PREFIX_PATH}:/home/mtrn/MTRN4231_final_project/install/image_processing:/home/mtrn/4231/ws_moveit2/install/moveit_configs_utils:/home/mtrn/4231/ws_moveit2/install/launch_param_builder:/opt/ros/humble /usr/bin/cmake --install /home/mtrn/MTRN4231_final_project/build/path_planning
[1.757s] -- Install configuration: ""
[1.758s] -- Up-to-date: /home/mtrn/MTRN4231_final_project/install/path_planning/share/ament_index/resource_index/package_run_dependencies/path_planning
[1.758s] -- Up-to-date: /home/mtrn/MTRN4231_final_project/install/path_planning/share/ament_index/resource_index/parent_prefix_path/path_planning
[1.759s] -- Up-to-date: /home/mtrn/MTRN4231_final_project/install/path_planning/share/path_planning/environment/ament_prefix_path.sh
[1.760s] -- Installing: /home/mtrn/MTRN4231_final_project/install/path_planning/share/path_planning/environment/ament_prefix_path.dsv
[1.761s] -- Up-to-date: /home/mtrn/MTRN4231_final_project/install/path_planning/share/path_planning/environment/path.sh
[1.762s] -- Installing: /home/mtrn/MTRN4231_final_project/install/path_planning/share/path_planning/environment/path.dsv
[1.764s] -- Up-to-date: /home/mtrn/MTRN4231_final_project/install/path_planning/share/path_planning/local_setup.bash
[1.765s] -- Up-to-date: /home/mtrn/MTRN4231_final_project/install/path_planning/share/path_planning/local_setup.sh
[1.765s] -- Up-to-date: /home/mtrn/MTRN4231_final_project/install/path_planning/share/path_planning/local_setup.zsh
[1.766s] -- Installing: /home/mtrn/MTRN4231_final_project/install/path_planning/share/path_planning/local_setup.dsv
[1.768s] -- Installing: /home/mtrn/MTRN4231_final_project/install/path_planning/share/path_planning/package.dsv
[1.768s] -- Up-to-date: /home/mtrn/MTRN4231_final_project/install/path_planning/share/ament_index/resource_index/packages/path_planning
[1.768s] -- Up-to-date: /home/mtrn/MTRN4231_final_project/install/path_planning/share/path_planning/cmake/path_planningConfig.cmake
[1.768s] -- Up-to-date: /home/mtrn/MTRN4231_final_project/install/path_planning/share/path_planning/cmake/path_planningConfig-version.cmake
[1.769s] -- Up-to-date: /home/mtrn/MTRN4231_final_project/install/path_planning/share/path_planning/package.xml
[1.773s] Invoked command in '/home/mtrn/MTRN4231_final_project/build/path_planning' returned '0': CMAKE_PREFIX_PATH=${CMAKE_PREFIX_PATH}:/home/mtrn/MTRN4231_final_project/install/image_processing:/home/mtrn/4231/ws_moveit2/install/moveit_configs_utils:/home/mtrn/4231/ws_moveit2/install/launch_param_builder:/opt/ros/humble /usr/bin/cmake --install /home/mtrn/MTRN4231_final_project/build/path_planning
