[1.332s] Invoking command in '/home/mtrn/4231/MTRN4231_final_project/image_processing': PYTHONPATH=/home/mtrn/4231/MTRN4231_final_project/build/image_processing/prefix_override:/home/mtrn/4231/MTRN4231_final_project/install/image_processing/lib/python3.10/site-packages:${PYTHONPATH} /usr/bin/python3 setup.py egg_info --egg-base ../build/image_processing build --build-base /home/mtrn/4231/MTRN4231_final_project/build/image_processing/build install --record /home/mtrn/4231/MTRN4231_final_project/build/image_processing/install.log --single-version-externally-managed
[1.760s] running egg_info
[1.761s] writing ../build/image_processing/image_processing.egg-info/PKG-INFO
[1.761s] writing dependency_links to ../build/image_processing/image_processing.egg-info/dependency_links.txt
[1.761s] writing entry points to ../build/image_processing/image_processing.egg-info/entry_points.txt
[1.762s] writing requirements to ../build/image_processing/image_processing.egg-info/requires.txt
[1.762s] writing top-level names to ../build/image_processing/image_processing.egg-info/top_level.txt
[1.764s] reading manifest file '../build/image_processing/image_processing.egg-info/SOURCES.txt'
[1.765s] writing manifest file '../build/image_processing/image_processing.egg-info/SOURCES.txt'
[1.766s] running build
[1.766s] running build_py
[1.766s] copying image_processing/smile_detector_node.py -> /home/mtrn/4231/MTRN4231_final_project/build/image_processing/build/lib/image_processing
[1.766s] running install
[1.767s] running install_lib
[1.769s] copying /home/mtrn/4231/MTRN4231_final_project/build/image_processing/build/lib/image_processing/smile_detector_node.py -> /home/mtrn/4231/MTRN4231_final_project/install/image_processing/lib/python3.10/site-packages/image_processing
[1.769s] byte-compiling /home/mtrn/4231/MTRN4231_final_project/install/image_processing/lib/python3.10/site-packages/image_processing/smile_detector_node.py to smile_detector_node.cpython-310.pyc
[1.770s] running install_data
[1.770s] running install_egg_info
[1.772s] removing '/home/mtrn/4231/MTRN4231_final_project/install/image_processing/lib/python3.10/site-packages/image_processing-0.0.0-py3.10.egg-info' (and everything under it)
[1.772s] Copying ../build/image_processing/image_processing.egg-info to /home/mtrn/4231/MTRN4231_final_project/install/image_processing/lib/python3.10/site-packages/image_processing-0.0.0-py3.10.egg-info
[1.773s] running install_scripts
[1.801s] Installing smile_detector_node script to /home/mtrn/4231/MTRN4231_final_project/install/image_processing/lib/image_processing
[1.802s] writing list of installed files to '/home/mtrn/4231/MTRN4231_final_project/build/image_processing/install.log'
[1.844s] Invoked command in '/home/mtrn/4231/MTRN4231_final_project/image_processing' returned '0': PYTHONPATH=/home/mtrn/4231/MTRN4231_final_project/build/image_processing/prefix_override:/home/mtrn/4231/MTRN4231_final_project/install/image_processing/lib/python3.10/site-packages:${PYTHONPATH} /usr/bin/python3 setup.py egg_info --egg-base ../build/image_processing build --build-base /home/mtrn/4231/MTRN4231_final_project/build/image_processing/build install --record /home/mtrn/4231/MTRN4231_final_project/build/image_processing/install.log --single-version-externally-managed
