[0.206s] Invoking command in '/home/mtrn/MTRN4231_final_project/build/custom_messages': CMAKE_PREFIX_PATH=${CMAKE_PREFIX_PATH}:/home/mtrn/MTRN4231_final_project/install/image_processing:/home/mtrn/4231/ws_moveit2/install/moveit_configs_utils:/home/mtrn/4231/ws_moveit2/install/launch_param_builder:/opt/ros/humble /usr/bin/cmake --build /home/mtrn/MTRN4231_final_project/build/custom_messages -- -j4 -l4
[0.936s] [  3%] Built target custom_messages__cpp
[0.936s] [ 12%] Built target custom_messages__rosidl_generator_c
[0.936s] [ 12%] Built target ament_cmake_python_copy_custom_messages
[0.936s] [ 22%] Built target custom_messages__rosidl_typesupport_cpp
[0.937s] [ 32%] Built target custom_messages__rosidl_typesupport_introspection_cpp
[0.937s] [ 41%] Built target custom_messages__rosidl_typesupport_fastrtps_cpp
[0.937s] [ 51%] Built target custom_messages__rosidl_typesupport_fastrtps_c
[0.937s] [ 61%] Built target custom_messages__rosidl_typesupport_introspection_c
[0.937s] [ 70%] Built target custom_messages__rosidl_typesupport_c
[0.937s] [ 70%] Built target custom_messages
[0.937s] [ 74%] Built target custom_messages__py
[0.937s] [ 80%] Built target custom_messages__rosidl_generator_py
[0.956s] [ 87%] Built target custom_messages__rosidl_typesupport_fastrtps_c__pyext
[0.988s] [ 93%] Built target custom_messages__rosidl_typesupport_introspection_c__pyext
[1.013s] [100%] Built target custom_messages__rosidl_typesupport_c__pyext
[1.281s] running egg_info
[1.283s] writing custom_messages.egg-info/PKG-INFO
[1.284s] writing dependency_links to custom_messages.egg-info/dependency_links.txt
[1.284s] writing top-level names to custom_messages.egg-info/top_level.txt
[1.286s] reading manifest file 'custom_messages.egg-info/SOURCES.txt'
[1.287s] writing manifest file 'custom_messages.egg-info/SOURCES.txt'
[1.412s] [100%] Built target ament_cmake_python_build_custom_messages_egg
[1.470s] Invoked command in '/home/mtrn/MTRN4231_final_project/build/custom_messages' returned '0': CMAKE_PREFIX_PATH=${CMAKE_PREFIX_PATH}:/home/mtrn/MTRN4231_final_project/install/image_processing:/home/mtrn/4231/ws_moveit2/install/moveit_configs_utils:/home/mtrn/4231/ws_moveit2/install/launch_param_builder:/opt/ros/humble /usr/bin/cmake --build /home/mtrn/MTRN4231_final_project/build/custom_messages -- -j4 -l4
[1.830s] Invoking command in '/home/mtrn/MTRN4231_final_project/build/custom_messages': CMAKE_PREFIX_PATH=${CMAKE_PREFIX_PATH}:/home/mtrn/MTRN4231_final_project/install/image_processing:/home/mtrn/4231/ws_moveit2/install/moveit_configs_utils:/home/mtrn/4231/ws_moveit2/install/launch_param_builder:/opt/ros/humble /usr/bin/cmake --install /home/mtrn/MTRN4231_final_project/build/custom_messages
[1.873s] -- Install configuration: ""
[1.874s] -- Up-to-date: /home/mtrn/MTRN4231_final_project/install/custom_messages/share/ament_index/resource_index/rosidl_interfaces/custom_messages
[1.875s] -- Up-to-date: /home/mtrn/MTRN4231_final_project/install/custom_messages/include/custom_messages/custom_messages
[1.877s] -- Up-to-date: /home/mtrn/MTRN4231_final_project/install/custom_messages/include/custom_messages/custom_messages/msg
[1.878s] -- Up-to-date: /home/mtrn/MTRN4231_final_project/install/custom_messages/include/custom_messages/custom_messages/msg/rosidl_generator_c__visibility_control.h
[1.879s] -- Up-to-date: /home/mtrn/MTRN4231_final_project/install/custom_messages/include/custom_messages/custom_messages/msg/detail
[1.880s] -- Up-to-date: /home/mtrn/MTRN4231_final_project/install/custom_messages/include/custom_messages/custom_messages/msg/detail/robot_action__type_support.h
[1.881s] -- Up-to-date: /home/mtrn/MTRN4231_final_project/install/custom_messages/include/custom_messages/custom_messages/msg/detail/robot_action__functions.c
[1.882s] -- Up-to-date: /home/mtrn/MTRN4231_final_project/install/custom_messages/include/custom_messages/custom_messages/msg/detail/robot_action__functions.h
[1.883s] -- Up-to-date: /home/mtrn/MTRN4231_final_project/install/custom_messages/include/custom_messages/custom_messages/msg/detail/robot_action__struct.h
[1.885s] -- Up-to-date: /home/mtrn/MTRN4231_final_project/install/custom_messages/include/custom_messages/custom_messages/msg/robot_action.h
[1.886s] -- Up-to-date: /home/mtrn/MTRN4231_final_project/install/custom_messages/share/custom_messages/environment/library_path.sh
[1.887s] -- Up-to-date: /home/mtrn/MTRN4231_final_project/install/custom_messages/share/custom_messages/environment/library_path.dsv
[1.889s] -- Up-to-date: /home/mtrn/MTRN4231_final_project/install/custom_messages/lib/libcustom_messages__rosidl_generator_c.so
[1.890s] -- Up-to-date: /home/mtrn/MTRN4231_final_project/install/custom_messages/include/custom_messages/custom_messages
[1.892s] -- Up-to-date: /home/mtrn/MTRN4231_final_project/install/custom_messages/include/custom_messages/custom_messages/msg
[1.892s] -- Up-to-date: /home/mtrn/MTRN4231_final_project/install/custom_messages/include/custom_messages/custom_messages/msg/rosidl_typesupport_fastrtps_c__visibility_control.h
[1.892s] -- Up-to-date: /home/mtrn/MTRN4231_final_project/install/custom_messages/include/custom_messages/custom_messages/msg/detail
[1.892s] -- Up-to-date: /home/mtrn/MTRN4231_final_project/install/custom_messages/include/custom_messages/custom_messages/msg/detail/robot_action__rosidl_typesupport_fastrtps_c.h
[1.908s] -- Up-to-date: /home/mtrn/MTRN4231_final_project/install/custom_messages/lib/libcustom_messages__rosidl_typesupport_fastrtps_c.so
[1.908s] -- Up-to-date: /home/mtrn/MTRN4231_final_project/install/custom_messages/include/custom_messages/custom_messages
[1.908s] -- Up-to-date: /home/mtrn/MTRN4231_final_project/install/custom_messages/include/custom_messages/custom_messages/msg
[1.908s] -- Up-to-date: /home/mtrn/MTRN4231_final_project/install/custom_messages/include/custom_messages/custom_messages/msg/rosidl_typesupport_introspection_c__visibility_control.h
[1.908s] -- Up-to-date: /home/mtrn/MTRN4231_final_project/install/custom_messages/include/custom_messages/custom_messages/msg/detail
[1.908s] -- Up-to-date: /home/mtrn/MTRN4231_final_project/install/custom_messages/include/custom_messages/custom_messages/msg/detail/robot_action__type_support.c
[1.908s] -- Up-to-date: /home/mtrn/MTRN4231_final_project/install/custom_messages/include/custom_messages/custom_messages/msg/detail/robot_action__rosidl_typesupport_introspection_c.h
[1.908s] -- Up-to-date: /home/mtrn/MTRN4231_final_project/install/custom_messages/lib/libcustom_messages__rosidl_typesupport_introspection_c.so
[1.909s] -- Up-to-date: /home/mtrn/MTRN4231_final_project/install/custom_messages/lib/libcustom_messages__rosidl_typesupport_c.so
[1.909s] -- Up-to-date: /home/mtrn/MTRN4231_final_project/install/custom_messages/include/custom_messages/custom_messages
[1.909s] -- Up-to-date: /home/mtrn/MTRN4231_final_project/install/custom_messages/include/custom_messages/custom_messages/msg
[1.909s] -- Up-to-date: /home/mtrn/MTRN4231_final_project/install/custom_messages/include/custom_messages/custom_messages/msg/robot_action.hpp
[1.909s] -- Up-to-date: /home/mtrn/MTRN4231_final_project/install/custom_messages/include/custom_messages/custom_messages/msg/detail
[1.909s] -- Up-to-date: /home/mtrn/MTRN4231_final_project/install/custom_messages/include/custom_messages/custom_messages/msg/detail/robot_action__struct.hpp
[1.909s] -- Up-to-date: /home/mtrn/MTRN4231_final_project/install/custom_messages/include/custom_messages/custom_messages/msg/detail/robot_action__traits.hpp
[1.909s] -- Up-to-date: /home/mtrn/MTRN4231_final_project/install/custom_messages/include/custom_messages/custom_messages/msg/detail/robot_action__builder.hpp
[1.909s] -- Up-to-date: /home/mtrn/MTRN4231_final_project/install/custom_messages/include/custom_messages/custom_messages
[1.909s] -- Up-to-date: /home/mtrn/MTRN4231_final_project/install/custom_messages/include/custom_messages/custom_messages/msg
[1.909s] -- Up-to-date: /home/mtrn/MTRN4231_final_project/install/custom_messages/include/custom_messages/custom_messages/msg/detail
[1.909s] -- Up-to-date: /home/mtrn/MTRN4231_final_project/install/custom_messages/include/custom_messages/custom_messages/msg/detail/robot_action__rosidl_typesupport_fastrtps_cpp.hpp
[1.910s] -- Up-to-date: /home/mtrn/MTRN4231_final_project/install/custom_messages/include/custom_messages/custom_messages/msg/detail/dds_fastrtps
[1.910s] -- Up-to-date: /home/mtrn/MTRN4231_final_project/install/custom_messages/include/custom_messages/custom_messages/msg/rosidl_typesupport_fastrtps_cpp__visibility_control.h
[1.910s] -- Up-to-date: /home/mtrn/MTRN4231_final_project/install/custom_messages/lib/libcustom_messages__rosidl_typesupport_fastrtps_cpp.so
[1.911s] -- Up-to-date: /home/mtrn/MTRN4231_final_project/install/custom_messages/include/custom_messages/custom_messages
[1.911s] -- Up-to-date: /home/mtrn/MTRN4231_final_project/install/custom_messages/include/custom_messages/custom_messages/msg
[1.911s] -- Up-to-date: /home/mtrn/MTRN4231_final_project/install/custom_messages/include/custom_messages/custom_messages/msg/detail
[1.911s] -- Up-to-date: /home/mtrn/MTRN4231_final_project/install/custom_messages/include/custom_messages/custom_messages/msg/detail/robot_action__type_support.cpp
[1.911s] -- Up-to-date: /home/mtrn/MTRN4231_final_project/install/custom_messages/include/custom_messages/custom_messages/msg/detail/robot_action__rosidl_typesupport_introspection_cpp.hpp
[1.911s] -- Up-to-date: /home/mtrn/MTRN4231_final_project/install/custom_messages/lib/libcustom_messages__rosidl_typesupport_introspection_cpp.so
[1.911s] -- Up-to-date: /home/mtrn/MTRN4231_final_project/install/custom_messages/lib/libcustom_messages__rosidl_typesupport_cpp.so
[1.911s] -- Up-to-date: /home/mtrn/MTRN4231_final_project/install/custom_messages/share/custom_messages/environment/pythonpath.sh
[1.912s] -- Up-to-date: /home/mtrn/MTRN4231_final_project/install/custom_messages/share/custom_messages/environment/pythonpath.dsv
[1.912s] -- Up-to-date: /home/mtrn/MTRN4231_final_project/install/custom_messages/local/lib/python3.10/dist-packages/custom_messages-0.0.0-py3.10.egg-info
[1.912s] -- Installing: /home/mtrn/MTRN4231_final_project/install/custom_messages/local/lib/python3.10/dist-packages/custom_messages-0.0.0-py3.10.egg-info/top_level.txt
[1.912s] -- Installing: /home/mtrn/MTRN4231_final_project/install/custom_messages/local/lib/python3.10/dist-packages/custom_messages-0.0.0-py3.10.egg-info/SOURCES.txt
[1.912s] -- Installing: /home/mtrn/MTRN4231_final_project/install/custom_messages/local/lib/python3.10/dist-packages/custom_messages-0.0.0-py3.10.egg-info/PKG-INFO
[1.912s] -- Installing: /home/mtrn/MTRN4231_final_project/install/custom_messages/local/lib/python3.10/dist-packages/custom_messages-0.0.0-py3.10.egg-info/dependency_links.txt
[1.912s] -- Up-to-date: /home/mtrn/MTRN4231_final_project/install/custom_messages/local/lib/python3.10/dist-packages/custom_messages
[1.912s] -- Up-to-date: /home/mtrn/MTRN4231_final_project/install/custom_messages/local/lib/python3.10/dist-packages/custom_messages/libcustom_messages__rosidl_generator_py.so
[1.912s] -- Up-to-date: /home/mtrn/MTRN4231_final_project/install/custom_messages/local/lib/python3.10/dist-packages/custom_messages/custom_messages_s__rosidl_typesupport_introspection_c.cpython-310-x86_64-linux-gnu.so
[1.912s] -- Up-to-date: /home/mtrn/MTRN4231_final_project/install/custom_messages/local/lib/python3.10/dist-packages/custom_messages/custom_messages_s__rosidl_typesupport_c.cpython-310-x86_64-linux-gnu.so
[1.912s] -- Up-to-date: /home/mtrn/MTRN4231_final_project/install/custom_messages/local/lib/python3.10/dist-packages/custom_messages/_custom_messages_s.ep.rosidl_typesupport_introspection_c.c
[1.912s] -- Up-to-date: /home/mtrn/MTRN4231_final_project/install/custom_messages/local/lib/python3.10/dist-packages/custom_messages/_custom_messages_s.ep.rosidl_typesupport_c.c
[1.912s] -- Up-to-date: /home/mtrn/MTRN4231_final_project/install/custom_messages/local/lib/python3.10/dist-packages/custom_messages/_custom_messages_s.ep.rosidl_typesupport_fastrtps_c.c
[1.913s] -- Up-to-date: /home/mtrn/MTRN4231_final_project/install/custom_messages/local/lib/python3.10/dist-packages/custom_messages/custom_messages_s__rosidl_typesupport_fastrtps_c.cpython-310-x86_64-linux-gnu.so
[1.913s] -- Up-to-date: /home/mtrn/MTRN4231_final_project/install/custom_messages/local/lib/python3.10/dist-packages/custom_messages/msg
[1.913s] -- Up-to-date: /home/mtrn/MTRN4231_final_project/install/custom_messages/local/lib/python3.10/dist-packages/custom_messages/msg/_robot_action.py
[1.913s] -- Up-to-date: /home/mtrn/MTRN4231_final_project/install/custom_messages/local/lib/python3.10/dist-packages/custom_messages/msg/_robot_action_s.c
[1.913s] -- Up-to-date: /home/mtrn/MTRN4231_final_project/install/custom_messages/local/lib/python3.10/dist-packages/custom_messages/msg/__init__.py
[1.913s] -- Up-to-date: /home/mtrn/MTRN4231_final_project/install/custom_messages/local/lib/python3.10/dist-packages/custom_messages/__init__.py
[2.025s] Listing '/home/mtrn/MTRN4231_final_project/install/custom_messages/local/lib/python3.10/dist-packages/custom_messages'...
[2.026s] Listing '/home/mtrn/MTRN4231_final_project/install/custom_messages/local/lib/python3.10/dist-packages/custom_messages/msg'...
[2.034s] -- Up-to-date: /home/mtrn/MTRN4231_final_project/install/custom_messages/local/lib/python3.10/dist-packages/custom_messages/custom_messages_s__rosidl_typesupport_fastrtps_c.cpython-310-x86_64-linux-gnu.so
[2.035s] -- Up-to-date: /home/mtrn/MTRN4231_final_project/install/custom_messages/local/lib/python3.10/dist-packages/custom_messages/custom_messages_s__rosidl_typesupport_introspection_c.cpython-310-x86_64-linux-gnu.so
[2.037s] -- Up-to-date: /home/mtrn/MTRN4231_final_project/install/custom_messages/local/lib/python3.10/dist-packages/custom_messages/custom_messages_s__rosidl_typesupport_c.cpython-310-x86_64-linux-gnu.so
[2.037s] -- Up-to-date: /home/mtrn/MTRN4231_final_project/install/custom_messages/lib/libcustom_messages__rosidl_generator_py.so
[2.039s] -- Up-to-date: /home/mtrn/MTRN4231_final_project/install/custom_messages/share/custom_messages/msg/RobotAction.idl
[2.040s] -- Up-to-date: /home/mtrn/MTRN4231_final_project/install/custom_messages/share/custom_messages/msg/RobotAction.msg
[2.040s] -- Up-to-date: /home/mtrn/MTRN4231_final_project/install/custom_messages/share/ament_index/resource_index/package_run_dependencies/custom_messages
[2.040s] -- Up-to-date: /home/mtrn/MTRN4231_final_project/install/custom_messages/share/ament_index/resource_index/parent_prefix_path/custom_messages
[2.041s] -- Up-to-date: /home/mtrn/MTRN4231_final_project/install/custom_messages/share/custom_messages/environment/ament_prefix_path.sh
[2.041s] -- Up-to-date: /home/mtrn/MTRN4231_final_project/install/custom_messages/share/custom_messages/environment/ament_prefix_path.dsv
[2.041s] -- Up-to-date: /home/mtrn/MTRN4231_final_project/install/custom_messages/share/custom_messages/environment/path.sh
[2.041s] -- Up-to-date: /home/mtrn/MTRN4231_final_project/install/custom_messages/share/custom_messages/environment/path.dsv
[2.044s] -- Up-to-date: /home/mtrn/MTRN4231_final_project/install/custom_messages/share/custom_messages/local_setup.bash
[2.044s] -- Up-to-date: /home/mtrn/MTRN4231_final_project/install/custom_messages/share/custom_messages/local_setup.sh
[2.044s] -- Up-to-date: /home/mtrn/MTRN4231_final_project/install/custom_messages/share/custom_messages/local_setup.zsh
[2.044s] -- Up-to-date: /home/mtrn/MTRN4231_final_project/install/custom_messages/share/custom_messages/local_setup.dsv
[2.045s] -- Installing: /home/mtrn/MTRN4231_final_project/install/custom_messages/share/custom_messages/package.dsv
[2.045s] -- Up-to-date: /home/mtrn/MTRN4231_final_project/install/custom_messages/share/ament_index/resource_index/packages/custom_messages
[2.045s] -- Up-to-date: /home/mtrn/MTRN4231_final_project/install/custom_messages/share/custom_messages/cmake/export_custom_messages__rosidl_generator_cExport.cmake
[2.045s] -- Up-to-date: /home/mtrn/MTRN4231_final_project/install/custom_messages/share/custom_messages/cmake/export_custom_messages__rosidl_generator_cExport-noconfig.cmake
[2.045s] -- Up-to-date: /home/mtrn/MTRN4231_final_project/install/custom_messages/share/custom_messages/cmake/export_custom_messages__rosidl_typesupport_fastrtps_cExport.cmake
[2.045s] -- Up-to-date: /home/mtrn/MTRN4231_final_project/install/custom_messages/share/custom_messages/cmake/export_custom_messages__rosidl_typesupport_fastrtps_cExport-noconfig.cmake
[2.045s] -- Up-to-date: /home/mtrn/MTRN4231_final_project/install/custom_messages/share/custom_messages/cmake/custom_messages__rosidl_typesupport_introspection_cExport.cmake
[2.046s] -- Up-to-date: /home/mtrn/MTRN4231_final_project/install/custom_messages/share/custom_messages/cmake/custom_messages__rosidl_typesupport_introspection_cExport-noconfig.cmake
[2.046s] -- Up-to-date: /home/mtrn/MTRN4231_final_project/install/custom_messages/share/custom_messages/cmake/custom_messages__rosidl_typesupport_cExport.cmake
[2.046s] -- Up-to-date: /home/mtrn/MTRN4231_final_project/install/custom_messages/share/custom_messages/cmake/custom_messages__rosidl_typesupport_cExport-noconfig.cmake
[2.046s] -- Up-to-date: /home/mtrn/MTRN4231_final_project/install/custom_messages/share/custom_messages/cmake/export_custom_messages__rosidl_generator_cppExport.cmake
[2.046s] -- Up-to-date: /home/mtrn/MTRN4231_final_project/install/custom_messages/share/custom_messages/cmake/export_custom_messages__rosidl_typesupport_fastrtps_cppExport.cmake
[2.047s] -- Up-to-date: /home/mtrn/MTRN4231_final_project/install/custom_messages/share/custom_messages/cmake/export_custom_messages__rosidl_typesupport_fastrtps_cppExport-noconfig.cmake
[2.047s] -- Up-to-date: /home/mtrn/MTRN4231_final_project/install/custom_messages/share/custom_messages/cmake/custom_messages__rosidl_typesupport_introspection_cppExport.cmake
[2.047s] -- Up-to-date: /home/mtrn/MTRN4231_final_project/install/custom_messages/share/custom_messages/cmake/custom_messages__rosidl_typesupport_introspection_cppExport-noconfig.cmake
[2.064s] -- Up-to-date: /home/mtrn/MTRN4231_final_project/install/custom_messages/share/custom_messages/cmake/custom_messages__rosidl_typesupport_cppExport.cmake
[2.064s] -- Up-to-date: /home/mtrn/MTRN4231_final_project/install/custom_messages/share/custom_messages/cmake/custom_messages__rosidl_typesupport_cppExport-noconfig.cmake
[2.064s] -- Up-to-date: /home/mtrn/MTRN4231_final_project/install/custom_messages/share/custom_messages/cmake/export_custom_messages__rosidl_generator_pyExport.cmake
[2.064s] -- Up-to-date: /home/mtrn/MTRN4231_final_project/install/custom_messages/share/custom_messages/cmake/export_custom_messages__rosidl_generator_pyExport-noconfig.cmake
[2.064s] -- Up-to-date: /home/mtrn/MTRN4231_final_project/install/custom_messages/share/custom_messages/cmake/rosidl_cmake-extras.cmake
[2.064s] -- Up-to-date: /home/mtrn/MTRN4231_final_project/install/custom_messages/share/custom_messages/cmake/ament_cmake_export_include_directories-extras.cmake
[2.064s] -- Up-to-date: /home/mtrn/MTRN4231_final_project/install/custom_messages/share/custom_messages/cmake/ament_cmake_export_libraries-extras.cmake
[2.065s] -- Up-to-date: /home/mtrn/MTRN4231_final_project/install/custom_messages/share/custom_messages/cmake/ament_cmake_export_targets-extras.cmake
[2.065s] -- Up-to-date: /home/mtrn/MTRN4231_final_project/install/custom_messages/share/custom_messages/cmake/rosidl_cmake_export_typesupport_targets-extras.cmake
[2.065s] -- Up-to-date: /home/mtrn/MTRN4231_final_project/install/custom_messages/share/custom_messages/cmake/ament_cmake_export_dependencies-extras.cmake
[2.065s] -- Up-to-date: /home/mtrn/MTRN4231_final_project/install/custom_messages/share/custom_messages/cmake/rosidl_cmake_export_typesupport_libraries-extras.cmake
[2.065s] -- Up-to-date: /home/mtrn/MTRN4231_final_project/install/custom_messages/share/custom_messages/cmake/custom_messagesConfig.cmake
[2.065s] -- Up-to-date: /home/mtrn/MTRN4231_final_project/install/custom_messages/share/custom_messages/cmake/custom_messagesConfig-version.cmake
[2.069s] -- Up-to-date: /home/mtrn/MTRN4231_final_project/install/custom_messages/share/custom_messages/package.xml
[2.095s] Invoked command in '/home/mtrn/MTRN4231_final_project/build/custom_messages' returned '0': CMAKE_PREFIX_PATH=${CMAKE_PREFIX_PATH}:/home/mtrn/MTRN4231_final_project/install/image_processing:/home/mtrn/4231/ws_moveit2/install/moveit_configs_utils:/home/mtrn/4231/ws_moveit2/install/launch_param_builder:/opt/ros/humble /usr/bin/cmake --install /home/mtrn/MTRN4231_final_project/build/custom_messages
