[0.433s] DEBUG:colcon:Command line arguments: ['/usr/bin/colcon', 'build']
[0.434s] DEBUG:colcon:Parsed command line arguments: Namespace(log_base=None, log_level=None, verb_name='build', build_base='build', install_base='install', merge_install=False, symlink_install=False, test_result_base=None, continue_on_error=False, executor='parallel', parallel_workers=4, event_handlers=None, ignore_user_meta=False, metas=['./colcon.meta'], base_paths=['.'], packages_ignore=None, packages_ignore_regex=None, paths=None, packages_up_to=None, packages_up_to_regex=None, packages_above=None, packages_above_and_dependencies=None, packages_above_depth=None, packages_select_by_dep=None, packages_skip_by_dep=None, packages_skip_up_to=None, packages_select_build_failed=False, packages_skip_build_finished=False, packages_select_test_failures=False, packages_skip_test_passed=False, packages_select=None, packages_skip=None, packages_select_regex=None, packages_skip_regex=None, packages_start=None, packages_end=None, allow_overriding=[], cmake_args=None, cmake_target=None, cmake_target_skip_unavailable=False, cmake_clean_cache=False, cmake_clean_first=False, cmake_force_configure=False, ament_cmake_args=None, catkin_cmake_args=None, catkin_skip_building_tests=False, mixin_files=None, mixin=None, verb_parser=<colcon_mixin.mixin.mixin_argument.MixinArgumentDecorator object at 0x7fa0fbbf6e90>, verb_extension=<colcon_core.verb.build.BuildVerb object at 0x7fa0fbbf6800>, main=<bound method BuildVerb.main of <colcon_core.verb.build.BuildVerb object at 0x7fa0fbbf6800>>, mixin_verb=('build',))
[0.462s] Level 1:colcon.colcon_core.package_discovery:discover_packages(colcon_meta) check parameters
[0.462s] Level 1:colcon.colcon_core.package_discovery:discover_packages(recursive) check parameters
[0.462s] Level 1:colcon.colcon_core.package_discovery:discover_packages(ignore) check parameters
[0.462s] Level 1:colcon.colcon_core.package_discovery:discover_packages(path) check parameters
[0.462s] Level 1:colcon.colcon_core.package_discovery:discover_packages(colcon_meta) discover
[0.462s] Level 1:colcon.colcon_core.package_discovery:discover_packages(recursive) discover
[0.462s] INFO:colcon.colcon_core.package_discovery:Crawling recursively for packages in '/home/mtrn/MTRN4231_final_project'
[0.462s] Level 1:colcon.colcon_core.package_identification:_identify(.) by extensions ['ignore', 'ignore_ament_install']
[0.463s] Level 1:colcon.colcon_core.package_identification:_identify(.) by extension 'ignore'
[0.463s] Level 1:colcon.colcon_core.package_identification:_identify(.) by extension 'ignore_ament_install'
[0.463s] Level 1:colcon.colcon_core.package_identification:_identify(.) by extensions ['colcon_pkg']
[0.463s] Level 1:colcon.colcon_core.package_identification:_identify(.) by extension 'colcon_pkg'
[0.463s] Level 1:colcon.colcon_core.package_identification:_identify(.) by extensions ['colcon_meta']
[0.463s] Level 1:colcon.colcon_core.package_identification:_identify(.) by extension 'colcon_meta'
[0.463s] Level 1:colcon.colcon_core.package_identification:_identify(.) by extensions ['ros']
[0.463s] Level 1:colcon.colcon_core.package_identification:_identify(.) by extension 'ros'
[0.476s] Level 1:colcon.colcon_core.package_identification:_identify(.) by extensions ['cmake', 'python']
[0.476s] Level 1:colcon.colcon_core.package_identification:_identify(.) by extension 'cmake'
[0.476s] Level 1:colcon.colcon_core.package_identification:_identify(.) by extension 'python'
[0.476s] Level 1:colcon.colcon_core.package_identification:_identify(.) by extensions ['python_setup_py']
[0.476s] Level 1:colcon.colcon_core.package_identification:_identify(.) by extension 'python_setup_py'
[0.476s] Level 1:colcon.colcon_core.package_identification:_identify(build) by extensions ['ignore', 'ignore_ament_install']
[0.476s] Level 1:colcon.colcon_core.package_identification:_identify(build) by extension 'ignore'
[0.476s] Level 1:colcon.colcon_core.package_identification:_identify(build) ignored
[0.477s] Level 1:colcon.colcon_core.package_identification:_identify(image_processing) by extensions ['ignore', 'ignore_ament_install']
[0.477s] Level 1:colcon.colcon_core.package_identification:_identify(image_processing) by extension 'ignore'
[0.477s] Level 1:colcon.colcon_core.package_identification:_identify(image_processing) by extension 'ignore_ament_install'
[0.477s] Level 1:colcon.colcon_core.package_identification:_identify(image_processing) by extensions ['colcon_pkg']
[0.477s] Level 1:colcon.colcon_core.package_identification:_identify(image_processing) by extension 'colcon_pkg'
[0.477s] Level 1:colcon.colcon_core.package_identification:_identify(image_processing) by extensions ['colcon_meta']
[0.477s] Level 1:colcon.colcon_core.package_identification:_identify(image_processing) by extension 'colcon_meta'
[0.477s] Level 1:colcon.colcon_core.package_identification:_identify(image_processing) by extensions ['ros']
[0.477s] Level 1:colcon.colcon_core.package_identification:_identify(image_processing) by extension 'ros'
[0.480s] DEBUG:colcon.colcon_core.package_identification:Package 'image_processing' with type 'ros.ament_python' and name 'image_processing'
[0.480s] Level 1:colcon.colcon_core.package_identification:_identify(install) by extensions ['ignore', 'ignore_ament_install']
[0.480s] Level 1:colcon.colcon_core.package_identification:_identify(install) by extension 'ignore'
[0.480s] Level 1:colcon.colcon_core.package_identification:_identify(install) ignored
[0.480s] Level 1:colcon.colcon_core.package_identification:_identify(locator) by extensions ['ignore', 'ignore_ament_install']
[0.481s] Level 1:colcon.colcon_core.package_identification:_identify(locator) by extension 'ignore'
[0.481s] Level 1:colcon.colcon_core.package_identification:_identify(locator) by extension 'ignore_ament_install'
[0.481s] Level 1:colcon.colcon_core.package_identification:_identify(locator) by extensions ['colcon_pkg']
[0.481s] Level 1:colcon.colcon_core.package_identification:_identify(locator) by extension 'colcon_pkg'
[0.481s] Level 1:colcon.colcon_core.package_identification:_identify(locator) by extensions ['colcon_meta']
[0.481s] Level 1:colcon.colcon_core.package_identification:_identify(locator) by extension 'colcon_meta'
[0.481s] Level 1:colcon.colcon_core.package_identification:_identify(locator) by extensions ['ros']
[0.481s] Level 1:colcon.colcon_core.package_identification:_identify(locator) by extension 'ros'
[0.481s] DEBUG:colcon.colcon_core.package_identification:Package 'locator' with type 'ros.ament_cmake' and name 'locator'
[0.482s] Level 1:colcon.colcon_core.package_identification:_identify(log) by extensions ['ignore', 'ignore_ament_install']
[0.482s] Level 1:colcon.colcon_core.package_identification:_identify(log) by extension 'ignore'
[0.482s] Level 1:colcon.colcon_core.package_identification:_identify(log) ignored
[0.482s] Level 1:colcon.colcon_core.package_identification:_identify(path_planning) by extensions ['ignore', 'ignore_ament_install']
[0.482s] Level 1:colcon.colcon_core.package_identification:_identify(path_planning) by extension 'ignore'
[0.482s] Level 1:colcon.colcon_core.package_identification:_identify(path_planning) by extension 'ignore_ament_install'
[0.482s] Level 1:colcon.colcon_core.package_identification:_identify(path_planning) by extensions ['colcon_pkg']
[0.482s] Level 1:colcon.colcon_core.package_identification:_identify(path_planning) by extension 'colcon_pkg'
[0.482s] Level 1:colcon.colcon_core.package_identification:_identify(path_planning) by extensions ['colcon_meta']
[0.482s] Level 1:colcon.colcon_core.package_identification:_identify(path_planning) by extension 'colcon_meta'
[0.482s] Level 1:colcon.colcon_core.package_identification:_identify(path_planning) by extensions ['ros']
[0.482s] Level 1:colcon.colcon_core.package_identification:_identify(path_planning) by extension 'ros'
[0.483s] DEBUG:colcon.colcon_core.package_identification:Package 'path_planning' with type 'ros.ament_cmake' and name 'path_planning'
[0.483s] Level 1:colcon.colcon_core.package_discovery:discover_packages(recursive) using defaults
[0.483s] Level 1:colcon.colcon_core.package_discovery:discover_packages(ignore) discover
[0.483s] Level 1:colcon.colcon_core.package_discovery:discover_packages(ignore) using defaults
[0.483s] Level 1:colcon.colcon_core.package_discovery:discover_packages(path) discover
[0.483s] Level 1:colcon.colcon_core.package_discovery:discover_packages(path) using defaults
[0.512s] Level 1:colcon.colcon_core.package_discovery:discover_packages(prefix_path) check parameters
[0.512s] Level 1:colcon.colcon_core.package_discovery:discover_packages(prefix_path) discover
[0.518s] DEBUG:colcon.colcon_installed_package_information.package_discovery:Found 7 installed packages in /home/mtrn/4231/ros_ur_driver/install
[0.521s] DEBUG:colcon.colcon_installed_package_information.package_discovery:Found 55 installed packages in /home/mtrn/4231/ws_moveit2/install
[0.524s] DEBUG:colcon.colcon_installed_package_information.package_discovery:Found 341 installed packages in /opt/ros/humble
[0.528s] Level 1:colcon.colcon_core.package_discovery:discover_packages(prefix_path) using defaults
[0.602s] Level 5:colcon.colcon_core.verb:set package 'image_processing' build argument 'cmake_args' from command line to 'None'
[0.603s] Level 5:colcon.colcon_core.verb:set package 'image_processing' build argument 'cmake_target' from command line to 'None'
[0.603s] Level 5:colcon.colcon_core.verb:set package 'image_processing' build argument 'cmake_target_skip_unavailable' from command line to 'False'
[0.603s] Level 5:colcon.colcon_core.verb:set package 'image_processing' build argument 'cmake_clean_cache' from command line to 'False'
[0.603s] Level 5:colcon.colcon_core.verb:set package 'image_processing' build argument 'cmake_clean_first' from command line to 'False'
[0.603s] Level 5:colcon.colcon_core.verb:set package 'image_processing' build argument 'cmake_force_configure' from command line to 'False'
[0.603s] Level 5:colcon.colcon_core.verb:set package 'image_processing' build argument 'ament_cmake_args' from command line to 'None'
[0.603s] Level 5:colcon.colcon_core.verb:set package 'image_processing' build argument 'catkin_cmake_args' from command line to 'None'
[0.603s] Level 5:colcon.colcon_core.verb:set package 'image_processing' build argument 'catkin_skip_building_tests' from command line to 'False'
[0.603s] DEBUG:colcon.colcon_core.verb:Building package 'image_processing' with the following arguments: {'ament_cmake_args': None, 'build_base': '/home/mtrn/MTRN4231_final_project/build/image_processing', 'catkin_cmake_args': None, 'catkin_skip_building_tests': False, 'cmake_args': None, 'cmake_clean_cache': False, 'cmake_clean_first': False, 'cmake_force_configure': False, 'cmake_target': None, 'cmake_target_skip_unavailable': False, 'install_base': '/home/mtrn/MTRN4231_final_project/install/image_processing', 'merge_install': False, 'path': '/home/mtrn/MTRN4231_final_project/image_processing', 'symlink_install': False, 'test_result_base': None}
[0.605s] Level 5:colcon.colcon_core.verb:set package 'locator' build argument 'cmake_args' from command line to 'None'
[0.605s] Level 5:colcon.colcon_core.verb:set package 'locator' build argument 'cmake_target' from command line to 'None'
[0.605s] Level 5:colcon.colcon_core.verb:set package 'locator' build argument 'cmake_target_skip_unavailable' from command line to 'False'
[0.605s] Level 5:colcon.colcon_core.verb:set package 'locator' build argument 'cmake_clean_cache' from command line to 'False'
[0.605s] Level 5:colcon.colcon_core.verb:set package 'locator' build argument 'cmake_clean_first' from command line to 'False'
[0.605s] Level 5:colcon.colcon_core.verb:set package 'locator' build argument 'cmake_force_configure' from command line to 'False'
[0.605s] Level 5:colcon.colcon_core.verb:set package 'locator' build argument 'ament_cmake_args' from command line to 'None'
[0.605s] Level 5:colcon.colcon_core.verb:set package 'locator' build argument 'catkin_cmake_args' from command line to 'None'
[0.605s] Level 5:colcon.colcon_core.verb:set package 'locator' build argument 'catkin_skip_building_tests' from command line to 'False'
[0.605s] DEBUG:colcon.colcon_core.verb:Building package 'locator' with the following arguments: {'ament_cmake_args': None, 'build_base': '/home/mtrn/MTRN4231_final_project/build/locator', 'catkin_cmake_args': None, 'catkin_skip_building_tests': False, 'cmake_args': None, 'cmake_clean_cache': False, 'cmake_clean_first': False, 'cmake_force_configure': False, 'cmake_target': None, 'cmake_target_skip_unavailable': False, 'install_base': '/home/mtrn/MTRN4231_final_project/install/locator', 'merge_install': False, 'path': '/home/mtrn/MTRN4231_final_project/locator', 'symlink_install': False, 'test_result_base': None}
[0.607s] Level 5:colcon.colcon_core.verb:set package 'path_planning' build argument 'cmake_args' from command line to 'None'
[0.607s] Level 5:colcon.colcon_core.verb:set package 'path_planning' build argument 'cmake_target' from command line to 'None'
[0.607s] Level 5:colcon.colcon_core.verb:set package 'path_planning' build argument 'cmake_target_skip_unavailable' from command line to 'False'
[0.607s] Level 5:colcon.colcon_core.verb:set package 'path_planning' build argument 'cmake_clean_cache' from command line to 'False'
[0.607s] Level 5:colcon.colcon_core.verb:set package 'path_planning' build argument 'cmake_clean_first' from command line to 'False'
[0.607s] Level 5:colcon.colcon_core.verb:set package 'path_planning' build argument 'cmake_force_configure' from command line to 'False'
[0.608s] Level 5:colcon.colcon_core.verb:set package 'path_planning' build argument 'ament_cmake_args' from command line to 'None'
[0.608s] Level 5:colcon.colcon_core.verb:set package 'path_planning' build argument 'catkin_cmake_args' from command line to 'None'
[0.608s] Level 5:colcon.colcon_core.verb:set package 'path_planning' build argument 'catkin_skip_building_tests' from command line to 'False'
[0.608s] DEBUG:colcon.colcon_core.verb:Building package 'path_planning' with the following arguments: {'ament_cmake_args': None, 'build_base': '/home/mtrn/MTRN4231_final_project/build/path_planning', 'catkin_cmake_args': None, 'catkin_skip_building_tests': False, 'cmake_args': None, 'cmake_clean_cache': False, 'cmake_clean_first': False, 'cmake_force_configure': False, 'cmake_target': None, 'cmake_target_skip_unavailable': False, 'install_base': '/home/mtrn/MTRN4231_final_project/install/path_planning', 'merge_install': False, 'path': '/home/mtrn/MTRN4231_final_project/path_planning', 'symlink_install': False, 'test_result_base': None}
[0.609s] INFO:colcon.colcon_core.executor:Executing jobs using 'parallel' executor
[0.615s] DEBUG:colcon.colcon_parallel_executor.executor.parallel:run_until_complete
[0.616s] INFO:colcon.colcon_ros.task.ament_python.build:Building ROS package in '/home/mtrn/MTRN4231_final_project/image_processing' with build type 'ament_python'
[0.616s] Level 1:colcon.colcon_core.shell:create_environment_hook('image_processing', 'ament_prefix_path')
[0.622s] INFO:colcon.colcon_core.plugin_system:Skipping extension 'colcon_core.shell.bat': Not used on non-Windows systems
[0.622s] INFO:colcon.colcon_core.shell:Creating environment hook '/home/mtrn/MTRN4231_final_project/install/image_processing/share/image_processing/hook/ament_prefix_path.ps1'
[0.623s] INFO:colcon.colcon_core.shell:Creating environment descriptor '/home/mtrn/MTRN4231_final_project/install/image_processing/share/image_processing/hook/ament_prefix_path.dsv'
[0.623s] INFO:colcon.colcon_core.shell:Creating environment hook '/home/mtrn/MTRN4231_final_project/install/image_processing/share/image_processing/hook/ament_prefix_path.sh'
[0.636s] INFO:colcon.colcon_core.shell:Skip shell extension 'powershell' for command environment: Not usable outside of PowerShell
[0.636s] DEBUG:colcon.colcon_core.shell:Skip shell extension 'dsv' for command environment
[0.651s] INFO:colcon.colcon_ros.task.ament_cmake.build:Building ROS package in '/home/mtrn/MTRN4231_final_project/locator' with build type 'ament_cmake'
[0.652s] INFO:colcon.colcon_cmake.task.cmake.build:Building CMake package in '/home/mtrn/MTRN4231_final_project/locator'
[0.656s] INFO:colcon.colcon_core.shell:Skip shell extension 'powershell' for command environment: Not usable outside of PowerShell
[0.657s] DEBUG:colcon.colcon_core.shell:Skip shell extension 'dsv' for command environment
[0.676s] INFO:colcon.colcon_ros.task.ament_cmake.build:Building ROS package in '/home/mtrn/MTRN4231_final_project/path_planning' with build type 'ament_cmake'
[0.676s] INFO:colcon.colcon_cmake.task.cmake.build:Building CMake package in '/home/mtrn/MTRN4231_final_project/path_planning'
[0.680s] INFO:colcon.colcon_core.shell:Skip shell extension 'powershell' for command environment: Not usable outside of PowerShell
[0.680s] DEBUG:colcon.colcon_core.shell:Skip shell extension 'dsv' for command environment
[1.025s] INFO:colcon.colcon_core.task.python.build:Building Python package in '/home/mtrn/MTRN4231_final_project/image_processing'
[1.028s] INFO:colcon.colcon_core.shell:Skip shell extension 'powershell' for command environment: Not usable outside of PowerShell
[1.028s] DEBUG:colcon.colcon_core.shell:Skip shell extension 'dsv' for command environment
[1.046s] DEBUG:colcon.colcon_core.event_handler.log_command:Invoking command in '/home/mtrn/MTRN4231_final_project/build/locator': CMAKE_PREFIX_PATH=${CMAKE_PREFIX_PATH}:/home/mtrn/4231/ws_moveit2/install/moveit_configs_utils:/home/mtrn/4231/ws_moveit2/install/launch_param_builder:/opt/ros/humble /usr/bin/cmake --build /home/mtrn/MTRN4231_final_project/build/locator -- -j4 -l4
[1.053s] DEBUG:colcon.colcon_core.event_handler.log_command:Invoking command in '/home/mtrn/MTRN4231_final_project/build/path_planning': CMAKE_PREFIX_PATH=${CMAKE_PREFIX_PATH}:/home/mtrn/4231/ws_moveit2/install/moveit_configs_utils:/home/mtrn/4231/ws_moveit2/install/launch_param_builder:/opt/ros/humble /usr/bin/cmake --build /home/mtrn/MTRN4231_final_project/build/path_planning -- -j4 -l4
[1.121s] DEBUG:colcon.colcon_core.event_handler.log_command:Invoked command in '/home/mtrn/MTRN4231_final_project/build/locator' returned '0': CMAKE_PREFIX_PATH=${CMAKE_PREFIX_PATH}:/home/mtrn/4231/ws_moveit2/install/moveit_configs_utils:/home/mtrn/4231/ws_moveit2/install/launch_param_builder:/opt/ros/humble /usr/bin/cmake --build /home/mtrn/MTRN4231_final_project/build/locator -- -j4 -l4
[1.216s] DEBUG:colcon.colcon_core.event_handler.log_command:Invoking command in '/home/mtrn/MTRN4231_final_project/build/locator': CMAKE_PREFIX_PATH=${CMAKE_PREFIX_PATH}:/home/mtrn/4231/ws_moveit2/install/moveit_configs_utils:/home/mtrn/4231/ws_moveit2/install/launch_param_builder:/opt/ros/humble /usr/bin/cmake --install /home/mtrn/MTRN4231_final_project/build/locator
[1.241s] Level 1:colcon.colcon_core.environment:create_environment_scripts_only(locator)
[1.242s] DEBUG:colcon.colcon_core.event_handler.log_command:Invoked command in '/home/mtrn/MTRN4231_final_project/build/locator' returned '0': CMAKE_PREFIX_PATH=${CMAKE_PREFIX_PATH}:/home/mtrn/4231/ws_moveit2/install/moveit_configs_utils:/home/mtrn/4231/ws_moveit2/install/launch_param_builder:/opt/ros/humble /usr/bin/cmake --install /home/mtrn/MTRN4231_final_project/build/locator
[1.249s] Level 1:colcon.colcon_core.environment:checking '/home/mtrn/MTRN4231_final_project/install/locator' for CMake module files
[1.250s] Level 1:colcon.colcon_core.environment:checking '/home/mtrn/MTRN4231_final_project/install/locator' for CMake config files
[1.250s] Level 1:colcon.colcon_core.shell:create_environment_hook('locator', 'cmake_prefix_path')
[1.253s] INFO:colcon.colcon_core.shell:Creating environment hook '/home/mtrn/MTRN4231_final_project/install/locator/share/locator/hook/cmake_prefix_path.ps1'
[1.254s] INFO:colcon.colcon_core.shell:Creating environment descriptor '/home/mtrn/MTRN4231_final_project/install/locator/share/locator/hook/cmake_prefix_path.dsv'
[1.256s] INFO:colcon.colcon_core.shell:Creating environment hook '/home/mtrn/MTRN4231_final_project/install/locator/share/locator/hook/cmake_prefix_path.sh'
[1.258s] Level 1:colcon.colcon_core.environment:checking '/home/mtrn/MTRN4231_final_project/install/locator/bin'
[1.258s] Level 1:colcon.colcon_core.environment:checking '/home/mtrn/MTRN4231_final_project/install/locator/lib/pkgconfig/locator.pc'
[1.259s] Level 1:colcon.colcon_core.environment:checking '/home/mtrn/MTRN4231_final_project/install/locator/lib/python3.10/site-packages'
[1.259s] Level 1:colcon.colcon_core.environment:checking '/home/mtrn/MTRN4231_final_project/install/locator/bin'
[1.265s] INFO:colcon.colcon_core.shell:Creating package script '/home/mtrn/MTRN4231_final_project/install/locator/share/locator/package.ps1'
[1.267s] INFO:colcon.colcon_core.shell:Creating package descriptor '/home/mtrn/MTRN4231_final_project/install/locator/share/locator/package.dsv'
[1.268s] INFO:colcon.colcon_core.shell:Creating package script '/home/mtrn/MTRN4231_final_project/install/locator/share/locator/package.sh'
[1.270s] INFO:colcon.colcon_core.shell:Creating package script '/home/mtrn/MTRN4231_final_project/install/locator/share/locator/package.bash'
[1.272s] INFO:colcon.colcon_core.shell:Creating package script '/home/mtrn/MTRN4231_final_project/install/locator/share/locator/package.zsh'
[1.274s] Level 1:colcon.colcon_core.environment:create_file_with_runtime_dependencies(/home/mtrn/MTRN4231_final_project/install/locator/share/colcon-core/packages/locator)
[1.326s] Level 1:colcon.colcon_core.environment:create_environment_scripts_only(locator)
[1.334s] Level 1:colcon.colcon_core.environment:checking '/home/mtrn/MTRN4231_final_project/install/locator' for CMake module files
[1.335s] Level 1:colcon.colcon_core.environment:checking '/home/mtrn/MTRN4231_final_project/install/locator' for CMake config files
[1.335s] Level 1:colcon.colcon_core.shell:create_environment_hook('locator', 'cmake_prefix_path')
[1.340s] INFO:colcon.colcon_core.shell:Creating environment hook '/home/mtrn/MTRN4231_final_project/install/locator/share/locator/hook/cmake_prefix_path.ps1'
[1.341s] INFO:colcon.colcon_core.shell:Creating environment descriptor '/home/mtrn/MTRN4231_final_project/install/locator/share/locator/hook/cmake_prefix_path.dsv'
[1.342s] INFO:colcon.colcon_core.shell:Creating environment hook '/home/mtrn/MTRN4231_final_project/install/locator/share/locator/hook/cmake_prefix_path.sh'
[1.343s] Level 1:colcon.colcon_core.environment:checking '/home/mtrn/MTRN4231_final_project/install/locator/bin'
[1.343s] Level 1:colcon.colcon_core.environment:checking '/home/mtrn/MTRN4231_final_project/install/locator/lib/pkgconfig/locator.pc'
[1.343s] Level 1:colcon.colcon_core.environment:checking '/home/mtrn/MTRN4231_final_project/install/locator/lib/python3.10/site-packages'
[1.343s] Level 1:colcon.colcon_core.environment:checking '/home/mtrn/MTRN4231_final_project/install/locator/bin'
[1.346s] INFO:colcon.colcon_core.shell:Creating package script '/home/mtrn/MTRN4231_final_project/install/locator/share/locator/package.ps1'
[1.347s] INFO:colcon.colcon_core.shell:Creating package descriptor '/home/mtrn/MTRN4231_final_project/install/locator/share/locator/package.dsv'
[1.348s] INFO:colcon.colcon_core.shell:Creating package script '/home/mtrn/MTRN4231_final_project/install/locator/share/locator/package.sh'
[1.349s] INFO:colcon.colcon_core.shell:Creating package script '/home/mtrn/MTRN4231_final_project/install/locator/share/locator/package.bash'
[1.349s] INFO:colcon.colcon_core.shell:Creating package script '/home/mtrn/MTRN4231_final_project/install/locator/share/locator/package.zsh'
[1.350s] Level 1:colcon.colcon_core.environment:create_file_with_runtime_dependencies(/home/mtrn/MTRN4231_final_project/install/locator/share/colcon-core/packages/locator)
[1.607s] DEBUG:colcon.colcon_core.event_handler.log_command:Invoking command in '/home/mtrn/MTRN4231_final_project/image_processing': PYTHONPATH=/home/mtrn/MTRN4231_final_project/build/image_processing/prefix_override:/home/mtrn/MTRN4231_final_project/install/image_processing/lib/python3.10/site-packages:${PYTHONPATH} /usr/bin/python3 setup.py egg_info --egg-base ../build/image_processing build --build-base /home/mtrn/MTRN4231_final_project/build/image_processing/build install --record /home/mtrn/MTRN4231_final_project/build/image_processing/install.log --single-version-externally-managed
[2.025s] Level 1:colcon.colcon_core.environment:checking '/home/mtrn/MTRN4231_final_project/install/image_processing' for CMake module files
[2.025s] DEBUG:colcon.colcon_core.event_handler.log_command:Invoked command in '/home/mtrn/MTRN4231_final_project/image_processing' returned '0': PYTHONPATH=/home/mtrn/MTRN4231_final_project/build/image_processing/prefix_override:/home/mtrn/MTRN4231_final_project/install/image_processing/lib/python3.10/site-packages:${PYTHONPATH} /usr/bin/python3 setup.py egg_info --egg-base ../build/image_processing build --build-base /home/mtrn/MTRN4231_final_project/build/image_processing/build install --record /home/mtrn/MTRN4231_final_project/build/image_processing/install.log --single-version-externally-managed
[2.026s] Level 1:colcon.colcon_core.environment:checking '/home/mtrn/MTRN4231_final_project/install/image_processing' for CMake config files
[2.026s] Level 1:colcon.colcon_core.environment:checking '/home/mtrn/MTRN4231_final_project/install/image_processing/lib'
[2.027s] Level 1:colcon.colcon_core.environment:checking '/home/mtrn/MTRN4231_final_project/install/image_processing/bin'
[2.027s] Level 1:colcon.colcon_core.environment:checking '/home/mtrn/MTRN4231_final_project/install/image_processing/lib/pkgconfig/image_processing.pc'
[2.027s] Level 1:colcon.colcon_core.environment:checking '/home/mtrn/MTRN4231_final_project/install/image_processing/lib/python3.10/site-packages'
[2.027s] Level 1:colcon.colcon_core.shell:create_environment_hook('image_processing', 'pythonpath')
[2.031s] INFO:colcon.colcon_core.shell:Creating environment hook '/home/mtrn/MTRN4231_final_project/install/image_processing/share/image_processing/hook/pythonpath.ps1'
[2.032s] INFO:colcon.colcon_core.shell:Creating environment descriptor '/home/mtrn/MTRN4231_final_project/install/image_processing/share/image_processing/hook/pythonpath.dsv'
[2.038s] INFO:colcon.colcon_core.shell:Creating environment hook '/home/mtrn/MTRN4231_final_project/install/image_processing/share/image_processing/hook/pythonpath.sh'
[2.039s] Level 1:colcon.colcon_core.environment:checking '/home/mtrn/MTRN4231_final_project/install/image_processing/bin'
[2.039s] Level 1:colcon.colcon_core.environment:create_environment_scripts_only(image_processing)
[2.042s] INFO:colcon.colcon_core.shell:Creating package script '/home/mtrn/MTRN4231_final_project/install/image_processing/share/image_processing/package.ps1'
[2.043s] INFO:colcon.colcon_core.shell:Creating package descriptor '/home/mtrn/MTRN4231_final_project/install/image_processing/share/image_processing/package.dsv'
[2.044s] INFO:colcon.colcon_core.shell:Creating package script '/home/mtrn/MTRN4231_final_project/install/image_processing/share/image_processing/package.sh'
[2.044s] INFO:colcon.colcon_core.shell:Creating package script '/home/mtrn/MTRN4231_final_project/install/image_processing/share/image_processing/package.bash'
[2.045s] INFO:colcon.colcon_core.shell:Creating package script '/home/mtrn/MTRN4231_final_project/install/image_processing/share/image_processing/package.zsh'
[2.046s] Level 1:colcon.colcon_core.environment:create_file_with_runtime_dependencies(/home/mtrn/MTRN4231_final_project/install/image_processing/share/colcon-core/packages/image_processing)
[9.129s] DEBUG:colcon.colcon_core.event_handler.log_command:Invoked command in '/home/mtrn/MTRN4231_final_project/build/path_planning' returned '2': CMAKE_PREFIX_PATH=${CMAKE_PREFIX_PATH}:/home/mtrn/4231/ws_moveit2/install/moveit_configs_utils:/home/mtrn/4231/ws_moveit2/install/launch_param_builder:/opt/ros/humble /usr/bin/cmake --build /home/mtrn/MTRN4231_final_project/build/path_planning -- -j4 -l4
[9.197s] Level 1:colcon.colcon_core.environment:create_environment_scripts_only(path_planning)
[9.203s] Level 1:colcon.colcon_core.environment:checking '/home/mtrn/MTRN4231_final_project/install/path_planning' for CMake module files
[9.203s] Level 1:colcon.colcon_core.environment:checking '/home/mtrn/MTRN4231_final_project/install/path_planning' for CMake config files
[9.204s] Level 1:colcon.colcon_core.shell:create_environment_hook('path_planning', 'cmake_prefix_path')
[9.206s] INFO:colcon.colcon_core.shell:Creating environment hook '/home/mtrn/MTRN4231_final_project/install/path_planning/share/path_planning/hook/cmake_prefix_path.ps1'
[9.207s] INFO:colcon.colcon_core.shell:Creating environment descriptor '/home/mtrn/MTRN4231_final_project/install/path_planning/share/path_planning/hook/cmake_prefix_path.dsv'
[9.208s] INFO:colcon.colcon_core.shell:Creating environment hook '/home/mtrn/MTRN4231_final_project/install/path_planning/share/path_planning/hook/cmake_prefix_path.sh'
[9.208s] Level 1:colcon.colcon_core.environment:checking '/home/mtrn/MTRN4231_final_project/install/path_planning/bin'
[9.208s] Level 1:colcon.colcon_core.environment:checking '/home/mtrn/MTRN4231_final_project/install/path_planning/lib/pkgconfig/path_planning.pc'
[9.209s] Level 1:colcon.colcon_core.environment:checking '/home/mtrn/MTRN4231_final_project/install/path_planning/lib/python3.10/site-packages'
[9.209s] Level 1:colcon.colcon_core.environment:checking '/home/mtrn/MTRN4231_final_project/install/path_planning/bin'
[9.211s] INFO:colcon.colcon_core.shell:Creating package script '/home/mtrn/MTRN4231_final_project/install/path_planning/share/path_planning/package.ps1'
[9.212s] INFO:colcon.colcon_core.shell:Creating package descriptor '/home/mtrn/MTRN4231_final_project/install/path_planning/share/path_planning/package.dsv'
[9.212s] INFO:colcon.colcon_core.shell:Creating package script '/home/mtrn/MTRN4231_final_project/install/path_planning/share/path_planning/package.sh'
[9.213s] INFO:colcon.colcon_core.shell:Creating package script '/home/mtrn/MTRN4231_final_project/install/path_planning/share/path_planning/package.bash'
[9.213s] INFO:colcon.colcon_core.shell:Creating package script '/home/mtrn/MTRN4231_final_project/install/path_planning/share/path_planning/package.zsh'
[9.214s] Level 1:colcon.colcon_core.environment:create_file_with_runtime_dependencies(/home/mtrn/MTRN4231_final_project/install/path_planning/share/colcon-core/packages/path_planning)
[9.225s] DEBUG:colcon.colcon_parallel_executor.executor.parallel:closing loop
[9.225s] DEBUG:colcon.colcon_parallel_executor.executor.parallel:loop closed
[9.225s] DEBUG:colcon.colcon_parallel_executor.executor.parallel:run_until_complete finished with '2'
[9.225s] DEBUG:colcon.colcon_core.event_reactor:joining thread
[9.232s] INFO:colcon.colcon_core.plugin_system:Skipping extension 'colcon_notification.desktop_notification.terminal_notifier': Not used on non-Darwin systems
[9.232s] INFO:colcon.colcon_core.plugin_system:Skipping extension 'colcon_notification.desktop_notification.win32': Not used on non-Windows systems
[9.232s] INFO:colcon.colcon_notification.desktop_notification:Sending desktop notification using 'notify2'
[9.246s] DEBUG:colcon.colcon_core.event_reactor:joined thread
[9.259s] INFO:colcon.colcon_core.shell:Creating prefix script '/home/mtrn/MTRN4231_final_project/install/local_setup.ps1'
[9.260s] INFO:colcon.colcon_core.shell:Creating prefix util module '/home/mtrn/MTRN4231_final_project/install/_local_setup_util_ps1.py'
[9.262s] INFO:colcon.colcon_core.shell:Creating prefix chain script '/home/mtrn/MTRN4231_final_project/install/setup.ps1'
[9.270s] INFO:colcon.colcon_core.shell:Creating prefix script '/home/mtrn/MTRN4231_final_project/install/local_setup.sh'
[9.271s] INFO:colcon.colcon_core.shell:Creating prefix util module '/home/mtrn/MTRN4231_final_project/install/_local_setup_util_sh.py'
[9.272s] INFO:colcon.colcon_core.shell:Creating prefix chain script '/home/mtrn/MTRN4231_final_project/install/setup.sh'
[9.276s] INFO:colcon.colcon_core.shell:Creating prefix script '/home/mtrn/MTRN4231_final_project/install/local_setup.bash'
[9.277s] INFO:colcon.colcon_core.shell:Creating prefix chain script '/home/mtrn/MTRN4231_final_project/install/setup.bash'
[9.281s] INFO:colcon.colcon_core.shell:Creating prefix script '/home/mtrn/MTRN4231_final_project/install/local_setup.zsh'
[9.282s] INFO:colcon.colcon_core.shell:Creating prefix chain script '/home/mtrn/MTRN4231_final_project/install/setup.zsh'
