[0.722s] Invoking command in '/home/mtrn/MTRN4231_final_project/build/locator': CMAKE_PREFIX_PATH=${CMAKE_PREFIX_PATH}:/home/mtrn/MTRN4231_final_project/install/image_processing:/home/mtrn/4231/ws_moveit2/install/moveit_configs_utils:/home/mtrn/4231/ws_moveit2/install/launch_param_builder:/opt/ros/humble /usr/bin/cmake --build /home/mtrn/MTRN4231_final_project/build/locator -- -j4 -l4
[0.866s] Invoked command in '/home/mtrn/MTRN4231_final_project/build/locator' returned '0': CMAKE_PREFIX_PATH=${CMAKE_PREFIX_PATH}:/home/mtrn/MTRN4231_final_project/install/image_processing:/home/mtrn/4231/ws_moveit2/install/moveit_configs_utils:/home/mtrn/4231/ws_moveit2/install/launch_param_builder:/opt/ros/humble /usr/bin/cmake --build /home/mtrn/MTRN4231_final_project/build/locator -- -j4 -l4
[0.992s] Invoking command in '/home/mtrn/MTRN4231_final_project/build/locator': CMAKE_PREFIX_PATH=${CMAKE_PREFIX_PATH}:/home/mtrn/MTRN4231_final_project/install/image_processing:/home/mtrn/4231/ws_moveit2/install/moveit_configs_utils:/home/mtrn/4231/ws_moveit2/install/launch_param_builder:/opt/ros/humble /usr/bin/cmake --install /home/mtrn/MTRN4231_final_project/build/locator
[1.032s] -- Install configuration: ""
[1.033s] -- Up-to-date: /home/mtrn/MTRN4231_final_project/install/locator/share/ament_index/resource_index/package_run_dependencies/locator
[1.034s] -- Up-to-date: /home/mtrn/MTRN4231_final_project/install/locator/share/ament_index/resource_index/parent_prefix_path/locator
[1.035s] -- Up-to-date: /home/mtrn/MTRN4231_final_project/install/locator/share/locator/environment/ament_prefix_path.sh
[1.036s] -- Up-to-date: /home/mtrn/MTRN4231_final_project/install/locator/share/locator/environment/ament_prefix_path.dsv
[1.037s] -- Up-to-date: /home/mtrn/MTRN4231_final_project/install/locator/share/locator/environment/path.sh
[1.038s] -- Up-to-date: /home/mtrn/MTRN4231_final_project/install/locator/share/locator/environment/path.dsv
[1.039s] -- Up-to-date: /home/mtrn/MTRN4231_final_project/install/locator/share/locator/local_setup.bash
[1.040s] -- Up-to-date: /home/mtrn/MTRN4231_final_project/install/locator/share/locator/local_setup.sh
[1.040s] -- Up-to-date: /home/mtrn/MTRN4231_final_project/install/locator/share/locator/local_setup.zsh
[1.042s] -- Up-to-date: /home/mtrn/MTRN4231_final_project/install/locator/share/locator/local_setup.dsv
[1.043s] -- Installing: /home/mtrn/MTRN4231_final_project/install/locator/share/locator/package.dsv
[1.045s] -- Up-to-date: /home/mtrn/MTRN4231_final_project/install/locator/share/ament_index/resource_index/packages/locator
[1.045s] -- Up-to-date: /home/mtrn/MTRN4231_final_project/install/locator/share/locator/cmake/locatorConfig.cmake
[1.045s] -- Up-to-date: /home/mtrn/MTRN4231_final_project/install/locator/share/locator/cmake/locatorConfig-version.cmake
[1.048s] -- Up-to-date: /home/mtrn/MTRN4231_final_project/install/locator/share/locator/package.xml
[1.052s] Invoked command in '/home/mtrn/MTRN4231_final_project/build/locator' returned '0': CMAKE_PREFIX_PATH=${CMAKE_PREFIX_PATH}:/home/mtrn/MTRN4231_final_project/install/image_processing:/home/mtrn/4231/ws_moveit2/install/moveit_configs_utils:/home/mtrn/4231/ws_moveit2/install/launch_param_builder:/opt/ros/humble /usr/bin/cmake --install /home/mtrn/MTRN4231_final_project/build/locator
