[0.355s] Invoking command in '/home/mtrn/MTRN4231_final_project/build/locator': CMAKE_PREFIX_PATH=${CMAKE_PREFIX_PATH}:/home/mtrn/4231/ws_moveit2/install/moveit_configs_utils:/home/mtrn/4231/ws_moveit2/install/launch_param_builder:/opt/ros/humble /usr/bin/cmake --build /home/mtrn/MTRN4231_final_project/build/locator -- -j4 -l4
[0.367s] [0mCMake Error: The current CMakeCache.txt directory /home/mtrn/MTRN4231_final_project/build/locator/CMakeCache.txt is different than the directory /home/mtrn/4231/MTRN4231_final_project/build/locator where CMakeCache.txt was created. This may result in binaries being created in the wrong place. If you are not sure, reedit the CMakeCache.txt[0m
[0.417s] Invoked command in '/home/mtrn/MTRN4231_final_project/build/locator' returned '0': CMAKE_PREFIX_PATH=${CMAKE_PREFIX_PATH}:/home/mtrn/4231/ws_moveit2/install/moveit_configs_utils:/home/mtrn/4231/ws_moveit2/install/launch_param_builder:/opt/ros/humble /usr/bin/cmake --build /home/mtrn/MTRN4231_final_project/build/locator -- -j4 -l4
[0.493s] Invoking command in '/home/mtrn/MTRN4231_final_project/build/locator': CMAKE_PREFIX_PATH=${CMAKE_PREFIX_PATH}:/home/mtrn/4231/ws_moveit2/install/moveit_configs_utils:/home/mtrn/4231/ws_moveit2/install/launch_param_builder:/opt/ros/humble /usr/bin/cmake --install /home/mtrn/MTRN4231_final_project/build/locator
[0.511s] -- Install configuration: ""
[0.511s] -- Up-to-date: /home/mtrn/4231/MTRN4231_final_project/install/locator/share/ament_index/resource_index/package_run_dependencies/locator
[0.512s] -- Up-to-date: /home/mtrn/4231/MTRN4231_final_project/install/locator/share/ament_index/resource_index/parent_prefix_path/locator
[0.513s] -- Up-to-date: /home/mtrn/4231/MTRN4231_final_project/install/locator/share/locator/environment/ament_prefix_path.sh
[0.513s] -- Up-to-date: /home/mtrn/4231/MTRN4231_final_project/install/locator/share/locator/environment/ament_prefix_path.dsv
[0.513s] -- Up-to-date: /home/mtrn/4231/MTRN4231_final_project/install/locator/share/locator/environment/path.sh
[0.513s] -- Up-to-date: /home/mtrn/4231/MTRN4231_final_project/install/locator/share/locator/environment/path.dsv
[0.513s] -- Up-to-date: /home/mtrn/4231/MTRN4231_final_project/install/locator/share/locator/local_setup.bash
[0.513s] -- Up-to-date: /home/mtrn/4231/MTRN4231_final_project/install/locator/share/locator/local_setup.sh
[0.514s] -- Up-to-date: /home/mtrn/4231/MTRN4231_final_project/install/locator/share/locator/local_setup.zsh
[0.514s] -- Up-to-date: /home/mtrn/4231/MTRN4231_final_project/install/locator/share/locator/local_setup.dsv
[0.514s] -- Up-to-date: /home/mtrn/4231/MTRN4231_final_project/install/locator/share/locator/package.dsv
[0.514s] -- Up-to-date: /home/mtrn/4231/MTRN4231_final_project/install/locator/share/ament_index/resource_index/packages/locator
[0.514s] -- Up-to-date: /home/mtrn/4231/MTRN4231_final_project/install/locator/share/locator/cmake/locatorConfig.cmake
[0.514s] -- Up-to-date: /home/mtrn/4231/MTRN4231_final_project/install/locator/share/locator/cmake/locatorConfig-version.cmake
[0.514s] -- Up-to-date: /home/mtrn/4231/MTRN4231_final_project/install/locator/share/locator/package.xml
[0.527s] Invoked command in '/home/mtrn/MTRN4231_final_project/build/locator' returned '0': CMAKE_PREFIX_PATH=${CMAKE_PREFIX_PATH}:/home/mtrn/4231/ws_moveit2/install/moveit_configs_utils:/home/mtrn/4231/ws_moveit2/install/launch_param_builder:/opt/ros/humble /usr/bin/cmake --install /home/mtrn/MTRN4231_final_project/build/locator
