[1.263s] Invoking command in '/home/mtrn/4231/MTRN4231_final_project/image_processing': PYTHONPATH=/home/mtrn/4231/MTRN4231_final_project/build/image_processing/prefix_override:/home/mtrn/4231/MTRN4231_final_project/install/image_processing/lib/python3.10/site-packages:${PYTHONPATH} /usr/bin/python3 setup.py egg_info --egg-base ../build/image_processing build --build-base /home/mtrn/4231/MTRN4231_final_project/build/image_processing/build install --record /home/mtrn/4231/MTRN4231_final_project/build/image_processing/install.log --single-version-externally-managed
[1.820s] running egg_info
[1.821s] writing ../build/image_processing/image_processing.egg-info/PKG-INFO
[1.826s] writing dependency_links to ../build/image_processing/image_processing.egg-info/dependency_links.txt
[1.827s] writing entry points to ../build/image_processing/image_processing.egg-info/entry_points.txt
[1.827s] writing requirements to ../build/image_processing/image_processing.egg-info/requires.txt
[1.827s] writing top-level names to ../build/image_processing/image_processing.egg-info/top_level.txt
[1.831s] reading manifest file '../build/image_processing/image_processing.egg-info/SOURCES.txt'
[1.833s] writing manifest file '../build/image_processing/image_processing.egg-info/SOURCES.txt'
[1.833s] running build
[1.834s] running build_py
[1.834s] copying image_processing/smile_detector_node.py -> /home/mtrn/4231/MTRN4231_final_project/build/image_processing/build/lib/image_processing
[1.835s] running install
[1.835s] running install_lib
[1.838s] copying /home/mtrn/4231/MTRN4231_final_project/build/image_processing/build/lib/image_processing/smile_detector_node.py -> /home/mtrn/4231/MTRN4231_final_project/install/image_processing/lib/python3.10/site-packages/image_processing
[1.855s] byte-compiling /home/mtrn/4231/MTRN4231_final_project/install/image_processing/lib/python3.10/site-packages/image_processing/smile_detector_node.py to smile_detector_node.cpython-310.pyc
[1.855s] running install_data
[1.857s] running install_egg_info
[1.858s] removing '/home/mtrn/4231/MTRN4231_final_project/install/image_processing/lib/python3.10/site-packages/image_processing-0.0.0-py3.10.egg-info' (and everything under it)
[1.858s] Copying ../build/image_processing/image_processing.egg-info to /home/mtrn/4231/MTRN4231_final_project/install/image_processing/lib/python3.10/site-packages/image_processing-0.0.0-py3.10.egg-info
[1.869s] running install_scripts
[1.905s] Installing smile_detector_node script to /home/mtrn/4231/MTRN4231_final_project/install/image_processing/lib/image_processing
[1.906s] writing list of installed files to '/home/mtrn/4231/MTRN4231_final_project/build/image_processing/install.log'
[1.983s] Invoked command in '/home/mtrn/4231/MTRN4231_final_project/image_processing' returned '0': PYTHONPATH=/home/mtrn/4231/MTRN4231_final_project/build/image_processing/prefix_override:/home/mtrn/4231/MTRN4231_final_project/install/image_processing/lib/python3.10/site-packages:${PYTHONPATH} /usr/bin/python3 setup.py egg_info --egg-base ../build/image_processing build --build-base /home/mtrn/4231/MTRN4231_final_project/build/image_processing/build install --record /home/mtrn/4231/MTRN4231_final_project/build/image_processing/install.log --single-version-externally-managed
