[0.380s] Invoking command in '/home/mtrn/MTRN4231_final_project/build/path_planning': CMAKE_PREFIX_PATH=${CMAKE_PREFIX_PATH}:/home/mtrn/4231/ws_moveit2/install/moveit_configs_utils:/home/mtrn/4231/ws_moveit2/install/launch_param_builder:/opt/ros/humble /usr/bin/cmake --build /home/mtrn/MTRN4231_final_project/build/path_planning -- -j4 -l4
[0.411s] [0mCMake Error: The current CMakeCache.txt directory /home/mtrn/MTRN4231_final_project/build/path_planning/CMakeCache.txt is different than the directory /home/mtrn/4231/MTRN4231_final_project/build/path_planning where CMakeCache.txt was created. This may result in binaries being created in the wrong place. If you are not sure, reedit the CMakeCache.txt[0m
[0.494s] Invoked command in '/home/mtrn/MTRN4231_final_project/build/path_planning' returned '0': CMAKE_PREFIX_PATH=${CMAKE_PREFIX_PATH}:/home/mtrn/4231/ws_moveit2/install/moveit_configs_utils:/home/mtrn/4231/ws_moveit2/install/launch_param_builder:/opt/ros/humble /usr/bin/cmake --build /home/mtrn/MTRN4231_final_project/build/path_planning -- -j4 -l4
[0.562s] Invoking command in '/home/mtrn/MTRN4231_final_project/build/path_planning': CMAKE_PREFIX_PATH=${CMAKE_PREFIX_PATH}:/home/mtrn/4231/ws_moveit2/install/moveit_configs_utils:/home/mtrn/4231/ws_moveit2/install/launch_param_builder:/opt/ros/humble /usr/bin/cmake --install /home/mtrn/MTRN4231_final_project/build/path_planning
[0.579s] -- Install configuration: ""
[0.583s] -- Up-to-date: /home/mtrn/4231/MTRN4231_final_project/install/path_planning/share/ament_index/resource_index/package_run_dependencies/path_planning
[0.583s] -- Up-to-date: /home/mtrn/4231/MTRN4231_final_project/install/path_planning/share/ament_index/resource_index/parent_prefix_path/path_planning
[0.584s] -- Up-to-date: /home/mtrn/4231/MTRN4231_final_project/install/path_planning/share/path_planning/environment/ament_prefix_path.sh
[0.585s] -- Up-to-date: /home/mtrn/4231/MTRN4231_final_project/install/path_planning/share/path_planning/environment/ament_prefix_path.dsv
[0.585s] -- Up-to-date: /home/mtrn/4231/MTRN4231_final_project/install/path_planning/share/path_planning/environment/path.sh
[0.585s] -- Up-to-date: /home/mtrn/4231/MTRN4231_final_project/install/path_planning/share/path_planning/environment/path.dsv
[0.585s] -- Up-to-date: /home/mtrn/4231/MTRN4231_final_project/install/path_planning/share/path_planning/local_setup.bash
[0.585s] -- Up-to-date: /home/mtrn/4231/MTRN4231_final_project/install/path_planning/share/path_planning/local_setup.sh
[0.585s] -- Up-to-date: /home/mtrn/4231/MTRN4231_final_project/install/path_planning/share/path_planning/local_setup.zsh
[0.585s] -- Up-to-date: /home/mtrn/4231/MTRN4231_final_project/install/path_planning/share/path_planning/local_setup.dsv
[0.585s] -- Installing: /home/mtrn/4231/MTRN4231_final_project/install/path_planning/share/path_planning/package.dsv
[0.586s] -- Up-to-date: /home/mtrn/4231/MTRN4231_final_project/install/path_planning/share/ament_index/resource_index/packages/path_planning
[0.586s] -- Up-to-date: /home/mtrn/4231/MTRN4231_final_project/install/path_planning/share/path_planning/cmake/path_planningConfig.cmake
[0.586s] -- Up-to-date: /home/mtrn/4231/MTRN4231_final_project/install/path_planning/share/path_planning/cmake/path_planningConfig-version.cmake
[0.587s] -- Up-to-date: /home/mtrn/4231/MTRN4231_final_project/install/path_planning/share/path_planning/package.xml
[0.589s] Invoked command in '/home/mtrn/MTRN4231_final_project/build/path_planning' returned '0': CMAKE_PREFIX_PATH=${CMAKE_PREFIX_PATH}:/home/mtrn/4231/ws_moveit2/install/moveit_configs_utils:/home/mtrn/4231/ws_moveit2/install/launch_param_builder:/opt/ros/humble /usr/bin/cmake --install /home/mtrn/MTRN4231_final_project/build/path_planning
