[0.708s] DEBUG:colcon:Command line arguments: ['/usr/bin/colcon', 'build']
[0.708s] DEBUG:colcon:Parsed command line arguments: Namespace(log_base=None, log_level=None, verb_name='build', build_base='build', install_base='install', merge_install=False, symlink_install=False, test_result_base=None, continue_on_error=False, executor='parallel', parallel_workers=4, event_handlers=None, ignore_user_meta=False, metas=['./colcon.meta'], base_paths=['.'], packages_ignore=None, packages_ignore_regex=None, paths=None, packages_up_to=None, packages_up_to_regex=None, packages_above=None, packages_above_and_dependencies=None, packages_above_depth=None, packages_select_by_dep=None, packages_skip_by_dep=None, packages_skip_up_to=None, packages_select_build_failed=False, packages_skip_build_finished=False, packages_select_test_failures=False, packages_skip_test_passed=False, packages_select=None, packages_skip=None, packages_select_regex=None, packages_skip_regex=None, packages_start=None, packages_end=None, allow_overriding=[], cmake_args=None, cmake_target=None, cmake_target_skip_unavailable=False, cmake_clean_cache=False, cmake_clean_first=False, cmake_force_configure=False, ament_cmake_args=None, catkin_cmake_args=None, catkin_skip_building_tests=False, mixin_files=None, mixin=None, verb_parser=<colcon_mixin.mixin.mixin_argument.MixinArgumentDecorator object at 0x7f55706ef1f0>, verb_extension=<colcon_core.verb.build.BuildVerb object at 0x7f55706eeb60>, main=<bound method BuildVerb.main of <colcon_core.verb.build.BuildVerb object at 0x7f55706eeb60>>, mixin_verb=('build',))
[0.761s] Level 1:colcon.colcon_core.package_discovery:discover_packages(colcon_meta) check parameters
[0.761s] Level 1:colcon.colcon_core.package_discovery:discover_packages(recursive) check parameters
[0.761s] Level 1:colcon.colcon_core.package_discovery:discover_packages(ignore) check parameters
[0.761s] Level 1:colcon.colcon_core.package_discovery:discover_packages(path) check parameters
[0.761s] Level 1:colcon.colcon_core.package_discovery:discover_packages(colcon_meta) discover
[0.762s] Level 1:colcon.colcon_core.package_discovery:discover_packages(recursive) discover
[0.762s] INFO:colcon.colcon_core.package_discovery:Crawling recursively for packages in '/home/mtrn/MTRN4231_final_project'
[0.762s] Level 1:colcon.colcon_core.package_identification:_identify(.) by extensions ['ignore', 'ignore_ament_install']
[0.762s] Level 1:colcon.colcon_core.package_identification:_identify(.) by extension 'ignore'
[0.763s] Level 1:colcon.colcon_core.package_identification:_identify(.) by extension 'ignore_ament_install'
[0.763s] Level 1:colcon.colcon_core.package_identification:_identify(.) by extensions ['colcon_pkg']
[0.763s] Level 1:colcon.colcon_core.package_identification:_identify(.) by extension 'colcon_pkg'
[0.763s] Level 1:colcon.colcon_core.package_identification:_identify(.) by extensions ['colcon_meta']
[0.763s] Level 1:colcon.colcon_core.package_identification:_identify(.) by extension 'colcon_meta'
[0.763s] Level 1:colcon.colcon_core.package_identification:_identify(.) by extensions ['ros']
[0.763s] Level 1:colcon.colcon_core.package_identification:_identify(.) by extension 'ros'
[0.778s] Level 1:colcon.colcon_core.package_identification:_identify(.) by extensions ['cmake', 'python']
[0.778s] Level 1:colcon.colcon_core.package_identification:_identify(.) by extension 'cmake'
[0.779s] Level 1:colcon.colcon_core.package_identification:_identify(.) by extension 'python'
[0.779s] Level 1:colcon.colcon_core.package_identification:_identify(.) by extensions ['python_setup_py']
[0.779s] Level 1:colcon.colcon_core.package_identification:_identify(.) by extension 'python_setup_py'
[0.779s] Level 1:colcon.colcon_core.package_identification:_identify(build) by extensions ['ignore', 'ignore_ament_install']
[0.779s] Level 1:colcon.colcon_core.package_identification:_identify(build) by extension 'ignore'
[0.780s] Level 1:colcon.colcon_core.package_identification:_identify(build) ignored
[0.780s] Level 1:colcon.colcon_core.package_identification:_identify(custom_messages) by extensions ['ignore', 'ignore_ament_install']
[0.780s] Level 1:colcon.colcon_core.package_identification:_identify(custom_messages) by extension 'ignore'
[0.780s] Level 1:colcon.colcon_core.package_identification:_identify(custom_messages) by extension 'ignore_ament_install'
[0.780s] Level 1:colcon.colcon_core.package_identification:_identify(custom_messages) by extensions ['colcon_pkg']
[0.781s] Level 1:colcon.colcon_core.package_identification:_identify(custom_messages) by extension 'colcon_pkg'
[0.781s] Level 1:colcon.colcon_core.package_identification:_identify(custom_messages) by extensions ['colcon_meta']
[0.781s] Level 1:colcon.colcon_core.package_identification:_identify(custom_messages) by extension 'colcon_meta'
[0.781s] Level 1:colcon.colcon_core.package_identification:_identify(custom_messages) by extensions ['ros']
[0.781s] Level 1:colcon.colcon_core.package_identification:_identify(custom_messages) by extension 'ros'
[0.784s] DEBUG:colcon.colcon_core.package_identification:Package 'custom_messages' with type 'ros.ament_cmake' and name 'custom_messages'
[0.785s] Level 1:colcon.colcon_core.package_identification:_identify(image_processing) by extensions ['ignore', 'ignore_ament_install']
[0.785s] Level 1:colcon.colcon_core.package_identification:_identify(image_processing) by extension 'ignore'
[0.785s] Level 1:colcon.colcon_core.package_identification:_identify(image_processing) by extension 'ignore_ament_install'
[0.785s] Level 1:colcon.colcon_core.package_identification:_identify(image_processing) by extensions ['colcon_pkg']
[0.786s] Level 1:colcon.colcon_core.package_identification:_identify(image_processing) by extension 'colcon_pkg'
[0.786s] Level 1:colcon.colcon_core.package_identification:_identify(image_processing) by extensions ['colcon_meta']
[0.786s] Level 1:colcon.colcon_core.package_identification:_identify(image_processing) by extension 'colcon_meta'
[0.786s] Level 1:colcon.colcon_core.package_identification:_identify(image_processing) by extensions ['ros']
[0.786s] Level 1:colcon.colcon_core.package_identification:_identify(image_processing) by extension 'ros'
[0.787s] DEBUG:colcon.colcon_core.package_identification:Package 'image_processing' with type 'ros.ament_python' and name 'image_processing'
[0.787s] Level 1:colcon.colcon_core.package_identification:_identify(install) by extensions ['ignore', 'ignore_ament_install']
[0.788s] Level 1:colcon.colcon_core.package_identification:_identify(install) by extension 'ignore'
[0.788s] Level 1:colcon.colcon_core.package_identification:_identify(install) ignored
[0.788s] Level 1:colcon.colcon_core.package_identification:_identify(locator) by extensions ['ignore', 'ignore_ament_install']
[0.788s] Level 1:colcon.colcon_core.package_identification:_identify(locator) by extension 'ignore'
[0.788s] Level 1:colcon.colcon_core.package_identification:_identify(locator) by extension 'ignore_ament_install'
[0.788s] Level 1:colcon.colcon_core.package_identification:_identify(locator) by extensions ['colcon_pkg']
[0.789s] Level 1:colcon.colcon_core.package_identification:_identify(locator) by extension 'colcon_pkg'
[0.789s] Level 1:colcon.colcon_core.package_identification:_identify(locator) by extensions ['colcon_meta']
[0.789s] Level 1:colcon.colcon_core.package_identification:_identify(locator) by extension 'colcon_meta'
[0.789s] Level 1:colcon.colcon_core.package_identification:_identify(locator) by extensions ['ros']
[0.789s] Level 1:colcon.colcon_core.package_identification:_identify(locator) by extension 'ros'
[0.790s] DEBUG:colcon.colcon_core.package_identification:Package 'locator' with type 'ros.ament_cmake' and name 'locator'
[0.790s] Level 1:colcon.colcon_core.package_identification:_identify(log) by extensions ['ignore', 'ignore_ament_install']
[0.790s] Level 1:colcon.colcon_core.package_identification:_identify(log) by extension 'ignore'
[0.790s] Level 1:colcon.colcon_core.package_identification:_identify(log) ignored
[0.791s] Level 1:colcon.colcon_core.package_identification:_identify(path_planning) by extensions ['ignore', 'ignore_ament_install']
[0.791s] Level 1:colcon.colcon_core.package_identification:_identify(path_planning) by extension 'ignore'
[0.791s] Level 1:colcon.colcon_core.package_identification:_identify(path_planning) by extension 'ignore_ament_install'
[0.791s] Level 1:colcon.colcon_core.package_identification:_identify(path_planning) by extensions ['colcon_pkg']
[0.791s] Level 1:colcon.colcon_core.package_identification:_identify(path_planning) by extension 'colcon_pkg'
[0.791s] Level 1:colcon.colcon_core.package_identification:_identify(path_planning) by extensions ['colcon_meta']
[0.791s] Level 1:colcon.colcon_core.package_identification:_identify(path_planning) by extension 'colcon_meta'
[0.792s] Level 1:colcon.colcon_core.package_identification:_identify(path_planning) by extensions ['ros']
[0.792s] Level 1:colcon.colcon_core.package_identification:_identify(path_planning) by extension 'ros'
[0.793s] DEBUG:colcon.colcon_core.package_identification:Package 'path_planning' with type 'ros.ament_cmake' and name 'path_planning'
[0.793s] Level 1:colcon.colcon_core.package_discovery:discover_packages(recursive) using defaults
[0.793s] Level 1:colcon.colcon_core.package_discovery:discover_packages(ignore) discover
[0.793s] Level 1:colcon.colcon_core.package_discovery:discover_packages(ignore) using defaults
[0.793s] Level 1:colcon.colcon_core.package_discovery:discover_packages(path) discover
[0.793s] Level 1:colcon.colcon_core.package_discovery:discover_packages(path) using defaults
[0.838s] Level 1:colcon.colcon_core.package_discovery:discover_packages(prefix_path) check parameters
[0.839s] Level 1:colcon.colcon_core.package_discovery:discover_packages(prefix_path) discover
[0.843s] WARNING:colcon.colcon_ros.prefix_path.ament:The path '/home/mtrn/MTRN4231_final_project/install/path_planning' in the environment variable AMENT_PREFIX_PATH doesn't exist
[0.847s] WARNING:colcon.colcon_ros.prefix_path.catkin:The path '/home/mtrn/MTRN4231_final_project/install/path_planning' in the environment variable CMAKE_PREFIX_PATH doesn't exist
[0.853s] DEBUG:colcon.colcon_installed_package_information.package_discovery:Found 2 installed packages in /home/mtrn/MTRN4231_final_project/install
[0.859s] DEBUG:colcon.colcon_installed_package_information.package_discovery:Found 7 installed packages in /home/mtrn/4231/ros_ur_driver/install
[0.870s] DEBUG:colcon.colcon_installed_package_information.package_discovery:Found 55 installed packages in /home/mtrn/4231/ws_moveit2/install
[0.876s] DEBUG:colcon.colcon_installed_package_information.package_discovery:Found 341 installed packages in /opt/ros/humble
[0.880s] Level 1:colcon.colcon_core.package_discovery:discover_packages(prefix_path) using defaults
[0.980s] Level 5:colcon.colcon_core.verb:set package 'custom_messages' build argument 'cmake_args' from command line to 'None'
[0.980s] Level 5:colcon.colcon_core.verb:set package 'custom_messages' build argument 'cmake_target' from command line to 'None'
[0.980s] Level 5:colcon.colcon_core.verb:set package 'custom_messages' build argument 'cmake_target_skip_unavailable' from command line to 'False'
[0.980s] Level 5:colcon.colcon_core.verb:set package 'custom_messages' build argument 'cmake_clean_cache' from command line to 'False'
[0.981s] Level 5:colcon.colcon_core.verb:set package 'custom_messages' build argument 'cmake_clean_first' from command line to 'False'
[0.981s] Level 5:colcon.colcon_core.verb:set package 'custom_messages' build argument 'cmake_force_configure' from command line to 'False'
[0.981s] Level 5:colcon.colcon_core.verb:set package 'custom_messages' build argument 'ament_cmake_args' from command line to 'None'
[0.981s] Level 5:colcon.colcon_core.verb:set package 'custom_messages' build argument 'catkin_cmake_args' from command line to 'None'
[0.981s] Level 5:colcon.colcon_core.verb:set package 'custom_messages' build argument 'catkin_skip_building_tests' from command line to 'False'
[0.981s] DEBUG:colcon.colcon_core.verb:Building package 'custom_messages' with the following arguments: {'ament_cmake_args': None, 'build_base': '/home/mtrn/MTRN4231_final_project/build/custom_messages', 'catkin_cmake_args': None, 'catkin_skip_building_tests': False, 'cmake_args': None, 'cmake_clean_cache': False, 'cmake_clean_first': False, 'cmake_force_configure': False, 'cmake_target': None, 'cmake_target_skip_unavailable': False, 'install_base': '/home/mtrn/MTRN4231_final_project/install/custom_messages', 'merge_install': False, 'path': '/home/mtrn/MTRN4231_final_project/custom_messages', 'symlink_install': False, 'test_result_base': None}
[0.983s] Level 5:colcon.colcon_core.verb:set package 'image_processing' build argument 'cmake_args' from command line to 'None'
[0.983s] Level 5:colcon.colcon_core.verb:set package 'image_processing' build argument 'cmake_target' from command line to 'None'
[0.983s] Level 5:colcon.colcon_core.verb:set package 'image_processing' build argument 'cmake_target_skip_unavailable' from command line to 'False'
[0.983s] Level 5:colcon.colcon_core.verb:set package 'image_processing' build argument 'cmake_clean_cache' from command line to 'False'
[0.984s] Level 5:colcon.colcon_core.verb:set package 'image_processing' build argument 'cmake_clean_first' from command line to 'False'
[0.984s] Level 5:colcon.colcon_core.verb:set package 'image_processing' build argument 'cmake_force_configure' from command line to 'False'
[0.984s] Level 5:colcon.colcon_core.verb:set package 'image_processing' build argument 'ament_cmake_args' from command line to 'None'
[0.984s] Level 5:colcon.colcon_core.verb:set package 'image_processing' build argument 'catkin_cmake_args' from command line to 'None'
[0.984s] Level 5:colcon.colcon_core.verb:set package 'image_processing' build argument 'catkin_skip_building_tests' from command line to 'False'
[0.984s] DEBUG:colcon.colcon_core.verb:Building package 'image_processing' with the following arguments: {'ament_cmake_args': None, 'build_base': '/home/mtrn/MTRN4231_final_project/build/image_processing', 'catkin_cmake_args': None, 'catkin_skip_building_tests': False, 'cmake_args': None, 'cmake_clean_cache': False, 'cmake_clean_first': False, 'cmake_force_configure': False, 'cmake_target': None, 'cmake_target_skip_unavailable': False, 'install_base': '/home/mtrn/MTRN4231_final_project/install/image_processing', 'merge_install': False, 'path': '/home/mtrn/MTRN4231_final_project/image_processing', 'symlink_install': False, 'test_result_base': None}
[0.986s] Level 5:colcon.colcon_core.verb:set package 'locator' build argument 'cmake_args' from command line to 'None'
[0.986s] Level 5:colcon.colcon_core.verb:set package 'locator' build argument 'cmake_target' from command line to 'None'
[0.986s] Level 5:colcon.colcon_core.verb:set package 'locator' build argument 'cmake_target_skip_unavailable' from command line to 'False'
[0.987s] Level 5:colcon.colcon_core.verb:set package 'locator' build argument 'cmake_clean_cache' from command line to 'False'
[0.987s] Level 5:colcon.colcon_core.verb:set package 'locator' build argument 'cmake_clean_first' from command line to 'False'
[0.987s] Level 5:colcon.colcon_core.verb:set package 'locator' build argument 'cmake_force_configure' from command line to 'False'
[0.987s] Level 5:colcon.colcon_core.verb:set package 'locator' build argument 'ament_cmake_args' from command line to 'None'
[0.987s] Level 5:colcon.colcon_core.verb:set package 'locator' build argument 'catkin_cmake_args' from command line to 'None'
[0.987s] Level 5:colcon.colcon_core.verb:set package 'locator' build argument 'catkin_skip_building_tests' from command line to 'False'
[0.987s] DEBUG:colcon.colcon_core.verb:Building package 'locator' with the following arguments: {'ament_cmake_args': None, 'build_base': '/home/mtrn/MTRN4231_final_project/build/locator', 'catkin_cmake_args': None, 'catkin_skip_building_tests': False, 'cmake_args': None, 'cmake_clean_cache': False, 'cmake_clean_first': False, 'cmake_force_configure': False, 'cmake_target': None, 'cmake_target_skip_unavailable': False, 'install_base': '/home/mtrn/MTRN4231_final_project/install/locator', 'merge_install': False, 'path': '/home/mtrn/MTRN4231_final_project/locator', 'symlink_install': False, 'test_result_base': None}
[0.989s] Level 5:colcon.colcon_core.verb:set package 'path_planning' build argument 'cmake_args' from command line to 'None'
[0.989s] Level 5:colcon.colcon_core.verb:set package 'path_planning' build argument 'cmake_target' from command line to 'None'
[0.989s] Level 5:colcon.colcon_core.verb:set package 'path_planning' build argument 'cmake_target_skip_unavailable' from command line to 'False'
[0.990s] Level 5:colcon.colcon_core.verb:set package 'path_planning' build argument 'cmake_clean_cache' from command line to 'False'
[0.990s] Level 5:colcon.colcon_core.verb:set package 'path_planning' build argument 'cmake_clean_first' from command line to 'False'
[0.990s] Level 5:colcon.colcon_core.verb:set package 'path_planning' build argument 'cmake_force_configure' from command line to 'False'
[0.990s] Level 5:colcon.colcon_core.verb:set package 'path_planning' build argument 'ament_cmake_args' from command line to 'None'
[0.990s] Level 5:colcon.colcon_core.verb:set package 'path_planning' build argument 'catkin_cmake_args' from command line to 'None'
[0.990s] Level 5:colcon.colcon_core.verb:set package 'path_planning' build argument 'catkin_skip_building_tests' from command line to 'False'
[0.990s] DEBUG:colcon.colcon_core.verb:Building package 'path_planning' with the following arguments: {'ament_cmake_args': None, 'build_base': '/home/mtrn/MTRN4231_final_project/build/path_planning', 'catkin_cmake_args': None, 'catkin_skip_building_tests': False, 'cmake_args': None, 'cmake_clean_cache': False, 'cmake_clean_first': False, 'cmake_force_configure': False, 'cmake_target': None, 'cmake_target_skip_unavailable': False, 'install_base': '/home/mtrn/MTRN4231_final_project/install/path_planning', 'merge_install': False, 'path': '/home/mtrn/MTRN4231_final_project/path_planning', 'symlink_install': False, 'test_result_base': None}
[0.992s] INFO:colcon.colcon_core.executor:Executing jobs using 'parallel' executor
[1.000s] DEBUG:colcon.colcon_parallel_executor.executor.parallel:run_until_complete
[1.001s] INFO:colcon.colcon_ros.task.ament_cmake.build:Building ROS package in '/home/mtrn/MTRN4231_final_project/custom_messages' with build type 'ament_cmake'
[1.002s] INFO:colcon.colcon_cmake.task.cmake.build:Building CMake package in '/home/mtrn/MTRN4231_final_project/custom_messages'
[1.010s] INFO:colcon.colcon_core.plugin_system:Skipping extension 'colcon_core.shell.bat': Not used on non-Windows systems
[1.011s] INFO:colcon.colcon_core.shell:Skip shell extension 'powershell' for command environment: Not usable outside of PowerShell
[1.011s] DEBUG:colcon.colcon_core.shell:Skip shell extension 'dsv' for command environment
[1.047s] INFO:colcon.colcon_ros.task.ament_python.build:Building ROS package in '/home/mtrn/MTRN4231_final_project/image_processing' with build type 'ament_python'
[1.048s] Level 1:colcon.colcon_core.shell:create_environment_hook('image_processing', 'ament_prefix_path')
[1.055s] INFO:colcon.colcon_core.shell:Creating environment hook '/home/mtrn/MTRN4231_final_project/install/image_processing/share/image_processing/hook/ament_prefix_path.ps1'
[1.057s] INFO:colcon.colcon_core.shell:Creating environment descriptor '/home/mtrn/MTRN4231_final_project/install/image_processing/share/image_processing/hook/ament_prefix_path.dsv'
[1.058s] INFO:colcon.colcon_core.shell:Creating environment hook '/home/mtrn/MTRN4231_final_project/install/image_processing/share/image_processing/hook/ament_prefix_path.sh'
[1.065s] INFO:colcon.colcon_core.shell:Skip shell extension 'powershell' for command environment: Not usable outside of PowerShell
[1.065s] DEBUG:colcon.colcon_core.shell:Skip shell extension 'dsv' for command environment
[1.097s] INFO:colcon.colcon_ros.task.ament_cmake.build:Building ROS package in '/home/mtrn/MTRN4231_final_project/locator' with build type 'ament_cmake'
[1.098s] INFO:colcon.colcon_cmake.task.cmake.build:Building CMake package in '/home/mtrn/MTRN4231_final_project/locator'
[1.106s] INFO:colcon.colcon_core.shell:Skip shell extension 'powershell' for command environment: Not usable outside of PowerShell
[1.106s] DEBUG:colcon.colcon_core.shell:Skip shell extension 'dsv' for command environment
[1.129s] INFO:colcon.colcon_ros.task.ament_cmake.build:Building ROS package in '/home/mtrn/MTRN4231_final_project/path_planning' with build type 'ament_cmake'
[1.130s] INFO:colcon.colcon_cmake.task.cmake.build:Building CMake package in '/home/mtrn/MTRN4231_final_project/path_planning'
[1.136s] INFO:colcon.colcon_core.shell:Skip shell extension 'powershell' for command environment: Not usable outside of PowerShell
[1.137s] DEBUG:colcon.colcon_core.shell:Skip shell extension 'dsv' for command environment
[1.184s] DEBUG:colcon.colcon_core.event_handler.log_command:Invoking command in '/home/mtrn/MTRN4231_final_project/build/custom_messages': CMAKE_PREFIX_PATH=${CMAKE_PREFIX_PATH}:/home/mtrn/MTRN4231_final_project/install/image_processing:/home/mtrn/4231/ws_moveit2/install/moveit_configs_utils:/home/mtrn/4231/ws_moveit2/install/launch_param_builder:/opt/ros/humble /usr/bin/cmake /home/mtrn/MTRN4231_final_project/custom_messages -DCMAKE_INSTALL_PREFIX=/home/mtrn/MTRN4231_final_project/install/custom_messages
[1.682s] INFO:colcon.colcon_core.task.python.build:Building Python package in '/home/mtrn/MTRN4231_final_project/image_processing'
[1.687s] INFO:colcon.colcon_core.shell:Skip shell extension 'powershell' for command environment: Not usable outside of PowerShell
[1.687s] DEBUG:colcon.colcon_core.shell:Skip shell extension 'dsv' for command environment
[1.720s] DEBUG:colcon.colcon_core.event_handler.log_command:Invoking command in '/home/mtrn/MTRN4231_final_project/build/locator': CMAKE_PREFIX_PATH=${CMAKE_PREFIX_PATH}:/home/mtrn/MTRN4231_final_project/install/image_processing:/home/mtrn/4231/ws_moveit2/install/moveit_configs_utils:/home/mtrn/4231/ws_moveit2/install/launch_param_builder:/opt/ros/humble /usr/bin/cmake --build /home/mtrn/MTRN4231_final_project/build/locator -- -j4 -l4
[1.743s] DEBUG:colcon.colcon_core.event_handler.log_command:Invoking command in '/home/mtrn/MTRN4231_final_project/build/path_planning': CMAKE_PREFIX_PATH=${CMAKE_PREFIX_PATH}:/home/mtrn/MTRN4231_final_project/install/image_processing:/home/mtrn/4231/ws_moveit2/install/moveit_configs_utils:/home/mtrn/4231/ws_moveit2/install/launch_param_builder:/opt/ros/humble /usr/bin/cmake --build /home/mtrn/MTRN4231_final_project/build/path_planning -- -j4 -l4
[1.771s] DEBUG:colcon.colcon_core.event_handler.log_command:Invoked command in '/home/mtrn/MTRN4231_final_project/build/custom_messages' returned '1': CMAKE_PREFIX_PATH=${CMAKE_PREFIX_PATH}:/home/mtrn/MTRN4231_final_project/install/image_processing:/home/mtrn/4231/ws_moveit2/install/moveit_configs_utils:/home/mtrn/4231/ws_moveit2/install/launch_param_builder:/opt/ros/humble /usr/bin/cmake /home/mtrn/MTRN4231_final_project/custom_messages -DCMAKE_INSTALL_PREFIX=/home/mtrn/MTRN4231_final_project/install/custom_messages
[1.796s] Level 1:colcon.colcon_core.environment:create_environment_scripts_only(custom_messages)
[1.817s] Level 1:colcon.colcon_core.environment:checking '/home/mtrn/MTRN4231_final_project/install/custom_messages' for CMake module files
[1.818s] Level 1:colcon.colcon_core.environment:checking '/home/mtrn/MTRN4231_final_project/install/custom_messages' for CMake config files
[1.819s] Level 1:colcon.colcon_core.environment:checking '/home/mtrn/MTRN4231_final_project/install/custom_messages/bin'
[1.820s] Level 1:colcon.colcon_core.environment:checking '/home/mtrn/MTRN4231_final_project/install/custom_messages/lib/pkgconfig/custom_messages.pc'
[1.820s] Level 1:colcon.colcon_core.environment:checking '/home/mtrn/MTRN4231_final_project/install/custom_messages/lib/python3.10/site-packages'
[1.821s] Level 1:colcon.colcon_core.environment:checking '/home/mtrn/MTRN4231_final_project/install/custom_messages/bin'
[1.826s] INFO:colcon.colcon_core.shell:Creating package script '/home/mtrn/MTRN4231_final_project/install/custom_messages/share/custom_messages/package.ps1'
[1.827s] INFO:colcon.colcon_core.shell:Creating package descriptor '/home/mtrn/MTRN4231_final_project/install/custom_messages/share/custom_messages/package.dsv'
[1.828s] INFO:colcon.colcon_core.shell:Creating package script '/home/mtrn/MTRN4231_final_project/install/custom_messages/share/custom_messages/package.sh'
[1.829s] INFO:colcon.colcon_core.shell:Creating package script '/home/mtrn/MTRN4231_final_project/install/custom_messages/share/custom_messages/package.bash'
[1.830s] INFO:colcon.colcon_core.shell:Creating package script '/home/mtrn/MTRN4231_final_project/install/custom_messages/share/custom_messages/package.zsh'
[1.831s] Level 1:colcon.colcon_core.environment:create_file_with_runtime_dependencies(/home/mtrn/MTRN4231_final_project/install/custom_messages/share/colcon-core/packages/custom_messages)
[13.025s] DEBUG:colcon.colcon_parallel_executor.executor.parallel:closing loop
[13.026s] DEBUG:colcon.colcon_parallel_executor.executor.parallel:loop closed
[13.026s] DEBUG:colcon.colcon_parallel_executor.executor.parallel:run_until_complete finished with '1'
[13.026s] DEBUG:colcon.colcon_core.event_reactor:joining thread
[13.044s] INFO:colcon.colcon_core.plugin_system:Skipping extension 'colcon_notification.desktop_notification.terminal_notifier': Not used on non-Darwin systems
[13.044s] INFO:colcon.colcon_core.plugin_system:Skipping extension 'colcon_notification.desktop_notification.win32': Not used on non-Windows systems
[13.044s] INFO:colcon.colcon_notification.desktop_notification:Sending desktop notification using 'notify2'
[13.079s] DEBUG:colcon.colcon_core.event_reactor:joined thread
[13.092s] INFO:colcon.colcon_core.shell:Creating prefix script '/home/mtrn/MTRN4231_final_project/install/local_setup.ps1'
[13.095s] INFO:colcon.colcon_core.shell:Creating prefix util module '/home/mtrn/MTRN4231_final_project/install/_local_setup_util_ps1.py'
[13.101s] INFO:colcon.colcon_core.shell:Creating prefix chain script '/home/mtrn/MTRN4231_final_project/install/setup.ps1'
[13.117s] INFO:colcon.colcon_core.shell:Creating prefix script '/home/mtrn/MTRN4231_final_project/install/local_setup.sh'
[13.120s] INFO:colcon.colcon_core.shell:Creating prefix util module '/home/mtrn/MTRN4231_final_project/install/_local_setup_util_sh.py'
[13.122s] INFO:colcon.colcon_core.shell:Creating prefix chain script '/home/mtrn/MTRN4231_final_project/install/setup.sh'
[13.135s] INFO:colcon.colcon_core.shell:Creating prefix script '/home/mtrn/MTRN4231_final_project/install/local_setup.bash'
[13.137s] INFO:colcon.colcon_core.shell:Creating prefix chain script '/home/mtrn/MTRN4231_final_project/install/setup.bash'
[13.151s] INFO:colcon.colcon_core.shell:Creating prefix script '/home/mtrn/MTRN4231_final_project/install/local_setup.zsh'
[13.153s] INFO:colcon.colcon_core.shell:Creating prefix chain script '/home/mtrn/MTRN4231_final_project/install/setup.zsh'
