[0.333s] Invoking command in '/home/mtrn/4231/MTRN4231_final_project/build/path_planning': CMAKE_PREFIX_PATH=${CMAKE_PREFIX_PATH}:/home/mtrn/4231/MTRN4231_final_project/install/image_processing:/home/mtrn/4231/ws_moveit2/install/moveit_configs_utils:/home/mtrn/4231/ws_moveit2/install/launch_param_builder:/opt/ros/humble /usr/bin/cmake --build /home/mtrn/4231/MTRN4231_final_project/build/path_planning -- -j4 -l4
[0.400s] Invoked command in '/home/mtrn/4231/MTRN4231_final_project/build/path_planning' returned '0': CMAKE_PREFIX_PATH=${CMAKE_PREFIX_PATH}:/home/mtrn/4231/MTRN4231_final_project/install/image_processing:/home/mtrn/4231/ws_moveit2/install/moveit_configs_utils:/home/mtrn/4231/ws_moveit2/install/launch_param_builder:/opt/ros/humble /usr/bin/cmake --build /home/mtrn/4231/MTRN4231_final_project/build/path_planning -- -j4 -l4
[0.463s] Invoking command in '/home/mtrn/4231/MTRN4231_final_project/build/path_planning': CMAKE_PREFIX_PATH=${CMAKE_PREFIX_PATH}:/home/mtrn/4231/MTRN4231_final_project/install/image_processing:/home/mtrn/4231/ws_moveit2/install/moveit_configs_utils:/home/mtrn/4231/ws_moveit2/install/launch_param_builder:/opt/ros/humble /usr/bin/cmake --install /home/mtrn/4231/MTRN4231_final_project/build/path_planning
[0.489s] -- Install configuration: ""
[0.490s] -- Up-to-date: /home/mtrn/4231/MTRN4231_final_project/install/path_planning/share/ament_index/resource_index/package_run_dependencies/path_planning
[0.490s] -- Up-to-date: /home/mtrn/4231/MTRN4231_final_project/install/path_planning/share/ament_index/resource_index/parent_prefix_path/path_planning
[0.492s] -- Up-to-date: /home/mtrn/4231/MTRN4231_final_project/install/path_planning/share/path_planning/environment/ament_prefix_path.sh
[0.492s] -- Up-to-date: /home/mtrn/4231/MTRN4231_final_project/install/path_planning/share/path_planning/environment/ament_prefix_path.dsv
[0.492s] -- Up-to-date: /home/mtrn/4231/MTRN4231_final_project/install/path_planning/share/path_planning/environment/path.sh
[0.492s] -- Up-to-date: /home/mtrn/4231/MTRN4231_final_project/install/path_planning/share/path_planning/environment/path.dsv
[0.493s] -- Up-to-date: /home/mtrn/4231/MTRN4231_final_project/install/path_planning/share/path_planning/local_setup.bash
[0.493s] -- Up-to-date: /home/mtrn/4231/MTRN4231_final_project/install/path_planning/share/path_planning/local_setup.sh
[0.493s] -- Up-to-date: /home/mtrn/4231/MTRN4231_final_project/install/path_planning/share/path_planning/local_setup.zsh
[0.493s] -- Up-to-date: /home/mtrn/4231/MTRN4231_final_project/install/path_planning/share/path_planning/local_setup.dsv
[0.493s] -- Installing: /home/mtrn/4231/MTRN4231_final_project/install/path_planning/share/path_planning/package.dsv
[0.493s] -- Up-to-date: /home/mtrn/4231/MTRN4231_final_project/install/path_planning/share/ament_index/resource_index/packages/path_planning
[0.493s] -- Up-to-date: /home/mtrn/4231/MTRN4231_final_project/install/path_planning/share/path_planning/cmake/path_planningConfig.cmake
[0.493s] -- Up-to-date: /home/mtrn/4231/MTRN4231_final_project/install/path_planning/share/path_planning/cmake/path_planningConfig-version.cmake
[0.493s] -- Up-to-date: /home/mtrn/4231/MTRN4231_final_project/install/path_planning/share/path_planning/package.xml
[0.526s] Invoked command in '/home/mtrn/4231/MTRN4231_final_project/build/path_planning' returned '0': CMAKE_PREFIX_PATH=${CMAKE_PREFIX_PATH}:/home/mtrn/4231/MTRN4231_final_project/install/image_processing:/home/mtrn/4231/ws_moveit2/install/moveit_configs_utils:/home/mtrn/4231/ws_moveit2/install/launch_param_builder:/opt/ros/humble /usr/bin/cmake --install /home/mtrn/4231/MTRN4231_final_project/build/path_planning
