[0.694s] Invoking command in '/home/mtrn/MTRN4231_final_project/build/path_planning': CMAKE_PREFIX_PATH=${CMAKE_PREFIX_PATH}:/home/mtrn/4231/ws_moveit2/install/moveit_configs_utils:/home/mtrn/4231/ws_moveit2/install/launch_param_builder:/opt/ros/humble /usr/bin/cmake --build /home/mtrn/MTRN4231_final_project/build/path_planning -- -j4 -l4
[0.766s] -- Found ament_cmake: 1.3.5 (/opt/ros/humble/share/ament_cmake/cmake)
[1.089s] -- Found rclcpp: 16.0.5 (/opt/ros/humble/share/rclcpp/cmake)
[1.137s] -- Found rosidl_generator_c: 3.1.5 (/opt/ros/humble/share/rosidl_generator_c/cmake)
[1.143s] -- Found rosidl_adapter: 3.1.5 (/opt/ros/humble/share/rosidl_adapter/cmake)
[1.156s] -- Found rosidl_generator_cpp: 3.1.5 (/opt/ros/humble/share/rosidl_generator_cpp/cmake)
[1.189s] -- Using all available rosidl_typesupport_c: rosidl_typesupport_fastrtps_c;rosidl_typesupport_introspection_c
[1.227s] -- Using all available rosidl_typesupport_cpp: rosidl_typesupport_fastrtps_cpp;rosidl_typesupport_introspection_cpp
[1.344s] -- Found rmw_implementation_cmake: 6.1.1 (/opt/ros/humble/share/rmw_implementation_cmake/cmake)
[1.350s] -- Found rmw_cyclonedds_cpp: 1.3.4 (/opt/ros/humble/share/rmw_cyclonedds_cpp/cmake)
[1.399s] -- Using RMW implementation 'rmw_cyclonedds_cpp' as default
[1.681s] -- Found geometry_msgs: 4.2.3 (/opt/ros/humble/share/geometry_msgs/cmake)
[1.755s] -- Found tf2_msgs: 0.25.3 (/opt/ros/humble/share/tf2_msgs/cmake)
[1.983s] [31mCMake Error at CMakeLists.txt:14 (find_package):
[1.983s]   By not providing "Findcustom_messages.cmake" in CMAKE_MODULE_PATH this
[1.983s]   project has asked CMake to find a package configuration file provided by
[1.983s]   "custom_messages", but CMake did not find one.
[1.983s] 
[1.983s]   Could not find a package configuration file provided by "custom_messages"
[1.983s]   with any of the following names:
[1.983s] 
[1.983s]     custom_messagesConfig.cmake
[1.984s]     custom_messages-config.cmake
[1.984s] 
[1.984s]   Add the installation prefix of "custom_messages" to CMAKE_PREFIX_PATH or
[1.984s]   set "custom_messages_DIR" to a directory containing one of the above files.
[1.984s]   If "custom_messages" provides a separate development package or SDK, be
[1.984s]   sure it has been installed.
[1.984s] 
[1.984s] [0m
[1.984s] -- Configuring incomplete, errors occurred!
[1.984s] See also "/home/mtrn/MTRN4231_final_project/build/path_planning/CMakeFiles/CMakeOutput.log".
[1.992s] gmake: *** [Makefile:267: cmake_check_build_system] Error 1
[1.997s] Invoked command in '/home/mtrn/MTRN4231_final_project/build/path_planning' returned '2': CMAKE_PREFIX_PATH=${CMAKE_PREFIX_PATH}:/home/mtrn/4231/ws_moveit2/install/moveit_configs_utils:/home/mtrn/4231/ws_moveit2/install/launch_param_builder:/opt/ros/humble /usr/bin/cmake --build /home/mtrn/MTRN4231_final_project/build/path_planning -- -j4 -l4
