[0.160s] Invoking command in '/home/mtrn/MTRN4231_final_project/build/custom_messages': CMAKE_PREFIX_PATH=${CMAKE_PREFIX_PATH}:/home/mtrn/MTRN4231_final_project/install/image_processing:/home/mtrn/4231/ws_moveit2/install/moveit_configs_utils:/home/mtrn/4231/ws_moveit2/install/launch_param_builder:/opt/ros/humble /usr/bin/cmake /home/mtrn/MTRN4231_final_project/custom_messages -DCMAKE_INSTALL_PREFIX=/home/mtrn/MTRN4231_final_project/install/custom_messages
[0.728s] -- Found ament_cmake: 1.3.5 (/opt/ros/humble/share/ament_cmake/cmake)
[0.728s] -- Found rosidl_default_generators: 1.2.0 (/opt/ros/humble/share/rosidl_default_generators/cmake)
[0.728s] -- Using all available rosidl_typesupport_c: rosidl_typesupport_fastrtps_c;rosidl_typesupport_introspection_c
[0.728s] -- Found rosidl_adapter: 3.1.5 (/opt/ros/humble/share/rosidl_adapter/cmake)
[0.729s] -- Using all available rosidl_typesupport_cpp: rosidl_typesupport_fastrtps_cpp;rosidl_typesupport_introspection_cpp
[1.308s] -- Found ament_cmake_ros: 0.10.0 (/opt/ros/humble/share/ament_cmake_ros/cmake)
[1.909s] -- Using all available rosidl_typesupport_c: rosidl_typesupport_fastrtps_c;rosidl_typesupport_introspection_c
[2.676s] -- Using all available rosidl_typesupport_cpp: rosidl_typesupport_fastrtps_cpp;rosidl_typesupport_introspection_cpp
[2.751s] -- Found PythonInterp: /usr/bin/python3 (found suitable version "3.10.12", minimum required is "3.6") 
[2.778s] -- Found python_cmake_module: 0.10.0 (/opt/ros/humble/share/python_cmake_module/cmake)
[2.876s] -- Found PythonLibs: /usr/lib/x86_64-linux-gnu/libpython3.10.so (found suitable version "3.10.12", minimum required is "3.5") 
[2.876s] -- Using PYTHON_EXECUTABLE: /usr/bin/python3
[2.876s] -- Using PYTHON_INCLUDE_DIRS: /usr/include/python3.10
[2.876s] -- Using PYTHON_LIBRARIES: /usr/lib/x86_64-linux-gnu/libpython3.10.so
[2.929s] -- Found PythonExtra: .so  
[3.110s] -- Configuring done
[3.186s] -- Generating done
[3.189s] -- Build files have been written to: /home/mtrn/MTRN4231_final_project/build/custom_messages
[3.207s] Invoked command in '/home/mtrn/MTRN4231_final_project/build/custom_messages' returned '0': CMAKE_PREFIX_PATH=${CMAKE_PREFIX_PATH}:/home/mtrn/MTRN4231_final_project/install/image_processing:/home/mtrn/4231/ws_moveit2/install/moveit_configs_utils:/home/mtrn/4231/ws_moveit2/install/launch_param_builder:/opt/ros/humble /usr/bin/cmake /home/mtrn/MTRN4231_final_project/custom_messages -DCMAKE_INSTALL_PREFIX=/home/mtrn/MTRN4231_final_project/install/custom_messages
[3.210s] Invoking command in '/home/mtrn/MTRN4231_final_project/build/custom_messages': CMAKE_PREFIX_PATH=${CMAKE_PREFIX_PATH}:/home/mtrn/MTRN4231_final_project/install/image_processing:/home/mtrn/4231/ws_moveit2/install/moveit_configs_utils:/home/mtrn/4231/ws_moveit2/install/launch_param_builder:/opt/ros/humble /usr/bin/cmake --build /home/mtrn/MTRN4231_final_project/build/custom_messages -- -j4 -l4
[3.317s] [  3%] [34m[1mGenerating C code for ROS interfaces[0m
[3.370s] [  6%] [34m[1mGenerating C++ code for ROS interfaces[0m
[3.483s] [  6%] Built target ament_cmake_python_copy_custom_messages
[4.117s] running egg_info
[4.117s] creating custom_messages.egg-info
[4.118s] writing custom_messages.egg-info/PKG-INFO
[4.119s] writing dependency_links to custom_messages.egg-info/dependency_links.txt
[4.119s] writing top-level names to custom_messages.egg-info/top_level.txt
[4.119s] writing manifest file 'custom_messages.egg-info/SOURCES.txt'
[4.121s] reading manifest file 'custom_messages.egg-info/SOURCES.txt'
[4.122s] writing manifest file 'custom_messages.egg-info/SOURCES.txt'
[4.190s] [  6%] Built target ament_cmake_python_build_custom_messages_egg
[4.194s] [  9%] [32mBuilding C object CMakeFiles/custom_messages__rosidl_generator_c.dir/rosidl_generator_c/custom_messages/msg/detail/robot_action__functions.c.o[0m
[4.216s] [  9%] Built target custom_messages__cpp
[4.238s] [ 12%] [34m[1mGenerating C++ introspection for ROS interfaces[0m
[4.278s] [ 16%] [34m[1mGenerating C++ type support dispatch for ROS interfaces[0m
[4.286s] [ 19%] [34m[1mGenerating C++ type support for eProsima Fast-RTPS[0m
[4.365s] [ 22%] [32m[1mLinking C shared library libcustom_messages__rosidl_generator_c.so[0m
[4.558s] [ 22%] Built target custom_messages__rosidl_generator_c
[4.626s] [ 25%] [34m[1mGenerating C type support for eProsima Fast-RTPS[0m
[4.988s] [ 29%] [32mBuilding CXX object CMakeFiles/custom_messages__rosidl_typesupport_introspection_cpp.dir/rosidl_typesupport_introspection_cpp/custom_messages/msg/detail/robot_action__type_support.cpp.o[0m
[5.040s] [ 32%] [32mBuilding CXX object CMakeFiles/custom_messages__rosidl_typesupport_cpp.dir/rosidl_typesupport_cpp/custom_messages/msg/robot_action__type_support.cpp.o[0m
[5.102s] [ 35%] [32mBuilding CXX object CMakeFiles/custom_messages__rosidl_typesupport_fastrtps_cpp.dir/rosidl_typesupport_fastrtps_cpp/custom_messages/msg/detail/dds_fastrtps/robot_action__type_support.cpp.o[0m
[5.267s] [ 38%] [32mBuilding CXX object CMakeFiles/custom_messages__rosidl_typesupport_fastrtps_c.dir/rosidl_typesupport_fastrtps_c/custom_messages/msg/detail/robot_action__type_support_c.cpp.o[0m
[5.829s] [ 41%] [32m[1mLinking CXX shared library libcustom_messages__rosidl_typesupport_cpp.so[0m
[6.025s] [ 45%] [32m[1mLinking CXX shared library libcustom_messages__rosidl_typesupport_introspection_cpp.so[0m
[6.046s] [ 45%] Built target custom_messages__rosidl_typesupport_cpp
[6.117s] [ 48%] [34m[1mGenerating C introspection for ROS interfaces[0m
[6.134s] [ 51%] [32m[1mLinking CXX shared library libcustom_messages__rosidl_typesupport_fastrtps_c.so[0m
[6.232s] [ 51%] Built target custom_messages__rosidl_typesupport_introspection_cpp
[6.256s] [ 54%] [34m[1mGenerating C type support dispatch for ROS interfaces[0m
[6.271s] [ 58%] [32m[1mLinking CXX shared library libcustom_messages__rosidl_typesupport_fastrtps_cpp.so[0m
[6.424s] [ 58%] Built target custom_messages__rosidl_typesupport_fastrtps_c
[6.549s] [ 58%] Built target custom_messages__rosidl_typesupport_fastrtps_cpp
[6.814s] [ 61%] [32mBuilding CXX object CMakeFiles/custom_messages__rosidl_typesupport_c.dir/rosidl_typesupport_c/custom_messages/msg/robot_action__type_support.cpp.o[0m
[6.888s] [ 64%] [32mBuilding C object CMakeFiles/custom_messages__rosidl_typesupport_introspection_c.dir/rosidl_typesupport_introspection_c/custom_messages/msg/detail/robot_action__type_support.c.o[0m
[6.899s] [ 67%] [32m[1mLinking CXX shared library libcustom_messages__rosidl_typesupport_c.so[0m
[6.976s] [ 67%] Built target custom_messages__rosidl_typesupport_c
[7.002s] [ 70%] [32m[1mLinking C shared library libcustom_messages__rosidl_typesupport_introspection_c.so[0m
[7.081s] [ 70%] Built target custom_messages__rosidl_typesupport_introspection_c
[7.128s] [ 70%] Built target custom_messages
[7.194s] [ 74%] [34m[1mGenerating Python code for ROS interfaces[0m
[7.788s] [ 74%] Built target custom_messages__py
[7.847s] [ 77%] [32mBuilding C object CMakeFiles/custom_messages__rosidl_generator_py.dir/rosidl_generator_py/custom_messages/msg/_robot_action_s.c.o[0m
[8.068s] [ 80%] [32m[1mLinking C shared library rosidl_generator_py/custom_messages/libcustom_messages__rosidl_generator_py.so[0m
[8.157s] [ 80%] Built target custom_messages__rosidl_generator_py
[8.234s] [ 83%] [32mBuilding C object CMakeFiles/custom_messages__rosidl_typesupport_fastrtps_c__pyext.dir/rosidl_generator_py/custom_messages/_custom_messages_s.ep.rosidl_typesupport_fastrtps_c.c.o[0m
[8.238s] [ 87%] [32mBuilding C object CMakeFiles/custom_messages__rosidl_typesupport_introspection_c__pyext.dir/rosidl_generator_py/custom_messages/_custom_messages_s.ep.rosidl_typesupport_introspection_c.c.o[0m
[8.307s] [ 90%] [32mBuilding C object CMakeFiles/custom_messages__rosidl_typesupport_c__pyext.dir/rosidl_generator_py/custom_messages/_custom_messages_s.ep.rosidl_typesupport_c.c.o[0m
[8.456s] [ 93%] [32m[1mLinking C shared library rosidl_generator_py/custom_messages/custom_messages_s__rosidl_typesupport_introspection_c.cpython-310-x86_64-linux-gnu.so[0m
[8.505s] [ 96%] [32m[1mLinking C shared library rosidl_generator_py/custom_messages/custom_messages_s__rosidl_typesupport_fastrtps_c.cpython-310-x86_64-linux-gnu.so[0m
[8.561s] [100%] [32m[1mLinking C shared library rosidl_generator_py/custom_messages/custom_messages_s__rosidl_typesupport_c.cpython-310-x86_64-linux-gnu.so[0m
[8.600s] [100%] Built target custom_messages__rosidl_typesupport_introspection_c__pyext
[8.640s] [100%] Built target custom_messages__rosidl_typesupport_fastrtps_c__pyext
[8.670s] [100%] Built target custom_messages__rosidl_typesupport_c__pyext
[8.734s] Invoked command in '/home/mtrn/MTRN4231_final_project/build/custom_messages' returned '0': CMAKE_PREFIX_PATH=${CMAKE_PREFIX_PATH}:/home/mtrn/MTRN4231_final_project/install/image_processing:/home/mtrn/4231/ws_moveit2/install/moveit_configs_utils:/home/mtrn/4231/ws_moveit2/install/launch_param_builder:/opt/ros/humble /usr/bin/cmake --build /home/mtrn/MTRN4231_final_project/build/custom_messages -- -j4 -l4
[9.014s] Invoking command in '/home/mtrn/MTRN4231_final_project/build/custom_messages': CMAKE_PREFIX_PATH=${CMAKE_PREFIX_PATH}:/home/mtrn/MTRN4231_final_project/install/image_processing:/home/mtrn/4231/ws_moveit2/install/moveit_configs_utils:/home/mtrn/4231/ws_moveit2/install/launch_param_builder:/opt/ros/humble /usr/bin/cmake --install /home/mtrn/MTRN4231_final_project/build/custom_messages
[9.029s] -- Install configuration: ""
[9.029s] -- Installing: /home/mtrn/MTRN4231_final_project/install/custom_messages/share/ament_index/resource_index/rosidl_interfaces/custom_messages
[9.029s] -- Installing: /home/mtrn/MTRN4231_final_project/install/custom_messages/include/custom_messages/custom_messages
[9.030s] -- Installing: /home/mtrn/MTRN4231_final_project/install/custom_messages/include/custom_messages/custom_messages/msg
[9.030s] -- Installing: /home/mtrn/MTRN4231_final_project/install/custom_messages/include/custom_messages/custom_messages/msg/rosidl_generator_c__visibility_control.h
[9.030s] -- Installing: /home/mtrn/MTRN4231_final_project/install/custom_messages/include/custom_messages/custom_messages/msg/detail
[9.030s] -- Installing: /home/mtrn/MTRN4231_final_project/install/custom_messages/include/custom_messages/custom_messages/msg/detail/robot_action__type_support.h
[9.031s] -- Installing: /home/mtrn/MTRN4231_final_project/install/custom_messages/include/custom_messages/custom_messages/msg/detail/robot_action__functions.c
[9.031s] -- Installing: /home/mtrn/MTRN4231_final_project/install/custom_messages/include/custom_messages/custom_messages/msg/detail/robot_action__functions.h
[9.031s] -- Installing: /home/mtrn/MTRN4231_final_project/install/custom_messages/include/custom_messages/custom_messages/msg/detail/robot_action__struct.h
[9.032s] -- Installing: /home/mtrn/MTRN4231_final_project/install/custom_messages/include/custom_messages/custom_messages/msg/robot_action.h
[9.032s] -- Installing: /home/mtrn/MTRN4231_final_project/install/custom_messages/share/custom_messages/environment/library_path.sh
[9.032s] -- Installing: /home/mtrn/MTRN4231_final_project/install/custom_messages/share/custom_messages/environment/library_path.dsv
[9.032s] -- Installing: /home/mtrn/MTRN4231_final_project/install/custom_messages/lib/libcustom_messages__rosidl_generator_c.so
[9.033s] -- Set runtime path of "/home/mtrn/MTRN4231_final_project/install/custom_messages/lib/libcustom_messages__rosidl_generator_c.so" to ""
[9.033s] -- Up-to-date: /home/mtrn/MTRN4231_final_project/install/custom_messages/include/custom_messages/custom_messages
[9.033s] -- Up-to-date: /home/mtrn/MTRN4231_final_project/install/custom_messages/include/custom_messages/custom_messages/msg
[9.033s] -- Installing: /home/mtrn/MTRN4231_final_project/install/custom_messages/include/custom_messages/custom_messages/msg/rosidl_typesupport_fastrtps_c__visibility_control.h
[9.034s] -- Up-to-date: /home/mtrn/MTRN4231_final_project/install/custom_messages/include/custom_messages/custom_messages/msg/detail
[9.034s] -- Installing: /home/mtrn/MTRN4231_final_project/install/custom_messages/include/custom_messages/custom_messages/msg/detail/robot_action__rosidl_typesupport_fastrtps_c.h
[9.035s] -- Installing: /home/mtrn/MTRN4231_final_project/install/custom_messages/lib/libcustom_messages__rosidl_typesupport_fastrtps_c.so
[9.035s] -- Set runtime path of "/home/mtrn/MTRN4231_final_project/install/custom_messages/lib/libcustom_messages__rosidl_typesupport_fastrtps_c.so" to ""
[9.035s] -- Up-to-date: /home/mtrn/MTRN4231_final_project/install/custom_messages/include/custom_messages/custom_messages
[9.035s] -- Up-to-date: /home/mtrn/MTRN4231_final_project/install/custom_messages/include/custom_messages/custom_messages/msg
[9.036s] -- Installing: /home/mtrn/MTRN4231_final_project/install/custom_messages/include/custom_messages/custom_messages/msg/rosidl_typesupport_introspection_c__visibility_control.h
[9.036s] -- Up-to-date: /home/mtrn/MTRN4231_final_project/install/custom_messages/include/custom_messages/custom_messages/msg/detail
[9.036s] -- Installing: /home/mtrn/MTRN4231_final_project/install/custom_messages/include/custom_messages/custom_messages/msg/detail/robot_action__type_support.c
[9.036s] -- Installing: /home/mtrn/MTRN4231_final_project/install/custom_messages/include/custom_messages/custom_messages/msg/detail/robot_action__rosidl_typesupport_introspection_c.h
[9.036s] -- Installing: /home/mtrn/MTRN4231_final_project/install/custom_messages/lib/libcustom_messages__rosidl_typesupport_introspection_c.so
[9.037s] -- Set runtime path of "/home/mtrn/MTRN4231_final_project/install/custom_messages/lib/libcustom_messages__rosidl_typesupport_introspection_c.so" to ""
[9.037s] -- Installing: /home/mtrn/MTRN4231_final_project/install/custom_messages/lib/libcustom_messages__rosidl_typesupport_c.so
[9.037s] -- Set runtime path of "/home/mtrn/MTRN4231_final_project/install/custom_messages/lib/libcustom_messages__rosidl_typesupport_c.so" to ""
[9.042s] -- Up-to-date: /home/mtrn/MTRN4231_final_project/install/custom_messages/include/custom_messages/custom_messages
[9.042s] -- Up-to-date: /home/mtrn/MTRN4231_final_project/install/custom_messages/include/custom_messages/custom_messages/msg
[9.042s] -- Installing: /home/mtrn/MTRN4231_final_project/install/custom_messages/include/custom_messages/custom_messages/msg/robot_action.hpp
[9.043s] -- Up-to-date: /home/mtrn/MTRN4231_final_project/install/custom_messages/include/custom_messages/custom_messages/msg/detail
[9.043s] -- Installing: /home/mtrn/MTRN4231_final_project/install/custom_messages/include/custom_messages/custom_messages/msg/detail/robot_action__struct.hpp
[9.046s] -- Installing: /home/mtrn/MTRN4231_final_project/install/custom_messages/include/custom_messages/custom_messages/msg/detail/robot_action__traits.hpp
[9.046s] -- Installing: /home/mtrn/MTRN4231_final_project/install/custom_messages/include/custom_messages/custom_messages/msg/detail/robot_action__builder.hpp
[9.047s] -- Up-to-date: /home/mtrn/MTRN4231_final_project/install/custom_messages/include/custom_messages/custom_messages
[9.047s] -- Up-to-date: /home/mtrn/MTRN4231_final_project/install/custom_messages/include/custom_messages/custom_messages/msg
[9.047s] -- Up-to-date: /home/mtrn/MTRN4231_final_project/install/custom_messages/include/custom_messages/custom_messages/msg/detail
[9.047s] -- Installing: /home/mtrn/MTRN4231_final_project/install/custom_messages/include/custom_messages/custom_messages/msg/detail/robot_action__rosidl_typesupport_fastrtps_cpp.hpp
[9.047s] -- Installing: /home/mtrn/MTRN4231_final_project/install/custom_messages/include/custom_messages/custom_messages/msg/detail/dds_fastrtps
[9.048s] -- Installing: /home/mtrn/MTRN4231_final_project/install/custom_messages/include/custom_messages/custom_messages/msg/rosidl_typesupport_fastrtps_cpp__visibility_control.h
[9.048s] -- Installing: /home/mtrn/MTRN4231_final_project/install/custom_messages/lib/libcustom_messages__rosidl_typesupport_fastrtps_cpp.so
[9.048s] -- Set runtime path of "/home/mtrn/MTRN4231_final_project/install/custom_messages/lib/libcustom_messages__rosidl_typesupport_fastrtps_cpp.so" to ""
[9.048s] -- Up-to-date: /home/mtrn/MTRN4231_final_project/install/custom_messages/include/custom_messages/custom_messages
[9.048s] -- Up-to-date: /home/mtrn/MTRN4231_final_project/install/custom_messages/include/custom_messages/custom_messages/msg
[9.048s] -- Up-to-date: /home/mtrn/MTRN4231_final_project/install/custom_messages/include/custom_messages/custom_messages/msg/detail
[9.049s] -- Installing: /home/mtrn/MTRN4231_final_project/install/custom_messages/include/custom_messages/custom_messages/msg/detail/robot_action__type_support.cpp
[9.049s] -- Installing: /home/mtrn/MTRN4231_final_project/install/custom_messages/include/custom_messages/custom_messages/msg/detail/robot_action__rosidl_typesupport_introspection_cpp.hpp
[9.049s] -- Installing: /home/mtrn/MTRN4231_final_project/install/custom_messages/lib/libcustom_messages__rosidl_typesupport_introspection_cpp.so
[9.049s] -- Set runtime path of "/home/mtrn/MTRN4231_final_project/install/custom_messages/lib/libcustom_messages__rosidl_typesupport_introspection_cpp.so" to ""
[9.049s] -- Installing: /home/mtrn/MTRN4231_final_project/install/custom_messages/lib/libcustom_messages__rosidl_typesupport_cpp.so
[9.050s] -- Set runtime path of "/home/mtrn/MTRN4231_final_project/install/custom_messages/lib/libcustom_messages__rosidl_typesupport_cpp.so" to ""
[9.050s] -- Installing: /home/mtrn/MTRN4231_final_project/install/custom_messages/share/custom_messages/environment/pythonpath.sh
[9.050s] -- Installing: /home/mtrn/MTRN4231_final_project/install/custom_messages/share/custom_messages/environment/pythonpath.dsv
[9.050s] -- Installing: /home/mtrn/MTRN4231_final_project/install/custom_messages/local/lib/python3.10/dist-packages/custom_messages-0.0.0-py3.10.egg-info
[9.050s] -- Installing: /home/mtrn/MTRN4231_final_project/install/custom_messages/local/lib/python3.10/dist-packages/custom_messages-0.0.0-py3.10.egg-info/top_level.txt
[9.050s] -- Installing: /home/mtrn/MTRN4231_final_project/install/custom_messages/local/lib/python3.10/dist-packages/custom_messages-0.0.0-py3.10.egg-info/SOURCES.txt
[9.051s] -- Installing: /home/mtrn/MTRN4231_final_project/install/custom_messages/local/lib/python3.10/dist-packages/custom_messages-0.0.0-py3.10.egg-info/PKG-INFO
[9.052s] -- Installing: /home/mtrn/MTRN4231_final_project/install/custom_messages/local/lib/python3.10/dist-packages/custom_messages-0.0.0-py3.10.egg-info/dependency_links.txt
[9.053s] -- Installing: /home/mtrn/MTRN4231_final_project/install/custom_messages/local/lib/python3.10/dist-packages/custom_messages
[9.053s] -- Installing: /home/mtrn/MTRN4231_final_project/install/custom_messages/local/lib/python3.10/dist-packages/custom_messages/libcustom_messages__rosidl_generator_py.so
[9.053s] -- Installing: /home/mtrn/MTRN4231_final_project/install/custom_messages/local/lib/python3.10/dist-packages/custom_messages/custom_messages_s__rosidl_typesupport_introspection_c.cpython-310-x86_64-linux-gnu.so
[9.053s] -- Installing: /home/mtrn/MTRN4231_final_project/install/custom_messages/local/lib/python3.10/dist-packages/custom_messages/custom_messages_s__rosidl_typesupport_c.cpython-310-x86_64-linux-gnu.so
[9.053s] -- Installing: /home/mtrn/MTRN4231_final_project/install/custom_messages/local/lib/python3.10/dist-packages/custom_messages/_custom_messages_s.ep.rosidl_typesupport_introspection_c.c
[9.053s] -- Installing: /home/mtrn/MTRN4231_final_project/install/custom_messages/local/lib/python3.10/dist-packages/custom_messages/_custom_messages_s.ep.rosidl_typesupport_c.c
[9.054s] -- Installing: /home/mtrn/MTRN4231_final_project/install/custom_messages/local/lib/python3.10/dist-packages/custom_messages/_custom_messages_s.ep.rosidl_typesupport_fastrtps_c.c
[9.054s] -- Installing: /home/mtrn/MTRN4231_final_project/install/custom_messages/local/lib/python3.10/dist-packages/custom_messages/custom_messages_s__rosidl_typesupport_fastrtps_c.cpython-310-x86_64-linux-gnu.so
[9.054s] -- Installing: /home/mtrn/MTRN4231_final_project/install/custom_messages/local/lib/python3.10/dist-packages/custom_messages/msg
[9.055s] -- Installing: /home/mtrn/MTRN4231_final_project/install/custom_messages/local/lib/python3.10/dist-packages/custom_messages/msg/_robot_action.py
[9.055s] -- Installing: /home/mtrn/MTRN4231_final_project/install/custom_messages/local/lib/python3.10/dist-packages/custom_messages/msg/_robot_action_s.c
[9.055s] -- Installing: /home/mtrn/MTRN4231_final_project/install/custom_messages/local/lib/python3.10/dist-packages/custom_messages/msg/__init__.py
[9.055s] -- Installing: /home/mtrn/MTRN4231_final_project/install/custom_messages/local/lib/python3.10/dist-packages/custom_messages/__init__.py
[9.133s] Listing '/home/mtrn/MTRN4231_final_project/install/custom_messages/local/lib/python3.10/dist-packages/custom_messages'...
[9.133s] Compiling '/home/mtrn/MTRN4231_final_project/install/custom_messages/local/lib/python3.10/dist-packages/custom_messages/__init__.py'...
[9.133s] Listing '/home/mtrn/MTRN4231_final_project/install/custom_messages/local/lib/python3.10/dist-packages/custom_messages/msg'...
[9.134s] Compiling '/home/mtrn/MTRN4231_final_project/install/custom_messages/local/lib/python3.10/dist-packages/custom_messages/msg/__init__.py'...
[9.134s] Compiling '/home/mtrn/MTRN4231_final_project/install/custom_messages/local/lib/python3.10/dist-packages/custom_messages/msg/_robot_action.py'...
[9.141s] -- Installing: /home/mtrn/MTRN4231_final_project/install/custom_messages/local/lib/python3.10/dist-packages/custom_messages/custom_messages_s__rosidl_typesupport_fastrtps_c.cpython-310-x86_64-linux-gnu.so
[9.142s] -- Set runtime path of "/home/mtrn/MTRN4231_final_project/install/custom_messages/local/lib/python3.10/dist-packages/custom_messages/custom_messages_s__rosidl_typesupport_fastrtps_c.cpython-310-x86_64-linux-gnu.so" to ""
[9.142s] -- Installing: /home/mtrn/MTRN4231_final_project/install/custom_messages/local/lib/python3.10/dist-packages/custom_messages/custom_messages_s__rosidl_typesupport_introspection_c.cpython-310-x86_64-linux-gnu.so
[9.143s] -- Set runtime path of "/home/mtrn/MTRN4231_final_project/install/custom_messages/local/lib/python3.10/dist-packages/custom_messages/custom_messages_s__rosidl_typesupport_introspection_c.cpython-310-x86_64-linux-gnu.so" to ""
[9.143s] -- Installing: /home/mtrn/MTRN4231_final_project/install/custom_messages/local/lib/python3.10/dist-packages/custom_messages/custom_messages_s__rosidl_typesupport_c.cpython-310-x86_64-linux-gnu.so
[9.143s] -- Set runtime path of "/home/mtrn/MTRN4231_final_project/install/custom_messages/local/lib/python3.10/dist-packages/custom_messages/custom_messages_s__rosidl_typesupport_c.cpython-310-x86_64-linux-gnu.so" to ""
[9.144s] -- Installing: /home/mtrn/MTRN4231_final_project/install/custom_messages/lib/libcustom_messages__rosidl_generator_py.so
[9.144s] -- Set runtime path of "/home/mtrn/MTRN4231_final_project/install/custom_messages/lib/libcustom_messages__rosidl_generator_py.so" to ""
[9.144s] -- Installing: /home/mtrn/MTRN4231_final_project/install/custom_messages/share/custom_messages/msg/RobotAction.idl
[9.145s] -- Installing: /home/mtrn/MTRN4231_final_project/install/custom_messages/share/custom_messages/msg/RobotAction.msg
[9.145s] -- Installing: /home/mtrn/MTRN4231_final_project/install/custom_messages/share/ament_index/resource_index/package_run_dependencies/custom_messages
[9.145s] -- Installing: /home/mtrn/MTRN4231_final_project/install/custom_messages/share/ament_index/resource_index/parent_prefix_path/custom_messages
[9.145s] -- Installing: /home/mtrn/MTRN4231_final_project/install/custom_messages/share/custom_messages/environment/ament_prefix_path.sh
[9.146s] -- Installing: /home/mtrn/MTRN4231_final_project/install/custom_messages/share/custom_messages/environment/ament_prefix_path.dsv
[9.146s] -- Installing: /home/mtrn/MTRN4231_final_project/install/custom_messages/share/custom_messages/environment/path.sh
[9.146s] -- Installing: /home/mtrn/MTRN4231_final_project/install/custom_messages/share/custom_messages/environment/path.dsv
[9.147s] -- Installing: /home/mtrn/MTRN4231_final_project/install/custom_messages/share/custom_messages/local_setup.bash
[9.147s] -- Installing: /home/mtrn/MTRN4231_final_project/install/custom_messages/share/custom_messages/local_setup.sh
[9.147s] -- Installing: /home/mtrn/MTRN4231_final_project/install/custom_messages/share/custom_messages/local_setup.zsh
[9.147s] -- Installing: /home/mtrn/MTRN4231_final_project/install/custom_messages/share/custom_messages/local_setup.dsv
[9.148s] -- Installing: /home/mtrn/MTRN4231_final_project/install/custom_messages/share/custom_messages/package.dsv
[9.148s] -- Installing: /home/mtrn/MTRN4231_final_project/install/custom_messages/share/ament_index/resource_index/packages/custom_messages
[9.148s] -- Installing: /home/mtrn/MTRN4231_final_project/install/custom_messages/share/custom_messages/cmake/export_custom_messages__rosidl_generator_cExport.cmake
[9.148s] -- Installing: /home/mtrn/MTRN4231_final_project/install/custom_messages/share/custom_messages/cmake/export_custom_messages__rosidl_generator_cExport-noconfig.cmake
[9.149s] -- Installing: /home/mtrn/MTRN4231_final_project/install/custom_messages/share/custom_messages/cmake/export_custom_messages__rosidl_typesupport_fastrtps_cExport.cmake
[9.149s] -- Installing: /home/mtrn/MTRN4231_final_project/install/custom_messages/share/custom_messages/cmake/export_custom_messages__rosidl_typesupport_fastrtps_cExport-noconfig.cmake
[9.149s] -- Installing: /home/mtrn/MTRN4231_final_project/install/custom_messages/share/custom_messages/cmake/custom_messages__rosidl_typesupport_introspection_cExport.cmake
[9.149s] -- Installing: /home/mtrn/MTRN4231_final_project/install/custom_messages/share/custom_messages/cmake/custom_messages__rosidl_typesupport_introspection_cExport-noconfig.cmake
[9.150s] -- Installing: /home/mtrn/MTRN4231_final_project/install/custom_messages/share/custom_messages/cmake/custom_messages__rosidl_typesupport_cExport.cmake
[9.150s] -- Installing: /home/mtrn/MTRN4231_final_project/install/custom_messages/share/custom_messages/cmake/custom_messages__rosidl_typesupport_cExport-noconfig.cmake
[9.150s] -- Installing: /home/mtrn/MTRN4231_final_project/install/custom_messages/share/custom_messages/cmake/export_custom_messages__rosidl_generator_cppExport.cmake
[9.150s] -- Installing: /home/mtrn/MTRN4231_final_project/install/custom_messages/share/custom_messages/cmake/export_custom_messages__rosidl_typesupport_fastrtps_cppExport.cmake
[9.151s] -- Installing: /home/mtrn/MTRN4231_final_project/install/custom_messages/share/custom_messages/cmake/export_custom_messages__rosidl_typesupport_fastrtps_cppExport-noconfig.cmake
[9.151s] -- Installing: /home/mtrn/MTRN4231_final_project/install/custom_messages/share/custom_messages/cmake/custom_messages__rosidl_typesupport_introspection_cppExport.cmake
[9.151s] -- Installing: /home/mtrn/MTRN4231_final_project/install/custom_messages/share/custom_messages/cmake/custom_messages__rosidl_typesupport_introspection_cppExport-noconfig.cmake
[9.151s] -- Installing: /home/mtrn/MTRN4231_final_project/install/custom_messages/share/custom_messages/cmake/custom_messages__rosidl_typesupport_cppExport.cmake
[9.151s] -- Installing: /home/mtrn/MTRN4231_final_project/install/custom_messages/share/custom_messages/cmake/custom_messages__rosidl_typesupport_cppExport-noconfig.cmake
[9.152s] -- Installing: /home/mtrn/MTRN4231_final_project/install/custom_messages/share/custom_messages/cmake/export_custom_messages__rosidl_generator_pyExport.cmake
[9.152s] -- Installing: /home/mtrn/MTRN4231_final_project/install/custom_messages/share/custom_messages/cmake/export_custom_messages__rosidl_generator_pyExport-noconfig.cmake
[9.152s] -- Installing: /home/mtrn/MTRN4231_final_project/install/custom_messages/share/custom_messages/cmake/rosidl_cmake-extras.cmake
[9.152s] -- Installing: /home/mtrn/MTRN4231_final_project/install/custom_messages/share/custom_messages/cmake/ament_cmake_export_include_directories-extras.cmake
[9.153s] -- Installing: /home/mtrn/MTRN4231_final_project/install/custom_messages/share/custom_messages/cmake/ament_cmake_export_libraries-extras.cmake
[9.153s] -- Installing: /home/mtrn/MTRN4231_final_project/install/custom_messages/share/custom_messages/cmake/ament_cmake_export_targets-extras.cmake
[9.153s] -- Installing: /home/mtrn/MTRN4231_final_project/install/custom_messages/share/custom_messages/cmake/rosidl_cmake_export_typesupport_targets-extras.cmake
[9.172s] -- Installing: /home/mtrn/MTRN4231_final_project/install/custom_messages/share/custom_messages/cmake/ament_cmake_export_dependencies-extras.cmake
[9.172s] -- Installing: /home/mtrn/MTRN4231_final_project/install/custom_messages/share/custom_messages/cmake/rosidl_cmake_export_typesupport_libraries-extras.cmake
[9.172s] -- Installing: /home/mtrn/MTRN4231_final_project/install/custom_messages/share/custom_messages/cmake/custom_messagesConfig.cmake
[9.173s] -- Installing: /home/mtrn/MTRN4231_final_project/install/custom_messages/share/custom_messages/cmake/custom_messagesConfig-version.cmake
[9.173s] -- Installing: /home/mtrn/MTRN4231_final_project/install/custom_messages/share/custom_messages/package.xml
[9.173s] Invoked command in '/home/mtrn/MTRN4231_final_project/build/custom_messages' returned '0': CMAKE_PREFIX_PATH=${CMAKE_PREFIX_PATH}:/home/mtrn/MTRN4231_final_project/install/image_processing:/home/mtrn/4231/ws_moveit2/install/moveit_configs_utils:/home/mtrn/4231/ws_moveit2/install/launch_param_builder:/opt/ros/humble /usr/bin/cmake --install /home/mtrn/MTRN4231_final_project/build/custom_messages
