[1.358s] Invoking command in '/home/mtrn/4231/MTRN4231_final_project/image_processing': PYTHONPATH=/home/mtrn/4231/MTRN4231_final_project/build/image_processing/prefix_override:/home/mtrn/4231/MTRN4231_final_project/install/image_processing/lib/python3.10/site-packages:${PYTHONPATH} /usr/bin/python3 setup.py egg_info --egg-base ../build/image_processing build --build-base /home/mtrn/4231/MTRN4231_final_project/build/image_processing/build install --record /home/mtrn/4231/MTRN4231_final_project/build/image_processing/install.log --single-version-externally-managed
[1.809s] running egg_info
[1.810s] writing ../build/image_processing/image_processing.egg-info/PKG-INFO
[1.811s] writing dependency_links to ../build/image_processing/image_processing.egg-info/dependency_links.txt
[1.812s] writing entry points to ../build/image_processing/image_processing.egg-info/entry_points.txt
[1.813s] writing requirements to ../build/image_processing/image_processing.egg-info/requires.txt
[1.814s] writing top-level names to ../build/image_processing/image_processing.egg-info/top_level.txt
[1.817s] reading manifest file '../build/image_processing/image_processing.egg-info/SOURCES.txt'
[1.819s] writing manifest file '../build/image_processing/image_processing.egg-info/SOURCES.txt'
[1.820s] running build
[1.820s] running build_py
[1.821s] running install
[1.821s] running install_lib
[1.823s] running install_data
[1.825s] running install_egg_info
[1.827s] removing '/home/mtrn/4231/MTRN4231_final_project/install/image_processing/lib/python3.10/site-packages/image_processing-0.0.0-py3.10.egg-info' (and everything under it)
[1.830s] Copying ../build/image_processing/image_processing.egg-info to /home/mtrn/4231/MTRN4231_final_project/install/image_processing/lib/python3.10/site-packages/image_processing-0.0.0-py3.10.egg-info
[1.837s] running install_scripts
[1.867s] Installing smile_detector_node script to /home/mtrn/4231/MTRN4231_final_project/install/image_processing/lib/image_processing
[1.869s] writing list of installed files to '/home/mtrn/4231/MTRN4231_final_project/build/image_processing/install.log'
[1.917s] Invoked command in '/home/mtrn/4231/MTRN4231_final_project/image_processing' returned '0': PYTHONPATH=/home/mtrn/4231/MTRN4231_final_project/build/image_processing/prefix_override:/home/mtrn/4231/MTRN4231_final_project/install/image_processing/lib/python3.10/site-packages:${PYTHONPATH} /usr/bin/python3 setup.py egg_info --egg-base ../build/image_processing build --build-base /home/mtrn/4231/MTRN4231_final_project/build/image_processing/build install --record /home/mtrn/4231/MTRN4231_final_project/build/image_processing/install.log --single-version-externally-managed
