[0.759s] Invoking command in '/home/mtrn/4231/MTRN4231_final_project/image_processing': PYTHONPATH=/home/mtrn/4231/MTRN4231_final_project/build/image_processing/prefix_override:/home/mtrn/4231/MTRN4231_final_project/install/image_processing/lib/python3.10/site-packages:${PYTHONPATH} /usr/bin/python3 setup.py egg_info --egg-base ../build/image_processing build --build-base /home/mtrn/4231/MTRN4231_final_project/build/image_processing/build install --record /home/mtrn/4231/MTRN4231_final_project/build/image_processing/install.log --single-version-externally-managed
[1.007s] running egg_info
[1.008s] writing ../build/image_processing/image_processing.egg-info/PKG-INFO
[1.008s] writing dependency_links to ../build/image_processing/image_processing.egg-info/dependency_links.txt
[1.008s] writing entry points to ../build/image_processing/image_processing.egg-info/entry_points.txt
[1.008s] writing requirements to ../build/image_processing/image_processing.egg-info/requires.txt
[1.008s] writing top-level names to ../build/image_processing/image_processing.egg-info/top_level.txt
[1.010s] reading manifest file '../build/image_processing/image_processing.egg-info/SOURCES.txt'
[1.011s] writing manifest file '../build/image_processing/image_processing.egg-info/SOURCES.txt'
[1.011s] running build
[1.011s] running build_py
[1.012s] copying image_processing/smile_detector_node.py -> /home/mtrn/4231/MTRN4231_final_project/build/image_processing/build/lib/image_processing
[1.012s] running install
[1.013s] running install_lib
[1.014s] copying /home/mtrn/4231/MTRN4231_final_project/build/image_processing/build/lib/image_processing/smile_detector_node.py -> /home/mtrn/4231/MTRN4231_final_project/install/image_processing/lib/python3.10/site-packages/image_processing
[1.014s] byte-compiling /home/mtrn/4231/MTRN4231_final_project/install/image_processing/lib/python3.10/site-packages/image_processing/smile_detector_node.py to smile_detector_node.cpython-310.pyc
[1.014s] running install_data
[1.015s] running install_egg_info
[1.016s] removing '/home/mtrn/4231/MTRN4231_final_project/install/image_processing/lib/python3.10/site-packages/image_processing-0.0.0-py3.10.egg-info' (and everything under it)
[1.017s] Copying ../build/image_processing/image_processing.egg-info to /home/mtrn/4231/MTRN4231_final_project/install/image_processing/lib/python3.10/site-packages/image_processing-0.0.0-py3.10.egg-info
[1.018s] running install_scripts
[1.038s] Installing smile_detector_node script to /home/mtrn/4231/MTRN4231_final_project/install/image_processing/lib/image_processing
[1.038s] writing list of installed files to '/home/mtrn/4231/MTRN4231_final_project/build/image_processing/install.log'
[1.069s] Invoked command in '/home/mtrn/4231/MTRN4231_final_project/image_processing' returned '0': PYTHONPATH=/home/mtrn/4231/MTRN4231_final_project/build/image_processing/prefix_override:/home/mtrn/4231/MTRN4231_final_project/install/image_processing/lib/python3.10/site-packages:${PYTHONPATH} /usr/bin/python3 setup.py egg_info --egg-base ../build/image_processing build --build-base /home/mtrn/4231/MTRN4231_final_project/build/image_processing/build install --record /home/mtrn/4231/MTRN4231_final_project/build/image_processing/install.log --single-version-externally-managed
