[0.935s] Invoking command in '/home/mtrn/4231/MTRN4231_final_project/image_processing': PYTHONPATH=/home/mtrn/4231/MTRN4231_final_project/build/image_processing/prefix_override:/home/mtrn/4231/MTRN4231_final_project/install/image_processing/lib/python3.10/site-packages:${PYTHONPATH} /usr/bin/python3 setup.py egg_info --egg-base ../build/image_processing build --build-base /home/mtrn/4231/MTRN4231_final_project/build/image_processing/build install --record /home/mtrn/4231/MTRN4231_final_project/build/image_processing/install.log --single-version-externally-managed
[1.165s] running egg_info
[1.165s] creating ../build/image_processing/image_processing.egg-info
[1.167s] writing ../build/image_processing/image_processing.egg-info/PKG-INFO
[1.167s] writing dependency_links to ../build/image_processing/image_processing.egg-info/dependency_links.txt
[1.167s] writing entry points to ../build/image_processing/image_processing.egg-info/entry_points.txt
[1.167s] writing requirements to ../build/image_processing/image_processing.egg-info/requires.txt
[1.167s] writing top-level names to ../build/image_processing/image_processing.egg-info/top_level.txt
[1.167s] writing manifest file '../build/image_processing/image_processing.egg-info/SOURCES.txt'
[1.169s] reading manifest file '../build/image_processing/image_processing.egg-info/SOURCES.txt'
[1.169s] writing manifest file '../build/image_processing/image_processing.egg-info/SOURCES.txt'
[1.169s] running build
[1.169s] running build_py
[1.169s] creating /home/mtrn/4231/MTRN4231_final_project/build/image_processing/build
[1.169s] creating /home/mtrn/4231/MTRN4231_final_project/build/image_processing/build/lib
[1.169s] creating /home/mtrn/4231/MTRN4231_final_project/build/image_processing/build/lib/image_processing
[1.169s] copying image_processing/smile_detector_node.py -> /home/mtrn/4231/MTRN4231_final_project/build/image_processing/build/lib/image_processing
[1.174s] copying image_processing/__init__.py -> /home/mtrn/4231/MTRN4231_final_project/build/image_processing/build/lib/image_processing
[1.174s] running install
[1.175s] /usr/lib/python3/dist-packages/setuptools/command/install.py:34: SetuptoolsDeprecationWarning: setup.py install is deprecated. Use build and pip and other standards-based tools.
[1.175s]   warnings.warn(
[1.178s] running install_lib
[1.179s] creating /home/mtrn/4231/MTRN4231_final_project/install/image_processing/lib/python3.10/site-packages/image_processing
[1.179s] copying /home/mtrn/4231/MTRN4231_final_project/build/image_processing/build/lib/image_processing/smile_detector_node.py -> /home/mtrn/4231/MTRN4231_final_project/install/image_processing/lib/python3.10/site-packages/image_processing
[1.179s] copying /home/mtrn/4231/MTRN4231_final_project/build/image_processing/build/lib/image_processing/__init__.py -> /home/mtrn/4231/MTRN4231_final_project/install/image_processing/lib/python3.10/site-packages/image_processing
[1.179s] byte-compiling /home/mtrn/4231/MTRN4231_final_project/install/image_processing/lib/python3.10/site-packages/image_processing/smile_detector_node.py to smile_detector_node.cpython-310.pyc
[1.180s] byte-compiling /home/mtrn/4231/MTRN4231_final_project/install/image_processing/lib/python3.10/site-packages/image_processing/__init__.py to __init__.cpython-310.pyc
[1.180s] running install_data
[1.181s] creating /home/mtrn/4231/MTRN4231_final_project/install/image_processing/share/ament_index
[1.181s] creating /home/mtrn/4231/MTRN4231_final_project/install/image_processing/share/ament_index/resource_index
[1.181s] creating /home/mtrn/4231/MTRN4231_final_project/install/image_processing/share/ament_index/resource_index/packages
[1.181s] copying resource/image_processing -> /home/mtrn/4231/MTRN4231_final_project/install/image_processing/share/ament_index/resource_index/packages
[1.181s] copying package.xml -> /home/mtrn/4231/MTRN4231_final_project/install/image_processing/share/image_processing
[1.181s] running install_egg_info
[1.183s] Copying ../build/image_processing/image_processing.egg-info to /home/mtrn/4231/MTRN4231_final_project/install/image_processing/lib/python3.10/site-packages/image_processing-0.0.0-py3.10.egg-info
[1.184s] running install_scripts
[1.205s] Installing smile_detector_node script to /home/mtrn/4231/MTRN4231_final_project/install/image_processing/lib/image_processing
[1.205s] writing list of installed files to '/home/mtrn/4231/MTRN4231_final_project/build/image_processing/install.log'
[1.234s] Invoked command in '/home/mtrn/4231/MTRN4231_final_project/image_processing' returned '0': PYTHONPATH=/home/mtrn/4231/MTRN4231_final_project/build/image_processing/prefix_override:/home/mtrn/4231/MTRN4231_final_project/install/image_processing/lib/python3.10/site-packages:${PYTHONPATH} /usr/bin/python3 setup.py egg_info --egg-base ../build/image_processing build --build-base /home/mtrn/4231/MTRN4231_final_project/build/image_processing/build install --record /home/mtrn/4231/MTRN4231_final_project/build/image_processing/install.log --single-version-externally-managed
