[1.503s] Invoking command in '/home/mtrn/MTRN4231_final_project/image_processing': PYTHONPATH=/home/mtrn/MTRN4231_final_project/build/image_processing/prefix_override:/home/mtrn/MTRN4231_final_project/install/image_processing/lib/python3.10/site-packages:${PYTHONPATH} /usr/bin/python3 setup.py egg_info --egg-base ../build/image_processing build --build-base /home/mtrn/MTRN4231_final_project/build/image_processing/build install --record /home/mtrn/MTRN4231_final_project/build/image_processing/install.log --single-version-externally-managed
[1.947s] running egg_info
[1.948s] creating ../build/image_processing/image_processing.egg-info
[1.949s] writing ../build/image_processing/image_processing.egg-info/PKG-INFO
[1.950s] writing dependency_links to ../build/image_processing/image_processing.egg-info/dependency_links.txt
[1.950s] writing entry points to ../build/image_processing/image_processing.egg-info/entry_points.txt
[1.950s] writing requirements to ../build/image_processing/image_processing.egg-info/requires.txt
[1.950s] writing top-level names to ../build/image_processing/image_processing.egg-info/top_level.txt
[1.951s] writing manifest file '../build/image_processing/image_processing.egg-info/SOURCES.txt'
[1.955s] reading manifest file '../build/image_processing/image_processing.egg-info/SOURCES.txt'
[1.956s] writing manifest file '../build/image_processing/image_processing.egg-info/SOURCES.txt'
[1.957s] running build
[1.957s] running build_py
[1.957s] creating /home/mtrn/MTRN4231_final_project/build/image_processing/build
[1.958s] creating /home/mtrn/MTRN4231_final_project/build/image_processing/build/lib
[1.958s] creating /home/mtrn/MTRN4231_final_project/build/image_processing/build/lib/image_processing
[1.958s] copying image_processing/smile_detector_node.py -> /home/mtrn/MTRN4231_final_project/build/image_processing/build/lib/image_processing
[1.960s] copying image_processing/__init__.py -> /home/mtrn/MTRN4231_final_project/build/image_processing/build/lib/image_processing
[1.960s] running install
[1.960s] running install_lib
[1.963s] creating /home/mtrn/MTRN4231_final_project/install/image_processing/lib/python3.10/site-packages/image_processing
[1.963s] copying /home/mtrn/MTRN4231_final_project/build/image_processing/build/lib/image_processing/smile_detector_node.py -> /home/mtrn/MTRN4231_final_project/install/image_processing/lib/python3.10/site-packages/image_processing
[1.963s] copying /home/mtrn/MTRN4231_final_project/build/image_processing/build/lib/image_processing/__init__.py -> /home/mtrn/MTRN4231_final_project/install/image_processing/lib/python3.10/site-packages/image_processing
[1.964s] byte-compiling /home/mtrn/MTRN4231_final_project/install/image_processing/lib/python3.10/site-packages/image_processing/smile_detector_node.py to smile_detector_node.cpython-310.pyc
[1.966s] byte-compiling /home/mtrn/MTRN4231_final_project/install/image_processing/lib/python3.10/site-packages/image_processing/__init__.py to __init__.cpython-310.pyc
[1.966s] running install_data
[1.968s] creating /home/mtrn/MTRN4231_final_project/install/image_processing/share/ament_index
[1.968s] creating /home/mtrn/MTRN4231_final_project/install/image_processing/share/ament_index/resource_index
[1.968s] creating /home/mtrn/MTRN4231_final_project/install/image_processing/share/ament_index/resource_index/packages
[1.968s] copying resource/image_processing -> /home/mtrn/MTRN4231_final_project/install/image_processing/share/ament_index/resource_index/packages
[1.969s] copying package.xml -> /home/mtrn/MTRN4231_final_project/install/image_processing/share/image_processing
[1.969s] running install_egg_info
[1.973s] Copying ../build/image_processing/image_processing.egg-info to /home/mtrn/MTRN4231_final_project/install/image_processing/lib/python3.10/site-packages/image_processing-0.0.0-py3.10.egg-info
[1.974s] running install_scripts
[2.016s] Installing smile_detector_node script to /home/mtrn/MTRN4231_final_project/install/image_processing/lib/image_processing
[2.017s] writing list of installed files to '/home/mtrn/MTRN4231_final_project/build/image_processing/install.log'
