[0.404s] DEBUG:colcon:Command line arguments: ['/usr/bin/colcon', 'build']
[0.404s] DEBUG:colcon:Parsed command line arguments: Namespace(log_base=None, log_level=None, verb_name='build', build_base='build', install_base='install', merge_install=False, symlink_install=False, test_result_base=None, continue_on_error=False, executor='parallel', parallel_workers=4, event_handlers=None, ignore_user_meta=False, metas=['./colcon.meta'], base_paths=['.'], packages_ignore=None, packages_ignore_regex=None, paths=None, packages_up_to=None, packages_up_to_regex=None, packages_above=None, packages_above_and_dependencies=None, packages_above_depth=None, packages_select_by_dep=None, packages_skip_by_dep=None, packages_skip_up_to=None, packages_select_build_failed=False, packages_skip_build_finished=False, packages_select_test_failures=False, packages_skip_test_passed=False, packages_select=None, packages_skip=None, packages_select_regex=None, packages_skip_regex=None, packages_start=None, packages_end=None, allow_overriding=[], cmake_args=None, cmake_target=None, cmake_target_skip_unavailable=False, cmake_clean_cache=False, cmake_clean_first=False, cmake_force_configure=False, ament_cmake_args=None, catkin_cmake_args=None, catkin_skip_building_tests=False, mixin_files=None, mixin=None, verb_parser=<colcon_mixin.mixin.mixin_argument.MixinArgumentDecorator object at 0x7f226eaef070>, verb_extension=<colcon_core.verb.build.BuildVerb object at 0x7f226eaee9e0>, main=<bound method BuildVerb.main of <colcon_core.verb.build.BuildVerb object at 0x7f226eaee9e0>>, mixin_verb=('build',))
[0.431s] Level 1:colcon.colcon_core.package_discovery:discover_packages(colcon_meta) check parameters
[0.432s] Level 1:colcon.colcon_core.package_discovery:discover_packages(recursive) check parameters
[0.432s] Level 1:colcon.colcon_core.package_discovery:discover_packages(ignore) check parameters
[0.432s] Level 1:colcon.colcon_core.package_discovery:discover_packages(path) check parameters
[0.432s] Level 1:colcon.colcon_core.package_discovery:discover_packages(colcon_meta) discover
[0.432s] Level 1:colcon.colcon_core.package_discovery:discover_packages(recursive) discover
[0.432s] INFO:colcon.colcon_core.package_discovery:Crawling recursively for packages in '/home/mtrn/MTRN4231_final_project'
[0.432s] Level 1:colcon.colcon_core.package_identification:_identify(.) by extensions ['ignore', 'ignore_ament_install']
[0.432s] Level 1:colcon.colcon_core.package_identification:_identify(.) by extension 'ignore'
[0.432s] Level 1:colcon.colcon_core.package_identification:_identify(.) by extension 'ignore_ament_install'
[0.432s] Level 1:colcon.colcon_core.package_identification:_identify(.) by extensions ['colcon_pkg']
[0.432s] Level 1:colcon.colcon_core.package_identification:_identify(.) by extension 'colcon_pkg'
[0.432s] Level 1:colcon.colcon_core.package_identification:_identify(.) by extensions ['colcon_meta']
[0.432s] Level 1:colcon.colcon_core.package_identification:_identify(.) by extension 'colcon_meta'
[0.432s] Level 1:colcon.colcon_core.package_identification:_identify(.) by extensions ['ros']
[0.432s] Level 1:colcon.colcon_core.package_identification:_identify(.) by extension 'ros'
[0.446s] Level 1:colcon.colcon_core.package_identification:_identify(.) by extensions ['cmake', 'python']
[0.446s] Level 1:colcon.colcon_core.package_identification:_identify(.) by extension 'cmake'
[0.446s] Level 1:colcon.colcon_core.package_identification:_identify(.) by extension 'python'
[0.446s] Level 1:colcon.colcon_core.package_identification:_identify(.) by extensions ['python_setup_py']
[0.446s] Level 1:colcon.colcon_core.package_identification:_identify(.) by extension 'python_setup_py'
[0.446s] Level 1:colcon.colcon_core.package_identification:_identify(build) by extensions ['ignore', 'ignore_ament_install']
[0.446s] Level 1:colcon.colcon_core.package_identification:_identify(build) by extension 'ignore'
[0.446s] Level 1:colcon.colcon_core.package_identification:_identify(build) ignored
[0.446s] Level 1:colcon.colcon_core.package_identification:_identify(image_processing) by extensions ['ignore', 'ignore_ament_install']
[0.446s] Level 1:colcon.colcon_core.package_identification:_identify(image_processing) by extension 'ignore'
[0.446s] Level 1:colcon.colcon_core.package_identification:_identify(image_processing) by extension 'ignore_ament_install'
[0.446s] Level 1:colcon.colcon_core.package_identification:_identify(image_processing) by extensions ['colcon_pkg']
[0.447s] Level 1:colcon.colcon_core.package_identification:_identify(image_processing) by extension 'colcon_pkg'
[0.447s] Level 1:colcon.colcon_core.package_identification:_identify(image_processing) by extensions ['colcon_meta']
[0.447s] Level 1:colcon.colcon_core.package_identification:_identify(image_processing) by extension 'colcon_meta'
[0.447s] Level 1:colcon.colcon_core.package_identification:_identify(image_processing) by extensions ['ros']
[0.447s] Level 1:colcon.colcon_core.package_identification:_identify(image_processing) by extension 'ros'
[0.449s] DEBUG:colcon.colcon_core.package_identification:Package 'image_processing' with type 'ros.ament_python' and name 'image_processing'
[0.449s] Level 1:colcon.colcon_core.package_identification:_identify(install) by extensions ['ignore', 'ignore_ament_install']
[0.449s] Level 1:colcon.colcon_core.package_identification:_identify(install) by extension 'ignore'
[0.449s] Level 1:colcon.colcon_core.package_identification:_identify(install) ignored
[0.449s] Level 1:colcon.colcon_core.package_identification:_identify(locator) by extensions ['ignore', 'ignore_ament_install']
[0.449s] Level 1:colcon.colcon_core.package_identification:_identify(locator) by extension 'ignore'
[0.449s] Level 1:colcon.colcon_core.package_identification:_identify(locator) by extension 'ignore_ament_install'
[0.450s] Level 1:colcon.colcon_core.package_identification:_identify(locator) by extensions ['colcon_pkg']
[0.450s] Level 1:colcon.colcon_core.package_identification:_identify(locator) by extension 'colcon_pkg'
[0.450s] Level 1:colcon.colcon_core.package_identification:_identify(locator) by extensions ['colcon_meta']
[0.450s] Level 1:colcon.colcon_core.package_identification:_identify(locator) by extension 'colcon_meta'
[0.450s] Level 1:colcon.colcon_core.package_identification:_identify(locator) by extensions ['ros']
[0.450s] Level 1:colcon.colcon_core.package_identification:_identify(locator) by extension 'ros'
[0.450s] DEBUG:colcon.colcon_core.package_identification:Package 'locator' with type 'ros.ament_cmake' and name 'locator'
[0.450s] Level 1:colcon.colcon_core.package_identification:_identify(log) by extensions ['ignore', 'ignore_ament_install']
[0.450s] Level 1:colcon.colcon_core.package_identification:_identify(log) by extension 'ignore'
[0.451s] Level 1:colcon.colcon_core.package_identification:_identify(log) ignored
[0.451s] Level 1:colcon.colcon_core.package_identification:_identify(path_planning) by extensions ['ignore', 'ignore_ament_install']
[0.451s] Level 1:colcon.colcon_core.package_identification:_identify(path_planning) by extension 'ignore'
[0.451s] Level 1:colcon.colcon_core.package_identification:_identify(path_planning) by extension 'ignore_ament_install'
[0.451s] Level 1:colcon.colcon_core.package_identification:_identify(path_planning) by extensions ['colcon_pkg']
[0.451s] Level 1:colcon.colcon_core.package_identification:_identify(path_planning) by extension 'colcon_pkg'
[0.451s] Level 1:colcon.colcon_core.package_identification:_identify(path_planning) by extensions ['colcon_meta']
[0.451s] Level 1:colcon.colcon_core.package_identification:_identify(path_planning) by extension 'colcon_meta'
[0.451s] Level 1:colcon.colcon_core.package_identification:_identify(path_planning) by extensions ['ros']
[0.451s] Level 1:colcon.colcon_core.package_identification:_identify(path_planning) by extension 'ros'
[0.452s] DEBUG:colcon.colcon_core.package_identification:Package 'path_planning' with type 'ros.ament_cmake' and name 'path_planning'
[0.452s] Level 1:colcon.colcon_core.package_discovery:discover_packages(recursive) using defaults
[0.452s] Level 1:colcon.colcon_core.package_discovery:discover_packages(ignore) discover
[0.452s] Level 1:colcon.colcon_core.package_discovery:discover_packages(ignore) using defaults
[0.452s] Level 1:colcon.colcon_core.package_discovery:discover_packages(path) discover
[0.452s] Level 1:colcon.colcon_core.package_discovery:discover_packages(path) using defaults
[0.479s] Level 1:colcon.colcon_core.package_discovery:discover_packages(prefix_path) check parameters
[0.479s] Level 1:colcon.colcon_core.package_discovery:discover_packages(prefix_path) discover
[0.495s] DEBUG:colcon.colcon_installed_package_information.package_discovery:Found 7 installed packages in /home/mtrn/4231/ros_ur_driver/install
[0.498s] DEBUG:colcon.colcon_installed_package_information.package_discovery:Found 55 installed packages in /home/mtrn/4231/ws_moveit2/install
[0.501s] DEBUG:colcon.colcon_installed_package_information.package_discovery:Found 341 installed packages in /opt/ros/humble
[0.504s] Level 1:colcon.colcon_core.package_discovery:discover_packages(prefix_path) using defaults
[0.575s] Level 5:colcon.colcon_core.verb:set package 'image_processing' build argument 'cmake_args' from command line to 'None'
[0.575s] Level 5:colcon.colcon_core.verb:set package 'image_processing' build argument 'cmake_target' from command line to 'None'
[0.575s] Level 5:colcon.colcon_core.verb:set package 'image_processing' build argument 'cmake_target_skip_unavailable' from command line to 'False'
[0.575s] Level 5:colcon.colcon_core.verb:set package 'image_processing' build argument 'cmake_clean_cache' from command line to 'False'
[0.575s] Level 5:colcon.colcon_core.verb:set package 'image_processing' build argument 'cmake_clean_first' from command line to 'False'
[0.575s] Level 5:colcon.colcon_core.verb:set package 'image_processing' build argument 'cmake_force_configure' from command line to 'False'
[0.575s] Level 5:colcon.colcon_core.verb:set package 'image_processing' build argument 'ament_cmake_args' from command line to 'None'
[0.575s] Level 5:colcon.colcon_core.verb:set package 'image_processing' build argument 'catkin_cmake_args' from command line to 'None'
[0.575s] Level 5:colcon.colcon_core.verb:set package 'image_processing' build argument 'catkin_skip_building_tests' from command line to 'False'
[0.575s] DEBUG:colcon.colcon_core.verb:Building package 'image_processing' with the following arguments: {'ament_cmake_args': None, 'build_base': '/home/mtrn/MTRN4231_final_project/build/image_processing', 'catkin_cmake_args': None, 'catkin_skip_building_tests': False, 'cmake_args': None, 'cmake_clean_cache': False, 'cmake_clean_first': False, 'cmake_force_configure': False, 'cmake_target': None, 'cmake_target_skip_unavailable': False, 'install_base': '/home/mtrn/MTRN4231_final_project/install/image_processing', 'merge_install': False, 'path': '/home/mtrn/MTRN4231_final_project/image_processing', 'symlink_install': False, 'test_result_base': None}
[0.577s] Level 5:colcon.colcon_core.verb:set package 'locator' build argument 'cmake_args' from command line to 'None'
[0.577s] Level 5:colcon.colcon_core.verb:set package 'locator' build argument 'cmake_target' from command line to 'None'
[0.577s] Level 5:colcon.colcon_core.verb:set package 'locator' build argument 'cmake_target_skip_unavailable' from command line to 'False'
[0.577s] Level 5:colcon.colcon_core.verb:set package 'locator' build argument 'cmake_clean_cache' from command line to 'False'
[0.577s] Level 5:colcon.colcon_core.verb:set package 'locator' build argument 'cmake_clean_first' from command line to 'False'
[0.577s] Level 5:colcon.colcon_core.verb:set package 'locator' build argument 'cmake_force_configure' from command line to 'False'
[0.577s] Level 5:colcon.colcon_core.verb:set package 'locator' build argument 'ament_cmake_args' from command line to 'None'
[0.577s] Level 5:colcon.colcon_core.verb:set package 'locator' build argument 'catkin_cmake_args' from command line to 'None'
[0.577s] Level 5:colcon.colcon_core.verb:set package 'locator' build argument 'catkin_skip_building_tests' from command line to 'False'
[0.577s] DEBUG:colcon.colcon_core.verb:Building package 'locator' with the following arguments: {'ament_cmake_args': None, 'build_base': '/home/mtrn/MTRN4231_final_project/build/locator', 'catkin_cmake_args': None, 'catkin_skip_building_tests': False, 'cmake_args': None, 'cmake_clean_cache': False, 'cmake_clean_first': False, 'cmake_force_configure': False, 'cmake_target': None, 'cmake_target_skip_unavailable': False, 'install_base': '/home/mtrn/MTRN4231_final_project/install/locator', 'merge_install': False, 'path': '/home/mtrn/MTRN4231_final_project/locator', 'symlink_install': False, 'test_result_base': None}
[0.578s] Level 5:colcon.colcon_core.verb:set package 'path_planning' build argument 'cmake_args' from command line to 'None'
[0.578s] Level 5:colcon.colcon_core.verb:set package 'path_planning' build argument 'cmake_target' from command line to 'None'
[0.578s] Level 5:colcon.colcon_core.verb:set package 'path_planning' build argument 'cmake_target_skip_unavailable' from command line to 'False'
[0.578s] Level 5:colcon.colcon_core.verb:set package 'path_planning' build argument 'cmake_clean_cache' from command line to 'False'
[0.579s] Level 5:colcon.colcon_core.verb:set package 'path_planning' build argument 'cmake_clean_first' from command line to 'False'
[0.579s] Level 5:colcon.colcon_core.verb:set package 'path_planning' build argument 'cmake_force_configure' from command line to 'False'
[0.579s] Level 5:colcon.colcon_core.verb:set package 'path_planning' build argument 'ament_cmake_args' from command line to 'None'
[0.579s] Level 5:colcon.colcon_core.verb:set package 'path_planning' build argument 'catkin_cmake_args' from command line to 'None'
[0.579s] Level 5:colcon.colcon_core.verb:set package 'path_planning' build argument 'catkin_skip_building_tests' from command line to 'False'
[0.579s] DEBUG:colcon.colcon_core.verb:Building package 'path_planning' with the following arguments: {'ament_cmake_args': None, 'build_base': '/home/mtrn/MTRN4231_final_project/build/path_planning', 'catkin_cmake_args': None, 'catkin_skip_building_tests': False, 'cmake_args': None, 'cmake_clean_cache': False, 'cmake_clean_first': False, 'cmake_force_configure': False, 'cmake_target': None, 'cmake_target_skip_unavailable': False, 'install_base': '/home/mtrn/MTRN4231_final_project/install/path_planning', 'merge_install': False, 'path': '/home/mtrn/MTRN4231_final_project/path_planning', 'symlink_install': False, 'test_result_base': None}
[0.580s] INFO:colcon.colcon_core.executor:Executing jobs using 'parallel' executor
[0.586s] DEBUG:colcon.colcon_parallel_executor.executor.parallel:run_until_complete
[0.586s] INFO:colcon.colcon_ros.task.ament_python.build:Building ROS package in '/home/mtrn/MTRN4231_final_project/image_processing' with build type 'ament_python'
[0.587s] Level 1:colcon.colcon_core.shell:create_environment_hook('image_processing', 'ament_prefix_path')
[0.593s] INFO:colcon.colcon_core.plugin_system:Skipping extension 'colcon_core.shell.bat': Not used on non-Windows systems
[0.593s] INFO:colcon.colcon_core.shell:Creating environment hook '/home/mtrn/MTRN4231_final_project/install/image_processing/share/image_processing/hook/ament_prefix_path.ps1'
[0.594s] INFO:colcon.colcon_core.shell:Creating environment descriptor '/home/mtrn/MTRN4231_final_project/install/image_processing/share/image_processing/hook/ament_prefix_path.dsv'
[0.595s] INFO:colcon.colcon_core.shell:Creating environment hook '/home/mtrn/MTRN4231_final_project/install/image_processing/share/image_processing/hook/ament_prefix_path.sh'
[0.598s] INFO:colcon.colcon_core.shell:Skip shell extension 'powershell' for command environment: Not usable outside of PowerShell
[0.598s] DEBUG:colcon.colcon_core.shell:Skip shell extension 'dsv' for command environment
[0.616s] INFO:colcon.colcon_ros.task.ament_cmake.build:Building ROS package in '/home/mtrn/MTRN4231_final_project/locator' with build type 'ament_cmake'
[0.617s] INFO:colcon.colcon_cmake.task.cmake.build:Building CMake package in '/home/mtrn/MTRN4231_final_project/locator'
[0.620s] INFO:colcon.colcon_core.shell:Skip shell extension 'powershell' for command environment: Not usable outside of PowerShell
[0.620s] DEBUG:colcon.colcon_core.shell:Skip shell extension 'dsv' for command environment
[0.645s] INFO:colcon.colcon_ros.task.ament_cmake.build:Building ROS package in '/home/mtrn/MTRN4231_final_project/path_planning' with build type 'ament_cmake'
[0.645s] INFO:colcon.colcon_cmake.task.cmake.build:Building CMake package in '/home/mtrn/MTRN4231_final_project/path_planning'
[0.648s] INFO:colcon.colcon_core.shell:Skip shell extension 'powershell' for command environment: Not usable outside of PowerShell
[0.649s] DEBUG:colcon.colcon_core.shell:Skip shell extension 'dsv' for command environment
[0.979s] INFO:colcon.colcon_core.task.python.build:Building Python package in '/home/mtrn/MTRN4231_final_project/image_processing'
[0.982s] INFO:colcon.colcon_core.shell:Skip shell extension 'powershell' for command environment: Not usable outside of PowerShell
[0.982s] DEBUG:colcon.colcon_core.shell:Skip shell extension 'dsv' for command environment
[1.000s] DEBUG:colcon.colcon_core.event_handler.log_command:Invoking command in '/home/mtrn/MTRN4231_final_project/build/locator': CMAKE_PREFIX_PATH=${CMAKE_PREFIX_PATH}:/home/mtrn/4231/ws_moveit2/install/moveit_configs_utils:/home/mtrn/4231/ws_moveit2/install/launch_param_builder:/opt/ros/humble /usr/bin/cmake --build /home/mtrn/MTRN4231_final_project/build/locator -- -j4 -l4
[1.006s] DEBUG:colcon.colcon_core.event_handler.log_command:Invoking command in '/home/mtrn/MTRN4231_final_project/build/path_planning': CMAKE_PREFIX_PATH=${CMAKE_PREFIX_PATH}:/home/mtrn/4231/ws_moveit2/install/moveit_configs_utils:/home/mtrn/4231/ws_moveit2/install/launch_param_builder:/opt/ros/humble /usr/bin/cmake --build /home/mtrn/MTRN4231_final_project/build/path_planning -- -j4 -l4
[1.060s] DEBUG:colcon.colcon_core.event_handler.log_command:Invoked command in '/home/mtrn/MTRN4231_final_project/build/locator' returned '0': CMAKE_PREFIX_PATH=${CMAKE_PREFIX_PATH}:/home/mtrn/4231/ws_moveit2/install/moveit_configs_utils:/home/mtrn/4231/ws_moveit2/install/launch_param_builder:/opt/ros/humble /usr/bin/cmake --build /home/mtrn/MTRN4231_final_project/build/locator -- -j4 -l4
[1.139s] DEBUG:colcon.colcon_core.event_handler.log_command:Invoking command in '/home/mtrn/MTRN4231_final_project/build/locator': CMAKE_PREFIX_PATH=${CMAKE_PREFIX_PATH}:/home/mtrn/4231/ws_moveit2/install/moveit_configs_utils:/home/mtrn/4231/ws_moveit2/install/launch_param_builder:/opt/ros/humble /usr/bin/cmake --install /home/mtrn/MTRN4231_final_project/build/locator
[1.170s] Level 1:colcon.colcon_core.environment:create_environment_scripts_only(locator)
[1.171s] DEBUG:colcon.colcon_core.event_handler.log_command:Invoked command in '/home/mtrn/MTRN4231_final_project/build/locator' returned '0': CMAKE_PREFIX_PATH=${CMAKE_PREFIX_PATH}:/home/mtrn/4231/ws_moveit2/install/moveit_configs_utils:/home/mtrn/4231/ws_moveit2/install/launch_param_builder:/opt/ros/humble /usr/bin/cmake --install /home/mtrn/MTRN4231_final_project/build/locator
[1.183s] Level 1:colcon.colcon_core.environment:checking '/home/mtrn/MTRN4231_final_project/install/locator' for CMake module files
[1.184s] Level 1:colcon.colcon_core.environment:checking '/home/mtrn/MTRN4231_final_project/install/locator' for CMake config files
[1.184s] Level 1:colcon.colcon_core.shell:create_environment_hook('locator', 'cmake_prefix_path')
[1.193s] INFO:colcon.colcon_core.shell:Creating environment hook '/home/mtrn/MTRN4231_final_project/install/locator/share/locator/hook/cmake_prefix_path.ps1'
[1.194s] INFO:colcon.colcon_core.shell:Creating environment descriptor '/home/mtrn/MTRN4231_final_project/install/locator/share/locator/hook/cmake_prefix_path.dsv'
[1.194s] INFO:colcon.colcon_core.shell:Creating environment hook '/home/mtrn/MTRN4231_final_project/install/locator/share/locator/hook/cmake_prefix_path.sh'
[1.196s] Level 1:colcon.colcon_core.environment:checking '/home/mtrn/MTRN4231_final_project/install/locator/bin'
[1.196s] Level 1:colcon.colcon_core.environment:checking '/home/mtrn/MTRN4231_final_project/install/locator/lib/pkgconfig/locator.pc'
[1.196s] Level 1:colcon.colcon_core.environment:checking '/home/mtrn/MTRN4231_final_project/install/locator/lib/python3.10/site-packages'
[1.196s] Level 1:colcon.colcon_core.environment:checking '/home/mtrn/MTRN4231_final_project/install/locator/bin'
[1.199s] INFO:colcon.colcon_core.shell:Creating package script '/home/mtrn/MTRN4231_final_project/install/locator/share/locator/package.ps1'
[1.200s] INFO:colcon.colcon_core.shell:Creating package descriptor '/home/mtrn/MTRN4231_final_project/install/locator/share/locator/package.dsv'
[1.201s] INFO:colcon.colcon_core.shell:Creating package script '/home/mtrn/MTRN4231_final_project/install/locator/share/locator/package.sh'
[1.202s] INFO:colcon.colcon_core.shell:Creating package script '/home/mtrn/MTRN4231_final_project/install/locator/share/locator/package.bash'
[1.203s] INFO:colcon.colcon_core.shell:Creating package script '/home/mtrn/MTRN4231_final_project/install/locator/share/locator/package.zsh'
[1.204s] Level 1:colcon.colcon_core.environment:create_file_with_runtime_dependencies(/home/mtrn/MTRN4231_final_project/install/locator/share/colcon-core/packages/locator)
[1.264s] Level 1:colcon.colcon_core.environment:create_environment_scripts_only(locator)
[1.268s] Level 1:colcon.colcon_core.environment:checking '/home/mtrn/MTRN4231_final_project/install/locator' for CMake module files
[1.269s] Level 1:colcon.colcon_core.environment:checking '/home/mtrn/MTRN4231_final_project/install/locator' for CMake config files
[1.269s] Level 1:colcon.colcon_core.shell:create_environment_hook('locator', 'cmake_prefix_path')
[1.275s] INFO:colcon.colcon_core.shell:Creating environment hook '/home/mtrn/MTRN4231_final_project/install/locator/share/locator/hook/cmake_prefix_path.ps1'
[1.276s] INFO:colcon.colcon_core.shell:Creating environment descriptor '/home/mtrn/MTRN4231_final_project/install/locator/share/locator/hook/cmake_prefix_path.dsv'
[1.277s] INFO:colcon.colcon_core.shell:Creating environment hook '/home/mtrn/MTRN4231_final_project/install/locator/share/locator/hook/cmake_prefix_path.sh'
[1.278s] Level 1:colcon.colcon_core.environment:checking '/home/mtrn/MTRN4231_final_project/install/locator/bin'
[1.279s] Level 1:colcon.colcon_core.environment:checking '/home/mtrn/MTRN4231_final_project/install/locator/lib/pkgconfig/locator.pc'
[1.279s] Level 1:colcon.colcon_core.environment:checking '/home/mtrn/MTRN4231_final_project/install/locator/lib/python3.10/site-packages'
[1.280s] Level 1:colcon.colcon_core.environment:checking '/home/mtrn/MTRN4231_final_project/install/locator/bin'
[1.284s] INFO:colcon.colcon_core.shell:Creating package script '/home/mtrn/MTRN4231_final_project/install/locator/share/locator/package.ps1'
[1.285s] INFO:colcon.colcon_core.shell:Creating package descriptor '/home/mtrn/MTRN4231_final_project/install/locator/share/locator/package.dsv'
[1.285s] INFO:colcon.colcon_core.shell:Creating package script '/home/mtrn/MTRN4231_final_project/install/locator/share/locator/package.sh'
[1.286s] INFO:colcon.colcon_core.shell:Creating package script '/home/mtrn/MTRN4231_final_project/install/locator/share/locator/package.bash'
[1.287s] INFO:colcon.colcon_core.shell:Creating package script '/home/mtrn/MTRN4231_final_project/install/locator/share/locator/package.zsh'
[1.288s] Level 1:colcon.colcon_core.environment:create_file_with_runtime_dependencies(/home/mtrn/MTRN4231_final_project/install/locator/share/colcon-core/packages/locator)
[1.469s] DEBUG:colcon.colcon_core.event_handler.log_command:Invoking command in '/home/mtrn/MTRN4231_final_project/image_processing': PYTHONPATH=/home/mtrn/MTRN4231_final_project/build/image_processing/prefix_override:/home/mtrn/MTRN4231_final_project/install/image_processing/lib/python3.10/site-packages:${PYTHONPATH} /usr/bin/python3 setup.py egg_info --egg-base ../build/image_processing build --build-base /home/mtrn/MTRN4231_final_project/build/image_processing/build install --record /home/mtrn/MTRN4231_final_project/build/image_processing/install.log --single-version-externally-managed
[1.848s] Level 1:colcon.colcon_core.environment:checking '/home/mtrn/MTRN4231_final_project/install/image_processing' for CMake module files
[1.848s] DEBUG:colcon.colcon_core.event_handler.log_command:Invoked command in '/home/mtrn/MTRN4231_final_project/image_processing' returned '0': PYTHONPATH=/home/mtrn/MTRN4231_final_project/build/image_processing/prefix_override:/home/mtrn/MTRN4231_final_project/install/image_processing/lib/python3.10/site-packages:${PYTHONPATH} /usr/bin/python3 setup.py egg_info --egg-base ../build/image_processing build --build-base /home/mtrn/MTRN4231_final_project/build/image_processing/build install --record /home/mtrn/MTRN4231_final_project/build/image_processing/install.log --single-version-externally-managed
[1.849s] Level 1:colcon.colcon_core.environment:checking '/home/mtrn/MTRN4231_final_project/install/image_processing' for CMake config files
[1.849s] Level 1:colcon.colcon_core.environment:checking '/home/mtrn/MTRN4231_final_project/install/image_processing/lib'
[1.850s] Level 1:colcon.colcon_core.environment:checking '/home/mtrn/MTRN4231_final_project/install/image_processing/bin'
[1.850s] Level 1:colcon.colcon_core.environment:checking '/home/mtrn/MTRN4231_final_project/install/image_processing/lib/pkgconfig/image_processing.pc'
[1.850s] Level 1:colcon.colcon_core.environment:checking '/home/mtrn/MTRN4231_final_project/install/image_processing/lib/python3.10/site-packages'
[1.850s] Level 1:colcon.colcon_core.shell:create_environment_hook('image_processing', 'pythonpath')
[1.859s] INFO:colcon.colcon_core.shell:Creating environment hook '/home/mtrn/MTRN4231_final_project/install/image_processing/share/image_processing/hook/pythonpath.ps1'
[1.861s] INFO:colcon.colcon_core.shell:Creating environment descriptor '/home/mtrn/MTRN4231_final_project/install/image_processing/share/image_processing/hook/pythonpath.dsv'
[1.863s] INFO:colcon.colcon_core.shell:Creating environment hook '/home/mtrn/MTRN4231_final_project/install/image_processing/share/image_processing/hook/pythonpath.sh'
[1.866s] Level 1:colcon.colcon_core.environment:checking '/home/mtrn/MTRN4231_final_project/install/image_processing/bin'
[1.867s] Level 1:colcon.colcon_core.environment:create_environment_scripts_only(image_processing)
[1.870s] INFO:colcon.colcon_core.shell:Creating package script '/home/mtrn/MTRN4231_final_project/install/image_processing/share/image_processing/package.ps1'
[1.871s] INFO:colcon.colcon_core.shell:Creating package descriptor '/home/mtrn/MTRN4231_final_project/install/image_processing/share/image_processing/package.dsv'
[1.873s] INFO:colcon.colcon_core.shell:Creating package script '/home/mtrn/MTRN4231_final_project/install/image_processing/share/image_processing/package.sh'
[1.874s] INFO:colcon.colcon_core.shell:Creating package script '/home/mtrn/MTRN4231_final_project/install/image_processing/share/image_processing/package.bash'
[1.874s] INFO:colcon.colcon_core.shell:Creating package script '/home/mtrn/MTRN4231_final_project/install/image_processing/share/image_processing/package.zsh'
[1.876s] Level 1:colcon.colcon_core.environment:create_file_with_runtime_dependencies(/home/mtrn/MTRN4231_final_project/install/image_processing/share/colcon-core/packages/image_processing)
[8.373s] DEBUG:colcon.colcon_core.event_handler.log_command:Invoked command in '/home/mtrn/MTRN4231_final_project/build/path_planning' returned '2': CMAKE_PREFIX_PATH=${CMAKE_PREFIX_PATH}:/home/mtrn/4231/ws_moveit2/install/moveit_configs_utils:/home/mtrn/4231/ws_moveit2/install/launch_param_builder:/opt/ros/humble /usr/bin/cmake --build /home/mtrn/MTRN4231_final_project/build/path_planning -- -j4 -l4
[8.445s] Level 1:colcon.colcon_core.environment:create_environment_scripts_only(path_planning)
[8.448s] Level 1:colcon.colcon_core.environment:checking '/home/mtrn/MTRN4231_final_project/install/path_planning' for CMake module files
[8.449s] Level 1:colcon.colcon_core.environment:checking '/home/mtrn/MTRN4231_final_project/install/path_planning' for CMake config files
[8.449s] Level 1:colcon.colcon_core.shell:create_environment_hook('path_planning', 'cmake_prefix_path')
[8.452s] INFO:colcon.colcon_core.shell:Creating environment hook '/home/mtrn/MTRN4231_final_project/install/path_planning/share/path_planning/hook/cmake_prefix_path.ps1'
[8.453s] INFO:colcon.colcon_core.shell:Creating environment descriptor '/home/mtrn/MTRN4231_final_project/install/path_planning/share/path_planning/hook/cmake_prefix_path.dsv'
[8.453s] INFO:colcon.colcon_core.shell:Creating environment hook '/home/mtrn/MTRN4231_final_project/install/path_planning/share/path_planning/hook/cmake_prefix_path.sh'
[8.454s] Level 1:colcon.colcon_core.environment:checking '/home/mtrn/MTRN4231_final_project/install/path_planning/bin'
[8.455s] Level 1:colcon.colcon_core.environment:checking '/home/mtrn/MTRN4231_final_project/install/path_planning/lib/pkgconfig/path_planning.pc'
[8.456s] Level 1:colcon.colcon_core.environment:checking '/home/mtrn/MTRN4231_final_project/install/path_planning/lib/python3.10/site-packages'
[8.456s] Level 1:colcon.colcon_core.environment:checking '/home/mtrn/MTRN4231_final_project/install/path_planning/bin'
[8.459s] INFO:colcon.colcon_core.shell:Creating package script '/home/mtrn/MTRN4231_final_project/install/path_planning/share/path_planning/package.ps1'
[8.460s] INFO:colcon.colcon_core.shell:Creating package descriptor '/home/mtrn/MTRN4231_final_project/install/path_planning/share/path_planning/package.dsv'
[8.461s] INFO:colcon.colcon_core.shell:Creating package script '/home/mtrn/MTRN4231_final_project/install/path_planning/share/path_planning/package.sh'
[8.461s] INFO:colcon.colcon_core.shell:Creating package script '/home/mtrn/MTRN4231_final_project/install/path_planning/share/path_planning/package.bash'
[8.462s] INFO:colcon.colcon_core.shell:Creating package script '/home/mtrn/MTRN4231_final_project/install/path_planning/share/path_planning/package.zsh'
[8.463s] Level 1:colcon.colcon_core.environment:create_file_with_runtime_dependencies(/home/mtrn/MTRN4231_final_project/install/path_planning/share/colcon-core/packages/path_planning)
[8.474s] DEBUG:colcon.colcon_parallel_executor.executor.parallel:closing loop
[8.474s] DEBUG:colcon.colcon_parallel_executor.executor.parallel:loop closed
[8.474s] DEBUG:colcon.colcon_parallel_executor.executor.parallel:run_until_complete finished with '2'
[8.474s] DEBUG:colcon.colcon_core.event_reactor:joining thread
[8.483s] INFO:colcon.colcon_core.plugin_system:Skipping extension 'colcon_notification.desktop_notification.terminal_notifier': Not used on non-Darwin systems
[8.483s] INFO:colcon.colcon_core.plugin_system:Skipping extension 'colcon_notification.desktop_notification.win32': Not used on non-Windows systems
[8.483s] INFO:colcon.colcon_notification.desktop_notification:Sending desktop notification using 'notify2'
[8.506s] DEBUG:colcon.colcon_core.event_reactor:joined thread
[8.509s] INFO:colcon.colcon_core.shell:Creating prefix script '/home/mtrn/MTRN4231_final_project/install/local_setup.ps1'
[8.510s] INFO:colcon.colcon_core.shell:Creating prefix util module '/home/mtrn/MTRN4231_final_project/install/_local_setup_util_ps1.py'
[8.512s] INFO:colcon.colcon_core.shell:Creating prefix chain script '/home/mtrn/MTRN4231_final_project/install/setup.ps1'
[8.516s] INFO:colcon.colcon_core.shell:Creating prefix script '/home/mtrn/MTRN4231_final_project/install/local_setup.sh'
[8.517s] INFO:colcon.colcon_core.shell:Creating prefix util module '/home/mtrn/MTRN4231_final_project/install/_local_setup_util_sh.py'
[8.518s] INFO:colcon.colcon_core.shell:Creating prefix chain script '/home/mtrn/MTRN4231_final_project/install/setup.sh'
[8.523s] INFO:colcon.colcon_core.shell:Creating prefix script '/home/mtrn/MTRN4231_final_project/install/local_setup.bash'
[8.524s] INFO:colcon.colcon_core.shell:Creating prefix chain script '/home/mtrn/MTRN4231_final_project/install/setup.bash'
[8.528s] INFO:colcon.colcon_core.shell:Creating prefix script '/home/mtrn/MTRN4231_final_project/install/local_setup.zsh'
[8.529s] INFO:colcon.colcon_core.shell:Creating prefix chain script '/home/mtrn/MTRN4231_final_project/install/setup.zsh'
